0 112184 112184
1 112184 112184
2 112184 112184
3 112184 112184
4 112184 112184
5 112184 112184
6 112184 112184
7 112184 112184
8 112228 112228
9 112548 112548
10 112364 112364
11 112392 112392
12 112392 112392
13 112392 112392
14 112392 112392
15 112392 112392
16 112420 112420
17 112420 112420
18 112420 112420
19 112420 112420
20 112420 112420
21 112420 112420
22 112560 112560
23 112588 112588
24 113020 113020
25 113496 113496
26 113916 113916
27 114320 114320
28 115008 115008
29 115064 115064
30 115188 115188
31 115816 115816
32 116268 116268
33 116292 116292
34 116624 116624
35 116756 116756
36 117232 117232
37 117388 117388
38 117744 117744
39 117864 117864
40 118004 118004
41 118764 118764
42 119216 119216
43 119776 119776
44 119964 119964
45 120004 120004
46 120044 120044
47 120044 120044
48 120196 120196
49 120760 120760
50 120980 120980
51 121168 121168
52 121720 121720
53 121992 121992
54 122568 122568
55 122708 122708
56 122736 122736
57 123052 123052
58 123244 123244
59 123576 123576
60 123908 123908
61 123936 123936
62 123936 123936
63 124272 124272
64 124188 124188
65 124204 124204
66 125072 125072
67 126304 126304
68 126080 126080
69 126352 126352
70 127100 127100
71 127436 127436
72 127716 127716
73 128024 128024
74 128108 128108
75 128372 128372
76 128708 128708
77 129076 129076
78 129132 129132
79 129160 129160
80 129160 129160
81 129160 129160
82 129160 129160
83 129160 129160
84 129160 129160
85 129188 129188
86 129148 129148
87 128992 128992
88 129304 129304
89 129064 129064
90 128852 128852
91 129016 129016
92 129008 129008
93 129112 129112
94 129216 129216
95 129140 129140
96 128940 128940
97 129144 129144
98 129484 129484
99 128540 128540
100 128604 128604
101 128632 128632
102 128632 128632
103 128632 128632
104 128632 128632
105 128700 128700
106 128700 128700
107 128700 128700
108 128780 128780
109 128780 128780
110 128836 128836
111 128836 128836
112 128804 128804
113 129128 129128
114 129388 129388
115 129280 129280
116 129364 129364
117 129524 129524
118 129252 129252
119 129448 129448
120 129604 129604
121 129628 129628
122 129032 129032
123 128872 128872
124 129012 129012
125 129252 129252
126 129128 129128
127 128904 128904
128 128652 128652
129 128652 128652
130 128652 128652
131 128652 128652
132 128652 128652
133 128680 128680
134 128736 128736
135 128932 128932
136 129072 129072
137 129388 129388
138 129072 129072
139 128876 128876
140 128828 128828
141 128788 128788
142 128856 128856
143 128860 128860
144 128860 128860
145 128860 128860
146 128860 128860
147 128964 128964
148 129368 129368
149 129544 129544
150 128764 128764
151 128764 128764
152 128764 128764
153 128764 128764
154 128764 128764
155 128764 128764
156 128764 128764
157 128764 128764
158 128764 128764
159 128764 128764
160 128764 128764
161 128932 128932
162 128820 128820
163 128820 128820
164 128820 128820
165 128856 128856
166 128964 128964
167 128992 128992
168 129020 129020
169 129128 129128
170 129168 129168
171 129216 129216
172 129196 129196
173 129084 129084
174 128972 128972
175 128804 128804
176 128804 128804
177 128960 128960
178 128988 128988
179 129308 129308
180 129584 129584
181 129148 129148
182 128944 128944
183 129236 129236
184 129208 129208
185 129104 129104
186 129096 129096
187 129004 129004
188 128764 128764
189 128764 128764
190 128764 128764
191 128792 128792
192 129044 129044
193 129044 129044
194 129044 129044
195 129044 129044
196 128820 128820
197 129240 129240
198 129488 129488
199 129296 129296
200 128852 128852
201 128880 128880
202 128880 128880
203 128908 128908
204 128908 128908
205 128960 128960
206 128392 128392
207 128804 128804
208 128116 128116
209 128100 128100
210 128100 128100
211 128100 128100
212 128100 128100
213 128100 128100
214 127344 127344
215 127344 127344
216 127344 127344
217 127344 127344
218 127344 127344
219 127344 127344
220 127344 127344
221 127344 127344
222 127148 127148
223 127148 127148
224 127148 127148
225 127148 127148
226 127204 127204
227 127260 127260
228 127344 127344
229 127456 127456
230 127512 127512
231 127568 127568
232 127568 127568
233 127568 127568
234 127596 127596
235 127596 127596
236 127596 127596
237 127596 127596
238 127260 127260
239 127400 127400
240 127400 127400
241 127400 127400
242 127484 127484
243 127596 127596
244 127872 127872
245 127984 127984
246 128012 128012
247 128012 128012
248 128180 128180
249 128180 128180
250 128180 128180
251 128180 128180
252 128180 128180
253 128180 128180
254 128180 128180
255 128180 128180
256 128180 128180
257 127676 127676
258 127676 127676
259 128096 128096
260 128124 128124
261 128180 128180
262 128248 128248
263 128276 128276
264 128332 128332
265 128360 128360
266 128360 128360
267 128360 128360
268 128360 128360
269 128360 128360
270 128360 128360
271 128416 128416
272 128696 128696
273 128780 128780
274 128864 128864
275 128864 128864
276 128864 128864
277 128864 128864
278 128864 128864
279 128864 128864
280 128864 128864
281 128864 128864
282 128864 128864
283 128876 128876
284 128876 128876
285 128876 128876
286 128876 128876
287 128344 128344
288 128428 128428
289 128792 128792
290 128792 128792
291 128792 128792
292 128792 128792
293 128792 128792
294 128792 128792
295 128792 128792
296 128876 128876
297 128988 128988
298 129072 129072
299 129092 129092
300 128864 128864
301 128864 128864
302 128864 128864
303 129188 129188
304 128948 128948
305 128724 128724
306 128724 128724
307 129248 129248
308 129400 129400
309 129472 129472
310 129444 129444
311 129424 129424
312 129392 129392
313 129464 129464
314 129588 129588
315 129460 129460
316 129304 129304
317 129152 129152
318 129068 129068
319 128900 128900
320 128900 128900
321 128900 128900
322 128900 128900
323 129152 129152
324 129180 129180
325 129264 129264
326 129212 129212
327 129252 129252
328 129016 129016
329 128892 128892
330 128428 128428
331 128688 128688
332 128728 128728
333 128728 128728
334 128728 128728
335 128728 128728
336 128728 128728
337 128728 128728
338 128728 128728
339 128756 128756
340 128756 128756
341 128784 128784
342 128812 128812
343 129084 129084
344 129216 129216
345 129272 129272
346 129452 129452
347 129028 129028
348 129308 129308
349 128812 128812
350 128812 128812
351 128804 128804
352 128948 128948
353 129092 129092
354 129620 129620
355 128740 128740
356 129092 129092
357 129240 129240
358 128768 128768
359 128768 128768
360 128760 128760
361 128760 128760
362 128760 128760
363 128760 128760
364 128760 128760
365 128032 128032
366 128032 128032
367 128032 128032
368 128032 128032
369 128032 128032
370 128032 128032
371 128032 128032
372 128032 128032
373 128032 128032
374 128032 128032
375 128032 128032
376 128032 128032
377 128032 128032
378 128032 128032
379 128032 128032
380 128032 128032
381 128032 128032
382 128032 128032
383 128032 128032
384 128032 128032
385 128032 128032
386 128032 128032
387 128032 128032
388 128032 128032
389 128032 128032
390 128032 128032
391 128032 128032
392 128032 128032
393 128032 128032
394 128032 128032
395 128032 128032
396 128032 128032
397 128032 128032
398 128032 128032
399 128032 128032
400 128032 128032
401 128032 128032
402 128032 128032
403 128032 128032
404 128032 128032
405 128032 128032
406 128032 128032
407 128032 128032
408 128032 128032
409 128032 128032
410 128032 128032
411 128032 128032
412 128032 128032
413 128032 128032
414 128032 128032
415 128032 128032
416 128032 128032
417 128032 128032
418 128032 128032
419 128032 128032
420 128032 128032
421 128032 128032
422 128032 128032
423 128032 128032
424 128032 128032
425 128032 128032
426 128032 128032
427 128032 128032
428 128032 128032
429 128032 128032
430 128032 128032
431 128032 128032
432 128032 128032
433 128032 128032
434 128032 128032
435 128032 128032
436 128032 128032
437 128032 128032
438 128032 128032
439 128032 128032
440 128032 128032
441 128032 128032
442 128032 128032
443 128032 128032
444 128032 128032
445 128032 128032
446 128032 128032
447 128032 128032
448 128032 128032
449 128032 128032
450 128032 128032
451 128032 128032
452 128032 128032
453 128032 128032
454 128032 128032
455 128032 128032
456 128032 128032
457 128032 128032
458 128032 128032
459 128032 128032
460 128032 128032
461 128032 128032
462 128032 128032
463 128032 128032
464 128032 128032
465 128032 128032
466 128032 128032
467 128032 128032
468 128032 128032
469 128032 128032
470 128032 128032
471 128032 128032
472 128032 128032
473 128032 128032
474 128032 128032
475 128032 128032
476 128032 128032
477 128032 128032
478 128032 128032
479 128032 128032
480 128032 128032
481 128032 128032
482 128032 128032
483 128032 128032
484 128032 128032
485 128032 128032
486 128032 128032
487 128032 128032
488 128032 128032
489 128032 128032
490 128032 128032
491 128032 128032
492 128032 128032
493 128032 128032
494 128032 128032
495 128032 128032
496 128032 128032
497 128032 128032
498 128032 128032
499 128032 128032
500 128032 128032
501 128032 128032
502 128032 128032
503 128032 128032
504 128032 128032
505 128116 128116
506 128116 128116
507 128116 128116
508 128116 128116
509 128116 128116
510 128116 128116
511 128116 128116
512 128116 128116
513 128244 128244
514 128244 128244
515 128244 128244
516 128244 128244
517 128376 128376
518 128376 128376
519 128368 128368
520 128340 128340
521 128340 128340
522 128340 128340
523 128340 128340
524 128340 128340
525 128340 128340
526 128340 128340
527 128340 128340
528 128340 128340
529 128340 128340
530 128340 128340
531 128340 128340
532 128340 128340
533 128472 128472
534 128472 128472
535 128472 128472
536 128472 128472
537 128472 128472
538 128472 128472
539 128472 128472
540 128472 128472
541 128472 128472
542 128472 128472
543 128472 128472
544 128472 128472
545 128472 128472
546 128472 128472
547 128472 128472
548 128892 128892
549 129088 129088
550 129088 129088
551 129088 129088
552 129088 129088
553 129116 129116
554 129116 129116
555 129116 129116
556 129116 129116
557 129116 129116
558 129116 129116
559 129116 129116
560 129116 129116
561 129116 129116
562 129116 129116
563 129116 129116
564 129116 129116
565 129236 129236
566 129236 129236
567 129236 129236
568 129236 129236
569 129236 129236
570 129236 129236
571 128620 128620
572 128620 128620
573 128620 128620
574 128620 128620
575 128620 128620
576 128632 128632
577 128632 128632
578 128632 128632
579 128632 128632
580 128632 128632
581 128632 128632
582 128968 128968
583 128996 128996
584 128996 128996
585 128996 128996
586 129136 129136
587 129136 129136
588 129136 129136
589 129136 129136
590 129136 129136
591 129136 129136
592 129136 129136
593 129136 129136
594 129136 129136
595 128632 128632
596 128632 128632
597 129200 129200
598 129200 129200
599 129200 129200
600 129200 129200
601 129256 129256
602 129340 129340
603 129396 129396
604 129452 129452
605 129452 129452
606 128820 128820
607 128820 128820
608 128820 128820
609 128820 128820
610 128820 128820
611 128820 128820
612 128820 128820
613 128820 128820
614 128820 128820
615 128820 128820
616 128820 128820
617 128176 128176
618 128176 128176
619 128176 128176
620 128176 128176
621 128176 128176
622 128176 128176
623 128680 128680
624 128680 128680
625 128680 128680
626 128680 128680
627 128680 128680
628 128680 128680
629 128764 128764
630 128764 128764
631 128764 128764
632 128764 128764
633 128764 128764
634 128764 128764
635 128764 128764
636 128764 128764
637 128764 128764
638 128764 128764
639 128764 128764
640 128764 128764
641 128260 128260
642 128260 128260
643 128260 128260
644 128260 128260
645 128456 128456
646 128456 128456
647 128456 128456
648 128456 128456
649 128540 128540
650 128540 128540
651 128540 128540
652 128540 128540
653 128540 128540
654 128568 128568
655 128568 128568
656 128568 128568
657 128568 128568
658 128568 128568
659 128260 128260
660 128260 128260
661 128588 128588
662 128588 128588
663 128588 128588
664 128700 128700
665 128728 128728
666 128728 128728
667 128728 128728
668 128728 128728
669 128728 128728
670 128728 128728
671 128728 128728
672 128728 128728
673 128728 128728
674 128728 128728
675 128392 128392
676 128392 128392
677 128392 128392
678 128392 128392
679 128392 128392
680 128392 128392
681 128392 128392
682 128392 128392
683 128392 128392
684 128392 128392
685 128392 128392
686 128392 128392
687 128392 128392
688 128392 128392
689 128392 128392
690 128392 128392
691 128392 128392
692 128392 128392
693 128524 128524
694 128524 128524
695 128524 128524
696 128524 128524
697 128524 128524
698 128524 128524
699 128524 128524
700 128664 128664
701 128664 128664
702 128720 128720
703 128776 128776
704 128860 128860
705 128888 128888
706 128972 128972
707 128972 128972
708 128972 128972
709 128972 128972
710 128972 128972
711 128972 128972
712 128972 128972
713 128972 128972
714 128972 128972
715 128552 128552
716 128552 128552
717 128552 128552
718 128552 128552
719 128552 128552
720 128552 128552
721 128552 128552
722 128552 128552
723 128552 128552
724 128552 128552
725 128672 128672
726 128672 128672
727 128672 128672
728 128672 128672
729 128672 128672
730 128644 128644
731 128644 128644
732 128644 128644
733 128644 128644
734 128644 128644
735 128644 128644
736 128644 128644
737 128644 128644
738 128644 128644
739 128644 128644
740 128644 128644
741 128644 128644
742 128644 128644
743 128644 128644
744 128644 128644
745 128644 128644
746 128644 128644
747 128644 128644
748 128644 128644
749 128644 128644
750 128812 128812
751 128812 128812
752 128896 128896
753 128896 128896
754 128896 128896
755 128896 128896
756 128896 128896
757 129028 129028
758 129056 129056
759 129168 129168
760 128872 128872
761 128984 128984
762 129096 129096
763 129208 129208
764 129236 129236
765 128940 128940
766 129108 129108
767 128752 128752
768 128752 128752
769 128752 128752
770 128752 128752
771 128752 128752
772 128752 128752
773 128136 128136
774 128136 128136
775 128136 128136
776 128136 128136
777 128136 128136
778 128312 128312
779 128396 128396
780 128672 128672
781 128780 128780
782 128948 128948
783 128948 128948
784 128948 128948
785 128948 128948
786 128948 128948
787 128612 128612
788 128612 128612
789 128744 128744
790 128744 128744
791 128744 128744
792 128744 128744
793 128744 128744
794 128744 128744
795 128744 128744
796 128744 128744
797 128744 128744
798 128744 128744
799 128744 128744
800 129052 129052
801 128880 128880
802 128992 128992
803 128992 128992
804 129064 129064
805 129268 129268
806 129512 129512
807 129596 129596
808 129548 129548
809 129256 129256
810 129444 129444
811 129608 129608
812 129596 129596
813 129596 129596
814 129368 129368
815 129508 129508
816 129544 129544
817 129544 129544
818 129496 129496
819 129516 129516
820 129612 129612
821 129364 129364
822 128344 128344
823 128344 128344
824 128416 128416
825 128592 128592
826 128864 128864
827 129080 129080
828 129256 129256
829 128964 128964
830 129180 129180
831 128824 128824
832 128964 128964
833 128864 128864
834 129004 129004
835 129192 129192
836 128780 128780
837 128948 128948
838 129164 129164
839 129248 129248
840 129000 129000
841 128120 128120
842 128372 128372
843 128520 128520
844 128736 128736
845 128952 128952
846 129184 129184
847 128916 128916
848 129084 129084
849 128904 128904
850 129100 129100
851 128968 128968
852 129156 129156
853 128828 128828
854 129016 129016
855 129256 129256
856 128960 128960
857 127828 127828
858 127888 127888
859 128180 128180
860 128264 128264
861 128496 128496
862 128712 128712
863 129020 129020
864 129236 129236
865 128776 128776
866 128944 128944
867 129132 129132
868 128964 128964
869 129140 129140
870 128888 128888
871 128888 128888
872 129164 129164
873 129260 129260
874 129044 129044
875 129044 129044
876 127208 127208
877 127340 127340
878 127528 127528
879 127732 127732
880 127760 127760
881 127916 127916
882 127916 127916
883 128700 128700
884 128700 128700
885 128832 128832
886 128884 128884
887 129052 129052
888 128904 128904
889 129044 129044
890 129260 129260
891 128716 128716
892 128884 128884
893 129100 129100
894 128860 128860
895 129056 129056
896 129160 129160
897 129048 129048
898 129252 129252
899 128720 128720
900 129112 129112
901 124700 124700
902 124700 124700
903 124700 124700
904 124700 124700
905 124700 124700
906 124700 124700
907 124700 124700
908 124700 124700
909 124944 124944
910 125552 125552
911 125944 125944
912 126364 126364
913 126832 126832
914 127196 127196
915 127644 127644
916 128036 128036
917 128548 128548
918 129016 129016
919 128868 128868
920 129176 129176
921 129072 129072
922 129032 129032
923 129116 129116
924 128784 128784
925 128980 128980
926 128740 128740
927 129048 129048
928 128852 128852
929 128804 128804
930 129140 129140
931 129032 129032
932 129172 129172
933 129216 129216
934 128964 128964
935 128888 128888
936 129224 129224
937 129072 129072
938 128980 128980
939 129260 129260
940 129080 129080
941 128976 128976
942 129032 129032
943 129060 129060
944 128992 128992
945 128896 128896
946 128784 128784
947 129120 129120
948 129056 129056
949 128828 128828
950 129220 129220
951 128884 128884
952 129100 129100
953 129156 129156
954 129012 129012
955 128816 128816
956 129248 129248
957 129124 129124
958 128968 128968
959 128844 128844
960 129232 129232
961 128792 128792
962 128820 128820
963 129224 129224
964 129020 129020
965 128900 128900
966 129268 129268
967 128748 128748
968 129096 129096
969 128820 128820
970 129072 129072
971 128900 128900
972 129152 129152
973 129124 129124
974 128964 128964
975 128908 128908
976 128852 128852
977 128780 128780
978 128780 128780
979 129144 129144
980 129168 129168
981 129056 129056
982 128860 128860
983 128804 128804
984 128764 128764
985 129072 129072
986 129180 129180
987 129144 129144
988 128800 128800
989 129268 129268
990 128792 128792
991 128928 128928
992 129120 129120
993 128952 128952
994 128928 128928
995 129264 129264
996 128796 128796
997 128796 128796
998 128780 128780
999 129032 129032
1000 129060 129060
1001 128768 128768
1002 129020 129020
1003 129176 129176
1004 128576 128576
1005 129108 129108
1006 125104 125104
1007 109876 109876
1008 109984 109984
1009 109996 109996
1010 110128 110128
1011 110696 110696
1012 111520 111520
1013 112080 112080
1014 112044 112044
1015 112436 112436
1016 113128 113128
1017 113784 113784
1018 114204 114204
1019 114980 114980
1020 115624 115624
1021 116428 116428
1022 117084 117084
1023 117728 117728
1024 118420 118420
1025 118812 118812
1026 119532 119532
1027 120132 120132
1028 120908 120908
1029 121552 121552
1030 122328 122328
1031 122972 122972
1032 123628 123628
1033 124348 124348
1034 125064 125064
1035 125524 125524
1036 126232 126232
1037 126764 126764
1038 127456 127456
1039 127596 127596
1040 128288 128288
1041 128876 128876
1042 129128 129128
1043 129124 129124
1044 128692 128692
1045 129100 129100
1046 128884 128884
1047 128984 128984
1048 128772 128772
1049 129080 129080
1050 129092 129092
1051 128732 128732
1052 128804 128804
1053 128756 128756
1054 129152 129152
1055 129236 129236
1056 128972 128972
1057 129216 129216
1058 129192 129192
1059 129168 129168
1060 128832 128832
1061 128784 128784
1062 128808 128808
1063 128888 128888
1064 128748 128748
1065 128672 128672
1066 129216 129216
1067 128860 128860
1068 109648 109648
1069 109888 109888
1070 109900 109900
1071 110572 110572
1072 111516 111516
1073 112424 112424
1074 113264 113264
1075 114180 114180
1076 114992 114992
1077 115684 115684
1078 116172 116172
1079 116200 116200
1080 116920 116920
1081 117584 117584
1082 118144 118144
1083 118780 118780
1084 119340 119340
1085 120060 120060
1086 120380 120380
1087 121100 121100
1088 121408 121408
1089 122100 122100
1090 122736 122736
1091 123296 123296
1092 123908 123908
1093 123920 123920
1094 124480 124480
1095 125088 125088
1096 126032 126032
1097 126672 126672
1098 127396 127396
1099 127620 127620
1100 128032 128032
1101 128412 128412
1102 128748 128748
1103 129272 129272
1104 128956 128956
1105 128828 128828
1106 129164 129164
1107 128668 128668
1108 129004 129004
1109 128688 128688
1110 128856 128856
1111 129276 129276
1112 129236 129236
1113 129032 129032
1114 128704 128704
1115 129040 129040
1116 128748 128748
1117 129000 129000
1118 128684 128684
1119 129020 129020
1120 128768 128768
1121 129080 129080
1122 129004 129004
1123 128724 128724
1124 128880 128880
1125 128952 128952
1126 129096 129096
1127 129144 129144
1128 128880 128880
1129 129036 129036
1130 128856 128856
1131 129284 129284
1132 129104 129104
1133 128972 128972
1134 129224 129224
1135 128756 128756
1136 128756 128756
1137 128828 128828
1138 128840 128840
1139 128984 128984
1140 128804 128804
1141 129224 129224
1142 128768 128768
1143 129092 129092
1144 128992 128992
1145 129060 129060
1146 129252 129252
1147 129216 129216
1148 128892 128892
1149 128892 128892
1150 129000 129000
1151 129156 129156
1152 129144 129144
1153 129108 129108
1154 129048 129048
1155 128784 128784
1156 128832 128832
1157 128820 128820
1158 128832 128832
1159 129012 129012
1160 128928 128928
1161 129084 129084
1162 128868 128868
1163 128916 128916
1164 129036 129036
1165 129012 129012
1166 128868 128868
1167 128868 128868
1168 128916 128916
1169 129108 129108
1170 128856 128856
1171 128868 128868
1172 128880 128880
1173 128988 128988
1174 128916 128916
1175 129264 129264
1176 129156 129156
1177 129048 129048
1178 128892 128892
1179 129156 129156
1180 129132 129132
1181 129276 129276
1182 128856 128856
1183 129216 129216
1184 128844 128844
1185 128868 128868
1186 129252 129252
1187 128952 128952
1188 129180 129180
1189 128904 128904
1190 129240 129240
1191 128808 128808
1192 129012 129012
1193 128988 128988
1194 128976 128976
1195 129000 129000
1196 129204 129204
1197 129096 129096
1198 129048 129048
1199 75232 75232
1200 76300 76300
1201 76960 76960
1202 77800 77800
1203 80368 80368
1204 81124 81124
1205 81248 81248
1206 82052 82052
1207 83096 83096
1208 84020 84020
1209 84932 84932
1210 85400 85400
1211 85796 85796
1212 86480 86480
1213 87140 87140
1214 87872 87872
1215 88508 88508
1216 89420 89420
1217 88996 88996
1218 89240 89240
1219 89240 89240
1220 89240 89240
1221 89224 89224
1222 89224 89224
1223 89224 89224
1224 89224 89224
1225 89224 89224
1226 89224 89224
1227 89224 89224
1228 89224 89224
1229 89224 89224
1230 89224 89224
1231 89224 89224
1232 89224 89224
1233 89224 89224
1234 89224 89224
1235 89224 89224
1236 89224 89224
1237 89224 89224
1238 89224 89224
1239 89224 89224
1240 89224 89224
1241 89224 89224
1242 89224 89224
1243 89224 89224
1244 89224 89224
1245 89224 89224
1246 89224 89224
1247 89224 89224
1248 89224 89224
1249 89224 89224
1250 89224 89224
1251 89224 89224
1252 89224 89224
1253 89224 89224
1254 89224 89224
1255 89224 89224
1256 89224 89224
1257 89224 89224
1258 89224 89224
1259 89224 89224
1260 89224 89224
1261 89184 89184
1262 89184 89184
1263 89184 89184
1264 89184 89184
1265 89184 89184
1266 89184 89184
1267 89184 89184
1268 89184 89184
1269 89280 89280
1270 89280 89280
1271 89280 89280
1272 89280 89280
1273 89280 89280
1274 89280 89280
1275 89280 89280
1276 89280 89280
1277 89280 89280
1278 89280 89280
1279 89280 89280
1280 89280 89280
1281 89280 89280
1282 89280 89280
1283 89280 89280
1284 89280 89280
1285 89280 89280
1286 89280 89280
1287 89280 89280
1288 89280 89280
1289 89280 89280
1290 89280 89280
1291 89280 89280
1292 89280 89280
1293 89280 89280
1294 89280 89280
1295 89280 89280
1296 89280 89280
1297 89280 89280
1298 89280 89280
1299 89280 89280
1300 89280 89280
1301 89280 89280
1302 89280 89280
1303 89280 89280
1304 89280 89280
