0 119080 119080
1 119080 119080
2 119080 119080
3 119080 119080
4 119080 119080
5 119080 119080
6 119080 119080
7 119080 119080
8 119080 119080
9 119080 119080
10 119080 119080
11 119080 119080
12 119080 119080
13 119080 119080
14 119080 119080
15 119080 119080
16 119080 119080
17 119080 119080
18 119080 119080
19 119080 119080
20 119080 119080
21 119080 119080
22 119080 119080
23 119080 119080
24 119080 119080
25 119080 119080
26 119388 119388
27 119248 119248
28 119248 119248
29 119248 119248
30 119248 119248
31 119248 119248
32 119248 119248
33 119248 119248
34 119248 119248
35 119248 119248
36 119248 119248
37 119248 119248
38 119248 119248
39 119248 119248
40 119248 119248
41 119248 119248
42 119248 119248
43 119248 119248
44 119248 119248
45 119248 119248
46 119248 119248
47 119248 119248
48 119248 119248
49 119248 119248
50 119248 119248
51 119248 119248
52 119248 119248
53 119248 119248
54 119248 119248
55 119256 119256
56 119256 119256
57 119256 119256
58 119256 119256
59 119256 119256
60 119256 119256
61 119256 119256
62 119256 119256
63 119256 119256
64 119256 119256
65 119256 119256
66 119256 119256
67 119256 119256
68 119256 119256
69 119256 119256
70 119256 119256
71 119256 119256
72 119256 119256
73 119256 119256
74 119256 119256
75 119256 119256
76 119256 119256
77 119256 119256
78 119256 119256
79 119256 119256
80 119256 119256
81 119256 119256
82 119256 119256
83 119256 119256
84 119256 119256
85 119256 119256
86 119256 119256
87 119256 119256
88 119256 119256
89 119256 119256
90 119256 119256
91 119256 119256
92 119256 119256
93 119256 119256
94 119256 119256
95 119256 119256
96 119256 119256
97 119256 119256
98 119256 119256
99 119256 119256
100 119256 119256
101 119256 119256
102 119256 119256
103 119256 119256
104 119256 119256
105 119256 119256
106 119256 119256
107 119256 119256
108 119256 119256
109 119232 119232
110 119232 119232
111 119248 119248
112 119256 119256
113 119256 119256
114 119256 119256
115 119256 119256
116 119256 119256
117 119256 119256
118 119256 119256
119 119256 119256
120 119256 119256
121 119256 119256
122 119256 119256
123 119256 119256
124 119256 119256
125 119256 119256
126 119256 119256
127 119256 119256
128 119256 119256
129 119256 119256
130 119256 119256
131 119256 119256
132 119256 119256
133 119256 119256
134 119280 119280
135 119280 119280
136 119280 119280
137 119280 119280
138 119280 119280
139 119280 119280
140 119280 119280
141 119280 119280
142 119280 119280
143 119280 119280
144 119280 119280
145 119280 119280
146 119280 119280
147 119280 119280
148 119280 119280
149 119280 119280
150 119280 119280
151 119280 119280
152 119280 119280
153 119280 119280
154 119280 119280
155 119280 119280
156 119280 119280
157 119280 119280
158 119280 119280
159 119280 119280
160 119280 119280
161 119280 119280
162 119280 119280
163 119280 119280
164 119280 119280
165 119280 119280
166 119280 119280
167 119280 119280
168 119280 119280
169 119280 119280
170 119280 119280
171 119280 119280
172 119280 119280
173 119280 119280
174 119280 119280
175 119280 119280
176 119280 119280
177 119280 119280
178 119280 119280
179 119292 119292
180 119316 119316
181 119316 119316
182 119316 119316
183 119316 119316
184 119316 119316
185 119316 119316
186 119316 119316
187 119364 119364
188 119364 119364
189 119364 119364
190 119364 119364
191 119364 119364
192 119364 119364
193 119364 119364
194 119364 119364
195 119364 119364
196 119364 119364
197 119364 119364
198 119364 119364
199 119364 119364
200 119364 119364
201 119364 119364
202 119364 119364
203 119364 119364
204 119364 119364
205 119364 119364
206 119364 119364
207 119364 119364
208 119364 119364
209 119364 119364
210 119364 119364
211 119364 119364
212 119364 119364
213 119364 119364
214 119364 119364
215 119364 119364
216 119364 119364
217 119364 119364
218 119364 119364
219 119364 119364
220 119364 119364
221 119364 119364
222 119364 119364
223 119364 119364
224 119348 119348
225 119376 119376
226 119376 119376
227 119376 119376
228 119376 119376
229 119376 119376
230 119376 119376
231 119376 119376
232 119404 119404
233 119404 119404
234 119404 119404
235 119404 119404
236 119404 119404
237 119404 119404
238 119404 119404
239 119516 119516
240 119404 119404
241 119404 119404
242 119404 119404
243 119404 119404
244 119404 119404
245 119432 119432
246 119432 119432
247 119432 119432
248 119432 119432
249 119432 119432
250 119432 119432
251 119432 119432
252 119432 119432
253 119432 119432
254 119432 119432
255 119432 119432
256 119432 119432
257 119432 119432
258 119432 119432
259 119432 119432
260 119416 119416
261 119416 119416
262 119416 119416
263 119416 119416
264 119416 119416
265 119416 119416
266 119416 119416
267 119416 119416
268 119416 119416
269 119416 119416
270 119416 119416
271 119416 119416
272 119416 119416
273 119416 119416
274 119416 119416
275 119416 119416
276 119416 119416
277 119416 119416
278 119416 119416
279 119416 119416
280 119416 119416
281 119416 119416
282 119416 119416
283 119416 119416
284 119416 119416
285 119416 119416
286 119416 119416
287 119416 119416
288 119416 119416
289 119416 119416
290 119416 119416
291 119416 119416
292 119416 119416
293 119416 119416
294 119416 119416
295 119416 119416
296 119416 119416
297 119416 119416
298 119400 119400
299 119400 119400
300 119400 119400
301 119400 119400
302 119400 119400
303 119400 119400
304 119400 119400
305 119400 119400
306 119400 119400
307 119400 119400
308 119400 119400
309 119400 119400
310 119400 119400
311 119400 119400
312 119400 119400
313 119400 119400
314 119400 119400
315 119400 119400
316 119400 119400
317 119400 119400
318 119400 119400
319 119400 119400
320 119400 119400
321 119400 119400
322 119400 119400
323 119400 119400
324 119400 119400
325 119400 119400
326 119400 119400
327 119400 119400
328 119400 119400
329 119400 119400
330 119400 119400
331 119400 119400
332 119400 119400
333 119400 119400
334 119400 119400
335 119372 119372
336 119372 119372
337 119372 119372
338 119372 119372
339 119372 119372
340 119372 119372
341 119372 119372
342 119372 119372
343 119372 119372
344 119372 119372
345 119372 119372
346 119372 119372
347 119372 119372
348 119372 119372
349 119372 119372
350 119372 119372
351 119372 119372
352 119372 119372
353 119372 119372
354 119372 119372
355 119372 119372
356 119372 119372
357 119372 119372
358 119372 119372
359 119372 119372
360 119372 119372
361 119372 119372
362 119372 119372
363 119372 119372
364 119372 119372
365 119372 119372
366 119372 119372
367 119372 119372
368 119372 119372
369 119372 119372
370 119372 119372
371 119372 119372
372 119372 119372
373 119372 119372
374 119372 119372
375 119372 119372
376 119372 119372
377 119372 119372
378 119372 119372
379 119372 119372
380 119372 119372
381 119372 119372
382 119372 119372
383 119372 119372
384 119372 119372
385 119372 119372
386 119372 119372
387 119372 119372
388 119372 119372
389 119372 119372
390 119372 119372
391 119372 119372
392 119372 119372
393 119372 119372
394 119372 119372
395 119372 119372
396 119372 119372
397 119372 119372
398 119372 119372
399 119372 119372
400 119372 119372
401 119372 119372
402 119372 119372
403 119372 119372
404 119372 119372
405 119372 119372
406 119372 119372
407 119372 119372
408 119372 119372
409 119372 119372
410 119372 119372
411 119372 119372
412 119372 119372
413 119372 119372
414 119372 119372
415 119372 119372
416 119372 119372
417 119372 119372
418 119372 119372
419 119372 119372
420 119372 119372
421 119372 119372
422 119372 119372
423 119372 119372
424 119372 119372
425 119372 119372
426 119372 119372
427 119372 119372
428 119372 119372
429 119372 119372
430 119372 119372
431 119372 119372
432 119372 119372
433 119372 119372
434 119372 119372
435 119372 119372
436 119372 119372
437 119372 119372
438 119372 119372
439 119372 119372
440 119372 119372
441 119372 119372
442 119372 119372
443 119372 119372
444 119372 119372
445 119372 119372
446 119372 119372
447 119372 119372
448 119372 119372
449 119372 119372
450 119372 119372
451 119372 119372
452 119372 119372
453 119372 119372
454 119372 119372
455 119372 119372
456 119372 119372
457 119372 119372
458 119372 119372
459 119372 119372
460 119372 119372
461 119372 119372
462 119372 119372
463 119372 119372
464 119372 119372
465 119372 119372
466 119372 119372
467 119372 119372
468 119372 119372
469 119372 119372
470 119372 119372
471 119372 119372
472 119372 119372
473 119372 119372
474 119372 119372
475 119372 119372
476 119372 119372
477 119372 119372
478 119372 119372
479 119372 119372
480 119372 119372
481 119372 119372
482 119372 119372
483 119372 119372
484 119372 119372
485 119372 119372
486 119372 119372
487 119372 119372
488 119372 119372
489 119372 119372
490 119372 119372
491 119372 119372
492 119372 119372
493 119372 119372
494 119372 119372
495 119372 119372
496 119372 119372
497 119372 119372
498 119372 119372
499 119372 119372
500 119372 119372
501 119372 119372
502 119372 119372
503 119372 119372
504 119372 119372
505 119372 119372
506 119372 119372
507 119372 119372
508 119372 119372
509 119372 119372
510 119372 119372
511 119372 119372
512 119372 119372
513 119372 119372
514 119372 119372
515 119372 119372
516 119372 119372
517 119372 119372
518 119372 119372
519 119372 119372
520 119372 119372
521 119372 119372
522 119372 119372
523 119372 119372
524 119372 119372
525 119372 119372
526 119372 119372
527 119372 119372
528 119372 119372
529 119372 119372
530 119372 119372
531 119372 119372
532 119372 119372
533 119372 119372
534 119372 119372
535 119372 119372
536 119372 119372
537 119372 119372
538 119372 119372
539 119372 119372
540 119372 119372
541 119372 119372
542 119372 119372
543 119372 119372
544 119372 119372
545 119372 119372
546 119372 119372
547 119372 119372
548 119372 119372
549 119372 119372
550 119372 119372
551 119372 119372
552 119372 119372
553 119372 119372
554 119372 119372
555 119372 119372
556 119372 119372
557 119372 119372
558 119372 119372
559 119372 119372
560 119372 119372
561 119372 119372
562 119372 119372
563 119372 119372
564 119372 119372
565 119372 119372
566 119372 119372
567 119372 119372
568 119372 119372
569 119372 119372
570 119372 119372
571 119372 119372
572 119372 119372
573 119372 119372
574 119372 119372
575 119372 119372
576 119372 119372
577 119372 119372
578 119372 119372
579 119372 119372
580 119372 119372
581 119372 119372
582 119372 119372
583 119372 119372
584 119372 119372
585 119372 119372
586 119372 119372
587 119372 119372
588 119372 119372
589 119372 119372
590 119372 119372
591 119372 119372
592 119372 119372
593 119372 119372
594 119372 119372
595 119372 119372
596 119372 119372
597 119372 119372
598 119372 119372
599 119372 119372
600 119372 119372
601 119372 119372
602 119372 119372
603 119372 119372
604 119372 119372
605 119372 119372
606 119372 119372
607 119372 119372
608 119372 119372
609 119372 119372
610 119372 119372
611 119372 119372
612 119372 119372
613 119372 119372
614 119372 119372
615 119372 119372
616 119372 119372
617 119372 119372
618 119372 119372
619 119372 119372
620 119372 119372
621 119372 119372
622 119372 119372
623 119372 119372
624 119372 119372
625 119372 119372
626 119372 119372
627 119372 119372
628 119372 119372
629 119372 119372
630 119372 119372
631 119372 119372
632 119372 119372
633 119372 119372
634 119372 119372
635 119372 119372
636 119372 119372
637 119372 119372
638 119372 119372
639 119372 119372
640 119372 119372
641 119372 119372
642 119372 119372
643 119372 119372
644 119372 119372
645 119372 119372
646 119372 119372
647 119372 119372
648 119372 119372
649 119372 119372
650 119372 119372
651 119372 119372
652 119372 119372
653 119372 119372
654 119372 119372
655 119372 119372
656 119372 119372
657 119372 119372
658 119372 119372
659 119372 119372
660 119372 119372
661 119372 119372
662 119372 119372
663 119372 119372
664 119372 119372
665 119372 119372
666 119372 119372
667 119372 119372
668 119372 119372
669 119372 119372
670 119372 119372
671 119372 119372
672 119372 119372
673 119372 119372
674 119372 119372
675 119372 119372
676 119372 119372
677 119372 119372
678 119372 119372
679 119372 119372
680 119372 119372
681 119372 119372
682 119372 119372
683 119372 119372
684 119372 119372
685 119372 119372
686 119372 119372
687 119372 119372
688 119372 119372
689 119372 119372
690 119372 119372
691 119372 119372
692 119372 119372
693 119372 119372
694 119372 119372
695 119372 119372
696 119372 119372
697 119372 119372
698 119372 119372
699 119372 119372
700 119372 119372
701 119372 119372
702 119372 119372
703 119372 119372
704 119372 119372
705 119372 119372
706 119372 119372
707 119372 119372
708 119372 119372
709 119372 119372
710 119372 119372
711 119372 119372
712 119372 119372
713 119372 119372
714 119372 119372
715 119372 119372
716 119372 119372
717 119372 119372
718 119372 119372
719 119372 119372
720 119372 119372
721 119372 119372
722 119372 119372
723 119372 119372
724 119372 119372
725 119372 119372
726 119372 119372
727 119372 119372
728 119372 119372
729 119372 119372
730 119372 119372
731 119372 119372
732 119372 119372
733 119372 119372
734 119372 119372
735 119372 119372
736 119372 119372
737 119372 119372
738 119372 119372
739 119372 119372
740 119372 119372
741 119372 119372
742 119372 119372
743 119372 119372
744 119372 119372
745 119372 119372
746 119372 119372
747 119372 119372
748 119372 119372
749 119372 119372
750 119372 119372
751 119372 119372
752 119372 119372
753 119372 119372
754 119372 119372
755 119372 119372
756 119372 119372
757 119372 119372
758 119372 119372
759 119372 119372
760 119372 119372
761 119372 119372
762 119372 119372
763 119372 119372
764 119372 119372
765 119372 119372
766 119372 119372
767 119372 119372
768 119372 119372
769 119372 119372
770 119372 119372
771 119372 119372
772 119372 119372
773 119372 119372
774 119372 119372
775 119372 119372
776 119372 119372
777 119372 119372
778 119372 119372
779 119372 119372
780 119372 119372
781 119372 119372
782 119372 119372
783 119372 119372
784 119372 119372
785 119372 119372
786 119372 119372
787 119372 119372
788 119372 119372
789 119372 119372
790 119372 119372
791 119372 119372
792 119372 119372
793 119372 119372
794 119372 119372
795 119372 119372
796 119372 119372
797 119372 119372
798 119372 119372
799 119372 119372
800 119372 119372
801 119372 119372
802 119372 119372
803 119372 119372
804 119372 119372
805 119372 119372
806 119372 119372
807 119372 119372
808 119372 119372
809 119372 119372
810 119372 119372
811 119372 119372
812 119372 119372
813 119372 119372
814 119372 119372
815 119372 119372
816 119372 119372
817 119372 119372
818 119372 119372
819 119372 119372
820 119372 119372
821 119372 119372
822 119372 119372
823 119372 119372
824 119372 119372
825 119372 119372
826 119372 119372
827 119372 119372
828 119372 119372
829 119372 119372
830 119372 119372
831 119372 119372
832 119372 119372
833 119372 119372
834 119372 119372
835 119372 119372
836 119372 119372
837 119372 119372
838 119372 119372
839 119372 119372
840 119372 119372
841 119372 119372
842 119372 119372
843 119372 119372
844 119372 119372
845 119372 119372
846 119372 119372
847 119372 119372
848 119372 119372
849 119372 119372
850 119372 119372
851 119372 119372
852 119372 119372
853 119372 119372
854 119372 119372
855 119372 119372
856 119372 119372
857 119372 119372
858 119372 119372
859 119372 119372
860 119372 119372
861 119372 119372
862 119372 119372
863 119372 119372
864 119372 119372
865 119372 119372
866 119372 119372
867 119372 119372
868 119372 119372
869 119372 119372
870 119372 119372
871 119372 119372
872 119372 119372
873 119372 119372
874 119372 119372
875 119372 119372
876 119372 119372
877 119372 119372
878 119372 119372
879 119372 119372
880 119372 119372
881 119372 119372
882 119372 119372
883 119372 119372
884 119372 119372
885 119372 119372
886 119372 119372
887 119372 119372
888 119372 119372
889 119372 119372
890 119372 119372
891 119372 119372
892 119372 119372
893 119372 119372
894 119372 119372
895 119372 119372
896 119372 119372
897 119372 119372
898 119372 119372
899 119372 119372
900 119372 119372
901 119372 119372
902 119372 119372
903 119372 119372
904 119372 119372
905 119372 119372
906 119372 119372
907 119372 119372
908 119372 119372
909 119372 119372
910 119372 119372
911 119372 119372
912 119372 119372
913 119372 119372
914 119372 119372
915 119372 119372
916 119372 119372
917 119372 119372
918 119372 119372
919 119372 119372
920 119372 119372
921 119372 119372
922 119372 119372
923 119372 119372
924 119372 119372
925 119372 119372
926 119372 119372
927 119372 119372
928 119372 119372
929 119372 119372
930 119372 119372
931 119372 119372
932 119372 119372
933 119372 119372
934 119372 119372
935 119372 119372
936 119372 119372
937 119372 119372
938 119372 119372
939 119372 119372
940 119372 119372
941 119372 119372
942 119372 119372
943 119372 119372
944 119372 119372
945 119372 119372
946 119372 119372
947 119372 119372
948 119372 119372
949 119372 119372
950 119372 119372
951 119372 119372
952 119372 119372
953 119372 119372
954 119372 119372
955 119372 119372
956 119372 119372
957 119372 119372
958 119372 119372
959 119372 119372
960 119372 119372
961 119372 119372
962 119372 119372
963 119372 119372
964 119372 119372
965 119372 119372
966 119372 119372
967 119372 119372
968 119372 119372
969 119372 119372
970 119372 119372
971 119372 119372
972 119372 119372
973 119372 119372
974 119372 119372
975 119372 119372
976 119372 119372
977 119372 119372
978 119372 119372
979 119372 119372
980 119372 119372
981 119372 119372
982 119372 119372
983 119372 119372
984 119372 119372
985 119372 119372
986 119372 119372
987 119372 119372
988 119372 119372
989 119372 119372
990 119372 119372
991 119372 119372
992 119372 119372
993 119372 119372
994 119372 119372
995 119372 119372
996 119372 119372
997 119372 119372
998 119372 119372
999 119372 119372
1000 119372 119372
1001 119372 119372
1002 119372 119372
1003 119372 119372
1004 119372 119372
1005 119372 119372
1006 119372 119372
1007 119372 119372
1008 119372 119372
1009 119372 119372
1010 119372 119372
1011 119372 119372
1012 119372 119372
1013 119372 119372
1014 119372 119372
1015 119372 119372
1016 119372 119372
1017 119372 119372
1018 119372 119372
1019 119372 119372
1020 119372 119372
1021 119372 119372
1022 119372 119372
1023 119372 119372
1024 119372 119372
1025 119372 119372
1026 119372 119372
1027 119372 119372
1028 119372 119372
1029 119372 119372
1030 119372 119372
1031 119372 119372
1032 119372 119372
1033 119372 119372
1034 119372 119372
1035 119372 119372
1036 119372 119372
1037 119372 119372
1038 119372 119372
1039 119372 119372
1040 119372 119372
1041 119372 119372
1042 119372 119372
1043 119372 119372
1044 119372 119372
1045 119372 119372
1046 119372 119372
1047 119372 119372
1048 119372 119372
1049 119372 119372
1050 119372 119372
1051 119372 119372
1052 119372 119372
1053 119372 119372
1054 119372 119372
1055 119372 119372
1056 119372 119372
1057 119372 119372
1058 119372 119372
1059 119372 119372
1060 119372 119372
1061 119372 119372
1062 119372 119372
1063 119372 119372
1064 119372 119372
1065 119372 119372
1066 119372 119372
1067 119372 119372
1068 119372 119372
1069 119372 119372
1070 119372 119372
1071 119372 119372
1072 119372 119372
1073 119372 119372
1074 119372 119372
1075 119372 119372
1076 119372 119372
1077 119372 119372
1078 119372 119372
1079 119372 119372
1080 119372 119372
1081 119372 119372
1082 119372 119372
1083 119372 119372
1084 119372 119372
1085 119372 119372
1086 119372 119372
1087 119372 119372
1088 119372 119372
1089 119372 119372
1090 119372 119372
1091 119372 119372
1092 119372 119372
1093 119372 119372
1094 119372 119372
1095 119372 119372
1096 119372 119372
1097 119372 119372
1098 119372 119372
1099 119372 119372
1100 119372 119372
1101 119372 119372
1102 119372 119372
1103 119372 119372
1104 119372 119372
1105 119372 119372
1106 119372 119372
1107 119372 119372
1108 119372 119372
1109 119372 119372
1110 119372 119372
1111 119372 119372
1112 119372 119372
1113 119372 119372
1114 119372 119372
1115 119372 119372
1116 119372 119372
1117 119372 119372
1118 119372 119372
1119 119372 119372
1120 119372 119372
1121 119372 119372
1122 119372 119372
1123 119372 119372
1124 119372 119372
1125 119372 119372
1126 119372 119372
1127 119372 119372
1128 119372 119372
1129 119372 119372
1130 119372 119372
1131 119372 119372
1132 119372 119372
1133 119372 119372
1134 119372 119372
1135 119372 119372
1136 119372 119372
1137 119372 119372
1138 119372 119372
1139 119372 119372
1140 119372 119372
1141 119372 119372
1142 119372 119372
1143 119372 119372
1144 119372 119372
1145 119372 119372
1146 119372 119372
1147 119372 119372
1148 119372 119372
1149 119372 119372
1150 119372 119372
1151 119372 119372
1152 119372 119372
1153 119372 119372
1154 119372 119372
1155 119372 119372
1156 119372 119372
1157 119372 119372
1158 119372 119372
1159 119372 119372
1160 119372 119372
1161 119372 119372
1162 119372 119372
1163 119372 119372
1164 119372 119372
1165 119372 119372
1166 119372 119372
1167 119372 119372
1168 119372 119372
1169 119372 119372
1170 119372 119372
1171 119372 119372
1172 119372 119372
1173 119372 119372
1174 119372 119372
1175 119372 119372
1176 119372 119372
1177 119372 119372
1178 119372 119372
1179 119372 119372
1180 119372 119372
1181 119372 119372
1182 119372 119372
1183 119372 119372
1184 119372 119372
1185 119372 119372
1186 119372 119372
1187 119372 119372
1188 119372 119372
1189 119372 119372
1190 119372 119372
1191 119372 119372
1192 119372 119372
1193 119372 119372
1194 119372 119372
1195 119372 119372
1196 119372 119372
1197 119372 119372
1198 119372 119372
1199 119372 119372
1200 119372 119372
1201 119372 119372
1202 119372 119372
1203 119372 119372
1204 119372 119372
1205 119372 119372
1206 119372 119372
