Index    MemFree      SwapFree      AnonPages     Cached        Active         Inactive
0	20432		10236		29936	54032		48748		35436
1	20416		10236		29960	54036		48776		35440
2	20224		10236		30016	54060		48848		35460
3	18232		10236		31060	54988		49864		36368
4	14648		10236		32128	57344		51084		38608
5	11264		10236		33608	59044		52636		40224
6	8504		10236		34440	60844		53680		41836
7	5748		10236		36460	61540		55736		42484
8	2176		10236		38720	62660		60368		41240
9	1600		10236		39448	62436		61184		40924
10	2096		10236		39948	61356		61752		39764
11	2212		10236		40112	61216		61760		39752
12	2180		10236		41412	59756		64384		37016
13	2336		10236		43180	57848		66496		34756
14	1888		10236		44272	57180		67976		33692
15	1960		10236		45292	56084		69452		32152
16	2232		10236		45376	55656		69636		31604
17	2064		10236		45780	55408		70160		31248
18	2340		10236		46240	54512		71056		29920
19	2280		10236		46656	54272		71468		29684
20	2096		10236		47244	53804		71928		29336
21	2848		10236		46616	53672		71456		29064
22	3612		10236		46616	52920		70704		29064
23	3612		10236		46616	52920		70704		29064
24	3588		10236		46700	52920		70788		29052
25	2376		10236		47440	53412		71860		29200
26	2488		10236		47668	52964		71804		29060
27	2488		10236		47668	52964		71804		29060
28	1548		10236		48084	53504		72452		29296
29	2224		10236		47912	53060		72460		28724
30	2308		10236		47912	52988		72608		28524
31	2308		10236		47912	52988		72608		28524
32	2616		10236		48156	52448		72284		28500
33	2284		10236		48556	52348		73276		27856
34	2368		10236		48556	52260		73228		27820
35	1916		10236		49316	51984		74148		27336
36	1844		10236		51232	50280		76984		24740
37	1860		10236		52124	49376		77976		23712
38	1976		10236		53128	48260		79804		21816
39	1908		10236		53184	48264		79868		21796
40	1764		10236		53432	48120		80320		21444
41	2400		10236		54208	46728		81244		19920
42	1660		10236		55428	46256		83520		18412
43	2264		10236		55432	45556		83268		17964
44	2264		10236		55432	45556		83272		17964
45	3020		10236		55432	44896		82600		17956
46	2992		10236		55432	44952		82656		17956
47	3020		10236		55452	44936		82656		17956
48	2936		10236		55452	45012		82732		17960
49	2572		10236		55452	45364		82564		18460
50	2376		10236		55460	45568		83276		17968
51	2376		10236		55460	45568		83284		17992
52	2628		10236		55460	45300		83020		17956
53	2488		10236		55460	45452		83132		17988
54	2572		10236		55460	45380		83132		17956
55	2628		10236		55464	45316		82572		18404
56	2992		10236		55464	44820		82576		17956
57	2992		10236		55464	44820		82576		17956
58	2796		10236		55464	45136		82856		17956
59	3160		10236		55308	44820		82420		17956
60	3160		10236		55308	44820		82420		17956
61	3020		10236		55308	45080		82644		17956
62	2656		10236		55484	45276		82808		18148
63	2992		10236		55484	44820		82596		17956
64	2832		10236		55680	44820		82760		17956
65	2432		10236		55556	45360		83036		18108
66	2908		10236		55556	44820		82668		17956
67	2908		10236		55556	44820		82668		17956
68	2364		10236		55980	44988		83092		18096
69	2728		10236		56572	44028		84344		16480
70	3036		10236		56588	43576		84208		16204
71	2200		10236		56992	44136		84996		16356
72	2256		10236		57052	44028		84748		16552
73	2040		10236		57444	43820		85964		15508
74	1600		10236		58680	43188		87544		14436
75	1804		10232		58548	43176		88360		13500
76	1892		10208		58580	43092		88720		13104
77	1736		10176		59468	42380		90052		11968
78	2236		10176		59520	41920		88980		12536
79	2336		10176		60012	41396		90296		11204
80	4744		10176		57164	41772		87448		11580
81	5472		10176		57164	41056		86732		11580
82	4996		10176		57164	41648		87340		11532
83	5272		10176		56820	41680		86996		11596
84	5916		10176		56820	41056		86436		11532
85	5440		10176		56820	41508		86884		11536
86	5916		10176		56820	41056		86436		11532
87	5916		10176		56820	41056		86436		11532
88	5720		10176		56820	41372		86716		11532
89	6028		10176		56716	41056		86332		11532
90	6028		10176		56716	41056		86332		11532
91	5616		10176		56908	41316		86720		11532
92	5480		10176		56720	41588		86636		11764
93	5928		10176		56720	41136		86336		11612
94	5956		10176		56720	41136		86336		11612
95	5496		10176		56724	41684		86708		11756
96	5916		10176		56724	41148		86340		11624
97	5916		10176		56724	41148		86340		11624
98	5544		10176		56832	41544		86520		11936
99	4984		10176		56832	42092		87032		11984
100	5068		10176		56832	42000		87036		11888
101	4972		10176		56844	42092		87048		11944
102	4896		10176		56852	42168		87060		12044
103	2904		10176		57396	43464		87128		13812
104	1896		10160		57660	44152		87772		14172
105	1876		10100		59784	41908		90536		11324
106	2040		10092		59972	41532		90952		10672
107	2516		10092		59972	40936		90508		10576
108	2516		10092		59972	41012		90564		10576
109	2516		10092		59972	40936		90508		10576
110	2516		10092		59972	40936		90508		10576
111	2432		10092		60104	40948		90768		10460
112	2320		10092		60136	41076		90872		10516
113	2188		10092		60136	41204		90872		10644
114	2188		10092		60136	41204		90872		10644
115	2188		10092		60136	41204		90872		10644
116	2188		10092		60136	41204		90872		10644
117	2056		10092		60136	41332		90872		10772
118	2056		10092		60136	41332		90872		10772
119	2056		10092		60136	41332		90872		10772
120	2056		10092		60136	41332		90872		10772
121	1936		10092		60136	41460		90872		10900
122	1936		10092		60088	41460		90824		10900
123	1936		10092		60088	41460		90824		10900
124	1936		10092		60088	41460		90824		10900
125	1936		10092		60088	41460		90824		10900
126	1804		10092		60084	41588		90820		11028
127	1804		10092		60084	41588		90820		11028
128	1804		10092		60084	41588		90820		11028
129	1804		10092		60084	41588		90820		11028
130	1804		10092		60084	41588		90820		11028
131	2356		10092		60084	40996		90848		10404
132	2356		10092		60084	40996		90848		10404
133	2356		10092		60084	40996		90848		10404
134	2356		10092		60084	40996		90848		10404
135	2356		10092		60084	40996		90848		10404
136	2272		10092		60084	41124		90848		10532
137	2272		10092		60084	41124		90848		10532
138	2272		10092		60084	41124		90848		10532
139	2272		10092		60084	41124		90848		10532
140	2140		10092		60084	41252		90848		10660
141	2140		10092		60084	41252		90848		10660
142	2140		10092		60084	41252		90848		10660
143	2140		10092		60084	41252		90848		10660
144	2140		10092		60084	41252		90848		10660
145	2140		10092		60080	41252		90844		10660
146	2020		10092		60080	41380		90844		10788
147	2020		10092		60080	41380		90844		10788
148	2020		10092		60080	41380		90844		10788
149	2020		10092		60080	41380		90844		10788
150	2020		10092		60080	41380		90844		10788
151	1888		10092		60080	41508		90844		10916
152	1888		10092		60080	41508		90844		10916
153	1888		10092		60080	41508		90844		10916
154	2252		10092		60080	41124		90804		10572
155	2252		10092		60080	41124		90804		10572
156	2252		10092		60080	41124		90804		10572
157	2168		10092		60080	41292		90804		10700
158	2168		10092		60080	41328		90860		10700
159	2048		10092		60080	41456		90860		10828
160	2048		10092		60080	41456		90860		10828
161	2048		10092		60080	41456		90860		10828
162	2048		10092		60080	41420		90804		10828
163	1916		10092		60080	41584		90860		10956
164	1916		10092		60080	41584		90860		10956
165	1916		10092		60080	41616		90860		10976
166	1916		10092		60080	41584		90860		10956
167	1916		10092		60080	41584		90860		10956
168	1916		10092		60080	41548		90804		10956
169	2252		10092		60080	41220		90748		10684
170	2252		10092		60080	41220		90748		10684
171	2252		10092		60080	41220		90748		10684
172	2252		10092		60080	41220		90748		10684
173	2168		10092		60080	41312		90692		10812
174	2168		10092		60080	41348		90748		10812
175	2168		10092		60080	41348		90748		10812
176	2048		10092		60080	41476		90748		10940
177	2048		10092		60080	41476		90748		10940
178	2048		10092		60080	41440		90692		10940
179	1916		10092		60080	41604		90748		11068
180	1916		10092		60080	41604		90748		11068
181	1916		10092		60080	41604		90748		11068
182	2252		10088		60080	41236		90696		10740
183	2252		10088		60080	41236		90696		10760
184	2252		10088		60080	41200		90640		10740
185	2168		10088		60080	41364		90696		10868
186	2168		10088		60080	41364		90696		10868
187	2168		10088		60080	41364		90696		10868
188	2036		10088		60080	41492		90696		11016
189	2036		10088		60080	41456		90640		10996
190	2036		10088		60080	41492		90696		10996
191	1916		10088		60080	41624		90696		11128
192	1916		10088		60080	41624		90696		11128
193	1916		10088		60080	41624		90696		11148
194	2252		10084		60080	41248		90644		10800
195	2252		10084		60080	41212		90588		10808
196	2252		10084		60080	41248		90644		10808
197	2156		10084		60080	41376		90644		10936
198	2156		10084		60080	41376		90644		10956
199	2024		10084		60080	41504		90644		11064
200	2024		10084		60080	41468		90588		11064
201	2024		10084		60080	41504		90644		11064
202	1904		10084		60080	41632		90644		11192
203	1904		10084		60080	41632		90644		11212
204	1904		10084		60080	41632		90644		11192
205	2240		10084		60080	41212		90528		10868
206	2240		10084		60080	41248		90584		10868
207	2156		10084		60080	41376		90584		10996
208	2156		10084		60080	41376		90584		11016
209	2024		10084		60080	41504		90584		11124
210	2024		10084		60080	41504		90584		11124
211	1904		10084		60080	41596		90528		11252
212	2240		10084		60080	41248		90476		10996
213	2240		10084		60080	41172		90420		10976
214	2156		10084		60084	41376		90480		11124
215	2156		10084		60084	41300		90424		11104
216	2156		10084		60084	41300		90424		11104
217	2024		10084		60084	41504		90480		11252
218	2024		10084		60084	41428		90424		11232
219	2024		10084		60084	41428		90424		11232
220	2024		10084		60084	41428		90424		11232
221	1904		10084		60084	41556		90424		11360
222	1904		10084		60084	41632		90480		11380
223	2240		10084		60084	41172		90316		11084
224	2240		10084		60084	41280		90372		11084
225	2240		10084		60084	41172		90316		11084
226	2156		10084		60084	41300		90316		11212
227	2156		10084		60084	41300		90316		11212
228	2156		10084		60084	41300		90316		11212
229	2024		10084		60084	41428		90316		11340
230	2024		10084		60084	41428		90316		11340
231	1904		10084		60084	41556		90316		11468
232	1904		10084		60084	41556		90316		11468
233	1904		10084		60084	41556		90316		11468
234	2240		10084		60084	41172		90296		11104
235	2240		10084		60084	41172		90296		11104
236	2156		10084		60084	41300		90296		11232
237	2156		10084		60084	41300		90296		11232
238	2156		10084		60084	41300		90296		11232
239	2024		10084		60084	41428		90296		11360
240	2024		10084		60084	41428		90296		11360
241	1904		10084		60084	41556		90296		11488
242	1904		10084		60084	41556		90296		11488
243	1904		10084		60084	41556		90296		11488
244	1904		10084		60084	41556		90296		11488
245	1904		10084		60084	41556		90296		11488
246	2216		10084		60084	41196		90212		11208
247	2216		10084		60084	41196		90212		11208
248	2216		10084		60084	41196		90212		11208
249	2216		10084		60084	41196		90212		11208
250	2216		10084		60084	41196		90212		11208
251	2132		10084		60084	41324		90212		11336
252	2132		10084		60084	41324		90212		11336
253	2132		10084		60084	41324		90212		11336
254	2132		10084		60084	41324		90212		11336
255	2012		10084		60084	41452		90212		11464
256	2012		10084		60084	41452		90212		11464
257	2012		10084		60084	41452		90212		11464
258	2012		10084		60084	41452		90212		11464
259	1880		10084		60084	41580		90212		11592
260	1880		10084		60084	41580		90212		11592
261	1880		10084		60084	41580		90212		11592
262	1880		10084		60084	41580		90212		11592
263	1880		10084		60084	41580		90212		11592
264	2204		10084		60084	41248		90408		11024
265	2204		10084		60084	41284		90464		11024
266	2204		10084		60084	41284		90464		11024
267	2204		10084		60084	41284		90464		11024
268	2204		10084		60084	41248		90408		11024
269	2120		10084		60084	41412		90464		11152
270	2120		10084		60084	41412		90464		11152
271	2120		10084		60084	41412		90464		11152
272	2000		10084		60084	41540		90464		11280
273	2000		10084		60084	41540		90464		11280
274	2000		10084		60084	41504		90408		11280
275	1868		10084		60084	41668		90464		11408
276	1868		10084		60084	41668		90464		11408
277	1868		10084		60084	41668		90464		11408
278	1868		10084		60084	41668		90464		11408
279	2312		10084		60084	41140		91044		10280
280	2340		10084		60084	41176		91100		10280
281	2340		10084		60084	41176		91100		10280
282	2256		10084		60084	41304		91100		10408
283	2256		10084		60084	41304		91100		10408
284	2256		10084		60084	41336		91100		10428
285	2256		10084		60084	41268		91044		10408
286	21