(0, 8) 1
(0, 11) 2
(0, 15) 1
(0, 16) 3
(0, 17) 1
(0, 18) 1
(0, 22) 1
(0, 23) 1
(0, 29) 2
(0, 31) 1
(1, 2) 1
(1, 11) 1
(1, 12) 1
(1, 13) 1
(1, 15) 1
(1, 16) 1
(1, 24) 8
(1, 26) 7
(1, 27) 4
(1, 29) 2
(1, 31) 12
(1, 36) 9
(2, 0) 1
(2, 5) 1
(2, 8) 3
(2, 9) 1
(2, 10) 1
(2, 11) 1
(2, 14) 1
(2, 15) 1
(2, 16) 1
(2, 23) 2
(2, 26) 34
(2, 29) 6
(2, 31) 2
(3, 6) 1
(3, 7) 1
(3, 9) 2
(3, 10) 2
(3, 11) 2
(3, 12) 3
(3, 13) 1
(3, 14) 1
(3, 18) 1
(3, 24) 18
(3, 27) 1
(3, 29) 2
(4, 7) 2
(4, 11) 1
(4, 13) 1
(4, 17) 1
(4, 18) 1
(4, 24) 29
(4, 27) 1
(4, 31) 1
(4, 38) 17
(5, 7) 1
(5, 8) 1
(5, 11) 1
(5, 12) 1
(5, 37) 51
(6, 38) 49
(6, 39) 3
(7, 27) 1
(7, 37) 1
(7, 38) 7
(8, 28) 1
(8, 33) 1
(8, 34) 1
(8, 35) 2
(8, 36) 1
(8, 38) 2
(8, 39) 12
(9, 0) 1
(9, 27) 1
(9, 33) 2
(9, 34) 1
(9, 35) 2
(9, 38) 25
(9, 39) 7
(10, 10) 1
(10, 15) 1
(10, 32) 1
(10, 35) 1
(10, 37) 1
(10, 39) 34
(11, 15) 1
(11, 17) 1
(11, 18) 1
(11, 19) 2
(11, 20) 5
(11, 21) 1
(11, 25) 1
(11, 26) 1
(11, 27) 1
(11, 29) 1
(11, 31) 1
(11, 33) 2
(11, 34) 2
(11, 36) 1
(11, 37) 2
(11, 39) 2
(12, 9) 1
(12, 15) 1
(12, 24) 1
(12, 26) 1
(12, 36) 2
(12, 37) 1
(12, 38) 1
(12, 39) 3
(13, 4) 1
(13, 12) 1
(13, 27) 2
(13, 31) 1
(13, 32) 2
(13, 33) 3
(13, 34) 2
(13, 35) 1
(13, 36) 1
(13, 39) 1
(14, 16) 6
(14, 20) 1
(14, 23) 1
(14, 30) 2
(14, 39) 2
(15, 7) 1
(15, 17) 1
(15, 21) 2
(15, 31) 1
(15, 33) 1
(15, 37) 2
(15, 38) 2
(15, 39) 1
(16, 8) 1
(16, 31) 1
(16, 32) 1
(16, 33) 1
(16, 34) 1
(16, 35) 2
(16, 36) 2
(16, 37) 1
(16, 38) 1
(16, 39) 2
(17, 0) 1
(17, 6) 1
(17, 25) 1
(17, 30) 1
(17, 32) 1
(17, 33) 1
(17, 35) 1
(17, 37) 1
(17, 38) 2
(18, 9) 1
(18, 27) 1
(18, 29) 1
(18, 31) 2
(18, 37) 1
(19, 25) 1
(19, 29) 2
(19, 30) 2
(19, 31) 1
(19, 32) 2
(19, 33) 1
(19, 35) 1
(19, 36) 1
(19, 37) 1
(20, 0) 1
(20, 25) 1
(20, 26) 2
(20, 27) 1
(20, 31) 1
(20, 32) 1
(20, 35) 1
(20, 36) 1
(20, 39) 1
(21, 2) 1
(21, 25) 1
(21, 27) 1
(21, 30) 1
(21, 31) 1
(21, 32) 1
(21, 33) 1
(21, 35) 2
(22, 15) 1
(22, 27) 1
(22, 30) 1
(22, 31) 1
(22, 32) 1
(22, 34) 2
(22, 35) 2
(22, 36) 2
(22, 38) 2
(22, 39) 1
(23, 13) 1
(23, 20) 1
(23, 22) 1
(23, 25) 1
(23, 27) 1
(23, 28) 1
(23, 29) 1
(23, 30) 1
(23, 32) 1
(23, 33) 1
(23, 34) 2
(23, 35) 1
(23, 36) 1
(23, 39) 2
(24, 11) 1
(24, 17) 1
(24, 18) 1
(24, 19) 2
(24, 22) 1
(24, 26) 1
(24, 27) 1
(24, 30) 2
(25, 1) 1
(25, 14) 1
(25, 18) 1
(25, 22) 1
(25, 26) 1
(25, 27) 1
(25, 28) 1
(25, 31) 2
(25, 32) 1
(25, 33) 1
(25, 37) 10
(25, 39) 1
(26, 5) 1
(26, 6) 1
(26, 7) 1
(26, 15) 1
(26, 19) 1
(26, 20) 1
(26, 26) 3
(26, 27) 1
(26, 29) 1
(26, 31) 3
(26, 38) 2
(26, 39) 2
(27, 1) 1
(27, 5) 4
(27, 11) 1
(27, 27) 2
(27, 28) 1
(27, 29) 2
(27, 31) 1
(27, 32) 3
(27, 33) 2
(27, 34) 1
(27, 36) 33
(27, 39) 1
(28, 1) 1
(28, 7) 49
(28, 14) 1
(28, 15) 1
(28, 27) 1
(28, 28) 1
(28, 30) 1
(28, 34) 16
(28, 35) 23
(28, 36) 12
(28, 37) 1
(28, 39) 1
(29, 16) 1
(29, 19) 1
(29, 21) 1
(29, 25) 1
(29, 26) 1
(29, 31) 1
(29, 32) 1
(29, 35) 1
(30, 0) 1
(30, 2) 1
(30, 12) 2
(30, 13) 1
(30, 15) 1
(30, 22) 1
(30, 27) 1
(30, 29) 2
(30, 30) 1
(30, 31) 2
(30, 32) 2
(30, 35) 2
(30, 36) 2
(30, 37) 1
(30, 39) 1
(31, 1) 1
(31, 4) 1
(31, 10) 1
(31, 11) 3
(31, 14) 1
(31, 15) 1
(31, 25) 1
(31, 27) 1
(31, 29) 2
(31, 30) 1
(31, 31) 1
(31, 32) 2
(31, 33) 2
(31, 34) 2
(31, 35) 1
(31, 36) 1
(31, 37) 1
(31, 39) 2
(32, 3) 6
(32, 5) 12
(32, 14) 1
(32, 24) 1
(32, 25) 1
(32, 27) 1
(32, 29) 1
(32, 30) 1
(32, 31) 2
(32, 33) 1
(32, 37) 1
(32, 39) 1
(33, 3) 10
(33, 6) 1
(33, 7) 1
(33, 11) 1
(33, 12) 1
(33, 13) 1
(33, 19) 1
(33, 21) 1
(33, 23) 1
(33, 28) 1
(33, 29) 2
(33, 30) 1
(33, 31) 2
(33, 34) 2
(33, 37) 1
(33, 39) 2
(34, 11) 1
(34, 18) 1
(34, 22) 1
(34, 24) 1
(34, 28) 2
(34, 29) 1
(34, 30) 2
(34, 31) 1
(34, 32) 2
(34, 33) 2
(34, 36) 1
(34, 38) 1
(34, 39) 1
(35, 10) 1
(35, 11) 1
(35, 13) 1
(35, 19) 1
(35, 23) 1
(35, 27) 2
(35, 28) 1
(35, 29) 1
(35, 31) 1
(35, 32) 1
(35, 35) 1
(35, 37) 2
(36, 8) 1
(36, 9) 1
(36, 10) 1
(36, 15) 1
(36, 22) 1
(36, 24) 2
(36, 26) 4
(36, 27) 1
(36, 30) 1
(36, 31) 1
(36, 34) 1
(36, 36) 1
(36, 37) 1
(36, 39) 2
(37, 9) 1
(37, 10) 1
(37, 12) 1
(37, 21) 1
(37, 25) 2
(37, 26) 1
(37, 27) 2
(37, 31) 1
(37, 36) 1
(37, 37) 1
(37, 38) 1
(37, 39) 3
(38, 11) 1
(38, 26) 1
(38, 27) 2
(38, 29) 2
(38, 30) 2
(38, 32) 1
(38, 33) 3
(38, 34) 1
(38, 35) 1
(38, 36) 1
(38, 37) 1
(39, 16) 1
(39, 18) 1
(39, 26) 1
(39, 27) 1
(39, 28) 1
(39, 30) 2
(39, 32) 2
(39, 34) 1
(39, 35) 1
(39, 36) 1
(39, 38) 1
(39, 39) 1
