(0, 0) 1
(0, 4) 1
(0, 6) 3
(0, 9) 2
(0, 10) 4
(0, 11) 1
(0, 12) 2
(0, 13) 2
(0, 14) 2
(0, 16) 1
(0, 17) 2
(0, 18) 1
(0, 19) 1
(0, 21) 1
(0, 23) 1
(0, 24) 1
(0, 25) 5
(0, 26) 1
(0, 27) 17
(0, 28) 1
(0, 29) 4
(0, 30) 2
(0, 31) 2
(0, 32) 3
(0, 33) 2
(0, 34) 4
(0, 35) 3
(0, 36) 3
(0, 37) 1
(0, 38) 3
(0, 39) 1
(1, 4) 1
(1, 7) 1
(1, 9) 2
(1, 10) 1
(1, 12) 3
(1, 13) 1
(1, 14) 3
(1, 15) 2
(1, 16) 2
(1, 17) 2
(1, 18) 1
(1, 19) 1
(1, 20) 1
(1, 21) 1
(1, 22) 2
(1, 23) 2
(1, 24) 19
(1, 25) 6
(1, 26) 11
(1, 27) 19
(1, 28) 10
(1, 29) 2
(1, 30) 13
(1, 31) 1
(1, 32) 46
(1, 33) 31
(1, 34) 21
(1, 35) 1
(1, 36) 17
(1, 37) 6
(1, 39) 2
(2, 0) 2
(2, 5) 2
(2, 6) 1
(2, 10) 1
(2, 12) 1
(2, 13) 2
(2, 14) 1
(2, 19) 1
(2, 20) 1
(2, 21) 2
(2, 24) 94
(2, 25) 17
(2, 26) 9
(2, 27) 3
(2, 28) 25
(2, 29) 42
(2, 30) 6
(2, 31) 3
(2, 32) 3
(2, 33) 2
(2, 34) 84
(2, 35) 31
(2, 36) 9
(2, 37) 2
(2, 38) 2
(2, 39) 1
(3, 2) 1
(3, 8) 1
(3, 9) 1
(3, 16) 2
(3, 18) 1
(3, 20) 7
(3, 21) 16
(3, 22) 2
(3, 23) 17
(3, 24) 9
(3, 25) 6
(3, 27) 3
(3, 28) 1
(3, 29) 2
(3, 30) 4
(3, 32) 3
(3, 33) 5
(3, 34) 1
(3, 36) 14
(3, 37) 31
(3, 38) 1
(3, 39) 3
(4, 4) 1
(4, 9) 1
(4, 17) 2
(4, 20) 1
(4, 21) 28
(4, 23) 1
(4, 24) 5
(4, 25) 1
(4, 26) 3
(4, 28) 4
(4, 29) 2
(4, 30) 1
(4, 31) 3
(4, 32) 1
(4, 33) 1
(4, 34) 5
(4, 35) 2
(4, 36) 9
(4, 37) 1
(4, 38) 1
(4, 39) 3
(5, 3) 1
(5, 7) 1
(5, 10) 1
(5, 13) 1
(5, 17) 1
(5, 18) 2
(5, 19) 2
(5, 21) 27
(5, 22) 1
(5, 23) 3
(5, 25) 2
(5, 26) 1
(5, 27) 5
(5, 28) 2
(5, 31) 2
(5, 32) 4
(5, 35) 4
(5, 36) 1
(5, 37) 6
(5, 38) 8
(5, 39) 3
(6, 4) 1
(6, 6) 1
(6, 9) 2
(6, 10) 1
(6, 15) 1
(6, 17) 1
(6, 18) 1
(6, 20) 93
(6, 21) 1
(6, 22) 1
(6, 24) 2
(6, 25) 1
(6, 26) 2
(6, 27) 2
(6, 28) 1
(6, 29) 1
(6, 30) 2
(6, 31) 1
(6, 32) 1
(6, 33) 2
(6, 34) 1
(6, 35) 5
(6, 36) 3
(6, 37) 13
(7, 12) 1
(7, 14) 1
(7, 17) 1
(7, 21) 1
(7, 22) 2
(7, 23) 3
(7, 24) 1
(7, 25) 2
(7, 27) 1
(7, 28) 2
(7, 29) 1
(7, 30) 1
(7, 31) 4
(7, 32) 1
(7, 33) 3
(7, 34) 1
(7, 35) 1
(7, 36) 4
(7, 38) 7
(7, 39) 31
(8, 12) 1
(8, 13) 1
(8, 14) 1
(8, 16) 1
(8, 17) 1
(8, 19) 2
(8, 21) 9
(8, 22) 2
(8, 24) 2
(8, 26) 2
(8, 27) 3
(8, 29) 2
(8, 30) 2
(8, 31) 1
(8, 32) 2
(8, 36) 1
(8, 37) 3
(8, 38) 8
(8, 39) 15
(9, 15) 1
(9, 17) 4
(9, 18) 2
(9, 19) 1
(9, 20) 2
(9, 22) 1
(9, 23) 3
(9, 25) 3
(9, 26) 1
(9, 29) 1
(9, 31) 1
(9, 32) 1
(9, 33) 1
(9, 35) 1
(9, 36) 1
(9, 37) 5
(9, 38) 8
(9, 39) 34
(10, 7) 2
(10, 9) 1
(10, 15) 3
(10, 22) 2
(10, 23) 1
(10, 24) 1
(10, 25) 2
(10, 27) 2
(10, 28) 1
(10, 29) 1
(10, 30) 1
(10, 31) 1
(10, 33) 1
(10, 34) 1
(10, 35) 1
(10, 36) 4
(10, 37) 2
(10, 38) 2
(10, 39) 10
(11, 0) 1
(11, 11) 1
(11, 14) 1
(11, 15) 1
(11, 18) 1
(11, 19) 3
(11, 28) 1
(11, 29) 1
(11, 34) 2
(11, 35) 1
(11, 36) 1
(11, 37) 1
(11, 38) 2
(11, 39) 8
(12, 1) 1
(12, 9) 2
(12, 11) 1
(12, 12) 1
(12, 13) 2
(12, 14) 1
(12, 15) 2
(12, 16) 1
(12, 17) 1
(12, 19) 38
(12, 20) 2
(12, 21) 1
(12, 22) 1
(12, 27) 1
(12, 28) 1
(12, 29) 2
(12, 30) 1
(12, 31) 1
(12, 32) 1
(12, 34) 1
(12, 35) 1
(12, 36) 2
(12, 37) 1
(12, 38) 6
(12, 39) 4
(13, 2) 2
(13, 4) 1
(13, 6) 1
(13, 7) 1
(13, 8) 1
(13, 11) 1
(13, 16) 1
(13, 18) 4
(13, 19) 2
(13, 20) 1
(13, 21) 2
(13, 22) 2
(13, 23) 1
(13, 24) 1
(13, 25) 1
(13, 28) 1
(13, 29) 1
(13, 31) 1
(13, 33) 1
(13, 35) 2
(13, 36) 1
(13, 37) 4
(13, 38) 7
(13, 39) 2
(14, 3) 1
(14, 8) 1
(14, 13) 1
(14, 14) 1
(14, 15) 5
(14, 16) 4
(14, 22) 1
(14, 23) 2
(14, 26) 2
(14, 28) 2
(14, 31) 1
(14, 32) 1
(14, 35) 1
(14, 36) 1
(14, 37) 2
(14, 38) 6
(15, 1) 3
(15, 6) 1
(15, 8) 1
(15, 10) 1
(15, 14) 10
(15, 16) 6
(15, 18) 4
(15, 21) 2
(15, 22) 1
(15, 24) 2
(15, 26) 1
(15, 27) 2
(15, 28) 2
(15, 29) 1
(15, 30) 1
(15, 31) 2
(15, 32) 1
(15, 33) 1
(15, 34) 2
(15, 35) 1
(15, 36) 3
(15, 37) 1
(15, 38) 2
(15, 39) 5
(16, 0) 1
(16, 2) 1
(16, 5) 1
(16, 7) 1
(16, 9) 1
(16, 10) 1
(16, 12) 4
(16, 14) 4
(16, 15) 6
(16, 16) 2
(16, 17) 1
(16, 26) 2
(16, 27) 1
(16, 28) 2
(16, 29) 1
(16, 30) 1
(16, 31) 2
(16, 32) 2
(16, 33) 2
(16, 34) 1
(16, 36) 2
(16, 37) 1
(17, 3) 1
(17, 9) 3
(17, 10) 1
(17, 11) 2
(17, 12) 3
(17, 16) 10
(17, 17) 8
(17, 21) 1
(17, 25) 1
(17, 28) 4
(17, 30) 3
(17, 31) 1
(17, 32) 2
(17, 33) 2
(17, 34) 1
(17, 35) 2
(17, 37) 2
(17, 38) 1
(17, 39) 3
(18, 0) 2
(18, 2) 1
(18, 4) 3
(18, 7) 1
(18, 8) 2
(18, 9) 2
(18, 10) 4
(18, 11) 3
(18, 12) 4
(18, 16) 1
(18, 17) 1
(18, 18) 1
(18, 25) 2
(18, 27) 2
(18, 29) 1
(18, 31) 1
(18, 32) 1
(18, 33) 1
(18, 34) 2
(18, 35) 1
(18, 36) 3
(18, 37) 2
(18, 38) 1
(18, 39) 2
(19, 2) 1
(19, 3) 2
(19, 5) 1
(19, 6) 1
(19, 7) 1
(19, 8) 1
(19, 10) 1
(19, 11) 5
(19, 12) 1
(19, 13) 2
(19, 25) 1
(19, 27) 2
(19, 29) 1
(19, 30) 1
(19, 31) 1
(19, 33) 2
(19, 34) 2
(19, 35) 1
(19, 37) 1
(19, 39) 2
(20, 3) 1
(20, 4) 1
(20, 5) 2
(20, 6) 2
(20, 7) 1
(20, 8) 3
(20, 9) 3
(20, 10) 2
(20, 12) 5
(20, 13) 1
(20, 14) 3
(20, 16) 3
(20, 18) 2
(20, 20) 1
(20, 24) 1
(20, 25) 1
(20, 29) 2
(20, 30) 1
(20, 32) 3
(20, 33) 2
(20, 34) 5
(20, 35) 2
(20, 36) 1
(20, 37) 3
(20, 38) 2
(20, 39) 3
(21, 1) 1
(21, 2) 1
(21, 3) 1
(21, 4) 4
(21, 5) 25
(21, 6) 1
(21, 7) 1
(21, 8) 2
(21, 9) 2
(21, 10) 2
(21, 11) 2
(21, 12) 3
(21, 13) 1
(21, 15) 1
(21, 16) 1
(21, 17) 1
(21, 19) 1
(21, 21) 1
(21, 23) 1
(21, 27) 1
(21, 29) 2
(21, 30) 1
(21, 31) 2
(21, 32) 1
(21, 33) 2
(21, 34) 3
(21, 35) 1
(21, 36) 4
(21, 37) 2
(21, 38) 2
(21, 39) 1
(22, 0) 2
(22, 1) 1
(22, 3) 45
(22, 4) 27
(22, 5) 38
(22, 6) 77
(22, 7) 17
(22, 8) 72
(22, 10) 2
(22, 11) 10
(22, 12) 9
(22, 14) 2
(22, 15) 2
(22, 18) 1
(22, 19) 2
(22, 23) 1
(22, 25) 1
(22, 26) 1
(22, 29) 2
(22, 31) 1
(22, 32) 3
(22, 33) 4
(22, 34) 3
(22, 36) 1
(22, 37) 2
(22, 38) 3
(22, 39) 1
(23, 0) 1
(23, 1) 2
(23, 2) 3
(23, 5) 8
(23, 6) 5
(23, 8) 7
(23, 9) 1
(23, 10) 18
(23, 14) 1
(23, 15) 1
(23, 16) 4
(23, 19) 1
(23, 23) 1
(23, 24) 2
(23, 25) 2
(23, 27) 1
(23, 28) 2
(23, 32) 3
(23, 33) 1
(23, 34) 1
(23, 35) 1
(23, 37) 3
(23, 38) 6
(23, 39) 3
(24, 1) 1
(24, 2) 3
(24, 3) 12
(24, 4) 29
(24, 5) 5
(24, 6) 2
(24, 7) 2
(24, 8) 3
(24, 9) 1
(24, 10) 2
(24, 11) 3
(24, 12) 1
(24, 13) 1
(24, 14) 2
(24, 20) 1
(24, 21) 1
(24, 22) 1
(24, 28) 2
(24, 29) 1
(24, 30) 1
(24, 31) 3
(24, 32) 4
(24, 33) 3
(24, 34) 1
(24, 35) 3
(24, 36) 3
(24, 37) 11
(24, 38) 10
(24, 39) 3
(25, 1) 1
(25, 3) 2
(25, 4) 1
(25, 5) 7
(25, 6) 6
(25, 7) 2
(25, 9) 2
(25, 10) 1
(25, 12) 2
(25, 13) 4
(25, 15) 1
(25, 16) 1
(25, 17) 1
(25, 19) 1
(25, 21) 1
(25, 22) 1
(25, 28) 1
(25, 29) 4
(25, 30) 2
(25, 31) 2
(25, 32) 5
(25, 33) 1
(25, 34) 3
(25, 35) 2
(25, 37) 24
(25, 38) 4
(25, 39) 1
(26, 0) 1
(26, 3) 1
(26, 4) 2
(26, 5) 2
(26, 6) 6
(26, 7) 4
(26, 9) 1
(26, 10) 2
(26, 11) 1
(26, 12) 4
(26, 13) 1
(26, 16) 1
(26, 18) 1
(26, 21) 1
(26, 23) 1
(26, 27) 1
(26, 28) 1
(26, 29) 2
(26, 30) 1
(26, 31) 1
(26, 32) 2
(26, 33) 1
(26, 34) 4
(26, 35) 3
(26, 36) 2
(26, 37) 22
(26, 38) 47
(26, 39) 3
(27, 2) 1
(27, 3) 2
(27, 4) 2
(27, 6) 7
(27, 7) 1
(27, 9) 2
(27, 10) 1
(27, 12) 2
(27, 13) 1
(27, 15) 1
(27, 18) 1
(27, 19) 1
(27, 22) 1
(27, 25) 1
(27, 30) 3
(27, 31) 1
(27, 33) 1
(27, 34) 1
(27, 35) 2
(27, 36) 46
(27, 37) 26
(27, 38) 3
(27, 39) 4
(28, 1) 1
(28, 2) 1
(28, 6) 1
(28, 7) 1
(28, 8) 3
(28, 10) 2
(28, 11) 2
(28, 12) 1
(28, 16) 1
(28, 17) 3
(28, 18) 1
(28, 19) 1
(28, 20) 1
(28, 26) 2
(28, 28) 1
(28, 29) 1
(28, 30) 1
(28, 32) 2
(28, 33) 1
(28, 34) 76
(28, 35) 59
(28, 36) 24
(28, 37) 6
(28, 38) 5
(28, 39) 3
(29, 0) 1
(29, 2) 2
(29, 3) 1
(29, 4) 2
(29, 6) 4
(29, 9) 1
(29, 10) 1
(29, 11) 1
(29, 13) 1
(29, 15) 1
(29, 20) 1
(29, 25) 2
(29, 31) 2
(29, 32) 4
(29, 33) 3
(29, 34) 2
(29, 35) 2
(29, 37) 1
(29, 38) 2
(29, 39) 2
(30, 1) 2
(30, 3) 1
(30, 4) 3
(30, 6) 5
(30, 9) 17
(30, 11) 2
(30, 15) 1
(30, 17) 1
(30, 19) 1
(30, 20) 2
(30, 22) 1
(30, 23) 1
(30, 25) 1
(30, 26) 1
(30, 27) 1
(30, 28) 1
(30, 29) 1
(30, 30) 1
(30, 31) 1
(30, 32) 1
(30, 33) 3
(30, 34) 2
(30, 35) 1
(30, 36) 5
(30, 37) 5
(30, 38) 5
(30, 39) 4
(31, 0) 1
(31, 1) 1
(31, 2) 2
(31, 3) 11
(31, 5) 27
(31, 6) 9
(31, 7) 6
(31, 8) 1
(31, 9) 2
(31, 14) 1
(31, 15) 1
(31, 18) 1
(31, 20) 1
(31, 25) 1
(31, 28) 1
(31, 30) 2
(31, 31) 2
(31, 33) 1
(31, 34) 1
(31, 35) 5
(31, 38) 1
(31, 39) 3
(32, 2) 2
(32, 3) 1
(32, 4) 18
(32, 5) 2
(32, 6) 1
(32, 8) 3
(32, 9) 3
(32, 10) 4
(32, 11) 1
(32, 12) 1
(32, 17) 1
(32, 18) 1
(32, 23) 1
(32, 25) 1
(32, 26) 1
(32, 29) 2
(32, 31) 1
(32, 32) 3
(32, 33) 1
(32, 34) 1
(32, 35) 4
(32, 36) 1
(32, 37) 4
(32, 38) 1
(32, 39) 7
(33, 0) 2
(33, 1) 1
(33, 3) 4
(33, 4) 1
(33, 6) 2
(33, 8) 2
(33, 9) 3
(33, 10) 1
(33, 13) 1
(33, 14) 1
(33, 17) 1
(33, 19) 1
(33, 23) 1
(33, 24) 1
(33, 27) 3
(33, 28) 2
(33, 30) 1
(33, 31) 3
(33, 32) 4
(33, 33) 4
(33, 34) 2
(33, 35) 6
(33, 36) 3
(33, 37) 2
(33, 38) 2
(34, 0) 1
(34, 1) 1
(34, 3) 1
(34, 5) 8
(34, 7) 3
(34, 8) 3
(34, 9) 1
(34, 13) 1
(34, 14) 1
(34, 16) 1
(34, 18) 1
(34, 24) 4
(34, 25) 1
(34, 26) 1
(34, 27) 1
(34, 30) 1
(34, 31) 1
(34, 32) 1
(34, 34) 4
(34, 35) 4
(34, 36) 1
(34, 37) 2
(34, 38) 1
(34, 39) 2
(35, 0) 1
(35, 1) 1
(35, 2) 3
(35, 3) 1
(35, 4) 36
(35, 5) 3
(35, 7) 1
(35, 8) 1
(35, 15) 1
(35, 17) 3
(35, 20) 1
(35, 21) 1
(35, 25) 1
(35, 27) 1
(35, 28) 1
(35, 29) 2
(35, 30) 1
(35, 32) 2
(35, 33) 2
(35, 34) 1
(35, 35) 3
(35, 36) 2
(35, 37) 1
(35, 38) 4
(35, 39) 1
(36, 0) 11
(36, 2) 4
(36, 3) 8
(36, 4) 3
(36, 5) 1
(36, 6) 1
(36, 7) 2
(36, 9) 1
(36, 12) 1
(36, 13) 1
(36, 14) 1
(36, 21) 1
(36, 27) 1
(36, 28) 3
(36, 29) 1
(36, 30) 2
(36, 31) 2
(36, 32) 3
(36, 33) 1
(36, 34) 4
(36, 35) 2
(36, 36) 1
(36, 37) 1
(36, 38) 1
(37, 0) 3
(37, 2) 1
(37, 3) 2
(37, 4) 2
(37, 5) 2
(37, 6) 1
(37, 7) 1
(37, 11) 1
(37, 16) 1
(37, 22) 1
(37, 23) 1
(37, 28) 1
(37, 29) 6
(37, 30) 2
(37, 31) 1
(37, 32) 4
(37, 33) 2
(37, 34) 2
(37, 35) 2
(37, 36) 1
(37, 37) 3
(37, 38) 2
(37, 39) 1
(38, 0) 1
(38, 1) 100
(38, 3) 2
(38, 4) 1
(38, 8) 1
(38, 11) 1
(38, 14) 1
(38, 22) 2
(38, 25) 1
(38, 27) 2
(38, 28) 2
(38, 29) 2
(38, 31) 1
(38, 34) 1
(38, 35) 2
(38, 36) 1
(38, 37) 1
(38, 38) 1
(38, 39) 1
(39, 0) 7
(39, 1) 8
(39, 2) 5
(39, 3) 5
(39, 4) 3
(39, 5) 1
(39, 6) 2
(39, 7) 1
(39, 12) 1
(39, 16) 2
(39, 20) 1
(39, 23) 2
(39, 24) 1
(39, 25) 4
(39, 26) 1
(39, 27) 3
(39, 28) 3
(39, 29) 2
(39, 30) 1
(39, 31) 2
(39, 32) 2
(39, 33) 1
(39, 34) 2
(39, 36) 1
(39, 37) 3
(39, 38) 2
(39, 39) 3
