(2, 0) 1
(4, 0) 1
(6, 0) 1
(6, 2) 1
(7, 3) 4
(7, 5) 4
(7, 7) 1
(7, 8) 3
(7, 14) 1
(7, 16) 4
(7, 17) 4
(7, 18) 37
(7, 19) 139
(8, 2) 1
(8, 4) 3
(8, 6) 1
(8, 7) 2
(8, 9) 4
(8, 11) 1
(8, 14) 3
(8, 16) 1
(8, 17) 2
(8, 18) 369
(8, 19) 97
(8, 20) 2
(9, 2) 2
(9, 4) 1
(9, 5) 1
(9, 6) 7
(9, 12) 1
(9, 16) 92
(9, 17) 149
(9, 18) 16
(9, 19) 3
(9, 20) 3
(9, 21) 4
(10, 5) 2
(10, 13) 1
(10, 16) 1
(10, 17) 256
(10, 19) 4
(10, 20) 1
(10, 21) 2
(10, 22) 1
(11, 2) 1
(11, 4) 2
(11, 6) 1
(11, 8) 2
(11, 12) 1
(11, 14) 1
(11, 16) 1
(11, 23) 2
(11, 24) 2
(12, 3) 1
(12, 10) 1
(12, 15) 1
(12, 16) 1
(12, 19) 9
(13, 6) 1
(13, 15) 1
(13, 16) 1
(13, 17) 4
(13, 18) 45
(14, 0) 1
(14, 9) 1
(14, 11) 1
(14, 14) 1
(14, 15) 1
(14, 19) 6
(15, 10) 1
(15, 12) 1
(15, 13) 1
(15, 15) 3
(15, 18) 32
(15, 19) 12
(16, 4) 1
(16, 11) 2
(16, 14) 2
(16, 15) 2
(16, 16) 1
(16, 19) 77
(16, 20) 5
(16, 23) 4
(17, 6) 1
(17, 14) 60
(17, 16) 11
(17, 17) 2
(17, 20) 1
(17, 22) 1
(17, 23) 3
(18, 10) 3
(18, 13) 69
(18, 17) 3
(18, 18) 1
(18, 20) 2
(18, 22) 10
(18, 23) 1
(19, 3) 1
(19, 8) 2
(19, 11) 2
(19, 14) 1
(19, 16) 1
(19, 17) 1
(19, 23) 9
(20, 7) 1
(20, 9) 1
(20, 15) 1
(20, 16) 1
(20, 18) 1
(20, 20) 2
(20, 22) 4
(20, 23) 1
(21, 6) 15
(21, 7) 6
(21, 13) 1
(21, 15) 1
(21, 17) 2
(21, 19) 1
(22, 8) 13
(22, 13) 2
(22, 14) 1
(22, 17) 2
(22, 18) 1
(22, 19) 1
(22, 21) 1
(23, 7) 2
(23, 8) 1
(23, 16) 1
(23, 21) 1
(24, 8) 1
(24, 9) 1
(24, 13) 1
(24, 15) 1
(24, 21) 1
(25, 16) 1
(25, 24) 3
(26, 12) 1
(26, 19) 1
(26, 21) 1
(27, 16) 1
(27, 17) 1
(27, 20) 1
(27, 21) 1
(27, 22) 2
(27, 24) 6
(27, 25) 1
(28, 18) 1
(28, 21) 1
(28, 23) 10
(28, 24) 3
(29, 14) 1
(29, 16) 1
(29, 18) 1
(29, 22) 1
(29, 23) 1
(30, 21) 2
(30, 23) 1
(31, 18) 1
(31, 22) 4
(31, 23) 4
(32, 16) 1
(32, 22) 4
(34, 20) 1
(35, 19) 1
(36, 18) 1
(37, 19) 1
(39, 16) 1
