0 128116 128116
1 128116 128116
2 128116 128116
3 128116 128116
4 128116 128116
5 128116 128116
6 128116 128116
7 128116 128116
8 128116 128116
9 128116 128116
10 128116 128116
11 128116 128116
12 128116 128116
13 128116 128116
14 128116 128116
15 128116 128116
16 128116 128116
17 128308 128308
18 128532 128532
19 129064 129064
20 129356 129356
21 129492 129492
22 129264 129264
23 129012 129012
24 128812 128812
25 128924 128924
26 128980 128980
27 129036 129036
28 129148 129148
29 129204 129204
30 129260 129260
31 129260 129260
32 129260 129260
33 129260 129260
34 129260 129260
35 129260 129260
36 129260 129260
37 128924 128924
38 128924 128924
39 128924 128924
40 128924 128924
41 128924 128924
42 128924 128924
43 128924 128924
44 128924 128924
45 128924 128924
46 128924 128924
47 128924 128924
48 128924 128924
49 128948 128948
50 129112 129112
51 129112 129112
52 129112 129112
53 129140 129140
54 129252 129252
55 129440 129440
56 129096 129096
57 128940 128940
58 128752 128752
59 128752 128752
60 128808 128808
61 128808 128808
62 128808 128808
63 128808 128808
64 128808 128808
65 128808 128808
66 128808 128808
67 128808 128808
68 128304 128304
69 128640 128640
70 128752 128752
71 128752 128752
72 128752 128752
73 128752 128752
74 128752 128752
75 128752 128752
76 128752 128752
77 128752 128752
78 128752 128752
79 128752 128752
80 128752 128752
81 128752 128752
82 128304 128304
83 128304 128304
84 128304 128304
85 128340 128340
86 128492 128492
87 128548 128548
88 128576 128576
89 128660 128660
90 128660 128660
91 128660 128660
92 128660 128660
93 128660 128660
94 128688 128688
95 128688 128688
96 128688 128688
97 129108 129108
98 129192 129192
99 129328 129328
100 129188 129188
101 128828 128828
102 128828 128828
103 128828 128828
104 128828 128828
105 128828 128828
106 128828 128828
107 128828 128828
108 128828 128828
109 128828 128828
110 128828 128828
111 128296 128296
112 128296 128296
113 128716 128716
114 128716 128716
115 128716 128716
116 128716 128716
117 128716 128716
118 128716 128716
119 128716 128716
120 128716 128716
121 128716 128716
122 128716 128716
123 128716 128716
124 128716 128716
125 128716 128716
126 128716 128716
127 128988 128988
128 128568 128568
129 128680 128680
130 128792 128792
131 129212 129212
132 129104 129104
133 128872 128872
134 128872 128872
135 129040 129040
136 129208 129208
137 128828 128828
138 128828 128828
139 129128 129128
140 129532 129532
141 129120 129120
142 129120 129120
143 129032 129032
144 129100 129100
145 129360 129360
146 129420 129420
147 129392 129392
148 129188 129188
149 129132 129132
150 129000 129000
151 128856 128856
152 128856 128856
153 128856 128856
154 128856 128856
155 128996 128996
156 129220 129220
157 129220 129220
158 129296 129296
159 129172 129172
160 129560 129560
161 129348 129348
162 129228 129228
163 128448 128448
164 128692 128692
165 128692 128692
166 128720 128720
167 128720 128720
168 128720 128720
169 128720 128720
170 128720 128720
171 128720 128720
172 128720 128720
173 128720 128720
174 128748 128748
175 128748 128748
176 128748 128748
177 128748 128748
178 128748 128748
179 128748 128748
180 128748 128748
181 128748 128748
182 128748 128748
183 128748 128748
184 128776 128776
185 128804 128804
186 129132 129132
187 129132 129132
188 129200 129200
189 129132 129132
190 129324 129324
191 129332 129332
192 129116 129116
193 128876 128876
194 129008 129008
195 129072 129072
196 129120 129120
197 129392 129392
198 129164 129164
199 129292 129292
200 129184 129184
201 128820 128820
202 128820 128820
203 128820 128820
204 128820 128820
205 128820 128820
206 128820 128820
207 128820 128820
208 128820 128820
209 128820 128820
210 128820 128820
211 128820 128820
212 128820 128820
213 128820 128820
214 128820 128820
215 128820 128820
216 128820 128820
217 128820 128820
218 128820 128820
219 128820 128820
220 128820 128820
221 128820 128820
222 128820 128820
223 128820 128820
224 128820 128820
225 128820 128820
226 128820 128820
227 128820 128820
228 128820 128820
229 128820 128820
230 128820 128820
231 128820 128820
232 128820 128820
233 128820 128820
234 128820 128820
235 128820 128820
236 128092 128092
237 128092 128092
238 128092 128092
239 128092 128092
240 128092 128092
241 128092 128092
242 128092 128092
243 128092 128092
244 128092 128092
245 128092 128092
246 128092 128092
247 128092 128092
248 128092 128092
249 128092 128092
250 128092 128092
251 128092 128092
252 128176 128176
253 128176 128176
254 128176 128176
255 128176 128176
256 128176 128176
257 128176 128176
258 128176 128176
259 128308 128308
260 128488 128488
261 128356 128356
262 128356 128356
263 128356 128356
264 128356 128356
265 128356 128356
266 128356 128356
267 128356 128356
268 128356 128356
269 128356 128356
270 128356 128356
271 128356 128356
272 128356 128356
273 128356 128356
274 128356 128356
275 128216 128216
276 128216 128216
277 128216 128216
278 128216 128216
279 128216 128216
280 128320 128320
281 128636 128636
282 128832 128832
283 128832 128832
284 128832 128832
285 128832 128832
286 128832 128832
287 128832 128832
288 128832 128832
289 128832 128832
290 128832 128832
291 128860 128860
292 128860 128860
293 128860 128860
294 128860 128860
295 128860 128860
296 128664 128664
297 128664 128664
298 128664 128664
299 128692 128692
300 128720 128720
301 128720 128720
302 128720 128720
303 128720 128720
304 128720 128720
305 128720 128720
306 128720 128720
307 128720 128720
308 128720 128720
309 128720 128720
310 128516 128516
311 128580 128580
312 128580 128580
313 128580 128580
314 128580 128580
315 128748 128748
316 128748 128748
317 128748 128748
318 128748 128748
319 128748 128748
320 128748 128748
321 128748 128748
322 128748 128748
323 128748 128748
324 128748 128748
325 128748 128748
326 128748 128748
327 128748 128748
328 128748 128748
329 128748 128748
330 128748 128748
331 128748 128748
332 128748 128748
333 128748 128748
334 128748 128748
335 128748 128748
336 128748 128748
337 128748 128748
338 128748 128748
339 128748 128748
340 129020 129020
341 128664 128664
342 128664 128664
343 128664 128664
344 128664 128664
345 128664 128664
346 128664 128664
347 128664 128664
348 128664 128664
349 128664 128664
350 128244 128244
351 128244 128244
352 128244 128244
353 128244 128244
354 128244 128244
355 128244 128244
356 128216 128216
357 128216 128216
358 128216 128216
359 128216 128216
360 128216 128216
361 128216 128216
362 128216 128216
363 128216 128216
364 128216 128216
365 128216 128216
366 128216 128216
367 128216 128216
368 128216 128216
369 128216 128216
370 128404 128404
371 128412 128412
372 128412 128412
373 128412 128412
374 128412 128412
375 128412 128412
376 128384 128384
377 128384 128384
378 128384 128384
379 128384 128384
380 128384 128384
381 128076 128076
382 128076 128076
383 128076 128076
384 128076 128076
385 128076 128076
386 128076 128076
387 128076 128076
388 128076 128076
389 128076 128076
390 128076 128076
391 128076 128076
392 128076 128076
393 128076 128076
394 128076 128076
395 128048 128048
396 128048 128048
397 128048 128048
398 128048 128048
399 128048 128048
400 128208 128208
401 128488 128488
402 128488 128488
403 128516 128516
404 128600 128600
405 128628 128628
406 128468 128468
407 128496 128496
408 128552 128552
409 128552 128552
410 128552 128552
411 128552 128552
412 128552 128552
413 128552 128552
414 128552 128552
415 128552 128552
416 128244 128244
417 128244 128244
418 128244 128244
419 128244 128244
420 128244 128244
421 128244 128244
422 128244 128244
423 128244 128244
424 128244 128244
425 128244 128244
426 128244 128244
427 128244 128244
428 128244 128244
429 128244 128244
430 128244 128244
431 128244 128244
432 128244 128244
433 128244 128244
434 128244 128244
435 128348 128348
436 128244 128244
437 128440 128440
438 128496 128496
439 128580 128580
440 128636 128636
441 128636 128636
442 128720 128720
443 128720 128720
444 128720 128720
445 128720 128720
446 128720 128720
447 128720 128720
448 128720 128720
449 128720 128720
450 128720 128720
451 128300 128300
452 128300 128300
453 128300 128300
454 128300 128300
455 128300 128300
456 128300 128300
457 128300 128300
458 128300 128300
459 128300 128300
460 128300 128300
461 128300 128300
462 128300 128300
463 128300 128300
464 128300 128300
465 128312 128312
466 128468 128468
467 128608 128608
468 128608 128608
469 128608 128608
470 128608 128608
471 128608 128608
472 128636 128636
473 128664 128664
474 128776 128776
475 129132 129132
476 129188 129188
477 129168 129168
478 129112 129112
479 129064 129064
480 128976 128976
481 128528 128528
482 128864 128864
483 128864 128864
484 128864 128864
485 128864 128864
486 128864 128864
487 128864 128864
488 128864 128864
489 128332 128332
490 128332 128332
491 128332 128332
492 128332 128332
493 128332 128332
494 128564 128564
495 128796 128796
496 129072 129072
497 129180 129180
498 128888 128888
499 128888 128888
500 128888 128888
501 128944 128944
502 128944 128944
503 129056 129056
504 129128 129128
505 129296 129296
506 129380 129380
507 129268 129268
508 129204 129204
509 129216 129216
510 129224 129224
511 129260 129260
512 129304 129304
513 129316 129316
514 129292 129292
515 129340 129340
516 129416 129416
517 129320 129320
518 129516 129516
519 129500 129500
520 129316 129316
521 128212 128212
522 128284 128284
523 128500 128500
524 128732 128732
525 128920 128920
526 129256 129256
527 129316 129316
528 129448 129448
529 129508 129508
530 129556 129556
531 129544 129544
532 129380 129380
533 129388 129388
534 129444 129444
535 129528 129528
536 129560 129560
537 129432 129432
538 128372 128372
539 128624 128624
540 128932 128932
541 129120 129120
542 129252 129252
543 129284 129284
544 129308 129308
545 129392 129392
546 129440 129440
547 129440 129440
548 129476 129476
549 128804 128804
550 128888 128888
551 129104 129104
552 129132 129132
553 129048 129048
554 129056 129056
555 128416 128416
556 128416 128416
557 128416 128416
558 128536 128536
559 128668 128668
560 128228 128228
561 128360 128360
562 128576 128576
563 128752 128752
564 128968 128968
565 129124 129124
566 129136 129136
567 129248 129248
568 129452 129452
569 129112 129112
570 128856 128856
571 128856 128856
572 128856 128856
573 128856 128856
574 128856 128856
575 128940 128940
576 129156 129156
577 129092 129092
578 129092 129092
579 128604 128604
580 128884 128884
581 128296 128296
582 128428 128428
583 128644 128644
584 126412 126412
585 126572 126572
586 126908 126908
587 127124 127124
588 127340 127340
589 127544 127544
590 127760 127760
591 128004 128004
592 128208 128208
593 128440 128440
594 128552 128552
595 127460 127460
596 127460 127460
597 127460 127460
598 127460 127460
599 127460 127460
600 127936 127936
601 127936 127936
602 127936 127936
603 127964 127964
604 127964 127964
605 127964 127964
606 127964 127964
607 127688 127688
608 127688 127688
609 127688 127688
610 127688 127688
611 127688 127688
612 127688 127688
613 127044 127044
614 127044 127044
615 127044 127044
616 127044 127044
617 127044 127044
618 127044 127044
619 127044 127044
620 127044 127044
621 127044 127044
622 127044 127044
623 127044 127044
624 127044 127044
625 127044 127044
626 127044 127044
627 127044 127044
628 127148 127148
629 127352 127352
630 127352 127352
631 127352 127352
632 127352 127352
633 127352 127352
634 127352 127352
635 127352 127352
636 127352 127352
637 127352 127352
638 127352 127352
639 127016 127016
640 127016 127016
641 127016 127016
642 127016 127016
643 127016 127016
644 127016 127016
645 127016 127016
646 127016 127016
647 127016 127016
648 127016 127016
649 127016 127016
650 127016 127016
651 127016 127016
652 127016 127016
653 127016 127016
654 127016 127016
655 127016 127016
656 127016 127016
657 127016 127016
658 127032 127032
659 127212 127212
660 127212 127212
661 127212 127212
662 127212 127212
663 127212 127212
664 127212 127212
665 127212 127212
666 127212 127212
667 127212 127212
668 127212 127212
669 127212 127212
670 126904 126904
671 126904 126904
672 126904 126904
673 126904 126904
674 126904 126904
675 126904 126904
676 126904 126904
677 126904 126904
678 126904 126904
679 126904 126904
680 126904 126904
681 126904 126904
682 126904 126904
683 126904 126904
684 126904 126904
685 126904 126904
686 126904 126904
687 126904 126904
688 126952 126952
689 127932 127932
690 128128 128128
691 128128 128128
692 128128 128128
693 128128 128128
694 128128 128128
695 128128 128128
696 127372 127372
697 127372 127372
698 127372 127372
699 127372 127372
700 127372 127372
701 127372 127372
702 127372 127372
703 127372 127372
704 127372 127372
705 127372 127372
706 127372 127372
707 127372 127372
708 127372 127372
709 127372 127372
710 127372 127372
711 127372 127372
712 127372 127372
713 127372 127372
714 127372 127372
715 127372 127372
716 127372 127372
717 127372 127372
718 127988 127988
719 128016 128016
720 128016 128016
721 128016 128016
722 128016 128016
723 128008 128008
724 127992 127992
725 127992 127992
726 127992 127992
727 127992 127992
728 127992 127992
729 115240 115240
730 115244 115244
731 112156 112156
732 112164 112164
733 112164 112164
734 112164 112164
735 112164 112164
736 112164 112164
737 110976 110976
738 110976 110976
739 110976 110976
740 110976 110976
741 110976 110976
742 110976 110976
743 110976 110976
744 110976 110976
745 110976 110976
746 110976 110976
747 110976 110976
748 110976 110976
749 110976 110976
750 110976 110976
751 110976 110976
752 110976 110976
753 110976 110976
754 110976 110976
755 110976 110976
756 110976 110976
757 110976 110976
758 110976 110976
759 110976 110976
760 110976 110976
761 110976 110976
762 110976 110976
763 110976 110976
764 110976 110976
765 110976 110976
766 110976 110976
767 110976 110976
768 110976 110976
769 110976 110976
770 110976 110976
771 110976 110976
772 110976 110976
773 110976 110976
774 110976 110976
775 110976 110976
776 110976 110976
777 110976 110976
778 110976 110976
779 110976 110976
780 110976 110976
781 110976 110976
782 110976 110976
783 110936 110936
784 110936 110936
785 110936 110936
786 110936 110936
787 110936 110936
788 110936 110936
789 110936 110936
790 110936 110936
791 110936 110936
792 110936 110936
793 110936 110936
794 110936 110936
795 110936 110936
796 110936 110936
797 110936 110936
798 110936 110936
799 110936 110936
800 110936 110936
801 110936 110936
802 110936 110936
803 110936 110936
804 110936 110936
805 110936 110936
806 110936 110936
807 110936 110936
808 110936 110936
809 110936 110936
810 110936 110936
811 110936 110936
812 110936 110936
813 110936 110936
814 110936 110936
815 110936 110936
816 110936 110936
817 110936 110936
818 110936 110936
819 110936 110936
820 110936 110936
821 110936 110936
822 110936 110936
823 110936 110936
824 110936 110936
825 110936 110936
826 110936 110936
827 110936 110936
828 110936 110936
829 110936 110936
830 110936 110936
831 110936 110936
832 110936 110936
833 110936 110936
834 110936 110936
835 110936 110936
836 110936 110936
837 110936 110936
838 110908 110908
839 110908 110908
840 110908 110908
841 110908 110908
842 110908 110908
843 110908 110908
844 110908 110908
845 110908 110908
846 110908 110908
847 110908 110908
848 110908 110908
849 110908 110908
850 110908 110908
851 110908 110908
852 110908 110908
853 110908 110908
854 110908 110908
855 110908 110908
856 110908 110908
857 110908 110908
858 110908 110908
859 110908 110908
860 110908 110908
861 110908 110908
862 110908 110908
863 110908 110908
864 110908 110908
865 110908 110908
866 110908 110908
867 110908 110908
868 110908 110908
869 110908 110908
870 110908 110908
871 110908 110908
872 110908 110908
873 110908 110908
874 110908 110908
875 110908 110908
876 110908 110908
877 110908 110908
878 110908 110908
879 110908 110908
880 110908 110908
881 110908 110908
882 110908 110908
883 110908 110908
884 110908 110908
885 110908 110908
886 110908 110908
887 110908 110908
888 110908 110908
889 110908 110908
890 110908 110908
891 110908 110908
892 110908 110908
893 110908 110908
894 110908 110908
895 110908 110908
896 110908 110908
897 110908 110908
898 110908 110908
899 110908 110908
900 110908 110908
901 110908 110908
902 110908 110908
903 110908 110908
904 110908 110908
905 110908 110908
906 110908 110908
907 110908 110908
908 110908 110908
909 110908 110908
910 110908 110908
911 110908 110908
912 110908 110908
913 110908 110908
914 110908 110908
915 110908 110908
916 110908 110908
917 110908 110908
918 110908 110908
919 110908 110908
920 110908 110908
921 110908 110908
922 110908 110908
923 110908 110908
924 110908 110908
925 110908 110908
926 110908 110908
927 110908 110908
928 110908 110908
929 110908 110908
930 110908 110908
931 110908 110908
932 110908 110908
933 110908 110908
934 110908 110908
935 110908 110908
936 110908 110908
937 110908 110908
938 110908 110908
939 110908 110908
940 110908 110908
941 110908 110908
942 110908 110908
943 110908 110908
944 110908 110908
945 110908 110908
946 110908 110908
947 110908 110908
948 110908 110908
949 110908 110908
950 110908 110908
951 110908 110908
952 110908 110908
953 110908 110908
954 110908 110908
955 110908 110908
956 110908 110908
957 110908 110908
958 110908 110908
959 110908 110908
960 110908 110908
961 110908 110908
962 110908 110908
963 110908 110908
964 110908 110908
965 110908 110908
966 110908 110908
967 110908 110908
968 110908 110908
969 110908 110908
970 110908 110908
971 110908 110908
972 110908 110908
973 110908 110908
974 110908 110908
975 110908 110908
976 110908 110908
977 110908 110908
978 110908 110908
979 110908 110908
980 110908 110908
981 110908 110908
982 110908 110908
983 110908 110908
984 110908 110908
985 110908 110908
986 110908 110908
987 110908 110908
988 110908 110908
989 110908 110908
990 110908 110908
991 110908 110908
992 110908 110908
993 110908 110908
994 110908 110908
995 110908 110908
996 110908 110908
997 110908 110908
998 110908 110908
999 110908 110908
1000 110908 110908
1001 110908 110908
1002 110908 110908
1003 110908 110908
1004 110908 110908
1005 110908 110908
1006 110908 110908
1007 110908 110908
1008 110908 110908
1009 110908 110908
1010 110908 110908
1011 110908 110908
1012 110908 110908
1013 110908 110908
1014 110908 110908
1015 110908 110908
1016 110908 110908
1017 110908 110908
1018 110908 110908
1019 110908 110908
1020 110908 110908
1021 110908 110908
1022 110908 110908
1023 110908 110908
1024 110908 110908
1025 110908 110908
1026 110908 110908
1027 110908 110908
1028 110908 110908
1029 110908 110908
1030 110908 110908
1031 110908 110908
1032 110908 110908
1033 110908 110908
1034 110908 110908
1035 110908 110908
1036 110908 110908
1037 110908 110908
1038 110908 110908
1039 110908 110908
1040 110908 110908
1041 110908 110908
1042 110908 110908
1043 110908 110908
1044 110908 110908
1045 110908 110908
1046 110908 110908
1047 110908 110908
1048 110908 110908
1049 110908 110908
1050 110908 110908
1051 110908 110908
1052 110908 110908
1053 110908 110908
1054 110908 110908
1055 110908 110908
1056 110908 110908
1057 110908 110908
1058 110908 110908
1059 110908 110908
1060 110908 110908
1061 110908 110908
1062 110908 110908
1063 110908 110908
1064 110908 110908
1065 110908 110908
1066 110908 110908
1067 110908 110908
1068 110908 110908
1069 110908 110908
1070 110908 110908
1071 110908 110908
1072 110908 110908
1073 110908 110908
1074 110908 110908
1075 110908 110908
1076 110908 110908
1077 110908 110908
1078 110908 110908
1079 110908 110908
1080 110908 110908
1081 110932 110932
1082 110932 110932
1083 110932 110932
1084 110932 110932
1085 110932 110932
1086 110932 110932
1087 110932 110932
1088 110932 110932
1089 110932 110932
1090 110932 110932
1091 110932 110932
1092 110932 110932
1093 110932 110932
1094 110932 110932
1095 110932 110932
1096 110932 110932
1097 110932 110932
1098 110932 110932
1099 110932 110932
1100 110932 110932
1101 110932 110932
1102 110932 110932
1103 110932 110932
1104 110932 110932
1105 110932 110932
1106 110932 110932
1107 110932 110932
1108 110932 110932
1109 110932 110932
1110 110932 110932
1111 110932 110932
1112 110932 110932
1113 110932 110932
1114 110932 110932
