0 112068 112068
1 112068 112068
2 112068 112068
3 112068 112068
4 112068 112068
5 112068 112068
6 112068 112068
7 112068 112068
8 112068 112068
9 112068 112068
10 112068 112068
11 112068 112068
12 112068 112068
13 112112 112112
14 112432 112432
15 112276 112276
16 112276 112276
17 112276 112276
18 112276 112276
19 112276 112276
20 112276 112276
21 112276 112276
22 112276 112276
23 112316 112316
24 112316 112316
25 112316 112316
26 112316 112316
27 112316 112316
28 112316 112316
29 112316 112316
30 112316 112316
31 112316 112316
32 112456 112456
33 112456 112456
34 113212 113212
35 113240 113240
36 113240 113240
37 113368 113368
38 113396 113396
39 113396 113396
40 113844 113844
41 113844 113844
42 114152 114152
43 114208 114208
44 114292 114292
45 114376 114376
46 114472 114472
47 114472 114472
48 114500 114500
49 114528 114528
50 114568 114568
51 114596 114596
52 114992 114992
53 115208 115208
54 115208 115208
55 115232 115232
56 115232 115232
57 115288 115288
58 115956 115956
59 116080 116080
60 116080 116080
61 115632 115632
62 115632 115632
63 115632 115632
64 115632 115632
65 115632 115632
66 115632 115632
67 115632 115632
68 115632 115632
69 115632 115632
70 115632 115632
71 115632 115632
72 115632 115632
73 115632 115632
74 115632 115632
75 115632 115632
76 115632 115632
77 115632 115632
78 115632 115632
79 115632 115632
80 115632 115632
81 115632 115632
82 115632 115632
83 115632 115632
84 115632 115632
85 115632 115632
86 115632 115632
87 115632 115632
88 115632 115632
89 115632 115632
90 115632 115632
91 115632 115632
92 115632 115632
93 115632 115632
94 115632 115632
95 115632 115632
96 115632 115632
97 115632 115632
98 115632 115632
99 115632 115632
100 115632 115632
101 115632 115632
102 115632 115632
103 115632 115632
104 115632 115632
105 115632 115632
106 115632 115632
107 115632 115632
108 115632 115632
109 115632 115632
110 115632 115632
111 115632 115632
112 115632 115632
113 115632 115632
114 115632 115632
115 115632 115632
116 115632 115632
117 115632 115632
118 115632 115632
119 115632 115632
120 115632 115632
121 115632 115632
122 115564 115564
123 115564 115564
124 115564 115564
125 115564 115564
126 115564 115564
127 115564 115564
128 115564 115564
129 115564 115564
130 115564 115564
131 115564 115564
132 115564 115564
133 115564 115564
134 115564 115564
135 115564 115564
136 115564 115564
137 115564 115564
138 115564 115564
139 115564 115564
140 115564 115564
141 115564 115564
142 115564 115564
143 115564 115564
144 115564 115564
145 115564 115564
146 115564 115564
147 115564 115564
148 115564 115564
149 115564 115564
150 115564 115564
151 115564 115564
152 115564 115564
153 115564 115564
154 115564 115564
155 115564 115564
156 115564 115564
157 115564 115564
158 115564 115564
159 115564 115564
160 115564 115564
161 115564 115564
162 115564 115564
163 115564 115564
164 115564 115564
165 115564 115564
166 115564 115564
167 115564 115564
168 115564 115564
169 115564 115564
170 115564 115564
171 115564 115564
172 115564 115564
173 115564 115564
174 115564 115564
175 115564 115564
176 115564 115564
177 115592 115592
178 115620 115620
179 115620 115620
180 115620 115620
181 115620 115620
182 115620 115620
183 115620 115620
184 115620 115620
185 115620 115620
186 115620 115620
187 115620 115620
188 115620 115620
189 115620 115620
190 115620 115620
191 115620 115620
192 115620 115620
193 115620 115620
194 115620 115620
195 115620 115620
196 115620 115620
197 115620 115620
198 115620 115620
199 115620 115620
200 115620 115620
201 115620 115620
202 115620 115620
203 115620 115620
204 115620 115620
205 115620 115620
206 115620 115620
207 115620 115620
208 115620 115620
209 115620 115620
210 115620 115620
211 115620 115620
212 115620 115620
213 115620 115620
214 115620 115620
215 115620 115620
216 115620 115620
217 115620 115620
218 115620 115620
219 115620 115620
220 115620 115620
221 115620 115620
222 115620 115620
223 115620 115620
224 115620 115620
225 115620 115620
226 115620 115620
227 115620 115620
228 115620 115620
229 115620 115620
230 115620 115620
231 115620 115620
232 115620 115620
233 115620 115620
234 115620 115620
235 115620 115620
236 115620 115620
237 115620 115620
238 115620 115620
239 115620 115620
240 115620 115620
241 115620 115620
242 115620 115620
243 115620 115620
244 115644 115644
245 115644 115644
246 115672 115672
247 115672 115672
248 115672 115672
249 115672 115672
250 115672 115672
251 115672 115672
252 115672 115672
253 115672 115672
254 115672 115672
255 115708 115708
256 115832 115832
257 116496 116496
258 116912 116912
259 117024 117024
260 117092 117092
261 117260 117260
262 117288 117288
263 117288 117288
264 117288 117288
265 117456 117456
266 117652 117652
267 117876 117876
268 117932 117932
269 117932 117932
270 118128 118128
271 118156 118156
272 118372 118372
273 118116 118116
274 118144 118144
275 118172 118172
276 118196 118196
277 118204 118204
278 118204 118204
279 118384 118384
280 118356 118356
281 118356 118356
282 118356 118356
283 118356 118356
284 118356 118356
285 118348 118348
286 118348 118348
287 118348 118348
288 118348 118348
289 118424 118424
290 118452 118452
291 118452 118452
292 118452 118452
293 118452 118452
294 118452 118452
295 118436 118436
296 118476 118476
297 118476 118476
298 118504 118504
299 118588 118588
300 118532 118532
301 118808 118808
302 119000 119000
303 119000 119000
304 120424 120424
305 120424 120424
306 120436 120436
307 120604 120604
308 120884 120884
309 121036 121036
310 120608 120608
311 120608 120608
312 120608 120608
313 120608 120608
314 120608 120608
315 120608 120608
316 120608 120608
317 120608 120608
318 120608 120608
319 120608 120608
320 120608 120608
321 120608 120608
322 120608 120608
323 120608 120608
324 120608 120608
325 120608 120608
326 120608 120608
327 120608 120608
328 120608 120608
329 120608 120608
330 120608 120608
331 120608 120608
332 120608 120608
333 120608 120608
334 120608 120608
335 120608 120608
336 120608 120608
337 120608 120608
338 120608 120608
339 120608 120608
340 120608 120608
341 120608 120608
342 120608 120608
343 120608 120608
344 120608 120608
345 120584 120584
346 120584 120584
347 120584 120584
348 120584 120584
349 120584 120584
350 120584 120584
351 120584 120584
352 120584 120584
353 120584 120584
354 120584 120584
355 120584 120584
356 120584 120584
357 120584 120584
358 120584 120584
359 120584 120584
360 120584 120584
361 120584 120584
362 120584 120584
363 120584 120584
364 120584 120584
365 120584 120584
366 120584 120584
367 120584 120584
368 120584 120584
369 120584 120584
370 120584 120584
371 120584 120584
372 120584 120584
373 120584 120584
374 120584 120584
375 120584 120584
376 120584 120584
377 120584 120584
378 120584 120584
379 120584 120584
380 120584 120584
381 120584 120584
382 120556 120556
383 120556 120556
384 120556 120556
385 120556 120556
386 120556 120556
387 120556 120556
388 120556 120556
389 120556 120556
390 120556 120556
391 120556 120556
392 120556 120556
393 120556 120556
394 120564 120564
395 121024 121024
396 120612 120612
397 120612 120612
398 120612 120612
399 120904 120904
400 120624 120624
401 121016 121016
402 120624 120624
403 120616 120616
404 120616 120616
405 120616 120616
406 120616 120616
407 120616 120616
408 120624 120624
409 120624 120624
410 120636 120636
411 120636 120636
412 120916 120916
413 121056 121056
414 120628 120628
415 120628 120628
416 120628 120628
417 120628 120628
418 120628 120628
419 120628 120628
420 120628 120628
421 120628 120628
422 120628 120628
423 120628 120628
424 120628 120628
425 120628 120628
426 120628 120628
427 120636 120636
428 120648 120648
429 120648 120648
430 120928 120928
431 120648 120648
432 120640 120640
433 120640 120640
434 120640 120640
435 120640 120640
436 120640 120640
437 120640 120640
438 120640 120640
439 120612 120612
440 120612 120612
441 120612 120612
442 120612 120612
443 120612 120612
444 120612 120612
445 120612 120612
446 120612 120612
447 120612 120612
448 120612 120612
449 120612 120612
450 120612 120612
451 120612 120612
452 120612 120612
453 120612 120612
454 120612 120612
455 120612 120612
456 120612 120612
457 120612 120612
458 120612 120612
459 120612 120612
460 120612 120612
461 120612 120612
462 120612 120612
463 120612 120612
464 120612 120612
465 120612 120612
466 120612 120612
467 120612 120612
468 120612 120612
469 120612 120612
470 120612 120612
471 120612 120612
472 120612 120612
473 120612 120612
474 120612 120612
475 120612 120612
476 120604 120604
477 120604 120604
478 120604 120604
479 120604 120604
480 120604 120604
481 120604 120604
482 120604 120604
483 120604 120604
484 120604 120604
485 120604 120604
486 120604 120604
487 120604 120604
488 120604 120604
489 120604 120604
490 120604 120604
491 120604 120604
492 120604 120604
493 120604 120604
494 120604 120604
495 120604 120604
496 120604 120604
497 120604 120604
498 120604 120604
499 120604 120604
500 120604 120604
501 120604 120604
502 120604 120604
503 120604 120604
504 120604 120604
505 120604 120604
506 120604 120604
507 120604 120604
508 120604 120604
509 120604 120604
510 120604 120604
511 120604 120604
512 120604 120604
513 120604 120604
514 120604 120604
515 120604 120604
516 120604 120604
517 120604 120604
518 120604 120604
519 120604 120604
520 120604 120604
521 120604 120604
522 120604 120604
523 120604 120604
524 120604 120604
525 120604 120604
526 120604 120604
527 120604 120604
528 120604 120604
529 120604 120604
530 120604 120604
531 120604 120604
532 120604 120604
533 120604 120604
534 120604 120604
535 120604 120604
536 120604 120604
537 120604 120604
538 120604 120604
539 120604 120604
540 120604 120604
541 120604 120604
542 120604 120604
543 120604 120604
544 120604 120604
545 120604 120604
546 120604 120604
547 120604 120604
548 120604 120604
549 120604 120604
550 120604 120604
551 120604 120604
552 120604 120604
553 120604 120604
554 120604 120604
555 120604 120604
556 120604 120604
557 120604 120604
558 120604 120604
559 120604 120604
560 120604 120604
561 120604 120604
562 120604 120604
563 120604 120604
564 120604 120604
565 120604 120604
566 120604 120604
567 120604 120604
568 120604 120604
569 120604 120604
570 120604 120604
571 120604 120604
572 120604 120604
573 120604 120604
574 120604 120604
575 120604 120604
576 120604 120604
577 120604 120604
578 120604 120604
579 120604 120604
580 120604 120604
581 120604 120604
582 120604 120604
583 120604 120604
584 120604 120604
585 120604 120604
586 120604 120604
587 120604 120604
588 120604 120604
589 120604 120604
590 120604 120604
591 120604 120604
592 120604 120604
593 120604 120604
594 120604 120604
595 120604 120604
596 120604 120604
597 120604 120604
598 120604 120604
599 120604 120604
600 120604 120604
601 120604 120604
602 120604 120604
603 120604 120604
604 120604 120604
605 120604 120604
606 120604 120604
607 120604 120604
608 120604 120604
609 120604 120604
610 120604 120604
611 120604 120604
612 120604 120604
613 120604 120604
614 120604 120604
615 120604 120604
616 120604 120604
617 120604 120604
618 120604 120604
619 120604 120604
620 120604 120604
621 120604 120604
622 120604 120604
623 120604 120604
624 120604 120604
625 120604 120604
626 120604 120604
627 120604 120604
628 120604 120604
629 120604 120604
630 120604 120604
631 120604 120604
632 120604 120604
633 120604 120604
634 120604 120604
635 120604 120604
636 120604 120604
637 120604 120604
638 120620 120620
639 120632 120632
640 120632 120632
641 120660 120660
642 120940 120940
643 121072 121072
644 120932 120932
645 121080 121080
646 121092 121092
647 121092 121092
648 121092 121092
649 120980 120980
650 120672 120672
651 120952 120952
652 121084 121084
653 120664 120664
654 120664 120664
655 121084 121084
656 121092 121092
657 121104 121104
658 121104 121104
659 121104 121104
660 120684 120684
661 120964 120964
662 120676 120676
663 120676 120676
664 120676 120676
665 120676 120676
666 121096 121096
667 120684 120684
668 120684 120684
669 120696 120696
670 121004 121004
671 120696 120696
672 120724 120724
673 121004 121004
674 120716 120716
675 120716 120716
676 121108 121108
677 120716 120716
678 120748 120748
679 120748 120748
680 120748 120748
681 120748 120748
682 120748 120748
683 120748 120748
684 120748 120748
685 120740 120740
686 120740 120740
687 120740 120740
688 120740 120740
689 120740 120740
690 120740 120740
691 120740 120740
692 120740 120740
693 120740 120740
694 120740 120740
695 120740 120740
696 120740 120740
697 120740 120740
698 120740 120740
699 120740 120740
700 120740 120740
701 120740 120740
702 120740 120740
703 120740 120740
704 120740 120740
705 120740 120740
706 120740 120740
707 120740 120740
708 120740 120740
709 120740 120740
710 120740 120740
711 120740 120740
712 120740 120740
713 120740 120740
714 120740 120740
715 120740 120740
716 120748 120748
717 120820 120820
718 120828 120828
719 120920 120920
720 120920 120920
721 120920 120920
722 120936 120936
723 120992 120992
724 121076 121076
725 120940 120940
726 120940 120940
727 120968 120968
728 120968 120968
729 121012 121012
730 121012 121012
731 121096 121096
732 121096 121096
733 121096 121096
734 121080 121080
735 121080 121080
736 121180 121180
737 121180 121180
738 121180 121180
739 121180 121180
740 121180 121180
741 121180 121180
742 121180 121180
743 121180 121180
744 121180 121180
745 121180 121180
746 121180 121180
747 121180 121180
748 121180 121180
749 121180 121180
750 121180 121180
751 121164 121164
752 121164 121164
753 121164 121164
754 121164 121164
755 121164 121164
756 121164 121164
757 121156 121156
758 121156 121156
759 121156 121156
760 121156 121156
761 121156 121156
762 121156 121156
763 121156 121156
764 121156 121156
765 121156 121156
766 121156 121156
767 121156 121156
768 121156 121156
769 121156 121156
770 121156 121156
771 121156 121156
772 121156 121156
773 121156 121156
774 121156 121156
775 121156 121156
776 121156 121156
777 121156 121156
778 121156 121156
779 121156 121156
780 121156 121156
781 121156 121156
782 121156 121156
783 121156 121156
784 121156 121156
785 121156 121156
786 121156 121156
787 121156 121156
788 121156 121156
789 121156 121156
790 121156 121156
791 119700 119700
792 120128 120128
793 120240 120240
794 120436 120436
795 120660 120660
796 121120 121120
797 120700 120700
798 120868 120868
799 121112 121112
800 121056 121056
801 120944 120944
802 120664 120664
803 120664 120664
804 120664 120664
805 120664 120664
806 120664 120664
807 120664 120664
808 120664 120664
809 120664 120664
810 120664 120664
811 120664 120664
812 120664 120664
813 120664 120664
814 120664 120664
815 120664 120664
816 120664 120664
817 120664 120664
818 120664 120664
819 120664 120664
820 120664 120664
821 120672 120672
822 120672 120672
823 120684 120684
824 120684 120684
825 120684 120684
826 120684 120684
827 120684 120684
828 120684 120684
829 120684 120684
830 120684 120684
831 120676 120676
832 120676 120676
833 120676 120676
834 120676 120676
835 120676 120676
836 120676 120676
837 120676 120676
838 120676 120676
839 120676 120676
840 120676 120676
841 120676 120676
842 120676 120676
843 120676 120676
844 120676 120676
845 120676 120676
846 120676 120676
847 120676 120676
848 120676 120676
849 120676 120676
850 120676 120676
851 120676 120676
852 120636 120636
853 120636 120636
854 120636 120636
855 120644 120644
856 120652 120652
857 120652 120652
858 120652 120652
859 120652 120652
860 120652 120652
861 120848 120848
862 120848 120848
863 120848 120848
864 120644 120644
865 120644 120644
866 120644 120644
867 120644 120644
868 120644 120644
869 120652 120652
870 120692 120692
871 120692 120692
872 120692 120692
873 120692 120692
874 120720 120720
875 120916 120916
876 120712 120712
877 120712 120712
878 120712 120712
879 120712 120712
880 120712 120712
881 120712 120712
882 120712 120712
883 120724 120724
884 120724 120724
885 121060 121060
886 120792 120792
887 120792 120792
888 120792 120792
889 120792 120792
890 120792 120792
891 120792 120792
892 120792 120792
893 120792 120792
894 120792 120792
895 120792 120792
896 120792 120792
897 120792 120792
898 120792 120792
899 120792 120792
900 120792 120792
901 120792 120792
902 120792 120792
903 120792 120792
904 120792 120792
905 120792 120792
906 120792 120792
907 120792 120792
908 120792 120792
909 120764 120764
910 120764 120764
911 120764 120764
912 120764 120764
913 120776 120776
914 120776 120776
915 120776 120776
916 120776 120776
917 120776 120776
918 120776 120776
919 120776 120776
920 120776 120776
921 120776 120776
922 120776 120776
923 120776 120776
924 120776 120776
925 120776 120776
926 120776 120776
927 120748 120748
928 120748 120748
929 120756 120756
930 120756 120756
931 120756 120756
932 120756 120756
933 120756 120756
934 120756 120756
935 120756 120756
936 120812 120812
937 120868 120868
938 120868 120868
939 120860 120860
940 120860 120860
941 120860 120860
942 120860 120860
943 120860 120860
944 120860 120860
945 120860 120860
946 120860 120860
947 120860 120860
948 120860 120860
949 120860 120860
950 120860 120860
951 120860 120860
952 120860 120860
953 120860 120860
954 120860 120860
955 120860 120860
956 120860 120860
957 120860 120860
958 120860 120860
959 120860 120860
960 120860 120860
961 120860 120860
962 120860 120860
963 120860 120860
964 120860 120860
965 120860 120860
966 120860 120860
967 120860 120860
968 120860 120860
969 120860 120860
970 120860 120860
971 120860 120860
972 120860 120860
973 120860 120860
974 120860 120860
975 120860 120860
976 120860 120860
977 120860 120860
978 120860 120860
979 120860 120860
980 120860 120860
981 120860 120860
982 120860 120860
983 120860 120860
984 120860 120860
985 120860 120860
986 120860 120860
987 120860 120860
988 120860 120860
989 120860 120860
990 120860 120860
991 120860 120860
992 120860 120860
993 120860 120860
994 120860 120860
995 120860 120860
996 120860 120860
997 120860 120860
998 120860 120860
999 120860 120860
1000 120860 120860
1001 120860 120860
1002 120860 120860
1003 117460 117460
1004 117240 117240
1005 117144 117144
1006 117144 117144
1007 117144 117144
1008 117144 117144
1009 117144 117144
1010 117144 117144
1011 117144 117144
1012 117144 117144
1013 117144 117144
1014 117144 117144
1015 117144 117144
1016 117144 117144
1017 117144 117144
1018 117144 117144
1019 117144 117144
1020 117144 117144
1021 117144 117144
1022 117144 117144
1023 117144 117144
1024 117144 117144
1025 117144 117144
1026 117144 117144
1027 117144 117144
1028 117144 117144
1029 117144 117144
1030 117144 117144
1031 117144 117144
1032 117144 117144
1033 117144 117144
1034 117144 117144
1035 117144 117144
1036 117144 117144
1037 117144 117144
1038 117144 117144
1039 117144 117144
1040 117144 117144
1041 117144 117144
1042 117144 117144
1043 117144 117144
1044 117144 117144
1045 117144 117144
1046 117144 117144
1047 117144 117144
1048 117144 117144
1049 117144 117144
1050 117144 117144
1051 117144 117144
1052 117144 117144
1053 117144 117144
1054 117144 117144
1055 117144 117144
1056 117144 117144
1057 117144 117144
1058 117144 117144
