0 125952 125952
1 125952 125952
2 125952 125952
3 125952 125952
4 125952 125952
5 125980 125980
6 125980 125980
7 125980 125980
8 125980 125980
9 125980 125980
10 125980 125980
11 125980 125980
12 125980 125980
13 125980 125980
14 126368 126368
15 126424 126424
16 126928 126928
17 126928 126928
18 127188 127188
19 127244 127244
20 127460 127460
21 127564 127564
22 127628 127628
23 127580 127580
24 127556 127556
25 127556 127556
26 127556 127556
27 127332 127332
28 127332 127332
29 127344 127344
30 127288 127288
31 127340 127340
32 127340 127340
33 127340 127340
34 127340 127340
35 127340 127340
36 127340 127340
37 127340 127340
38 127340 127340
39 127340 127340
40 127340 127340
41 127340 127340
42 127340 127340
43 127340 127340
44 127340 127340
45 127340 127340
46 127340 127340
47 127340 127340
48 127340 127340
49 127340 127340
50 127340 127340
51 127340 127340
52 127340 127340
53 127340 127340
54 127340 127340
55 127340 127340
56 127340 127340
57 127340 127340
58 127340 127340
59 127340 127340
60 127340 127340
61 127340 127340
62 127340 127340
63 127340 127340
64 127340 127340
65 127340 127340
66 127340 127340
67 127300 127300
68 127272 127272
69 127272 127272
70 127272 127272
71 127272 127272
72 127272 127272
73 127544 127544
74 127576 127576
75 127616 127616
76 127624 127624
77 127356 127356
78 127356 127356
79 127356 127356
80 127356 127356
81 127368 127368
82 127368 127368
83 127368 127368
84 127368 127368
85 127368 127368
86 127368 127368
87 127368 127368
88 127368 127368
89 127368 127368
90 127368 127368
91 127368 127368
92 127368 127368
93 127368 127368
94 127368 127368
95 127480 127480
96 127396 127396
97 127396 127396
98 127404 127404
99 127404 127404
100 127404 127404
101 127404 127404
102 127404 127404
103 127404 127404
104 127404 127404
105 127404 127404
106 127404 127404
107 127404 127404
108 127404 127404
109 127404 127404
110 127404 127404
111 127404 127404
112 127404 127404
113 127404 127404
114 127404 127404
115 127404 127404
116 127404 127404
117 127404 127404
118 127404 127404
119 127404 127404
120 127404 127404
121 127404 127404
122 127404 127404
123 127404 127404
124 127432 127432
125 127432 127432
126 127432 127432
127 127432 127432
128 127432 127432
129 127432 127432
130 127432 127432
131 127488 127488
132 127488 127488
133 127516 127516
134 127516 127516
135 127516 127516
136 127516 127516
137 127516 127516
138 127516 127516
139 127528 127528
140 127528 127528
141 127528 127528
142 127528 127528
143 127528 127528
144 127528 127528
145 127556 127556
146 127724 127724
147 127620 127620
148 127648 127648
149 127648 127648
150 127788 127788
151 127788 127788
152 127788 127788
153 127788 127788
154 127788 127788
155 127788 127788
156 127788 127788
157 127788 127788
158 127788 127788
159 127788 127788
160 127788 127788
161 127788 127788
162 127788 127788
163 127784 127784
164 127784 127784
165 127784 127784
166 127784 127784
167 127784 127784
168 127784 127784
169 127784 127784
170 127784 127784
171 127840 127840
172 127840 127840
173 127840 127840
174 127868 127868
175 127868 127868
176 127868 127868
177 127868 127868
178 127868 127868
179 127868 127868
180 127868 127868
181 127868 127868
182 127868 127868
183 127868 127868
184 127868 127868
185 128008 128008
186 128008 128008
187 128008 128008
188 128008 128008
189 128008 128008
190 128008 128008
191 128008 128008
192 128120 128120
193 128120 128120
194 128120 128120
195 128260 128260
196 128260 128260
197 128260 128260
198 128260 128260
199 128260 128260
200 128260 128260
201 128260 128260
202 128244 128244
203 128244 128244
204 128244 128244
205 128244 128244
206 128244 128244
207 128244 128244
208 128244 128244
209 128272 128272
210 128272 128272
211 128272 128272
212 128300 128300
213 128300 128300
214 128300 128300
215 128300 128300
216 128300 128300
217 128300 128300
218 128300 128300
219 128300 128300
220 128300 128300
221 128300 128300
222 128300 128300
223 128300 128300
224 128316 128316
225 128316 128316
226 128316 128316
227 128316 128316
228 128316 128316
229 128316 128316
230 128316 128316
231 128316 128316
232 128316 128316
233 128316 128316
234 128316 128316
235 128316 128316
236 128308 128308
237 128308 128308
238 128308 128308
239 128308 128308
240 128308 128308
241 128300 128300
242 128300 128300
243 128300 128300
244 128300 128300
245 128300 128300
246 128300 128300
247 128300 128300
248 128300 128300
249 128300 128300
250 128300 128300
251 128300 128300
252 128300 128300
253 128300 128300
254 128300 128300
255 128300 128300
256 128300 128300
257 128300 128300
258 128300 128300
259 128300 128300
260 128300 128300
261 128300 128300
262 128300 128300
263 128300 128300
264 128300 128300
265 128300 128300
266 128300 128300
267 128300 128300
268 128300 128300
269 128300 128300
270 128300 128300
271 128580 128580
272 128708 128708
273 128560 128560
274 128560 128560
275 128560 128560
276 128560 128560
277 128560 128560
278 128560 128560
279 128560 128560
280 128552 128552
281 128552 128552
282 128552 128552
283 128684 128684
284 128724 128724
285 128592 128592
286 128592 128592
287 128592 128592
288 128592 128592
289 128592 128592
290 128592 128592
291 128592 128592
292 128592 128592
293 128592 128592
294 128592 128592
295 128604 128604
296 128604 128604
297 128604 128604
298 128604 128604
299 128604 128604
300 128604 128604
301 128604 128604
302 128604 128604
303 128604 128604
304 128604 128604
305 128604 128604
306 128604 128604
307 128604 128604
308 128604 128604
309 128604 128604
310 128604 128604
311 128604 128604
312 128604 128604
313 128632 128632
314 128856 128856
315 128856 128856
316 128872 128872
317 128880 128880
318 128880 128880
319 128880 128880
320 128740 128740
321 128740 128740
322 128740 128740
323 128740 128740
324 128740 128740
325 128740 128740
326 128740 128740
327 128796 128796
328 128796 128796
329 128852 128852
330 129188 129188
331 129048 129048
332 129048 129048
333 129048 129048
334 129132 129132
335 129188 129188
336 129216 129216
337 129032 129032
338 128900 128900
339 128900 128900
340 128900 128900
341 128900 128900
342 128528 128528
343 128528 128528
344 128612 128612
345 128640 128640
346 128640 128640
347 128780 128780
348 128780 128780
349 128780 128780
350 128780 128780
351 128780 128780
352 128828 128828
353 129596 129596
354 129416 129416
355 129460 129460
356 129376 129376
357 129412 129412
358 129444 129444
359 129108 129108
360 128952 128952
361 128688 128688
362 128688 128688
363 128996 128996
364 128912 128912
365 128912 128912
366 129036 129036
367 128672 128672
368 128672 128672
369 128672 128672
370 128784 128784
371 128812 128812
372 128812 128812
373 128812 128812
374 128812 128812
375 128812 128812
376 128840 128840
377 128840 128840
378 128896 128896
379 128952 128952
380 128840 128840
381 128600 128600
382 128600 128600
383 128600 128600
384 128824 128824
385 128892 128892
386 128920 128920
387 128920 128920
388 129004 129004
389 129032 129032
390 129140 129140
391 129280 129280
392 128972 128972
393 128800 128800
394 128812 128812
395 128948 128948
396 129060 129060
397 128876 128876
398 128876 128876
399 128896 128896
400 129064 129064
401 128840 128840
402 128980 128980
403 129300 129300
404 129132 129132
405 129116 129116
406 128820 128820
407 128820 128820
408 128820 128820
409 128876 128876
410 128876 128876
411 128876 128876
412 129044 129044
413 129212 129212
414 129268 129268
415 128812 128812
416 128812 128812
417 128812 128812
418 128812 128812
419 128812 128812
420 128812 128812
421 128840 128840
422 128952 128952
423 129036 129036
424 128924 128924
425 128744 128744
426 128744 128744
427 128744 128744
428 128744 128744
429 128744 128744
430 128744 128744
431 128744 128744
432 128744 128744
433 128744 128744
434 128712 128712
435 128712 128712
436 128712 128712
437 128712 128712
438 128712 128712
439 128712 128712
440 128712 128712
441 128712 128712
442 128712 128712
443 128712 128712
444 128712 128712
445 128728 128728
446 128784 128784
447 128784 128784
448 128784 128784
449 128784 128784
450 128784 128784
451 128784 128784
452 128784 128784
453 128784 128784
454 128784 128784
455 128784 128784
456 128784 128784
457 128840 128840
458 128840 128840
459 128840 128840
460 128840 128840
461 128840 128840
462 128840 128840
463 128868 128868
464 128924 128924
465 128868 128868
466 128868 128868
467 128868 128868
468 128868 128868
469 128868 128868
470 128868 128868
471 128868 128868
472 128868 128868
473 128868 128868
474 128868 128868
475 128868 128868
476 128868 128868
477 128868 128868
478 128868 128868
479 128868 128868
480 128868 128868
481 128868 128868
482 128868 128868
483 128868 128868
484 128868 128868
485 128868 128868
486 128868 128868
487 128868 128868
488 128868 128868
489 128868 128868
490 128868 128868
491 128868 128868
492 128868 128868
493 128868 128868
494 128896 128896
495 129204 129204
496 128856 128856
497 128856 128856
498 128856 128856
499 128856 128856
500 128856 128856
501 128856 128856
502 128856 128856
503 128856 128856
504 128856 128856
505 128856 128856
506 128856 128856
507 128856 128856
508 128856 128856
509 128856 128856
510 128856 128856
511 128856 128856
512 128848 128848
513 128848 128848
514 128848 128848
515 128848 128848
516 129148 129148
517 129108 129108
518 128744 128744
519 128744 128744
520 128744 128744
521 128744 128744
522 128744 128744
523 128744 128744
524 128744 128744
525 128744 128744
526 128744 128744
527 129108 129108
528 128800 128800
529 128800 128800
530 128800 128800
531 128800 128800
532 128800 128800
533 128800 128800
534 128800 128800
535 128800 128800
536 128800 128800
537 128800 128800
538 128800 128800
539 128800 128800
540 128856 128856
541 128884 128884
542 128912 128912
543 128996 128996
544 128996 128996
545 128920 128920
546 129132 129132
547 128716 128716
548 128716 128716
549 129024 129024
550 129108 129108
551 128688 128688
552 128688 128688
553 128688 128688
554 129024 129024
555 128716 128716
556 128716 128716
557 129024 129024
558 128716 128716
559 128828 128828
560 128856 128856
561 128884 128884
562 128884 128884
563 128884 128884
564 128912 128912
565 129192 129192
566 128796 128796
567 128796 128796
568 128796 128796
569 128796 128796
570 128796 128796
571 128796 128796
572 128796 128796
573 128824 128824
574 128824 128824
575 128824 128824
576 128824 128824
577 128824 128824
578 128824 128824
579 128696 128696
580 128696 128696
581 128864 128864
582 128696 128696
583 128696 128696
584 128696 128696
585 128696 128696
586 128696 128696
587 128752 128752
588 128860 128860
589 128860 128860
590 128852 128852
591 128852 128852
592 129152 129152
593 129008 129008
594 129168 129168
595 129072 129072
596 128428 128428
597 128428 128428
598 128428 128428
599 128428 128428
600 128428 128428
601 128428 128428
602 128428 128428
603 128644 128644
604 128644 128644
605 128540 128540
606 128524 128524
607 128524 128524
608 128524 128524
609 128524 128524
610 128524 128524
611 128524 128524
612 128524 128524
613 128524 128524
614 128524 128524
615 128656 128656
616 128540 128540
617 128524 128524
618 128524 128524
619 128524 128524
620 128664 128664
621 128608 128608
622 128608 128608
623 128632 128632
624 128632 128632
625 128632 128632
626 129108 129108
627 128660 128660
628 128660 128660
629 128660 128660
630 128660 128660
631 128660 128660
632 128660 128660
633 128660 128660
634 128660 128660
635 128716 128716
636 129080 129080
637 128716 128716
638 128716 128716
639 128716 128716
640 128716 128716
641 128716 128716
642 128716 128716
643 128716 128716
644 128716 128716
645 128716 128716
646 128716 128716
647 128716 128716
648 128856 128856
649 129080 129080
650 129080 129080
651 129108 129108
652 129184 129184
653 129172 129172
654 129052 129052
655 129016 129016
656 128932 128932
657 128896 128896
658 128896 128896
659 128896 128896
660 128896 128896
661 128896 128896
662 128924 128924
663 128924 128924
664 128924 128924
665 128924 128924
666 128840 128840
667 128924 128924
668 128924 128924
669 129008 129008
670 128952 128952
671 128952 128952
672 129560 129560
673 128892 128892
674 128796 128796
675 128796 128796
676 128796 128796
677 128796 128796
678 128796 128796
679 129580 129580
680 129480 129480
681 129548 129548
682 129516 129516
683 129352 129352
684 129576 129576
685 129532 129532
686 129368 129368
687 129536 129536
688 129416 129416
689 129384 129384
690 129500 129500
691 129444 129444
692 129432 129432
693 129120 129120
694 129200 129200
695 129384 129384
696 129128 129128
697 128996 128996
698 128840 128840
699 128840 128840
700 128840 128840
701 128840 128840
702 128840 128840
703 128924 128924
704 128924 128924
705 128912 128912
706 129172 129172
707 129036 129036
708 128984 128984
709 129012 129012
710 128804 128804
711 128804 128804
712 129088 129088
713 129184 129184
714 129128 129128
715 129124 129124
716 129108 129108
717 128896 128896
718 128872 128872
719 128872 128872
720 128872 128872
721 128872 128872
722 128884 128884
723 128884 128884
724 128884 128884
725 128884 128884
726 128884 128884
727 128884 128884
728 128884 128884
729 128884 128884
730 128884 128884
731 128884 128884
732 128884 128884
733 128884 128884
734 128884 128884
735 128884 128884
736 128884 128884
737 128884 128884
738 128884 128884
739 128884 128884
740 128884 128884
741 128884 128884
742 128884 128884
743 128884 128884
744 128884 128884
745 128884 128884
746 128884 128884
747 128884 128884
748 128884 128884
749 128884 128884
750 128720 128720
751 128720 128720
752 128720 128720
753 128720 128720
754 128720 128720
755 128804 128804
756 128720 128720
757 128720 128720
758 128720 128720
759 128720 128720
760 128720 128720
761 128720 128720
762 128720 128720
763 128720 128720
764 128720 128720
765 128720 128720
766 128720 128720
767 128720 128720
768 128720 128720
769 128720 128720
770 128720 128720
771 128720 128720
772 128720 128720
773 128720 128720
774 128720 128720
775 128720 128720
776 128720 128720
777 128720 128720
778 128720 128720
779 128720 128720
780 128720 128720
781 128720 128720
782 128800 128800
783 128720 128720
784 128720 128720
785 128748 128748
786 128720 128720
787 128720 128720
788 128720 128720
789 128720 128720
790 128720 128720
791 128720 128720
792 128720 128720
793 128720 128720
794 128720 128720
795 128720 128720
796 128720 128720
797 128720 128720
798 128720 128720
799 128720 128720
800 128720 128720
801 128720 128720
802 128720 128720
803 129160 129160
804 122720 122720
805 121936 121936
806 121936 121936
807 121936 121936
808 121936 121936
809 121936 121936
810 121936 121936
811 121936 121936
812 121936 121936
813 121936 121936
814 121936 121936
815 121936 121936
816 121936 121936
817 121936 121936
818 121936 121936
819 121936 121936
820 121936 121936
821 121936 121936
822 121936 121936
823 121936 121936
824 121936 121936
825 121936 121936
826 121936 121936
827 121936 121936
828 121936 121936
829 121936 121936
830 121964 121964
831 121964 121964
832 121964 121964
833 121964 121964
834 121964 121964
835 121964 121964
836 121964 121964
837 122076 122076
838 122076 122076
839 122104 122104
840 122132 122132
841 122188 122188
842 122216 122216
843 122328 122328
844 122328 122328
845 122328 122328
846 122328 122328
847 122524 122524
848 122580 122580
849 122580 122580
850 122580 122580
851 122700 122700
852 122700 122700
853 122700 122700
854 122700 122700
855 122840 122840
856 122924 122924
857 122976 122976
858 122964 122964
859 122964 122964
860 122964 122964
861 122964 122964
862 122964 122964
863 122964 122964
864 122964 122964
865 122992 122992
866 122992 122992
867 123580 123580
868 124812 124812
869 126072 126072
870 124140 124140
871 124140 124140
872 124140 124140
873 124140 124140
874 124140 124140
875 124148 124148
876 124148 124148
877 124148 124148
878 124456 124456
879 124456 124456
880 124484 124484
881 124484 124484
882 124484 124484
883 124484 124484
884 124596 124596
885 124596 124596
886 124932 124932
887 124932 124932
888 124960 124960
889 124960 124960
890 124960 124960
891 125100 125100
892 125100 125100
893 125100 125100
894 125100 125100
895 125100 125100
896 125100 125100
897 125100 125100
898 125068 125068
899 125068 125068
900 125068 125068
901 125104 125104
902 125104 125104
903 125132 125132
904 125132 125132
905 125132 125132
906 125132 125132
907 125216 125216
908 125244 125244
909 125244 125244
910 125540 125540
911 125652 125652
912 125408 125408
913 125408 125408
914 125716 125716
915 125772 125772
916 125772 125772
917 125772 125772
918 125772 125772
919 125772 125772
920 125772 125772
921 125928 125928
922 125912 125912
923 125912 125912
924 125912 125912
925 125772 125772
926 125772 125772
927 125800 125800
928 125772 125772
929 125912 125912
930 125912 125912
931 126044 126044
932 126184 126184
933 125912 125912
934 125912 125912
935 125912 125912
936 125996 125996
937 125996 125996
938 125996 125996
939 125996 125996
940 126012 126012
941 126012 126012
942 126024 126024
943 126052 126052
944 126052 126052
945 126052 126052
946 126052 126052
947 126052 126052
948 126052 126052
949 126052 126052
950 126052 126052
951 126052 126052
952 126052 126052
953 126052 126052
954 126136 126136
955 126248 126248
956 126444 126444
957 126444 126444
958 126444 126444
959 126444 126444
960 126472 126472
961 126472 126472
962 126472 126472
963 126500 126500
964 126500 126500
965 126500 126500
966 126640 126640
967 126640 126640
968 126752 126752
969 126752 126752
970 126752 126752
971 126892 126892
972 126892 126892
973 126892 126892
974 126892 126892
975 126884 126884
976 126884 126884
977 126884 126884
978 126884 126884
979 126884 126884
980 126884 126884
981 126884 126884
982 126884 126884
983 126884 126884
984 126884 126884
985 127052 127052
986 127304 127304
987 127404 127404
988 127608 127608
989 127804 127804
990 127804 127804
991 127832 127832
992 127832 127832
993 128112 128112
994 128280 128280
995 128308 128308
996 128672 128672
997 128896 128896
998 128896 128896
999 128896 128896
1000 128948 128948
1001 128776 128776
1002 128776 128776
1003 128776 128776
1004 128804 128804
1005 128804 128804
1006 128728 128728
1007 128728 128728
1008 128728 128728
1009 128672 128672
1010 128756 128756
1011 128756 128756
1012 128756 128756
1013 128756 128756
1014 128756 128756
1015 128756 128756
1016 128756 128756
1017 128616 128616
1018 128784 128784
1019 128784 128784
1020 128784 128784
1021 128784 128784
1022 128784 128784
1023 128784 128784
1024 128784 128784
1025 128784 128784
1026 128784 128784
1027 128784 128784
1028 128784 128784
1029 128784 128784
1030 129024 129024
1031 129080 129080
1032 129136 129136
1033 129228 129228
1034 129092 129092
1035 129060 129060
1036 129040 129040
1037 128772 128772
1038 128772 128772
1039 128772 128772
1040 129388 129388
1041 129008 129008
1042 128852 128852
1043 127172 127172
1044 127172 127172
1045 127172 127172
1046 127172 127172
1047 127172 127172
1048 127172 127172
1049 127172 127172
1050 127172 127172
1051 127172 127172
1052 127172 127172
1053 127172 127172
1054 127172 127172
1055 127396 127396
1056 127620 127620
1057 128000 128000
1058 128252 128252
1059 128532 128532
1060 128644 128644
1061 128672 128672
1062 128728 128728
1063 128728 128728
1064 128800 128800
1065 128772 128772
1066 129192 129192
1067 129192 129192
1068 129544 129544
1069 129364 129364
1070 129252 129252
1071 129028 129028
1072 128792 128792
1073 128792 128792
1074 128792 128792
1075 128792 128792
1076 128792 128792
1077 128792 128792
1078 128792 128792
1079 128792 128792
1080 128904 128904
1081 128904 128904
1082 128904 128904
1083 128904 128904
1084 128904 128904
1085 129100 129100
1086 129072 129072
1087 129044 129044
1088 129044 129044
1089 128904 128904
1090 128776 128776
1091 128776 128776
1092 128776 128776
1093 128776 128776
1094 128776 128776
1095 128776 128776
1096 128776 128776
1097 128776 128776
1098 128776 128776
1099 128776 128776
1100 128776 128776
1101 128776 128776
1102 128776 128776
1103 128776 128776
1104 128776 128776
1105 128776 128776
1106 128776 128776
1107 128776 128776
1108 128776 128776
1109 128776 128776
1110 128776 128776
1111 128776 128776
1112 128888 128888
1113 128888 128888
1114 128888 128888
1115 128888 128888
1116 128888 128888
1117 128888 128888
1118 128888 128888
1119 128888 128888
1120 128888 128888
1121 128888 128888
1122 128888 128888
1123 128888 128888
1124 128888 128888
1125 128888 128888
1126 128888 128888
1127 128888 128888
1128 128916 128916
1129 128876 128876
1130 128876 128876
1131 128876 128876
1132 128876 128876
1133 128876 128876
1134 128876 128876
1135 128932 128932
1136 129136 129136
1137 129136 129136
1138 129136 129136
1139 129136 129136
1140 129136 129136
1141 129136 129136
1142 129136 129136
1143 129136 129136
1144 128912 128912
1145 128672 128672
1146 128672 128672
1147 128672 128672
1148 128672 128672
1149 128672 128672
1150 128672 128672
1151 128736 128736
1152 128736 128736
1153 128736 128736
1154 128736 128736
1155 128736 128736
1156 128736 128736
1157 128736 128736
1158 128736 128736
1159 128736 128736
1160 128736 128736
1161 128736 128736
1162 128736 128736
1163 128856 128856
1164 128856 128856
1165 128856 128856
1166 128856 128856
1167 128856 128856
1168 128856 128856
1169 128856 128856
1170 128856 128856
1171 128884 128884
1172 128884 128884
1173 129272 129272
1174 128972 128972
1175 129036 129036
1176 129204 129204
1177 129156 129156
1178 129184 129184
1179 129104 129104
1180 129104 129104
1181 129440 129440
1182 128536 128536
1183 128536 128536
1184 128536 128536
1185 128536 128536
1186 128536 128536
1187 128536 128536
1188 128648 128648
1189 128928 128928
1190 128928 128928
1191 128956 128956
1192 128956 128956
1193 128956 128956
1194 128956 128956
1195 128984 128984
1196 128984 128984
1197 128984 128984
1198 129012 129012
1199 129012 129012
1200 129012 129012
1201 129040 129040
1202 129040 129040
1203 129040 129040
1204 128984 128984
1205 128720 128720
1206 128720 128720
1207 128704 128704
1208 128704 128704
1209 128704 128704
1210 128732 128732
1211 128732 128732
1212 128732 128732
1213 128732 128732
1214 128732 128732
1215 128732 128732
1216 128732 128732
1217 128732 128732
1218 128732 128732
1219 128732 128732
1220 128732 128732
1221 128732 128732
1222 128732 128732
1223 128732 128732
1224 128732 128732
1225 128844 128844
1226 129236 129236
1227 129396 129396
1228 129124 129124
1229 129136 129136
1230 129440 129440
1231 129592 129592
1232 129460 129460
1233 129576 129576
1234 128420 128420
1235 128616 128616
1236 128700 128700
1237 128784 128784
1238 128868 128868
1239 128896 128896
1240 129136 129136
1241 129288 129288
1242 129020 129020
1243 128780 128780
1244 128828 128828
1245 129248 129248
1246 129172 129172
1247 129084 129084
1248 129008 129008
1249 128876 128876
1250 128868 128868
1251 129028 129028
1252 129096 129096
1253 128852 128852
1254 128852 128852
1255 128908 128908
1256 129020 129020
1257 129076 129076
1258 129160 129160
1259 129216 129216
1260 129236 129236
1261 129056 129056
1262 128860 128860
1263 128888 128888
1264 128888 128888
1265 128888 128888
1266 128888 128888
1267 128888 128888
1268 128944 128944
1269 128944 128944
1270 129000 129000
1271 129112 129112
1272 129280 129280
1273 129344 129344
1274 129424 129424
1275 129432 129432
1276 129392 129392
1277 129392 129392
1278 129280 129280
1279 129240 129240
1280 129128 129128
1281 128932 128932
1282 128752 128752
1283 128732 128732
1284 128788 128788
1285 128844 128844
1286 128956 128956
1287 128984 128984
1288 129068 129068
1289 129152 129152
1290 129264 129264
1291 129096 129096
1292 128872 128872
1293 128780 128780
1294 128836 128836
1295 128948 128948
1296 129032 129032
1297 129032 129032
1298 129032 129032
1299 129032 129032
1300 129032 129032
1301 129032 129032
1302 129032 129032
1303 129060 129060
1304 129116 129116
1305 88576 88576
1306 88276 88276
1307 88336 88336
1308 88756 88756
1309 88336 88336
1310 88336 88336
1311 88336 88336
1312 88336 88336
1313 88336 88336
1314 88336 88336
1315 88336 88336
1316 88336 88336
1317 88336 88336
1318 88336 88336
1319 88336 88336
1320 88336 88336
1321 88264 88264
1322 88264 88264
1323 88264 88264
1324 88264 88264
1325 88264 88264
1326 88264 88264
1327 88264 88264
1328 88264 88264
1329 88264 88264
1330 88264 88264
1331 88264 88264
1332 88264 88264
1333 88264 88264
1334 88264 88264
1335 88264 88264
1336 88264 88264
1337 88264 88264
1338 88264 88264
1339 88264 88264
1340 88264 88264
1341 88264 88264
1342 88264 88264
1343 88264 88264
1344 88264 88264
1345 88264 88264
1346 88288 88288
1347 88580 88580
1348 88564 88564
1349 88288 88288
1350 88264 88264
1351 88264 88264
1352 88264 88264
1353 88264 88264
1354 88264 88264
1355 88264 88264
1356 88264 88264
1357 88240 88240
1358 88240 88240
1359 88240 88240
1360 88240 88240
1361 88240 88240
1362 88240 88240
1363 88240 88240
1364 88240 88240
1365 88240 88240
1366 88240 88240
1367 88240 88240
1368 88240 88240
1369 88240 88240
1370 88240 88240
1371 88240 88240
1372 88240 88240
1373 88240 88240
1374 88240 88240
1375 88240 88240
1376 88240 88240
1377 88240 88240
1378 88240 88240
1379 88240 88240
1380 88240 88240
1381 88240 88240
1382 88240 88240
1383 88240 88240
1384 88240 88240
1385 88240 88240
1386 88240 88240
1387 88240 88240
1388 88240 88240
1389 88240 88240
1390 88240 88240
1391 88240 88240
1392 88240 88240
1393 88188 88188
1394 88160 88160
1395 88160 88160
1396 88160 88160
1397 88160 88160
1398 88160 88160
1399 88160 88160
1400 88160 88160
1401 88160 88160
1402 88160 88160
1403 88160 88160
1404 88160 88160
1405 88160 88160
1406 88160 88160
1407 88160 88160
1408 88160 88160
1409 88160 88160
1410 88160 88160
1411 88160 88160
1412 88160 88160
1413 88160 88160
1414 88160 88160
1415 88160 88160
1416 88160 88160
1417 88160 88160
1418 88160 88160
1419 88160 88160
1420 88160 88160
1421 88160 88160
1422 88160 88160
1423 88160 88160
1424 88160 88160
1425 88160 88160
1426 88160 88160
1427 88160 88160
1428 88160 88160
1429 88096 88096
1430 88096 88096
1431 88096 88096
1432 88096 88096
1433 88096 88096
1434 88096 88096
1435 88096 88096
1436 88096 88096
1437 88096 88096
1438 88096 88096
1439 88096 88096
1440 88096 88096
1441 88096 88096
1442 88096 88096
1443 88096 88096
1444 88096 88096
1445 88096 88096
1446 88096 88096
1447 88096 88096
1448 88096 88096
1449 88096 88096
1450 88096 88096
1451 88096 88096
1452 88096 88096
1453 88096 88096
1454 88096 88096
1455 88096 88096
1456 88096 88096
1457 88096 88096
1458 88096 88096
1459 88096 88096
1460 88096 88096
1461 88096 88096
1462 88096 88096
1463 88096 88096
1464 88096 88096
1465 88096 88096
1466 88096 88096
1467 88096 88096
1468 88096 88096
1469 88096 88096
1470 88096 88096
1471 88096 88096
1472 88096 88096
1473 88096 88096
1474 88096 88096
1475 88096 88096
1476 88096 88096
1477 88096 88096
1478 88096 88096
1479 88096 88096
1480 88096 88096
1481 88096 88096
1482 88096 88096
1483 88096 88096
1484 88096 88096
1485 88096 88096
1486 88096 88096
1487 88096 88096
1488 88096 88096
1489 88096 88096
1490 88096 88096
1491 88096 88096
1492 88096 88096
1493 88096 88096
1494 88096 88096
1495 88096 88096
1496 88096 88096
1497 88096 88096
1498 88096 88096
1499 88096 88096
1500 88096 88096
1501 88096 88096
1502 88096 88096
1503 88096 88096
1504 88096 88096
1505 88096 88096
1506 88096 88096
1507 88096 88096
1508 88096 88096
1509 88096 88096
1510 88096 88096
1511 88096 88096
1512 88096 88096
1513 88096 88096
1514 88096 88096
1515 88096 88096
1516 88096 88096
1517 88096 88096
1518 88096 88096
1519 88068 88068
1520 88068 88068
1521 88068 88068
1522 88068 88068
1523 88068 88068
1524 88068 88068
1525 88068 88068
1526 88068 88068
1527 88068 88068
1528 88068 88068
1529 88092 88092
1530 88244 88244
1531 88100 88100
1532 88084 88084
1533 88084 88084
1534 88084 88084
1535 88084 88084
1536 88084 88084
1537 88084 88084
1538 88084 88084
1539 88084 88084
1540 88108 88108
1541 88244 88244
1542 88244 88244
1543 88092 88092
1544 88092 88092
1545 88092 88092
1546 88092 88092
1547 88092 88092
1548 88092 88092
1549 88092 88092
1550 88092 88092
1551 88092 88092
1552 88140 88140
1553 88252 88252
1554 88092 88092
1555 88092 88092
1556 88092 88092
1557 88092 88092
1558 88092 88092
1559 88092 88092
1560 88092 88092
1561 88092 88092
1562 88092 88092
1563 88092 88092
1564 88092 88092
1565 88092 88092
1566 88092 88092
1567 88092 88092
1568 88092 88092
1569 88092 88092
1570 88092 88092
1571 88092 88092
1572 88092 88092
1573 88092 88092
1574 88092 88092
1575 88092 88092
1576 88092 88092
1577 88092 88092
1578 88092 88092
1579 88092 88092
1580 88092 88092
1581 88092 88092
1582 88092 88092
1583 88092 88092
1584 88092 88092
1585 88092 88092
1586 88092 88092
1587 88092 88092
1588 88092 88092
1589 88092 88092
1590 88092 88092
1591 88092 88092
1592 88092 88092
1593 88092 88092
1594 88092 88092
1595 88092 88092
1596 88092 88092
1597 88092 88092
1598 88092 88092
1599 88092 88092
1600 88092 88092
1601 88092 88092
1602 88092 88092
1603 88092 88092
1604 88092 88092
1605 88092 88092
1606 88092 88092
1607 88092 88092
1608 88092 88092
1609 88092 88092
1610 88040 88040
1611 88040 88040
1612 88040 88040
1613 88040 88040
1614 88040 88040
1615 88040 88040
1616 88040 88040
1617 88040 88040
1618 88040 88040
1619 88040 88040
1620 88040 88040
1621 88040 88040
1622 88040 88040
1623 88040 88040
1624 88040 88040
1625 88040 88040
1626 88040 88040
1627 88040 88040
1628 88040 88040
1629 88040 88040
1630 88040 88040
1631 88040 88040
1632 88040 88040
1633 88040 88040
1634 88040 88040
1635 88040 88040
1636 88040 88040
1637 88040 88040
1638 88040 88040
1639 88040 88040
1640 88040 88040
1641 88040 88040
1642 88040 88040
1643 88040 88040
1644 88040 88040
1645 88228 88228
1646 88384 88384
1647 88308 88308
1648 88068 88068
1649 88068 88068
1650 88068 88068
1651 88068 88068
1652 88068 88068
1653 88068 88068
1654 88068 88068
1655 88068 88068
1656 88068 88068
1657 88068 88068
1658 88068 88068
1659 88068 88068
1660 88068 88068
1661 88068 88068
1662 88068 88068
1663 88068 88068
1664 88068 88068
1665 88068 88068
1666 88068 88068
1667 88068 88068
1668 88068 88068
1669 88068 88068
1670 88068 88068
1671 88068 88068
1672 88068 88068
1673 88068 88068
1674 88068 88068
1675 88068 88068
1676 88068 88068
1677 88068 88068
1678 88068 88068
1679 88068 88068
1680 88068 88068
1681 88068 88068
1682 88068 88068
1683 88068 88068
1684 88068 88068
1685 88068 88068
1686 88068 88068
1687 88068 88068
1688 88068 88068
1689 88068 88068
1690 88068 88068
1691 88068 88068
1692 88068 88068
1693 88068 88068
1694 88068 88068
1695 88068 88068
1696 88068 88068
1697 88068 88068
1698 88068 88068
1699 88068 88068
1700 88068 88068
1701 88068 88068
1702 88068 88068
1703 88068 88068
1704 88068 88068
1705 88068 88068
1706 88068 88068
1707 88068 88068
1708 88068 88068
1709 88068 88068
1710 88068 88068
1711 88068 88068
1712 88068 88068
1713 88068 88068
1714 88068 88068
1715 88068 88068
1716 88068 88068
1717 88068 88068
1718 88040 88040
1719 88040 88040
1720 88040 88040
1721 88040 88040
1722 88040 88040
1723 88040 88040
1724 88040 88040
1725 88040 88040
1726 88040 88040
1727 88040 88040
1728 88040 88040
1729 88040 88040
1730 88040 88040
1731 88040 88040
1732 88040 88040
1733 88040 88040
1734 88040 88040
1735 88040 88040
1736 88040 88040
1737 88040 88040
1738 88040 88040
1739 88040 88040
1740 88040 88040
1741 88040 88040
1742 88040 88040
1743 88040 88040
1744 88040 88040
1745 88040 88040
1746 88040 88040
1747 88040 88040
1748 88040 88040
1749 88040 88040
1750 88040 88040
1751 88040 88040
1752 88040 88040
1753 88040 88040
1754 88040 88040
1755 88040 88040
1756 88040 88040
1757 88040 88040
1758 88040 88040
1759 88040 88040
1760 88040 88040
1761 88040 88040
1762 88040 88040
1763 88040 88040
1764 88040 88040
1765 88040 88040
1766 88040 88040
1767 88040 88040
1768 88040 88040
1769 88040 88040
1770 88040 88040
1771 88040 88040
1772 88040 88040
1773 88040 88040
1774 88040 88040
1775 88040 88040
1776 88040 88040
1777 88040 88040
1778 88040 88040
1779 88040 88040
1780 88040 88040
1781 88040 88040
1782 88040 88040
1783 88040 88040
1784 88040 88040
1785 88040 88040
1786 88040 88040
1787 88040 88040
1788 88040 88040
1789 88040 88040
1790 88040 88040
1791 88040 88040
1792 88040 88040
1793 88040 88040
1794 88040 88040
1795 88040 88040
1796 88040 88040
1797 88040 88040
1798 88040 88040
1799 88040 88040
1800 88040 88040
1801 88040 88040
1802 88040 88040
1803 88040 88040
1804 88040 88040
1805 88040 88040
1806 88040 88040
1807 88040 88040
1808 88040 88040
1809 88040 88040
1810 88040 88040
1811 88040 88040
1812 88040 88040
1813 88040 88040
1814 88040 88040
1815 88040 88040
1816 88040 88040
1817 88040 88040
1818 88040 88040
1819 88040 88040
1820 88040 88040
1821 88040 88040
1822 88040 88040
1823 88040 88040
1824 88040 88040
1825 88040 88040
1826 88040 88040
1827 88040 88040
1828 88200 88200
1829 88216 88216
1830 88084 88084
1831 88084 88084
1832 88084 88084
1833 88084 88084
1834 88084 88084
1835 88084 88084
1836 88084 88084
1837 88084 88084
1838 88084 88084
1839 88132 88132
1840 88216 88216
1841 88364 88364
1842 88092 88092
1843 88092 88092
1844 88092 88092
1845 88092 88092
1846 88092 88092
1847 88092 88092
1848 88092 88092
1849 88092 88092
1850 88116 88116
1851 88252 88252
1852 88364 88364
1853 88092 88092
1854 88092 88092
1855 88092 88092
1856 88092 88092
1857 88092 88092
1858 88092 88092
1859 88092 88092
1860 88092 88092
1861 88092 88092
1862 88092 88092
1863 88092 88092
1864 88092 88092
1865 88092 88092
1866 88092 88092
1867 88092 88092
1868 88092 88092
1869 88092 88092
1870 88092 88092
1871 88092 88092
1872 88092 88092
1873 88092 88092
1874 88092 88092
1875 88092 88092
1876 88092 88092
1877 88092 88092
1878 88092 88092
1879 88092 88092
1880 88092 88092
1881 88092 88092
1882 88092 88092
1883 88092 88092
1884 88092 88092
1885 88092 88092
1886 88092 88092
1887 88092 88092
1888 88092 88092
1889 88092 88092
1890 88092 88092
1891 88092 88092
1892 88092 88092
1893 88092 88092
1894 88092 88092
1895 88092 88092
1896 88092 88092
1897 88092 88092
1898 88040 88040
1899 88040 88040
1900 88040 88040
1901 88040 88040
1902 88040 88040
1903 88040 88040
1904 88040 88040
1905 88040 88040
1906 88040 88040
1907 88040 88040
1908 88040 88040
1909 88040 88040
1910 88040 88040
1911 88040 88040
1912 88040 88040
1913 88040 88040
1914 88040 88040
1915 88040 88040
1916 88040 88040
1917 88040 88040
1918 88040 88040
1919 88040 88040
1920 88040 88040
1921 88040 88040
1922 88040 88040
1923 88040 88040
1924 88040 88040
1925 88040 88040
1926 88040 88040
1927 88040 88040
1928 88040 88040
1929 88040 88040
1930 88040 88040
1931 88040 88040
1932 88040 88040
1933 88040 88040
1934 88040 88040
1935 88040 88040
1936 88040 88040
1937 88040 88040
1938 88040 88040
1939 88040 88040
1940 88040 88040
1941 88040 88040
1942 88040 88040
1943 88116 88116
1944 88412 88412
1945 88368 88368
1946 88092 88092
1947 88068 88068
1948 88068 88068
1949 88068 88068
1950 88068 88068
1951 88068 88068
1952 88068 88068
1953 88068 88068
1954 88068 88068
1955 88068 88068
1956 88068 88068
1957 88068 88068
1958 88068 88068
1959 88068 88068
1960 88068 88068
1961 88068 88068
1962 88068 88068
1963 88068 88068
1964 88068 88068
1965 88068 88068
1966 88068 88068
1967 88068 88068
1968 88068 88068
1969 88068 88068
1970 88068 88068
1971 88068 88068
1972 88068 88068
1973 88068 88068
1974 88068 88068
1975 88068 88068
1976 88068 88068
1977 88068 88068
1978 88068 88068
1979 88068 88068
1980 88068 88068
1981 88068 88068
1982 88068 88068
1983 88068 88068
1984 88068 88068
1985 88068 88068
1986 88068 88068
1987 88068 88068
1988 88068 88068
1989 88068 88068
1990 88068 88068
1991 88068 88068
1992 88068 88068
1993 88068 88068
1994 88068 88068
1995 88068 88068
1996 88068 88068
1997 88068 88068
1998 88068 88068
1999 88068 88068
2000 88068 88068
2001 88068 88068
2002 88068 88068
2003 88068 88068
2004 88068 88068
2005 88068 88068
2006 88068 88068
2007 88068 88068
2008 88068 88068
2009 88068 88068
2010 88068 88068
2011 88068 88068
2012 88068 88068
2013 88068 88068
2014 88068 88068
2015 88068 88068
2016 88068 88068
2017 88068 88068
2018 88068 88068
2019 88068 88068
2020 88068 88068
2021 88068 88068
2022 88068 88068
2023 88068 88068
2024 88068 88068
2025 88068 88068
2026 88068 88068
2027 88068 88068
2028 88068 88068
2029 88068 88068
2030 88068 88068
2031 88068 88068
2032 88068 88068
2033 88068 88068
2034 88068 88068
2035 88068 88068
2036 88068 88068
2037 88068 88068
2038 88068 88068
2039 88068 88068
2040 88068 88068
2041 88068 88068
2042 88068 88068
2043 88040 88040
2044 88040 88040
2045 88040 88040
2046 88040 88040
2047 88040 88040
2048 88040 88040
2049 88040 88040
2050 88040 88040
2051 88040 88040
2052 88040 88040
2053 88040 88040
2054 88040 88040
2055 88040 88040
2056 88040 88040
2057 88040 88040
2058 88040 88040
2059 88040 88040
2060 88040 88040
2061 88040 88040
2062 88040 88040
2063 88040 88040
2064 88040 88040
2065 88040 88040
2066 88040 88040
2067 88040 88040
2068 88040 88040
2069 88040 88040
2070 88040 88040
2071 88040 88040
2072 88040 88040
2073 88040 88040
2074 88040 88040
2075 88040 88040
2076 88040 88040
2077 88040 88040
2078 88040 88040
2079 88040 88040
2080 88040 88040
2081 88040 88040
2082 88040 88040
2083 88040 88040
2084 88040 88040
2085 88040 88040
2086 88040 88040
2087 88040 88040
2088 88040 88040
2089 88040 88040
2090 88040 88040
2091 88040 88040
2092 88040 88040
2093 88040 88040
2094 88040 88040
2095 88040 88040
2096 88040 88040
2097 88040 88040
2098 88040 88040
2099 88040 88040
2100 88040 88040
2101 88040 88040
2102 88040 88040
2103 88040 88040
2104 88040 88040
2105 88040 88040
2106 88040 88040
2107 88040 88040
2108 88040 88040
2109 88040 88040
2110 88040 88040
2111 88040 88040
2112 88040 88040
2113 88040 88040
2114 88040 88040
2115 88040 88040
2116 88040 88040
2117 88040 88040
2118 88040 88040
2119 88040 88040
2120 88040 88040
2121 88040 88040
2122 88040 88040
2123 88040 88040
2124 88040 88040
2125 88040 88040
2126 88040 88040
2127 88172 88172
2128 88216 88216
2129 88092 88092
2130 88092 88092
2131 88092 88092
2132 88092 88092
2133 88092 88092
2134 88092 88092
2135 88092 88092
2136 88092 88092
2137 88092 88092
2138 88140 88140
2139 88224 88224
2140 88364 88364
2141 88092 88092
2142 88092 88092
2143 88092 88092
2144 88092 88092
2145 88092 88092
2146 88092 88092
2147 88092 88092
2148 88092 88092
2149 88092 88092
2150 88224 88224
2151 88364 88364
2152 88092 88092
2153 88092 88092
2154 88092 88092
2155 88092 88092
2156 88092 88092
2157 88092 88092
2158 88092 88092
2159 88092 88092
2160 88092 88092
2161 88092 88092
2162 88092 88092
2163 88092 88092
2164 88092 88092
2165 88092 88092
2166 88092 88092
2167 88092 88092
2168 88092 88092
2169 88092 88092
2170 88092 88092
2171 88092 88092
2172 88092 88092
2173 88092 88092
2174 88092 88092
2175 88092 88092
2176 88092 88092
2177 88092 88092
2178 88092 88092
2179 88092 88092
2180 88092 88092
2181 88092 88092
2182 88092 88092
2183 88092 88092
2184 88092 88092
2185 88092 88092
2186 88092 88092
2187 88068 88068
2188 88068 88068
2189 88068 88068
2190 88068 88068
2191 88068 88068
2192 88068 88068
2193 88068 88068
2194 88068 88068
2195 88068 88068
2196 88068 88068
2197 88068 88068
2198 88068 88068
2199 88068 88068
2200 88068 88068
2201 88068 88068
2202 88068 88068
2203 88068 88068
2204 88068 88068
2205 88068 88068
2206 88068 88068
2207 88068 88068
2208 88068 88068
2209 88068 88068
2210 88068 88068
2211 88068 88068
2212 88068 88068
2213 88068 88068
2214 88068 88068
2215 88068 88068
2216 88068 88068
2217 88068 88068
2218 88068 88068
2219 88068 88068
2220 88068 88068
2221 88068 88068
2222 88068 88068
2223 88068 88068
2224 88068 88068
2225 88068 88068
2226 88068 88068
2227 88068 88068
2228 88068 88068
2229 88068 88068
2230 88068 88068
2231 88068 88068
2232 88068 88068
2233 88068 88068
2234 88068 88068
2235 88068 88068
2236 88068 88068
2237 88068 88068
2238 88068 88068
2239 88068 88068
2240 88068 88068
2241 88040 88040
2242 88064 88064
2243 88304 88304
2244 88348 88348
2245 88336 88336
2246 88068 88068
2247 88068 88068
2248 88068 88068
2249 88068 88068
2250 88068 88068
2251 88068 88068
2252 88068 88068
2253 88068 88068
2254 88068 88068
2255 88068 88068
2256 88068 88068
2257 88068 88068
2258 88068 88068
2259 88068 88068
2260 88068 88068
2261 88068 88068
2262 88068 88068
2263 88068 88068
2264 88068 88068
2265 88068 88068
2266 88068 88068
2267 88068 88068
2268 88068 88068
2269 88068 88068
2270 88068 88068
2271 88068 88068
2272 88068 88068
2273 88068 88068
2274 88068 88068
2275 88068 88068
2276 88068 88068
2277 88068 88068
2278 88068 88068
2279 88068 88068
2280 88068 88068
2281 88068 88068
2282 88068 88068
2283 88068 88068
2284 88068 88068
2285 88068 88068
2286 88068 88068
2287 88068 88068
2288 88068 88068
2289 88068 88068
2290 88068 88068
2291 88068 88068
2292 88068 88068
2293 88068 88068
2294 88068 88068
2295 88068 88068
2296 88068 88068
2297 88068 88068
2298 88068 88068
2299 88068 88068
2300 88068 88068
2301 88068 88068
2302 88068 88068
2303 88068 88068
2304 88068 88068
2305 88068 88068
2306 88068 88068
2307 88068 88068
2308 88068 88068
2309 88068 88068
2310 88068 88068
2311 88068 88068
2312 88068 88068
2313 88068 88068
2314 88068 88068
2315 88068 88068
2316 88068 88068
2317 88068 88068
2318 88068 88068
2319 88068 88068
2320 88068 88068
2321 88068 88068
2322 88068 88068
2323 88068 88068
2324 88068 88068
2325 88068 88068
2326 88068 88068
2327 88068 88068
2328 88068 88068
2329 88068 88068
2330 88068 88068
2331 88068 88068
2332 88040 88040
2333 88040 88040
2334 88040 88040
2335 88040 88040
2336 88040 88040
2337 88040 88040
2338 88040 88040
2339 88040 88040
2340 88040 88040
2341 88040 88040
2342 88040 88040
2343 88040 88040
2344 88040 88040
2345 88040 88040
2346 88040 88040
2347 88040 88040
2348 88040 88040
2349 88040 88040
2350 88040 88040
2351 88040 88040
2352 88040 88040
2353 88040 88040
2354 88040 88040
2355 88040 88040
2356 88040 88040
2357 88040 88040
2358 88040 88040
2359 88040 88040
2360 88040 88040
2361 88040 88040
2362 88040 88040
2363 88040 88040
2364 88040 88040
2365 88040 88040
2366 88040 88040
2367 88040 88040
2368 88040 88040
2369 88040 88040
2370 88040 88040
2371 88040 88040
2372 88040 88040
2373 88040 88040
2374 88040 88040
2375 88040 88040
2376 88040 88040
2377 88040 88040
2378 88040 88040
2379 88040 88040
2380 88040 88040
2381 88040 88040
2382 88040 88040
2383 88040 88040
2384 88040 88040
2385 88040 88040
2386 88040 88040
2387 88040 88040
2388 88040 88040
2389 88040 88040
2390 88040 88040
2391 88040 88040
2392 88040 88040
2393 88040 88040
2394 88040 88040
2395 88040 88040
2396 88040 88040
2397 88040 88040
2398 88040 88040
2399 88040 88040
2400 88040 88040
2401 88040 88040
2402 88040 88040
2403 88040 88040
2404 88040 88040
2405 88040 88040
2406 88040 88040
2407 88040 88040
2408 88040 88040
2409 88040 88040
2410 88040 88040
2411 88040 88040
2412 88040 88040
2413 88040 88040
2414 88040 88040
2415 88040 88040
2416 88040 88040
2417 88040 88040
2418 88040 88040
2419 88040 88040
2420 88040 88040
2421 88040 88040
2422 88040 88040
2423 88040 88040
2424 88040 88040
2425 88040 88040
2426 88116 88116
2427 88244 88244
2428 88136 88136
2429 88120 88120
2430 88120 88120
2431 88120 88120
2432 88120 88120
2433 88120 88120
2434 88120 88120
2435 88120 88120
2436 88120 88120
2437 88144 88144
2438 88252 88252
2439 88136 88136
2440 88120 88120
2441 88120 88120
2442 88120 88120
2443 88120 88120
2444 88120 88120
2445 88120 88120
2446 88120 88120
2447 88120 88120
2448 88120 88120
2449 88280 88280
2450 88392 88392
2451 88120 88120
2452 88120 88120
2453 88120 88120
2454 88120 88120
2455 88120 88120
2456 88120 88120
2457 88120 88120
2458 88120 88120
2459 88120 88120
2460 88120 88120
2461 88120 88120
2462 88120 88120
2463 88120 88120
2464 88120 88120
2465 88120 88120
2466 88120 88120
2467 88120 88120
2468 88120 88120
2469 88120 88120
2470 88120 88120
2471 88120 88120
2472 88120 88120
2473 88120 88120
2474 88120 88120
2475 88120 88120
2476 88120 88120
2477 88120 88120
2478 88120 88120
2479 88120 88120
2480 88120 88120
2481 88120 88120
2482 88120 88120
2483 88120 88120
2484 88120 88120
2485 88120 88120
2486 88120 88120
2487 88120 88120
2488 88120 88120
2489 88120 88120
2490 88120 88120
2491 88120 88120
2492 88120 88120
2493 88120 88120
2494 88120 88120
2495 88120 88120
2496 88120 88120
2497 88120 88120
2498 88120 88120
2499 88120 88120
2500 88120 88120
2501 88120 88120
2502 88120 88120
2503 88120 88120
2504 88120 88120
2505 88120 88120
2506 88120 88120
2507 88120 88120
2508 88120 88120
2509 88120 88120
2510 88120 88120
2511 88120 88120
2512 88120 88120
2513 88120 88120
2514 88120 88120
2515 88120 88120
2516 88120 88120
2517 88120 88120
2518 88120 88120
2519 88120 88120
2520 88120 88120
2521 88120 88120
2522 88120 88120
2523 88120 88120
2524 88120 88120
2525 88120 88120
2526 88120 88120
2527 88120 88120
2528 88120 88120
2529 88120 88120
2530 88096 88096
2531 88096 88096
2532 88096 88096
2533 88096 88096
2534 88096 88096
2535 88096 88096
2536 88096 88096
2537 88096 88096
2538 88096 88096
2539 88096 88096
2540 88096 88096
2541 88224 88224
2542 88328 88328
2543 88396 88396
2544 88120 88120
2545 88096 88096
2546 88096 88096
2547 88096 88096
2548 88096 88096
2549 88096 88096
2550 88096 88096
2551 88096 88096
2552 88096 88096
2553 88096 88096
2554 88096 88096
2555 88096 88096
2556 88096 88096
2557 88096 88096
2558 88096 88096
2559 88096 88096
2560 88096 88096
2561 88096 88096
2562 88096 88096
2563 88096 88096
2564 88096 88096
2565 88096 88096
2566 88096 88096
2567 88096 88096
2568 88096 88096
2569 88096 88096
2570 88096 88096
2571 88096 88096
2572 88096 88096
2573 88096 88096
2574 88096 88096
2575 88088 88088
2576 87932 87932
2577 88296 88296
2578 88440 88440
2579 88664 88664
2580 88716 88716
2581 88780 88780
2582 89232 89232
2583 89984 89984
2584 90164 90164
2585 90260 90260
2586 90460 90460
2587 91008 91008
2588 91160 91160
2589 91220 91220
2590 91220 91220
2591 91220 91220
2592 91220 91220
2593 91220 91220
2594 91220 91220
2595 91220 91220
2596 91220 91220
2597 91220 91220
2598 91220 91220
2599 91220 91220
2600 91220 91220
2601 91220 91220
2602 91220 91220
2603 91220 91220
2604 91220 91220
2605 91220 91220
2606 91220 91220
2607 91220 91220
2608 91220 91220
2609 91220 91220
2610 91220 91220
2611 91220 91220
2612 91220 91220
2613 91220 91220
2614 91220 91220
2615 91220 91220
2616 91256 91256
2617 91284 91284
2618 91284 91284
2619 91284 91284
2620 91284 91284
2621 91284 91284
2622 91284 91284
2623 91284 91284
2624 91284 91284
2625 91284 91284
2626 91284 91284
2627 91284 91284
2628 91284 91284
2629 91284 91284
2630 91284 91284
2631 91284 91284
2632 91284 91284
2633 91404 91404
2634 91324 91324
2635 91308 91308
2636 91308 91308
2637 91308 91308
2638 91308 91308
2639 91308 91308
2640 91308 91308
2641 91308 91308
2642 91308 91308
2643 91552 91552
2644 91816 91816
2645 92164 92164
2646 92216 92216
2647 92236 92236
2648 92236 92236
2649 92236 92236
2650 92236 92236
2651 92236 92236
2652 92236 92236
2653 92236 92236
2654 92236 92236
2655 92236 92236
2656 92236 92236
2657 92236 92236
2658 92236 92236
2659 92236 92236
2660 92236 92236
2661 92236 92236
2662 92236 92236
2663 92236 92236
2664 92236 92236
2665 92236 92236
2666 92236 92236
2667 92236 92236
2668 92236 92236
2669 92236 92236
2670 92236 92236
2671 92236 92236
2672 92236 92236
2673 92236 92236
2674 92236 92236
2675 92236 92236
2676 92236 92236
2677 92236 92236
2678 92236 92236
2679 92236 92236
2680 92236 92236
2681 92236 92236
2682 92236 92236
2683 92420 92420
2684 92652 92652
2685 92604 92604
2686 92604 92604
2687 92604 92604
2688 92576 92576
2689 92576 92576
2690 92576 92576
2691 92576 92576
2692 92576 92576
2693 92576 92576
2694 92576 92576
2695 92648 92648
2696 92648 92648
2697 92648 92648
2698 92732 92732
2699 92736 92736
2700 92988 92988
2701 93204 93204
2702 93228 93228
2703 93320 93320
2704 93320 93320
2705 93252 93252
2706 93292 93292
2707 93320 93320
2708 93276 93276
2709 93276 93276
2710 93292 93292
2711 93320 93320
2712 93320 93320
2713 93228 93228
2714 93240 93240
2715 93196 93196
2716 92984 92984
2717 92984 92984
2718 92984 92984
2719 92984 92984
2720 92984 92984
2721 93008 93008
2722 93172 93172
2723 93172 93172
2724 93172 93172
2725 93172 93172
2726 93012 93012
2727 92956 92956
2728 92956 92956
2729 92996 92996
2730 92996 92996
2731 93052 93052
2732 93052 93052
2733 93064 93064
2734 93064 93064
2735 93064 93064
2736 93064 93064
2737 93064 93064
2738 93064 93064
2739 93064 93064
2740 93064 93064
2741 93064 93064
2742 93064 93064
2743 93064 93064
2744 93064 93064
2745 93224 93224
2746 93064 93064
2747 93064 93064
2748 93064 93064
2749 93064 93064
2750 93064 93064
2751 93064 93064
2752 93064 93064
2753 93064 93064
2754 93064 93064
2755 93064 93064
2756 93064 93064
2757 93064 93064
2758 93064 93064
2759 93064 93064
2760 93064 93064
2761 93064 93064
2762 93064 93064
2763 93064 93064
2764 93064 93064
2765 93196 93196
2766 93196 93196
2767 93196 93196
2768 93196 93196
2769 93148 93148
2770 92980 92980
2771 92980 92980
2772 92980 92980
2773 92980 92980
2774 92980 92980
2775 92980 92980
2776 92980 92980
2777 92980 92980
2778 92980 92980
2779 92980 92980
2780 92980 92980
2781 92980 92980
2782 92980 92980
2783 92980 92980
2784 92980 92980
2785 92980 92980
2786 92980 92980
2787 92980 92980
2788 93112 93112
2789 93112 93112
2790 93112 93112
2791 93112 93112
2792 93044 93044
2793 91040 91040
2794 91020 91020
2795 91012 91012
2796 91012 91012
2797 91012 91012
2798 91012 91012
2799 91012 91012
2800 91012 91012
2801 91012 91012
2802 90984 90984
2803 90984 90984
2804 90984 90984
2805 90984 90984
2806 90984 90984
2807 90984 90984
2808 90984 90984
2809 90984 90984
2810 90984 90984
2811 90984 90984
2812 90984 90984
2813 90984 90984
2814 90984 90984
2815 90984 90984
2816 90984 90984
2817 90984 90984
2818 90984 90984
2819 90984 90984
2820 90984 90984
2821 90984 90984
2822 90984 90984
2823 90984 90984
2824 90984 90984
2825 90984 90984
2826 90984 90984
2827 90984 90984
2828 90984 90984
2829 90984 90984
2830 90984 90984
2831 91008 91008
2832 90956 90956
2833 90956 90956
2834 90956 90956
2835 90956 90956
2836 90956 90956
2837 90956 90956
2838 90956 90956
2839 90956 90956
2840 90956 90956
2841 90956 90956
2842 90956 90956
2843 90956 90956
2844 90956 90956
2845 90956 90956
2846 90956 90956
2847 90956 90956
2848 90956 90956
2849 90956 90956
2850 90956 90956
2851 90972 90972
2852 90956 90956
2853 90956 90956
2854 90956 90956
2855 90956 90956
2856 90956 90956
2857 90956 90956
2858 90916 90916
2859 90916 90916
2860 90916 90916
2861 90916 90916
2862 90916 90916
2863 90916 90916
2864 90916 90916
2865 90916 90916
2866 90916 90916
2867 90916 90916
2868 90916 90916
2869 90916 90916
2870 91048 91048
2871 90916 90916
2872 90916 90916
2873 90916 90916
2874 90916 90916
2875 90916 90916
2876 90916 90916
2877 90916 90916
2878 90916 90916
2879 90916 90916
2880 90916 90916
2881 90916 90916
2882 90916 90916
2883 90916 90916
2884 90916 90916
2885 90916 90916
2886 90916 90916
2887 90916 90916
2888 90916 90916
2889 91048 91048
2890 90916 90916
2891 90916 90916
2892 90916 90916
2893 90916 90916
2894 90916 90916
2895 90916 90916
2896 90916 90916
2897 90916 90916
2898 90916 90916
2899 90916 90916
2900 90916 90916
2901 90916 90916
2902 90916 90916
2903 90916 90916
2904 90916 90916
2905 90916 90916
2906 90916 90916
2907 90916 90916
2908 90916 90916
2909 89744 89744
2910 89744 89744
2911 89744 89744
2912 89744 89744
