(0, 0) 3
(0, 2) 2
(0, 3) 2
(0, 5) 1
(0, 6) 1
(0, 7) 2
(0, 8) 2
(0, 11) 1
(0, 12) 1
(0, 13) 1
(0, 16) 1
(0, 18) 1
(0, 27) 1
(0, 29) 1
(0, 30) 1
(0, 32) 1
(0, 33) 1
(0, 37) 1
(0, 39) 1
(1, 1) 3
(1, 2) 1
(1, 4) 1
(1, 5) 1
(1, 7) 2
(1, 8) 1
(1, 10) 1
(1, 12) 1
(1, 14) 1
(1, 15) 1
(1, 17) 1
(1, 20) 1
(1, 25) 1
(1, 29) 1
(1, 31) 2
(1, 34) 2
(1, 35) 1
(1, 38) 1
(2, 0) 1
(2, 1) 6
(2, 2) 1
(2, 3) 1
(2, 4) 2
(2, 5) 1
(2, 9) 1
(2, 13) 1
(2, 16) 1
(2, 27) 1
(2, 28) 1
(2, 30) 1
(2, 35) 1
(2, 37) 3
(3, 0) 1
(3, 1) 1
(3, 2) 1
(3, 10) 2
(3, 13) 2
(3, 15) 1
(3, 26) 1
(3, 28) 1
(3, 29) 1
(3, 34) 2
(3, 35) 1
(4, 0) 1
(4, 4) 1
(4, 6) 1
(4, 10) 3
(4, 11) 1
(4, 12) 2
(4, 25) 1
(4, 30) 1
(4, 35) 1
(4, 37) 1
(4, 39) 1
(5, 0) 1
(5, 3) 10
(5, 5) 1
(5, 7) 2
(5, 10) 2
(5, 21) 1
(5, 24) 2
(5, 37) 1
(6, 3) 1
(6, 4) 13
(6, 6) 1
(6, 7) 1
(6, 8) 3
(6, 10) 1
(6, 11) 1
(6, 12) 1
(6, 23) 1
(6, 27) 1
(6, 33) 1
(6, 34) 1
(6, 36) 2
(7, 0) 1
(7, 4) 48
(7, 9) 5
(7, 10) 12
(7, 12) 4
(7, 15) 3
(7, 16) 28
(7, 28) 1
(7, 32) 2
(7, 35) 1
(8, 1) 1
(8, 4) 6
(8, 5) 41
(8, 6) 33
(8, 7) 11
(8, 9) 3
(8, 10) 21
(8, 11) 26
(8, 12) 8
(8, 17) 9
(8, 29) 2
(8, 37) 1
(8, 39) 1
(9, 3) 1
(9, 6) 1
(9, 7) 2
(9, 8) 4
(9, 9) 13
(9, 10) 15
(9, 11) 19
(9, 12) 1
(9, 28) 1
(9, 30) 2
(9, 32) 1
(9, 36) 1
(10, 3) 1
(10, 4) 2
(10, 7) 6
(10, 10) 6
(10, 11) 4
(10, 13) 4
(10, 16) 31
(10, 17) 16
(10, 30) 1
(10, 31) 1
(10, 33) 1
(10, 37) 1
(11, 0) 1
(11, 2) 1
(11, 4) 2
(11, 5) 2
(11, 6) 2
(11, 9) 1
(11, 11) 1
(11, 16) 1
(11, 31) 1
(11, 32) 2
(11, 34) 1
(12, 7) 2
(12, 9) 1
(12, 29) 1
(12, 30) 1
(12, 33) 1
(12, 35) 1
(12, 37) 2
(13, 14) 1
(13, 31) 1
(13, 34) 1
(14, 1) 1
(14, 8) 1
(14, 32) 1
(14, 35) 1
(15, 2) 1
(15, 8) 1
(15, 39) 1
(16, 1) 1
(16, 4) 1
(16, 7) 1
(16, 9) 1
(16, 10) 1
(17, 1) 1
(17, 6) 1
(17, 8) 1
(17, 12) 1
(18, 1) 1
(18, 8) 2
(18, 9) 1
(18, 13) 1
(18, 39) 1
(19, 1) 1
(19, 6) 1
(19, 9) 2
(19, 10) 1
(19, 12) 1
(19, 37) 1
(20, 0) 1
(20, 2) 2
(20, 3) 1
(20, 9) 1
(20, 12) 1
(21, 8) 1
(21, 12) 1
(21, 36) 1
(22, 0) 1
(22, 2) 1
(22, 3) 1
(22, 7) 1
(22, 10) 1
(22, 34) 1
(23, 6) 1
(23, 7) 1
(23, 9) 2
(24, 0) 2
(24, 4) 1
(24, 7) 1
(24, 9) 1
(24, 10) 1
(24, 11) 1
(25, 1) 1
(25, 6) 2
(25, 7) 1
(25, 8) 1
(26, 3) 1
(26, 6) 1
(26, 7) 1
(26, 8) 1
(27, 5) 1
(27, 7) 3
(27, 11) 1
(28, 0) 1
(28, 4) 1
(28, 5) 1
(28, 6) 1
(28, 11) 1
(29, 5) 1
(29, 6) 1
(29, 10) 1
(29, 11) 1
(29, 12) 1
(30, 0) 1
(30, 1) 1
(30, 4) 1
(30, 6) 1
(30, 8) 1
(30, 9) 1
(30, 10) 1
(30, 13) 1
(30, 31) 4
(31, 1) 1
(31, 5) 2
(31, 7) 1
(31, 8) 1
(32, 0) 1
(32, 4) 1
(32, 6) 2
(32, 7) 1
(32, 8) 2
(32, 9) 1
(33, 0) 3
(33, 2) 2
(33, 4) 1
(33, 5) 1
(33, 6) 1
(33, 9) 1
(33, 29) 130
(33, 30) 2
(34, 0) 1
(34, 2) 1
(34, 3) 1
(34, 4) 1
(34, 10) 1
(34, 12) 1
(34, 29) 3
(34, 30) 241
(35, 0) 1
(35, 2) 1
(35, 4) 1
(35, 7) 1
(35, 8) 1
(35, 11) 1
(35, 13) 1
(36, 0) 1
(36, 2) 1
(36, 3) 1
(36, 12) 1
(36, 14) 1
(36, 22) 1
(36, 24) 1
(37, 0) 1
(37, 2) 1
(37, 4) 2
(37, 5) 1
(37, 7) 1
(37, 8) 1
(37, 9) 1
(37, 10) 1
(37, 11) 1
(38, 0) 2
(38, 1) 2
(38, 2) 1
(38, 15) 1
(39, 0) 2
(39, 1) 2
(39, 2) 2
(39, 5) 1
(39, 6) 2
(39, 7) 1
(39, 8) 1
(39, 10) 1
(39, 19) 1
(39, 22) 1
