(14, 29) 1
(14, 30) 1
(15, 26) 2
(15, 28) 2
(15, 30) 2
(16, 27) 2
(16, 28) 1
(16, 31) 1
(16, 32) 1
(17, 26) 2
(17, 28) 1
(17, 29) 2
(17, 30) 1
(17, 31) 1
(17, 32) 2
(18, 24) 2
(18, 25) 1
(18, 29) 3
(18, 39) 1
(19, 20) 20
(19, 21) 33
(19, 22) 6
(19, 23) 1
(19, 24) 1
(19, 25) 1
(19, 26) 1
(19, 27) 1
(19, 30) 1
(19, 33) 1
(19, 35) 1
(20, 19) 4
(20, 21) 2
(20, 22) 1
(20, 23) 66
(20, 24) 1
(20, 25) 2
(20, 27) 1
(21, 17) 3
(21, 18) 2
(21, 20) 1
(21, 21) 1
(21, 23) 33
(21, 24) 2
(21, 25) 3
(21, 27) 1
(21, 28) 1
(21, 29) 1
(21, 31) 1
(22, 16) 2
(22, 18) 1
(22, 20) 2
(22, 21) 2
(22, 22) 1
(22, 23) 7
(22, 24) 41
(22, 26) 3
(22, 27) 5
(22, 29) 1
(22, 30) 1
(23, 16) 1
(23, 18) 1
(23, 19) 1
(23, 21) 3
(23, 22) 32
(23, 23) 6
(23, 24) 1
(23, 26) 1
(23, 27) 7
(23, 28) 3
(23, 29) 1
(23, 32) 1
(24, 16) 3
(24, 18) 4
(24, 19) 1
(24, 20) 2
(24, 21) 5
(24, 22) 25
(24, 23) 1
(24, 24) 3
(24, 26) 1
(24, 29) 1
(24, 30) 1
(25, 15) 1
(25, 16) 1
(25, 17) 1
(25, 20) 2
(25, 21) 3
(25, 22) 21
(25, 23) 1
(25, 24) 1
(25, 25) 1
(25, 28) 1
(25, 31) 1
(26, 16) 1
(26, 18) 1
(26, 20) 3
(26, 21) 45
(26, 22) 234
(26, 25) 54
(26, 26) 2
(26, 28) 69
(26, 29) 1
(26, 30) 1
(27, 17) 2
(27, 19) 2
(27, 21) 1
(27, 23) 2
(27, 25) 1
(27, 27) 5
(27, 28) 118
(27, 29) 1
(27, 31) 2
(28, 16) 1
(28, 18) 1
(28, 20) 1
(28, 22) 2
(28, 26) 1
(28, 30) 1
(28, 31) 14
(29, 16) 1
(29, 17) 1
(29, 19) 1
(29, 22) 1
(29, 23) 1
(29, 25) 1
(29, 27) 2
(29, 29) 3
(30, 16) 3
(30, 18) 2
(30, 20) 2
(30, 23) 1
(30, 26) 2
(30, 28) 1
(30, 31) 12
(31, 16) 1
(31, 19) 1
(31, 21) 1
(31, 24) 1
(31, 26) 2
(31, 27) 1
(31, 28) 1
(31, 29) 1
(31, 30) 1
(32, 16) 1
(32, 17) 1
(32, 18) 2
(32, 20) 1
(32, 23) 1
(32, 26) 2
(32, 27) 1
(33, 17) 1
(33, 19) 1
(33, 21) 1
(33, 24) 1
(33, 25) 1
(33, 27) 1
(34, 23) 1
(34, 26) 1
(35, 18) 1
(35, 20) 1
(35, 26) 1
(37, 20) 1
(39, 22) 1
