(0, 0) 2
(0, 1) 1
(0, 3) 1
(0, 4) 1
(0, 5) 1
(0, 6) 1
(0, 9) 3
(0, 10) 1
(0, 14) 1
(0, 21) 1
(0, 23) 1
(0, 24) 1
(0, 25) 1
(0, 26) 1
(0, 27) 2
(0, 28) 1
(0, 30) 1
(0, 31) 3
(0, 32) 1
(0, 33) 2
(0, 35) 2
(0, 37) 1
(0, 39) 1
(1, 0) 2
(1, 2) 2
(1, 3) 2
(1, 4) 1
(1, 5) 1
(1, 6) 1
(1, 8) 1
(1, 10) 2
(1, 21) 1
(1, 23) 2
(1, 24) 1
(1, 25) 1
(1, 26) 1
(1, 27) 1
(1, 29) 1
(1, 30) 2
(1, 34) 1
(1, 36) 2
(1, 38) 1
(1, 39) 1
(2, 0) 2
(2, 2) 1
(2, 3) 2
(2, 5) 1
(2, 6) 1
(2, 7) 2
(2, 9) 1
(2, 10) 1
(2, 11) 1
(2, 12) 2
(2, 15) 1
(2, 19) 1
(2, 21) 1
(2, 22) 1
(2, 24) 2
(2, 26) 3
(2, 31) 1
(2, 32) 2
(2, 33) 1
(2, 35) 2
(2, 38) 1
(2, 39) 1
(3, 1) 7
(3, 2) 1
(3, 3) 2
(3, 5) 3
(3, 6) 1
(3, 7) 6
(3, 8) 2
(3, 9) 1
(3, 10) 1
(3, 11) 2
(3, 12) 1
(3, 14) 1
(3, 15) 1
(3, 16) 1
(3, 17) 1
(3, 21) 1
(3, 23) 2
(3, 24) 1
(3, 25) 1
(3, 26) 1
(3, 30) 2
(3, 33) 2
(3, 38) 2
(3, 39) 1
(4, 1) 2
(4, 2) 10
(4, 3) 5
(4, 4) 4
(4, 5) 1
(4, 6) 1
(4, 9) 2
(4, 11) 2
(4, 14) 1
(4, 17) 1
(4, 19) 1
(4, 21) 1
(4, 27) 1
(4, 28) 2
(4, 29) 1
(4, 30) 1
(4, 31) 3
(4, 32) 1
(4, 33) 1
(4, 36) 1
(4, 38) 1
(4, 39) 1
(5, 0) 1
(5, 1) 2
(5, 3) 12
(5, 4) 6
(5, 5) 2
(5, 6) 3
(5, 7) 2
(5, 8) 1
(5, 9) 1
(5, 12) 2
(5, 14) 2
(5, 15) 2
(5, 16) 1
(5, 18) 2
(5, 20) 1
(5, 27) 1
(5, 29) 1
(5, 31) 1
(5, 32) 1
(5, 34) 2
(5, 35) 2
(5, 38) 1
(6, 0) 3
(6, 2) 2
(6, 3) 79
(6, 4) 24
(6, 5) 1
(6, 6) 1
(6, 7) 2
(6, 8) 26
(6, 9) 1
(6, 11) 1
(6, 13) 1
(6, 15) 1
(6, 16) 1
(6, 17) 1
(6, 19) 1
(6, 29) 1
(6, 30) 1
(6, 32) 1
(6, 35) 1
(6, 39) 2
(7, 1) 2
(7, 2) 3
(7, 3) 2
(7, 4) 19
(7, 5) 44
(7, 6) 24
(7, 7) 1
(7, 8) 14
(7, 9) 5
(7, 13) 1
(7, 14) 9
(7, 15) 6
(7, 16) 14
(7, 17) 4
(7, 20) 1
(7, 22) 1
(7, 26) 2
(7, 33) 1
(7, 34) 1
(7, 36) 1
(7, 37) 2
(7, 38) 2
(8, 0) 3
(8, 2) 3
(8, 4) 24
(8, 5) 24
(8, 6) 64
(8, 7) 11
(8, 9) 1
(8, 10) 10
(8, 12) 5
(8, 13) 10
(8, 14) 2
(8, 15) 25
(8, 16) 34
(8, 17) 10
(8, 19) 5
(8, 23) 1
(8, 25) 1
(8, 31) 1
(8, 34) 1
(8, 36) 2
(8, 39) 1
(9, 0) 1
(9, 1) 5
(9, 2) 3
(9, 3) 3
(9, 5) 3
(9, 6) 1
(9, 7) 5
(9, 9) 54
(9, 10) 1
(9, 11) 1
(9, 13) 19
(9, 15) 2
(9, 20) 3
(9, 21) 1
(9, 22) 2
(9, 25) 1
(9, 34) 1
(9, 35) 1
(9, 38) 1
(10, 0) 3
(10, 2) 1
(10, 3) 1
(10, 4) 1
(10, 5) 1
(10, 6) 1
(10, 7) 2
(10, 9) 2
(10, 12) 2
(10, 14) 1
(10, 17) 12
(10, 18) 1
(10, 19) 12
(10, 20) 12
(10, 22) 2
(10, 24) 2
(10, 27) 2
(10, 39) 1
(11, 0) 3
(11, 1) 1
(11, 2) 2
(11, 3) 1
(11, 4) 1
(11, 6) 2
(11, 9) 1
(11, 13) 1
(11, 14) 1
(11, 15) 2
(11, 17) 1
(11, 19) 1
(11, 20) 4
(11, 21) 4
(11, 38) 1
(12, 0) 2
(12, 1) 3
(12, 2) 3
(12, 3) 3
(12, 9) 2
(12, 12) 2
(12, 13) 1
(12, 16) 2
(12, 21) 2
(12, 22) 1
(12, 25) 1
(12, 27) 1
(12, 33) 1
(13, 2) 1
(13, 4) 1
(13, 5) 3
(13, 7) 1
(13, 10) 1
(13, 12) 1
(13, 13) 1
(13, 17) 1
(13, 18) 2
(13, 19) 9
(13, 20) 2
(13, 21) 1
(13, 23) 1
(13, 24) 1
(13, 26) 1
(13, 28) 1
(13, 39) 1
(14, 0) 2
(14, 1) 1
(14, 2) 1
(14, 4) 2
(14, 5) 1
(14, 7) 2
(14, 11) 1
(14, 14) 1
(14, 15) 1
(14, 17) 1
(14, 20) 3
(14, 21) 1
(14, 22) 3
(14, 37) 1
(15, 0) 1
(15, 2) 1
(15, 3) 1
(15, 4) 3
(15, 6) 2
(15, 10) 1
(15, 12) 1
(15, 14) 1
(15, 15) 2
(15, 19) 6
(15, 23) 1
(15, 24) 1
(16, 0) 1
(16, 2) 1
(16, 5) 2
(16, 11) 2
(16, 13) 2
(16, 15) 4
(16, 17) 1
(16, 20) 2
(16, 21) 1
(16, 23) 3
(16, 25) 1
(16, 34) 1
(16, 37) 1
(17, 0) 1
(17, 1) 1
(17, 2) 1
(17, 3) 1
(17, 4) 2
(17, 14) 1
(17, 18) 3
(17, 19) 7
(17, 20) 3
(17, 21) 2
(17, 22) 23
(17, 23) 1
(18, 0) 1
(18, 2) 1
(18, 3) 1
(18, 4) 1
(18, 15) 1
(18, 17) 2
(18, 18) 1
(18, 20) 6
(18, 39) 1
(19, 2) 1
(19, 4) 1
(19, 5) 1
(19, 6) 1
(19, 7) 1
(19, 14) 1
(19, 16) 1
(19, 17) 1
(20, 0) 1
(20, 4) 1
(20, 5) 1
(20, 6) 1
(20, 7) 1
(20, 9) 1
(20, 16) 1
(20, 39) 1
(21, 0) 1
(21, 1) 1
(21, 5) 1
(21, 6) 1
(21, 10) 1
(21, 14) 1
(22, 2) 1
(22, 4) 1
(22, 13) 1
(22, 38) 1
(23, 1) 1
(23, 4) 1
(23, 11) 1
(23, 14) 1
(23, 35) 1
(23, 36) 1
(23, 37) 2
(23, 39) 1
(24, 0) 2
(24, 1) 1
(24, 3) 1
(24, 33) 2
(24, 34) 1
(24, 35) 2
(24, 36) 1
(24, 37) 1
(24, 38) 1
(25, 2) 1
(25, 3) 1
(25, 4) 2
(25, 5) 1
(25, 13) 1
(25, 33) 3
(25, 34) 2
(25, 36) 2
(25, 39) 1
(26, 0) 1
(26, 1) 1
(26, 2) 1
(26, 3) 1
(26, 5) 1
(26, 8) 1
(26, 10) 2
(26, 33) 2
(26, 34) 2
(26, 35) 30
(26, 36) 1
(26, 37) 1
(26, 38) 2
(26, 39) 1
(27, 0) 1
(27, 1) 2
(27, 2) 1
(27, 3) 1
(27, 5) 1
(27, 8) 1
(27, 9) 1
(27, 14) 1
(27, 33) 1
(27, 34) 1
(27, 35) 2
(27, 36) 20
(28, 0) 1
(28, 1) 1
(28, 3) 2
(28, 8) 1
(28, 9) 1
(28, 10) 1
(28, 13) 2
(28, 33) 4
(28, 35) 3
(28, 36) 1
(28, 37) 1
(28, 38) 2
(28, 39) 1
(29, 0) 3
(29, 1) 1
(29, 2) 2
(29, 3) 1
(29, 7) 1
(29, 9) 1
(29, 10) 1
(29, 33) 1
(29, 36) 1
(29, 37) 8
(29, 39) 1
(30, 3) 1
(30, 4) 1
(30, 8) 1
(30, 12) 1
(30, 33) 1
(30, 34) 2
(30, 36) 36
(30, 39) 1
(31, 0) 1
(31, 1) 3
(31, 3) 2
(31, 7) 1
(31, 11) 1
(31, 14) 1
(31, 32) 1
(31, 33) 1
(31, 37) 24
(31, 38) 27
(31, 39) 2
(32, 0) 1
(32, 1) 2
(32, 2) 1
(32, 4) 1
(32, 10) 1
(32, 12) 1
(32, 31) 1
(32, 33) 1
(32, 35) 1
(32, 36) 1
(32, 39) 2
(33, 0) 1
(33, 1) 1
(33, 8) 1
(33, 11) 1
(33, 13) 1
(33, 15) 1
(33, 32) 2
(33, 34) 1
(33, 35) 1
(33, 37) 36
(33, 38) 66
(33, 39) 2
(34, 1) 1
(34, 5) 1
(34, 7) 1
(34, 8) 2
(34, 10) 1
(34, 32) 2
(34, 33) 1
(34, 34) 2
(34, 36) 1
(34, 38) 4
(35, 0) 2
(35, 2) 1
(35, 3) 1
(35, 4) 1
(35, 5) 1
(35, 6) 1
(35, 7) 1
(35, 10) 1
(35, 15) 1
(35, 31) 1
(35, 34) 1
(35, 36) 1
(35, 37) 2
(35, 39) 1
(36, 2) 1
(36, 3) 1
(36, 5) 1
(36, 6) 1
(36, 7) 1
(36, 8) 3
(36, 9) 1
(36, 16) 1
(36, 27) 1
(36, 29) 1
(36, 30) 2
(36, 31) 2
(36, 32) 2
(36, 34) 10
(36, 35) 2
(36, 36) 2
(36, 37) 1
(36, 39) 6
(37, 0) 1
(37, 1) 1
(37, 4) 1
(37, 6) 1
(37, 7) 2
(37, 9) 2
(37, 11) 2
(37, 12) 1
(37, 26) 1
(37, 28) 1
(37, 29) 1
(37, 30) 2
(37, 31) 3
(37, 32) 2
(37, 33) 5
(37, 34) 2
(37, 35) 64
(37, 36) 1
(37, 37) 1
(37, 38) 2
(37, 39) 3
(38, 3) 1
(38, 5) 1
(38, 6) 1
(38, 7) 2
(38, 9) 1
(38, 10) 2
(38, 12) 1
(38, 13) 2
(38, 17) 1
(38, 25) 1
(38, 27) 1
(38, 29) 1
(38, 30) 3
(38, 31) 5
(38, 34) 2
(38, 35) 37
(38, 36) 218
(38, 37) 4
(38, 38) 5
(38, 39) 1
(39, 0) 1
(39, 2) 1
(39, 3) 2
(39, 4) 1
(39, 5) 1
(39, 7) 1
(39, 9) 2
(39, 12) 1
(39, 22) 2
(39, 26) 1
(39, 28) 1
(39, 29) 1
(39, 30) 1
(39, 32) 3
(39, 33) 9
(39, 34) 5
(39, 35) 5
(39, 36) 843
(39, 37) 8
(39, 39) 1
