(0, 3) 4
(0, 9) 1
(0, 10) 1
(0, 20) 1
(0, 21) 1
(0, 22) 1
(0, 23) 1
(0, 24) 1
(0, 25) 1
(0, 26) 1
(0, 27) 1
(0, 28) 2
(0, 29) 1
(0, 30) 2
(0, 31) 1
(0, 32) 4
(0, 33) 1
(0, 35) 3
(0, 36) 3
(0, 37) 4
(0, 38) 1
(0, 39) 2
(1, 1) 1
(1, 2) 1
(1, 11) 1
(1, 16) 1
(1, 19) 2
(1, 21) 1
(1, 22) 1
(1, 25) 3
(1, 26) 1
(1, 27) 1
(1, 28) 1
(1, 29) 3
(1, 30) 1
(1, 31) 2
(1, 33) 3
(1, 34) 5
(1, 37) 2
(1, 38) 1
(1, 39) 3
(2, 0) 1
(2, 1) 1
(2, 2) 1
(2, 11) 1
(2, 16) 1
(2, 20) 2
(2, 22) 4
(2, 23) 2
(2, 24) 3
(2, 25) 1
(2, 26) 1
(2, 27) 1
(2, 29) 1
(2, 32) 1
(2, 33) 2
(2, 35) 1
(2, 36) 1
(2, 37) 2
(2, 38) 3
(2, 39) 2
(3, 0) 4
(3, 8) 1
(3, 19) 1
(3, 21) 1
(3, 24) 1
(3, 25) 2
(3, 27) 3
(3, 28) 1
(3, 29) 1
(3, 31) 1
(3, 34) 2
(3, 38) 1
(3, 39) 1
(4, 4) 9
(4, 5) 20
(4, 6) 1
(4, 9) 1
(4, 20) 1
(4, 22) 1
(4, 23) 1
(4, 25) 1
(4, 28) 1
(4, 29) 2
(4, 30) 3
(4, 31) 3
(4, 33) 1
(4, 34) 1
(4, 35) 1
(4, 37) 2
(4, 39) 4
(5, 6) 1
(5, 7) 1
(5, 12) 1
(5, 13) 1
(5, 16) 1
(5, 25) 1
(5, 27) 1
(5, 28) 1
(5, 29) 2
(5, 30) 2
(5, 31) 1
(5, 32) 3
(5, 33) 2
(5, 34) 2
(5, 35) 1
(5, 36) 1
(5, 38) 1
(5, 39) 1
(6, 1) 1
(6, 2) 1
(6, 4) 7
(6, 5) 1
(6, 8) 3
(6, 13) 1
(6, 14) 2
(6, 17) 1
(6, 29) 2
(6, 30) 1
(6, 31) 2
(6, 32) 2
(6, 33) 1
(6, 35) 2
(6, 36) 2
(6, 37) 4
(6, 38) 1
(6, 39) 3
(7, 3) 1
(7, 4) 3
(7, 5) 1
(7, 8) 1
(7, 12) 4
(7, 13) 15
(7, 17) 1
(7, 18) 1
(7, 26) 1
(7, 27) 1
(7, 29) 2
(7, 30) 2
(7, 32) 1
(7, 33) 2
(7, 34) 2
(7, 35) 1
(7, 36) 1
(7, 37) 1
(7, 38) 2
(7, 39) 1
(8, 0) 1
(8, 2) 1
(8, 3) 2
(8, 4) 3
(8, 5) 1
(8, 6) 1
(8, 13) 6
(8, 16) 1
(8, 18) 1
(8, 26) 1
(8, 27) 1
(8, 28) 2
(8, 29) 2
(8, 32) 1
(8, 34) 2
(8, 36) 2
(8, 37) 2
(8, 38) 3
(8, 39) 1
(9, 3) 1
(9, 4) 1
(9, 5) 3
(9, 8) 1
(9, 14) 2
(9, 17) 2
(9, 18) 1
(9, 26) 5
(9, 27) 1
(9, 28) 3
(9, 31) 1
(9, 32) 2
(9, 34) 1
(9, 35) 2
(9, 36) 2
(9, 37) 1
(9, 38) 3
(9, 39) 5
(10, 3) 1
(10, 5) 1
(10, 11) 1
(10, 12) 2
(10, 13) 3
(10, 14) 2
(10, 16) 1
(10, 18) 4
(10, 22) 1
(10, 26) 2
(10, 27) 5
(10, 28) 2
(10, 30) 1
(10, 31) 1
(10, 32) 2
(10, 35) 4
(10, 36) 1
(10, 37) 3
(10, 38) 1
(10, 39) 1
(11, 3) 1
(11, 6) 1
(11, 7) 1
(11, 8) 1
(11, 10) 1
(11, 15) 5
(11, 16) 2
(11, 17) 65
(11, 18) 54
(11, 22) 1
(11, 23) 1
(11, 25) 1
(11, 29) 2
(11, 30) 2
(11, 32) 1
(11, 33) 2
(11, 35) 2
(11, 36) 2
(11, 37) 1
(11, 38) 2
(11, 39) 3
(12, 0) 1
(12, 9) 1
(12, 10) 2
(12, 11) 1
(12, 12) 1
(12, 13) 3
(12, 15) 21
(12, 16) 3
(12, 17) 4
(12, 18) 2
(12, 19) 1
(12, 23) 1
(12, 24) 1
(12, 26) 1
(12, 28) 1
(12, 29) 1
(12, 32) 1
(12, 35) 2
(12, 36) 2
(12, 37) 1
(12, 38) 1
(12, 39) 1
(13, 1) 1
(13, 4) 1
(13, 5) 1
(13, 6) 1
(13, 10) 1
(13, 11) 1
(13, 14) 1
(13, 15) 1
(13, 16) 1
(13, 17) 41
(13, 21) 3
(13, 23) 1
(13, 24) 1
(13, 26) 1
(13, 30) 1
(13, 31) 2
(13, 32) 1
(13, 33) 4
(13, 34) 1
(13, 35) 2
(13, 36) 1
(13, 37) 2
(13, 39) 2
(14, 9) 1
(14, 10) 1
(14, 11) 1
(14, 13) 1
(14, 14) 1
(14, 15) 3
(14, 16) 4
(14, 17) 1
(14, 20) 1
(14, 23) 3
(14, 24) 2
(14, 26) 1
(14, 28) 1
(14, 32) 3
(14, 33) 1
(14, 34) 1
(14, 36) 1
(14, 39) 4
(15, 1) 2
(15, 8) 1
(15, 12) 1
(15, 13) 1
(15, 14) 1
(15, 16) 1
(15, 18) 4
(15, 22) 3
(15, 23) 12
(15, 24) 1
(15, 26) 15
(15, 27) 12
(15, 28) 2
(15, 29) 1
(15, 31) 3
(15, 32) 1
(15, 33) 1
(15, 34) 1
(15, 35) 2
(15, 37) 3
(15, 38) 2
(16, 6) 2
(16, 8) 2
(16, 9) 1
(16, 21) 11
(16, 22) 4
(16, 23) 1
(16, 24) 4
(16, 27) 4
(16, 28) 15
(16, 30) 2
(16, 32) 1
(16, 33) 1
(16, 34) 2
(16, 35) 1
(16, 36) 4
(16, 37) 1
(16, 38) 2
(17, 3) 1
(17, 8) 1
(17, 11) 1
(17, 21) 1
(17, 22) 5
(17, 23) 3
(17, 24) 2
(17, 25) 1
(17, 26) 6
(17, 29) 2
(17, 31) 3
(17, 33) 3
(17, 35) 1
(17, 37) 1
(17, 38) 2
(17, 39) 2
(18, 4) 1
(18, 6) 1
(18, 8) 1
(18, 12) 1
(18, 19) 1
(18, 21) 2
(18, 22) 2
(18, 25) 1
(18, 27) 14
(18, 28) 2
(18, 29) 2
(18, 30) 3
(18, 31) 3
(18, 32) 2
(18, 33) 1
(18, 35) 1
(18, 36) 1
(18, 37) 2
(18, 38) 1
(18, 39) 2
(19, 0) 2
(19, 2) 1
(19, 4) 1
(19, 6) 1
(19, 12) 1
(19, 14) 1
(19, 16) 1
(19, 21) 1
(19, 22) 2
(19, 24) 2
(19, 26) 32
(19, 27) 33
(19, 28) 14
(19, 29) 34
(19, 30) 57
(19, 31) 3
(19, 32) 2
(19, 33) 1
(19, 35) 1
(19, 36) 1
(19, 37) 1
(19, 38) 2
(19, 39) 2
(20, 0) 3
(20, 3) 1
(20, 5) 1
(20, 12) 1
(20, 14) 2
(20, 15) 1
(20, 18) 1
(20, 23) 1
(20, 25) 1
(20, 26) 1
(20, 27) 4
(20, 28) 4
(20, 29) 15
(20, 30) 74
(20, 31) 10
(20, 32) 1
(20, 33) 3
(20, 35) 3
(20, 38) 2
(20, 39) 1
(21, 1) 1
(21, 2) 2
(21, 3) 2
(21, 7) 1
(21, 10) 1
(21, 11) 1
(21, 14) 1
(21, 15) 3
(21, 17) 1
(21, 21) 7
(21, 23) 1
(21, 24) 1
(21, 25) 2
(21, 26) 1
(21, 27) 3
(21, 28) 3
(21, 30) 22
(21, 31) 8
(21, 32) 3
(21, 33) 2
(21, 34) 1
(21, 35) 1
(21, 36) 1
(21, 37) 3
(21, 38) 2
(21, 39) 3
(22, 0) 4
(22, 1) 1
(22, 2) 2
(22, 5) 1
(22, 7) 2
(22, 8) 1
(22, 13) 1
(22, 14) 2
(22, 15) 2
(22, 16) 1
(22, 17) 1
(22, 18) 1
(22, 21) 6
(22, 23) 1
(22, 26) 1
(22, 27) 6
(22, 28) 4
(22, 29) 38
(22, 30) 29
(22, 31) 24
(22, 32) 23
(22, 33) 6
(22, 34) 1
(22, 35) 1
(22, 36) 1
(22, 37) 1
(22, 38) 1
(22, 39) 2
(23, 0) 2
(23, 1) 2
(23, 2) 2
(23, 4) 2
(23, 6) 3
(23, 8) 6
(23, 9) 2
(23, 11) 8
(23, 12) 1
(23, 13) 1
(23, 15) 2
(23, 16) 3
(23, 17) 1
(23, 19) 1
(23, 20) 5
(23, 21) 1
(23, 22) 2
(23, 23) 1
(23, 24) 1
(23, 25) 4
(23, 26) 2
(23, 27) 2
(23, 28) 5
(23, 29) 2
(23, 30) 8
(23, 31) 11
(23, 32) 1
(23, 33) 2
(23, 34) 3
(23, 36) 1
(23, 37) 1
(23, 38) 3
(24, 0) 2
(24, 1) 1
(24, 2) 3
(24, 6) 5
(24, 9) 3
(24, 10) 1
(24, 11) 1
(24, 13) 2
(24, 15) 1
(24, 19) 1
(24, 22) 2
(24, 25) 2
(24, 26) 4
(24, 27) 3
(24, 28) 2
(24, 29) 6
(24, 30) 7
(24, 31) 15
(24, 32) 16
(24, 33) 24
(24, 34) 2
(24, 36) 2
(24, 39) 1
(25, 0) 2
(25, 1) 1
(25, 2) 1
(25, 3) 2
(25, 4) 1
(25, 5) 4
(25, 6) 1
(25, 8) 1
(25, 10) 3
(25, 11) 1
(25, 13) 1
(25, 15) 2
(25, 16) 1
(25, 17) 2
(25, 19) 1
(25, 20) 3
(25, 22) 1
(25, 23) 2
(25, 24) 1
(25, 25) 1
(25, 26) 2
(25, 27) 1
(25, 28) 2
(25, 29) 2
(25, 30) 4
(25, 31) 1
(25, 32) 15
(25, 33) 12
(25, 34) 5
(25, 35) 1
(25, 36) 1
(25, 37) 1
(25, 38) 2
(25, 39) 2
(26, 0) 1
(26, 1) 2
(26, 2) 5
(26, 4) 2
(26, 5) 3
(26, 7) 2
(26, 9) 3
(26, 11) 1
(26, 12) 3
(26, 13) 1
(26, 15) 2
(26, 16) 2
(26, 17) 1
(26, 18) 2
(26, 19) 1
(26, 20) 1
(26, 22) 1
(26, 23) 2
(26, 24) 3
(26, 25) 2
(26, 26) 3
(26, 27) 1
(26, 28) 2
(26, 31) 2
(26, 32) 8
(26, 33) 28
(26, 34) 2
(26, 35) 3
(26, 38) 1
(27, 0) 1
(27, 1) 3
(27, 3) 1
(27, 5) 2
(27, 7) 1
(27, 9) 1
(27, 10) 1
(27, 11) 1
(27, 13) 1
(27, 14) 1
(27, 15) 1
(27, 16) 1
(27, 17) 2
(27, 18) 2
(27, 19) 2
(27, 20) 2
(27, 22) 1
(27, 23) 2
(27, 24) 2
(27, 25) 3
(27, 26) 2
(27, 27) 4
(27, 28) 3
(27, 29) 3
(27, 30) 2
(27, 31) 27
(27, 32) 20
(27, 33) 8
(27, 34) 7
(27, 35) 1
(27, 36) 1
(27, 37) 1
(27, 39) 1
(28, 0) 2
(28, 1) 2
(28, 2) 1
(28, 3) 1
(28, 4) 2
(28, 5) 2
(28, 6) 1
(28, 8) 1
(28, 9) 2
(28, 10) 1
(28, 11) 3
(28, 12) 1
(28, 13) 1
(28, 14) 3
(28, 15) 3
(28, 16) 2
(28, 18) 1
(28, 20) 3
(28, 22) 1
(28, 23) 2
(28, 24) 1
(28, 25) 1
(28, 26) 5
(28, 27) 3
(28, 28) 6
(28, 29) 2
(28, 30) 7
(28, 31) 13
(28, 32) 25
(28, 33) 2
(28, 34) 4
(28, 35) 4
(28, 36) 3
(28, 37) 3
(28, 39) 1
(29, 0) 1
(29, 2) 1
(29, 4) 1
(29, 5) 3
(29, 6) 1
(29, 7) 2
(29, 8) 2
(29, 9) 2
(29, 10) 1
(29, 11) 2
(29, 13) 1
(29, 14) 1
(29, 15) 2
(29, 16) 2
(29, 18) 1
(29, 19) 1
(29, 20) 4
(29, 22) 2
(29, 23) 2
(29, 24) 1
(29, 25) 1
(29, 26) 3
(29, 28) 6
(29, 29) 1
(29, 30) 18
(29, 31) 27
(29, 32) 18
(29, 33) 2
(29, 34) 3
(29, 35) 4
(29, 37) 2
(29, 38) 2
(29, 39) 1
(30, 2) 1
(30, 3) 1
(30, 5) 4
(30, 6) 1
(30, 7) 1
(30, 8) 2
(30, 9) 2
(30, 10) 4
(30, 11) 1
(30, 12) 1
(30, 13) 1
(30, 14) 2
(30, 15) 4
(30, 16) 3
(30, 18) 2
(30, 20) 2
(30, 21) 1
(30, 22) 3
(30, 23) 3
(30, 24) 1
(30, 25) 3
(30, 26) 3
(30, 27) 5
(30, 28) 3
(30, 29) 3
(30, 30) 30
(30, 31) 32
(30, 32) 4
(30, 33) 2
(30, 34) 2
(30, 35) 3
(30, 36) 5
(30, 37) 5
(30, 38) 2
(30, 39) 1
(31, 0) 2
(31, 1) 1
(31, 4) 2
(31, 5) 2
(31, 6) 2
(31, 7) 2
(31, 8) 1
(31, 9) 3
(31, 11) 3
(31, 13) 2
(31, 15) 2
(31, 16) 4
(31, 19) 2
(31, 20) 2
(31, 21) 3
(31, 22) 4
(31, 23) 1
(31, 24) 2
(31, 25) 3
(31, 26) 3
(31, 27) 4
(31, 28) 4
(31, 29) 3
(31, 30) 7
(31, 31) 40
(31, 32) 3
(31, 33) 4
(31, 34) 5
(31, 35) 1
(31, 36) 3
(31, 37) 3
(31, 39) 2
(32, 0) 1
(32, 1) 1
(32, 3) 1
(32, 4) 2
(32, 5) 3
(32, 6) 2
(32, 7) 1
(32, 8) 1
(32, 10) 3
(32, 11) 3
(32, 12) 4
(32, 13) 3
(32, 15) 2
(32, 16) 3
(32, 17) 2
(32, 18) 1
(32, 19) 1
(32, 20) 1
(32, 21) 5
(32, 22) 3
(32, 23) 2
(32, 24) 2
(32, 25) 3
(32, 26) 5
(32, 27) 4
(32, 29) 2
(32, 30) 8
(32, 31) 14
(32, 32) 7
(32, 33) 2
(32, 34) 6
(32, 35) 1
(32, 36) 5
(32, 37) 2
(32, 38) 5
(32, 39) 1
(33, 0) 3
(33, 2) 2
(33, 3) 1
(33, 5) 2
(33, 6) 1
(33, 7) 2
(33, 9) 4
(33, 10) 2
(33, 11) 1
(33, 13) 8
(33, 14) 4
(33, 15) 1
(33, 16) 1
(33, 17) 4
(33, 18) 2
(33, 19) 2
(33, 21) 2
(33, 22) 1
(33, 23) 3
(33, 24) 2
(33, 25) 3
(33, 26) 2
(33, 27) 4
(33, 28) 3
(33, 29) 4
(33, 30) 20
(33, 31) 33
(33, 32) 6
(33, 34) 4
(33, 35) 7
(33, 36) 2
(33, 37) 2
(33, 38) 1
(33, 39) 1
(34, 0) 1
(34, 4) 1
(34, 5) 2
(34, 6) 1
(34, 7) 2
(34, 8) 3
(34, 10) 3
(34, 11) 2
(34, 12) 2
(34, 13) 3
(34, 14) 4
(34, 15) 1
(34, 16) 4
(34, 19) 1
(34, 20) 1
(34, 21) 2
(34, 23) 2
(34, 24) 3
(34, 25) 1
(34, 26) 1
(34, 27) 3
(34, 28) 4
(34, 29) 8
(34, 30) 92
(34, 31) 8
(34, 32) 7
(34, 33) 5
(34, 34) 3
(34, 35) 2
(34, 36) 2
(34, 37) 2
(34, 38) 1
(34, 39) 6
(35, 0) 3
(35, 1) 2
(35, 2) 2
(35, 3) 2
(35, 4) 1
(35, 5) 2
(35, 6) 1
(35, 8) 2
(35, 9) 4
(35, 10) 5
(35, 11) 1
(35, 12) 3
(35, 13) 1
(35, 14) 2
(35, 15) 5
(35, 16) 1
(35, 17) 2
(35, 18) 2
(35, 20) 2
(35, 21) 2
(35, 22) 7
(35, 23) 3
(35, 24) 1
(35, 25) 1
(35, 26) 4
(35, 27) 3
(35, 28) 1
(35, 29) 4
(35, 30) 38
(35, 31) 7
(35, 32) 5
(35, 33) 4
(35, 34) 7
(35, 35) 4
(35, 36) 1
(35, 37) 1
(35, 38) 1
(35, 39) 3
(36, 0) 2
(36, 1) 3
(36, 3) 3
(36, 4) 2
(36, 5) 1
(36, 6) 2
(36, 7) 3
(36, 8) 3
(36, 9) 4
(36, 10) 2
(36, 11) 2
(36, 14) 4
(36, 15) 3
(36, 16) 1
(36, 17) 2
(36, 18) 3
(36, 19) 7
(36, 20) 3
(36, 21) 6
(36, 22) 3
(36, 23) 2
(36, 24) 5
(36, 25) 4
(36, 26) 4
(36, 27) 1
(36, 28) 2
(36, 29) 4
(36, 30) 75
(36, 31) 15
(36, 32) 9
(36, 33) 9
(36, 34) 3
(36, 35) 3
(36, 36) 4
(36, 37) 2
(36, 38) 2
(36, 39) 5
(37, 0) 1
(37, 1) 2
(37, 2) 3
(37, 3) 1
(37, 4) 1
(37, 5) 2
(37, 7) 5
(37, 8) 3
(37, 9) 2
(37, 10) 2
(37, 12) 1
(37, 14) 2
(37, 15) 2
(37, 16) 4
(37, 17) 1
(37, 18) 8
(37, 19) 4
(37, 20) 1
(37, 21) 2
(37, 22) 9
(37, 23) 9
(37, 24) 5
(37, 25) 3
(37, 26) 6
(37, 28) 5
(37, 29) 2
(37, 30) 32
(37, 31) 115
(37, 32) 2
(37, 33) 7
(37, 34) 3
(37, 35) 8
(37, 36) 5
(37, 37) 7
(37, 38) 5
(37, 39) 3
(38, 0) 2
(38, 1) 1
(38, 2) 2
(38, 3) 5
(38, 4) 1
(38, 5) 1
(38, 6) 2
(38, 7) 2
(38, 9) 3
(38, 11) 3
(38, 14) 3
(38, 15) 2
(38, 16) 2
(38, 17) 6
(38, 18) 3
(38, 19) 2
(38, 20) 2
(38, 21) 6
(38, 22) 2
(38, 23) 2
(38, 24) 1
(38, 25) 4
(38, 26) 1
(38, 28) 3
(38, 29) 2
(38, 30) 21
(38, 31) 27
(38, 32) 6
(38, 33) 6
(38, 34) 5
(38, 35) 8
(38, 36) 5
(38, 37) 4
(38, 38) 4
(38, 39) 7
(39, 0) 3
(39, 1) 1
(39, 2) 3
(39, 3) 1
(39, 4) 1
(39, 5) 2
(39, 6) 2
(39, 7) 1
(39, 8) 2
(39, 9) 4
(39, 10) 5
(39, 11) 3
(39, 12) 1
(39, 13) 2
(39, 14) 2
(39, 15) 4
(39, 16) 6
(39, 17) 1
(39, 18) 7
(39, 19) 4
(39, 20) 3
(39, 21) 1
(39, 22) 3
(39, 23) 1
(39, 24) 5
(39, 25) 1
(39, 26) 2
(39, 27) 2
(39, 28) 4
(39, 29) 3
(39, 30) 3
(39, 31) 20
(39, 32) 29
(39, 33) 19
(39, 34) 40
(39, 35) 27
(39, 36) 66
(39, 37) 13
(39, 38) 10
(39, 39) 25
