(0, 0) 3
(0, 1) 2
(0, 2) 1
(0, 5) 1
(0, 6) 3
(0, 7) 82
(0, 9) 2
(0, 12) 1
(0, 14) 1
(0, 17) 1
(0, 18) 1
(0, 27) 1
(0, 33) 1
(0, 34) 1
(1, 0) 2
(1, 1) 1
(1, 2) 1
(1, 3) 1
(1, 6) 2
(1, 27) 1
(1, 28) 1
(1, 30) 1
(1, 31) 3
(1, 32) 1
(1, 33) 1
(1, 34) 1
(1, 35) 2
(1, 36) 1
(2, 0) 1
(2, 1) 2
(2, 4) 3
(2, 5) 1
(2, 7) 1
(2, 9) 1
(2, 11) 1
(2, 14) 1
(2, 20) 1
(2, 27) 1
(2, 30) 3
(2, 31) 4
(2, 34) 1
(2, 35) 1
(2, 36) 1
(2, 37) 1
(3, 0) 1
(3, 1) 1
(3, 3) 2
(3, 5) 18
(3, 6) 2
(3, 25) 1
(3, 26) 1
(3, 28) 1
(3, 29) 2
(3, 30) 1
(3, 31) 2
(3, 32) 1
(3, 33) 3
(3, 34) 1
(3, 35) 2
(3, 36) 1
(3, 38) 1
(3, 39) 1
(4, 2) 2
(4, 3) 1
(4, 12) 1
(4, 25) 1
(4, 26) 1
(4, 27) 1
(4, 32) 2
(4, 33) 3
(4, 35) 5
(4, 36) 1
(4, 37) 3
(4, 38) 4
(4, 39) 2
(5, 0) 3
(5, 1) 1
(5, 2) 1
(5, 6) 1
(5, 7) 2
(5, 27) 2
(5, 28) 1
(5, 30) 1
(5, 31) 1
(5, 33) 1
(5, 35) 2
(5, 38) 1
(5, 39) 1
(6, 0) 1
(6, 1) 1
(6, 2) 1
(6, 7) 2
(6, 26) 1
(6, 28) 2
(6, 30) 2
(6, 32) 1
(6, 34) 1
(6, 37) 1
(6, 38) 1
(6, 39) 1
(7, 0) 1
(7, 1) 1
(7, 2) 3
(7, 4) 1
(7, 6) 1
(7, 31) 1
(7, 33) 3
(7, 35) 2
(7, 37) 1
(8, 24) 1
(8, 31) 1
(8, 32) 2
(8, 33) 2
(8, 34) 1
(8, 35) 2
(8, 37) 1
(8, 38) 1
(8, 39) 1
(9, 0) 2
(9, 1) 1
(9, 7) 1
(9, 17) 1
(9, 30) 2
(9, 33) 1
(9, 34) 1
(9, 36) 2
(10, 0) 1
(10, 1) 2
(10, 2) 2
(10, 3) 1
(10, 10) 2
(10, 16) 1
(10, 21) 1
(10, 32) 2
(10, 33) 3
(10, 36) 1
(10, 39) 1
(11, 0) 1
(11, 2) 1
(11, 3) 1
(11, 4) 1
(11, 8) 1
(11, 21) 2
(11, 28) 1
(11, 33) 3
(11, 34) 4
(11, 37) 2
(11, 38) 1
(12, 0) 1
(12, 2) 2
(12, 3) 1
(12, 5) 2
(12, 7) 2
(12, 9) 1
(12, 28) 1
(12, 34) 2
(12, 37) 2
(12, 38) 3
(12, 39) 1
(13, 1) 1
(13, 2) 1
(13, 3) 1
(13, 4) 1
(13, 8) 2
(13, 35) 1
(13, 36) 2
(13, 37) 3
(13, 38) 1
(13, 39) 1
(14, 2) 1
(14, 3) 2
(14, 4) 1
(14, 6) 1
(14, 8) 1
(14, 15) 1
(14, 30) 3
(14, 32) 1
(14, 36) 3
(14, 37) 1
(15, 3) 2
(15, 5) 1
(15, 6) 1
(15, 8) 1
(15, 18) 1
(15, 21) 6
(15, 36) 1
(15, 38) 1
(16, 0) 1
(16, 3) 1
(16, 4) 1
(16, 5) 1
(16, 6) 1
(16, 11) 1
(16, 31) 1
(16, 32) 1
(16, 36) 1
(16, 38) 1
(16, 39) 1
(17, 5) 2
(17, 6) 1
(17, 12) 1
(17, 19) 1
(17, 29) 1
(17, 36) 1
(18, 5) 1
(18, 6) 1
(18, 10) 1
(18, 27) 6
(18, 28) 1
(18, 30) 1
(18, 36) 1
(18, 37) 2
(18, 38) 2
(18, 39) 1
(19, 3) 1
(19, 5) 1
(19, 6) 1
(19, 7) 1
(19, 8) 1
(19, 12) 1
(19, 26) 2
(19, 30) 3
(19, 36) 1
(19, 37) 1
(19, 38) 1
(19, 39) 2
(20, 3) 1
(20, 4) 1
(20, 5) 1
(20, 7) 2
(20, 25) 2
(20, 29) 1
(20, 37) 2
(20, 39) 1
(21, 5) 1
(21, 6) 3
(21, 7) 1
(21, 12) 1
(21, 14) 1
(21, 22) 1
(21, 25) 1
(21, 26) 1
(21, 27) 1
(21, 34) 1
(22, 5) 2
(22, 7) 1
(22, 18) 1
(22, 19) 1
(22, 24) 1
(22, 25) 1
(22, 26) 1
(22, 35) 2
(22, 36) 1
(22, 38) 1
(23, 2) 1
(23, 4) 1
(23, 7) 1
(23, 16) 1
(23, 23) 1
(23, 24) 1
(23, 31) 139
(23, 34) 1
(23, 35) 1
(23, 39) 1
(24, 6) 1
(24, 7) 1
(24, 10) 1
(24, 13) 1
(24, 15) 1
(24, 17) 2
(24, 18) 2
(24, 20) 1
(24, 23) 2
(24, 31) 10
(24, 32) 3
(24, 35) 1
(24, 39) 1
(25, 2) 3
(25, 4) 1
(25, 7) 1
(25, 8) 1
(25, 9) 1
(25, 12) 1
(25, 14) 1
(25, 18) 1
(25, 22) 1
(25, 25) 1
(25, 31) 11
(25, 32) 2
(25, 33) 2
(25, 34) 1
(25, 36) 1
(25, 39) 1
(26, 4) 1
(26, 6) 1
(26, 8) 1
(26, 9) 1
(26, 13) 2
(26, 15) 1
(26, 16) 1
(26, 17) 1
(26, 20) 1
(26, 22) 1
(26, 24) 1
(26, 26) 1
(26, 30) 1
(26, 31) 5
(26, 32) 12
(26, 34) 2
(26, 36) 1
(26, 38) 1
(26, 39) 1
(27, 0) 1
(27, 2) 1
(27, 3) 5
(27, 4) 1
(27, 6) 1
(27, 7) 1
(27, 8) 1
(27, 9) 1
(27, 12) 2
(27, 13) 3
(27, 15) 1
(27, 18) 1
(27, 20) 1
(27, 22) 1
(27, 23) 1
(27, 25) 1
(27, 26) 1
(27, 33) 16
(27, 36) 2
(28, 2) 1
(28, 3) 1
(28, 4) 2
(28, 5) 2
(28, 6) 1
(28, 7) 2
(28, 8) 1
(28, 9) 2
(28, 13) 1
(28, 14) 2
(28, 15) 1
(28, 16) 3
(28, 17) 1
(28, 19) 1
(28, 22) 2
(28, 23) 2
(28, 25) 1
(28, 32) 15
(28, 37) 2
(28, 38) 1
(29, 0) 2
(29, 1) 3
(29, 2) 1
(29, 3) 2
(29, 4) 3
(29, 5) 1
(29, 6) 2
(29, 7) 1
(29, 12) 1
(29, 13) 1
(29, 15) 1
(29, 16) 1
(29, 18) 1
(29, 20) 1
(29, 22) 1
(29, 23) 1
(29, 24) 1
(29, 26) 2
(29, 30) 8
(29, 31) 8
(29, 36) 1
(29, 37) 1
(29, 39) 2
(30, 0) 1
(30, 1) 3
(30, 2) 3
(30, 3) 4
(30, 4) 1
(30, 5) 1
(30, 6) 1
(30, 7) 2
(30, 8) 2
(30, 10) 3
(30, 12) 4
(30, 13) 1
(30, 15) 1
(30, 16) 1
(30, 17) 1
(30, 20) 2
(30, 22) 2
(30, 23) 1
(30, 25) 1
(30, 30) 4
(30, 32) 1
(30, 33) 1
(30, 35) 1
(30, 36) 2
(30, 38) 1
(31, 2) 3
(31, 3) 2
(31, 4) 1
(31, 9) 1
(31, 10) 1
(31, 11) 3
(31, 14) 1
(31, 16) 3
(31, 18) 4
(31, 19) 1
(31, 22) 1
(31, 23) 1
(31, 24) 2
(31, 27) 1
(31, 30) 10
(31, 31) 24
(31, 34) 1
(31, 38) 1
(31, 39) 1
(32, 1) 1
(32, 2) 2
(32, 3) 2
(32, 4) 1
(32, 7) 3
(32, 8) 2
(32, 9) 3
(32, 10) 2
(32, 11) 1
(32, 12) 2
(32, 13) 1
(32, 18) 2
(32, 19) 2
(32, 20) 1
(32, 22) 1
(32, 25) 1
(32, 29) 1
(32, 30) 7
(32, 31) 1
(32, 32) 2
(32, 33) 2
(32, 34) 2
(32, 35) 1
(32, 36) 2
(32, 39) 2
(33, 0) 1
(33, 1) 3
(33, 2) 1
(33, 3) 4
(33, 4) 2
(33, 5) 1
(33, 6) 2
(33, 8) 1
(33, 9) 1
(33, 10) 2
(33, 11) 1
(33, 12) 1
(33, 13) 1
(33, 15) 2
(33, 16) 1
(33, 21) 2
(33, 24) 2
(33, 26) 1
(33, 27) 1
(33, 30) 13
(33, 31) 13
(33, 32) 1
(33, 34) 1
(33, 37) 3
(33, 38) 2
(33, 39) 6
(34, 1) 1
(34, 4) 1
(34, 6) 1
(34, 7) 1
(34, 10) 3
(34, 12) 1
(34, 14) 1
(34, 15) 1
(34, 18) 2
(34, 22) 1
(34, 23) 2
(34, 24) 1
(34, 25) 2
(34, 30) 24
(34, 31) 5
(34, 33) 2
(34, 36) 1
(34, 37) 1
(34, 38) 1
(34, 39) 2
(35, 2) 2
(35, 3) 1
(35, 6) 1
(35, 7) 1
(35, 8) 1
(35, 9) 1
(35, 10) 1
(35, 11) 1
(35, 12) 2
(35, 13) 1
(35, 17) 1
(35, 21) 1
(35, 22) 1
(35, 24) 1
(35, 26) 1
(35, 27) 1
(35, 30) 1
(35, 31) 10
(35, 33) 1
(35, 36) 2
(35, 38) 3
(35, 39) 1
(36, 4) 1
(36, 9) 1
(36, 11) 2
(36, 12) 2
(36, 13) 1
(36, 14) 1
(36, 20) 1
(36, 24) 1
(36, 26) 1
(36, 28) 1
(36, 31) 1
(36, 32) 2
(36, 33) 1
(36, 36) 1
(36, 37) 1
(36, 38) 1
(37, 0) 1
(37, 1) 2
(37, 2) 2
(37, 3) 1
(37, 4) 1
(37, 5) 1
(37, 7) 1
(37, 9) 3
(37, 11) 1
(37, 12) 2
(37, 13) 2
(37, 17) 1
(37, 20) 1
(37, 23) 1
(37, 27) 1
(37, 30) 10
(37, 31) 2
(37, 34) 1
(37, 38) 1
(37, 39) 1
(38, 1) 1
(38, 3) 1
(38, 4) 2
(38, 5) 2
(38, 6) 1
(38, 7) 2
(38, 8) 2
(38, 9) 1
(38, 10) 1
(38, 11) 2
(38, 13) 1
(38, 14) 2
(38, 16) 1
(38, 19) 1
(38, 24) 1
(38, 26) 1
(38, 28) 1
(38, 30) 2
(38, 31) 5
(38, 37) 2
(39, 1) 2
(39, 3) 2
(39, 6) 1
(39, 7) 1
(39, 8) 3
(39, 12) 1
(39, 13) 2
(39, 14) 3
(39, 17) 1
(39, 18) 1
(39, 20) 2
(39, 21) 1
(39, 22) 1
(39, 23) 1
(39, 26) 1
(39, 32) 3
(39, 33) 9
(39, 35) 2
(39, 36) 12
(39, 37) 11
(39, 38) 3
(39, 39) 4
