0 112712 112712
1 112740 112740
2 112740 112740
3 112740 112740
4 112740 112740
5 112740 112740
6 112740 112740
7 112740 112740
8 112740 112740
9 112740 112740
10 112740 112740
11 112740 112740
12 112740 112740
13 112740 112740
14 112740 112740
15 112740 112740
16 112740 112740
17 112740 112740
18 112740 112740
19 112740 112740
20 112740 112740
21 112752 112752
22 113232 113232
23 113064 113064
24 113064 113064
25 113064 113064
26 113064 113064
27 113064 113064
28 113064 113064
29 113064 113064
30 113064 113064
31 113196 113196
32 113348 113348
33 113700 113700
34 114448 114448
35 114448 114448
36 114448 114448
37 114448 114448
38 114448 114448
39 114448 114448
40 114448 114448
41 114448 114448
42 114476 114476
43 114728 114728
44 114980 114980
45 115036 115036
46 115120 115120
47 115300 115300
48 115320 115320
49 115368 115368
50 115532 115532
51 115532 115532
52 115620 115620
53 115744 115744
54 115844 115844
55 115948 115948
56 116172 116172
57 116172 116172
58 116532 116532
59 116364 116364
60 116364 116364
61 116392 116392
62 116464 116464
63 117260 117260
64 116812 116812
65 116812 116812
66 116812 116812
67 117128 117128
68 118156 118156
69 118468 118468
70 118964 118964
71 118964 118964
72 118964 118964
73 118964 118964
74 119000 119000
75 119000 119000
76 119220 119220
77 119588 119588
78 119800 119800
79 119848 119848
80 120036 120036
81 120368 120368
82 120476 120476
83 120568 120568
84 120676 120676
85 120712 120712
86 120712 120712
87 120788 120788
88 120956 120956
89 120996 120996
90 120996 120996
91 120996 120996
92 120996 120996
93 120996 120996
94 120996 120996
95 120996 120996
96 120996 120996
97 120996 120996
98 120996 120996
99 120996 120996
100 120996 120996
101 120996 120996
102 120996 120996
103 120996 120996
104 120996 120996
105 121080 121080
106 121276 121276
107 121276 121276
108 121236 121236
109 121236 121236
110 121236 121236
111 121236 121236
112 121236 121236
113 121236 121236
114 121404 121404
115 121320 121320
116 121516 121516
117 121572 121572
118 121628 121628
119 121740 121740
120 121824 121824
121 121852 121852
122 121824 121824
123 121840 121840
124 121840 121840
125 121932 121932
126 122072 122072
127 122128 122128
128 122184 122184
129 122800 122800
130 122856 122856
131 122884 122884
132 123116 123116
133 123284 123284
134 123396 123396
135 123436 123436
136 123500 123500
137 123528 123528
138 123556 123556
139 123596 123596
140 124064 124064
141 124876 124876
142 126024 126024
143 125280 125280
144 125952 125952
145 126988 126988
146 126176 126176
147 126204 126204
148 126264 126264
149 126376 126376
150 126476 126476
151 126532 126532
152 126532 126532
153 126560 126560
154 126560 126560
155 126560 126560
156 126560 126560
157 126560 126560
158 126560 126560
159 126560 126560
160 127648 127648
161 127676 127676
162 127676 127676
163 127704 127704
164 127704 127704
165 127704 127704
166 127744 127744
167 127828 127828
168 127968 127968
169 128052 128052
170 128108 128108
171 128164 128164
172 128248 128248
173 128276 128276
174 128332 128332
175 128192 128192
176 128192 128192
177 128192 128192
178 128920 128920
179 129560 129560
180 129516 129516
181 129404 129404
182 129232 129232
183 129604 129604
184 129284 129284
185 129460 129460
186 129220 129220
187 129056 129056
188 129552 129552
189 129596 129596
190 129208 129208
191 129088 129088
192 129556 129556
193 129396 129396
194 128980 128980
195 129232 129232
196 129556 129556
197 129520 129520
198 129340 129340
199 128784 128784
200 129036 129036
201 129476 129476
202 129196 129196
203 128532 128532
204 128532 128532
205 128572 128572
206 128656 128656
207 128764 128764
208 128764 128764
209 128788 128788
210 129032 129032
211 129268 129268
212 129148 129148
213 128884 128884
214 129072 129072
215 129112 129112
216 129204 129204
217 129184 129184
218 128960 128960
219 128708 128708
220 128792 128792
221 128792 128792
222 128828 128828
223 128828 128828
224 128828 128828
225 128828 128828
226 128852 128852
227 128864 128864
228 128864 128864
229 122592 122592
230 122592 122592
231 122592 122592
232 122900 122900
233 122592 122592
234 122592 122592
235 122592 122592
236 122592 122592
237 122592 122592
238 122620 122620
239 122704 122704
240 122704 122704
241 122704 122704
242 122704 122704
243 123180 123180
244 122704 122704
245 122704 122704
246 122704 122704
247 122704 122704
248 122704 122704
249 122704 122704
250 122704 122704
251 122704 122704
252 122716 122716
253 122716 122716
254 122728 122728
255 122740 122740
256 122776 122776
257 122776 122776
258 122776 122776
259 122776 122776
260 122776 122776
261 122860 122860
262 122860 122860
263 122860 122860
264 122884 122884
265 123332 123332
266 122968 122968
267 122980 122980
268 122980 122980
269 122980 122980
270 122980 122980
271 122980 122980
272 122980 122980
273 122980 122980
274 122980 122980
275 122980 122980
276 122980 122980
277 122980 122980
278 122980 122980
279 122980 122980
280 123148 123148
281 122980 122980
282 122980 122980
283 122980 122980
284 122980 122980
285 122980 122980
286 122980 122980
287 122980 122980
288 122980 122980
289 122980 122980
290 122980 122980
291 123020 123020
292 123020 123020
293 123020 123020
294 123044 123044
295 123044 123044
296 123044 123044
297 123044 123044
298 123044 123044
299 123016 123016
300 123016 123016
301 123016 123016
302 123016 123016
303 123016 123016
304 123016 123016
305 123016 123016
306 123016 123016
307 123016 123016
308 123016 123016
309 123016 123016
310 123016 123016
311 123016 123016
312 123016 123016
313 123016 123016
314 123016 123016
315 123028 123028
316 123028 123028
317 123028 123028
318 123028 123028
319 123028 123028
320 123028 123028
321 123028 123028
322 123028 123028
323 123028 123028
324 123028 123028
325 123028 123028
326 123028 123028
327 123028 123028
328 123028 123028
329 123028 123028
330 123028 123028
331 123028 123028
332 123028 123028
333 123028 123028
334 123028 123028
335 123028 123028
336 123420 123420
337 123188 123188
338 123188 123188
339 123188 123188
340 123188 123188
341 123188 123188
342 123188 123188
343 123236 123236
344 123308 123308
345 123308 123308
346 123308 123308
347 123308 123308
348 123308 123308
349 123308 123308
350 123308 123308
351 123308 123308
352 123308 123308
353 123308 123308
354 123308 123308
355 123308 123308
356 123308 123308
357 123276 123276
358 123276 123276
359 123276 123276
360 123276 123276
361 123276 123276
362 123276 123276
363 123276 123276
364 123276 123276
365 123276 123276
366 123276 123276
367 123276 123276
368 123276 123276
369 123276 123276
370 123276 123276
371 123276 123276
372 123276 123276
373 123276 123276
374 123276 123276
375 123276 123276
376 123276 123276
377 123276 123276
378 123276 123276
379 123276 123276
380 123276 123276
381 123276 123276
382 123276 123276
383 123276 123276
384 123276 123276
385 123276 123276
386 123276 123276
387 123276 123276
388 123276 123276
389 123276 123276
390 123276 123276
391 123276 123276
392 123276 123276
393 123276 123276
394 123276 123276
395 123276 123276
396 123276 123276
397 123276 123276
398 123276 123276
399 123360 123360
400 123304 123304
401 123304 123304
402 123304 123304
403 123304 123304
404 123304 123304
405 123304 123304
406 123304 123304
407 123304 123304
408 123304 123304
409 123304 123304
410 123304 123304
411 123304 123304
412 123304 123304
413 123304 123304
414 123304 123304
415 123264 123264
416 123264 123264
417 123264 123264
418 123264 123264
419 123264 123264
420 123264 123264
421 123264 123264
422 123264 123264
423 123264 123264
424 123264 123264
425 123264 123264
426 123264 123264
427 123264 123264
428 123264 123264
429 123324 123324
430 123324 123324
431 123324 123324
432 123324 123324
433 123324 123324
434 123324 123324
435 123324 123324
436 123324 123324
437 123324 123324
438 123324 123324
439 123324 123324
440 123324 123324
441 123324 123324
442 123324 123324
443 123324 123324
444 123324 123324
445 123324 123324
446 123748 123748
447 124324 124324
448 124864 124864
449 124864 124864
450 124864 124864
451 124864 124864
452 124864 124864
453 124864 124864
454 124864 124864
455 124864 124864
456 125564 125564
457 125564 125564
458 124940 124940
459 124940 124940
460 124940 124940
461 124940 124940
462 125304 125304
463 125304 125304
464 125304 125304
465 125304 125304
466 125304 125304
467 125304 125304
468 125304 125304
469 125304 125304
470 125512 125512
471 125520 125520
472 125520 125520
473 125604 125604
474 125576 125576
475 125576 125576
476 125696 125696
477 125696 125696
478 125696 125696
479 125752 125752
480 125788 125788
481 125788 125788
482 125788 125788
483 125788 125788
484 125812 125812
485 126232 126232
486 127180 127180
487 127944 127944
488 128400 128400
489 128832 128832
490 129332 129332
491 129468 129468
492 129200 129200
493 129128 129128
494 128940 128940
495 129312 129312
496 128800 128800
497 128800 128800
498 129064 129064
499 129244 129244
500 129244 129244
501 129272 129272
502 129320 129320
503 129068 129068
504 128828 128828
505 128828 128828
506 129008 129008
507 129008 129008
508 129132 129132
509 129192 129192
510 129192 129192
511 129192 129192
512 129220 129220
513 129220 129220
514 129220 129220
515 129220 129220
516 129220 129220
517 129192 129192
518 128940 128940
519 128688 128688
520 128688 128688
521 128688 128688
522 128688 128688
523 128716 128716
524 128716 128716
525 128828 128828
526 128828 128828
527 128828 128828
528 128828 128828
529 128940 128940
530 129008 129008
531 129008 129008
532 129008 129008
533 129040 129040
534 129040 129040
535 129040 129040
536 129132 129132
537 128952 128952
538 128804 128804
539 128900 128900
540 128908 128908
541 128908 128908
542 128908 128908
543 128908 128908
544 128764 128764
545 128764 128764
546 128740 128740
547 128740 128740
548 128740 128740
549 128708 128708
550 128692 128692
551 128692 128692
552 128776 128776
553 128888 128888
554 129252 129252
555 128888 128888
556 128888 128888
557 129028 129028
558 129112 129112
559 129196 129196
560 129604 129604
561 128800 128800
562 128800 128800
563 128912 128912
564 128696 128696
565 128696 128696
566 128696 128696
567 128696 128696
568 129456 129456
569 127820 127820
570 127820 127820
571 128184 128184
572 127820 127820
573 127820 127820
574 127820 127820
575 127820 127820
576 127820 127820
577 127820 127820
578 127820 127820
579 127820 127820
580 127820 127820
581 127820 127820
582 127820 127820
583 127820 127820
584 127820 127820
585 127820 127820
586 127820 127820
587 127820 127820
588 127820 127820
589 127820 127820
590 127820 127820
591 127820 127820
592 127820 127820
593 127820 127820
594 127856 127856
595 127856 127856
596 127856 127856
597 127856 127856
598 127856 127856
599 127856 127856
600 127856 127856
601 127856 127856
602 127856 127856
603 127856 127856
604 127856 127856
605 127856 127856
606 127856 127856
607 127792 127792
608 127792 127792
609 127792 127792
610 127792 127792
611 127792 127792
612 127792 127792
613 127792 127792
614 127792 127792
615 127792 127792
616 127792 127792
617 127792 127792
618 127792 127792
619 127792 127792
620 127792 127792
621 127792 127792
622 127792 127792
623 127792 127792
624 127792 127792
625 127792 127792
626 127764 127764
627 127764 127764
628 127764 127764
629 127764 127764
630 127764 127764
631 127876 127876
632 127764 127764
633 128128 128128
634 127808 127808
635 127808 127808
636 127808 127808
637 127808 127808
638 127836 127836
639 127836 127836
640 127836 127836
641 127892 127892
642 127920 127920
643 127948 127948
644 127948 127948
645 127932 127932
646 128156 128156
647 128156 128156
648 128156 128156
649 128184 128184
650 128268 128268
651 128324 128324
652 128380 128380
653 128464 128464
654 128520 128520
655 128548 128548
656 128632 128632
657 128716 128716
658 128744 128744
659 128828 128828
660 128884 128884
661 128912 128912
662 128996 128996
663 129080 129080
664 129108 129108
665 129164 129164
666 129260 129260
667 129068 129068
668 128936 128936
669 128944 128944
670 128832 128832
671 128832 128832
672 128832 128832
673 128832 128832
674 128832 128832
675 128832 128832
676 128832 128832
677 128832 128832
678 128832 128832
679 128832 128832
680 128832 128832
681 128832 128832
682 128832 128832
683 128772 128772
684 128772 128772
685 128772 128772
686 128772 128772
687 128772 128772
688 128772 128772
689 128772 128772
690 128772 128772
691 128772 128772
692 128772 128772
693 128772 128772
694 129136 129136
695 128788 128788
696 128788 128788
697 128816 128816
698 128816 128816
699 128816 128816
700 128816 128816
701 128816 128816
702 128796 128796
703 128796 128796
704 128796 128796
705 128824 128824
706 128824 128824
707 128824 128824
708 128824 128824
709 128824 128824
710 128824 128824
711 128824 128824
712 128824 128824
713 128824 128824
714 128824 128824
715 128824 128824
716 128824 128824
717 128824 128824
718 128824 128824
719 128824 128824
720 128824 128824
721 128852 128852
722 128852 128852
723 128908 128908
724 128908 128908
725 128908 128908
726 128908 128908
727 128908 128908
728 129020 129020
729 129020 129020
730 129020 129020
731 129020 129020
732 129020 129020
733 129020 129020
734 129020 129020
735 129020 129020
736 129020 129020
737 129020 129020
738 129020 129020
739 129020 129020
740 129020 129020
741 129020 129020
742 129348 129348
743 129600 129600
744 128900 128900
745 128804 128804
746 128804 128804
747 128972 128972
748 129336 129336
749 129464 129464
750 129624 129624
751 129404 129404
752 129524 129524
753 127436 127436
754 127436 127436
755 127436 127436
756 127436 127436
757 128108 128108
758 128108 128108
759 128108 128108
760 128092 128092
761 129100 129100
762 129044 129044
763 127420 127420
764 127448 127448
765 127448 127448
766 127448 127448
767 127448 127448
768 127448 127448
769 127448 127448
770 127448 127448
771 127448 127448
772 127448 127448
773 127448 127448
774 127448 127448
775 127448 127448
776 127476 127476
777 127616 127616
778 127616 127616
779 127616 127616
780 127644 127644
781 127616 127616
782 127616 127616
783 127616 127616
784 127616 127616
785 127616 127616
786 127616 127616
787 127616 127616
788 127616 127616
789 127616 127616
790 127616 127616
791 127616 127616
792 127616 127616
793 127616 127616
794 127616 127616
795 127616 127616
796 127616 127616
797 127616 127616
798 127616 127616
799 127588 127588
800 127588 127588
801 127588 127588
802 127588 127588
803 127588 127588
804 127588 127588
805 127588 127588
806 127588 127588
807 127588 127588
808 127588 127588
809 127588 127588
810 127588 127588
811 127588 127588
812 127588 127588
813 127588 127588
814 127588 127588
815 127588 127588
816 127588 127588
817 127588 127588
818 127588 127588
819 127588 127588
820 127588 127588
821 127588 127588
822 127588 127588
823 127588 127588
824 127588 127588
825 127588 127588
826 127588 127588
827 127588 127588
828 127588 127588
829 127588 127588
830 127588 127588
831 127588 127588
832 127588 127588
833 127588 127588
834 127588 127588
835 127588 127588
836 127588 127588
837 127588 127588
838 127556 127556
839 127556 127556
840 127556 127556
841 127556 127556
842 127556 127556
843 127556 127556
844 127556 127556
845 127556 127556
846 127556 127556
847 127556 127556
848 127572 127572
849 127572 127572
850 127880 127880
851 127572 127572
852 127572 127572
853 127572 127572
854 127572 127572
855 127572 127572
856 127572 127572
857 127572 127572
858 127572 127572
859 127572 127572
860 127572 127572
861 127572 127572
862 127572 127572
863 127572 127572
864 127572 127572
865 127656 127656
866 127656 127656
867 127656 127656
868 127656 127656
869 127656 127656
870 127656 127656
871 127656 127656
872 127880 127880
873 127880 127880
874 127880 127880
875 127896 127896
876 127896 127896
877 127896 127896
878 128372 128372
879 127924 127924
880 127924 127924
881 127924 127924
882 127924 127924
883 127924 127924
884 127924 127924
885 127924 127924
886 127924 127924
887 127924 127924
888 127952 127952
889 127952 127952
890 127952 127952
891 127952 127952
892 127952 127952
893 127952 127952
894 128064 128064
895 128008 128008
896 128008 128008
897 128008 128008
898 128008 128008
899 128008 128008
900 128008 128008
901 128008 128008
902 128008 128008
903 128008 128008
904 128008 128008
905 128008 128008
906 128008 128008
907 128008 128008
908 128020 128020
909 128068 128068
910 128204 128204
911 128036 128036
912 128048 128048
913 128076 128076
914 128076 128076
915 128076 128076
916 128076 128076
917 128076 128076
918 128076 128076
919 128076 128076
920 128076 128076
921 128148 128148
922 128148 128148
923 128328 128328
924 128328 128328
925 128328 128328
926 128328 128328
927 128328 128328
928 128328 128328
929 128328 128328
930 128328 128328
931 128328 128328
932 128328 128328
933 128328 128328
934 128328 128328
935 128328 128328
936 128328 128328
937 128328 128328
938 128328 128328
939 128328 128328
940 128328 128328
941 129028 129028
942 129028 129028
943 129028 129028
944 129028 129028
945 129528 129528
946 127700 127700
947 127700 127700
948 127700 127700
949 127700 127700
950 127700 127700
951 127700 127700
952 127700 127700
953 127652 127652
954 127652 127652
955 127652 127652
956 127652 127652
957 127652 127652
958 127652 127652
959 127652 127652
960 127652 127652
961 127652 127652
962 127652 127652
963 127652 127652
964 127652 127652
965 127652 127652
966 127652 127652
967 127652 127652
968 127652 127652
969 127652 127652
970 127652 127652
971 127652 127652
972 127652 127652
973 127652 127652
974 127652 127652
975 127652 127652
976 127652 127652
977 127652 127652
978 127652 127652
979 127652 127652
980 127652 127652
981 127652 127652
982 127652 127652
983 127652 127652
984 127652 127652
985 127652 127652
986 127652 127652
987 127652 127652
988 127652 127652
989 127652 127652
990 127652 127652
991 127652 127652
992 127652 127652
993 127652 127652
994 127652 127652
995 127652 127652
996 127652 127652
997 127652 127652
998 127652 127652
999 127652 127652
1000 127652 127652
1001 127652 127652
1002 127652 127652
1003 127652 127652
1004 127652 127652
1005 127652 127652
1006 127652 127652
1007 127792 127792
1008 128200 128200
1009 127752 127752
1010 127784 127784
1011 127796 127796
1012 127824 127824
1013 127824 127824
1014 127824 127824
1015 127824 127824
1016 127824 127824
1017 127824 127824
1018 127824 127824
1019 127824 127824
1020 127824 127824
1021 127824 127824
1022 127824 127824
1023 127824 127824
1024 127824 127824
1025 127824 127824
1026 127824 127824
1027 127824 127824
1028 127824 127824
1029 127852 127852
1030 127936 127936
1031 127964 127964
1032 127964 127964
1033 128412 128412
1034 128412 128412
1035 128608 128608
1036 128608 128608
1037 128636 128636
1038 128832 128832
1039 129112 129112
1040 129196 129196
1041 129252 129252
1042 129308 129308
1043 129328 129328
1044 129032 129032
1045 129116 129116
1046 128948 128948
1047 128864 128864
1048 128920 128920
1049 128864 128864
1050 128864 128864
1051 128864 128864
1052 128864 128864
1053 128864 128864
1054 128864 128864
1055 128864 128864
1056 128976 128976
1057 129004 129004
1058 129116 129116
1059 129356 129356
1060 129604 129604
1061 129380 129380
1062 129528 129528
1063 129536 129536
1064 129316 129316
1065 129500 129500
1066 128232 128232
1067 128232 128232
1068 128232 128232
1069 128232 128232
1070 128232 128232
1071 128232 128232
1072 128268 128268
1073 128296 128296
1074 128316 128316
1075 128624 128624
1076 128876 128876
1077 128876 128876
1078 128876 128876
1079 128876 128876
1080 128876 128876
1081 128876 128876
1082 128904 128904
1083 128844 128844
1084 128844 128844
1085 128844 128844
1086 128844 128844
1087 128900 128900
1088 128900 128900
1089 128928 128928
1090 129012 129012
1091 129208 129208
1092 128872 128872
1093 128872 128872
1094 128900 128900
1095 128900 128900
1096 128928 128928
1097 128928 128928
1098 128928 128928
1099 129260 129260
1100 128084 128084
1101 127328 127328
1102 127468 127468
1103 127352 127352
1104 127320 127320
1105 127320 127320
1106 127320 127320
1107 127320 127320
1108 127320 127320
1109 127320 127320
1110 127320 127320
1111 127320 127320
1112 127320 127320
1113 127628 127628
1114 127320 127320
1115 127320 127320
1116 127368 127368
1117 127368 127368
1118 127760 127760
1119 127368 127368
1120 127368 127368
1121 127368 127368
1122 127704 127704
1123 127704 127704
1124 127340 127340
1125 127676 127676
1126 127704 127704
1127 127340 127340
1128 127340 127340
1129 127340 127340
1130 127340 127340
1131 127732 127732
1132 127340 127340
1133 127340 127340
1134 127648 127648
1135 127340 127340
1136 127340 127340
1137 127648 127648
1138 127340 127340
1139 127340 127340
1140 127648 127648
1141 127340 127340
1142 127340 127340
1143 127672 127672
1144 127308 127308
1145 127308 127308
1146 127672 127672
1147 127308 127308
1148 127308 127308
1149 127308 127308
1150 127700 127700
1151 127308 127308
1152 127308 127308
1153 127308 127308
1154 127308 127308
1155 127308 127308
1156 127308 127308
1157 127308 127308
1158 127308 127308
1159 127308 127308
1160 127308 127308
1161 127308 127308
1162 127308 127308
1163 127308 127308
1164 127308 127308
1165 127308 127308
1166 127308 127308
1167 127308 127308
1168 127308 127308
1169 127308 127308
1170 127308 127308
1171 127308 127308
1172 127308 127308
1173 127700 127700
1174 127308 127308
1175 127308 127308
1176 127308 127308
1177 127308 127308
1178 127308 127308
1179 127308 127308
1180 127616 127616
1181 127308 127308
1182 127308 127308
1183 127308 127308
1184 127332 127332
1185 127332 127332
1186 127724 127724
1187 127332 127332
1188 127332 127332
1189 127332 127332
1190 127404 127404
1191 127404 127404
1192 127428 127428
1193 127428 127428
1194 127444 127444
1195 127472 127472
1196 127508 127508
1197 127508 127508
1198 127816 127816
1199 127508 127508
1200 127508 127508
1201 127508 127508
1202 127520 127520
1203 127520 127520
1204 127520 127520
1205 127884 127884
1206 127520 127520
1207 127520 127520
1208 127520 127520
1209 127520 127520
1210 127520 127520
1211 127520 127520
1212 127520 127520
1213 127520 127520
1214 127520 127520
1215 127520 127520
1216 127520 127520
1217 128136 128136
1218 128136 128136
1219 128136 128136
1220 128136 128136
1221 128136 128136
1222 129172 129172
1223 129228 129228
1224 127828 127828
1225 127492 127492
1226 127492 127492
1227 127492 127492
1228 127492 127492
1229 127912 127912
1230 127520 127520
1231 127520 127520
1232 127520 127520
1233 127520 127520
1234 127520 127520
1235 127576 127576
1236 127576 127576
1237 127800 127800
1238 127716 127716
1239 127716 127716
1240 127716 127716
1241 127716 127716
1242 127716 127716
1243 127716 127716
1244 127716 127716
1245 127716 127716
1246 127716 127716
1247 127716 127716
1248 127520 127520
1249 127520 127520
1250 127520 127520
1251 127520 127520
1252 127520 127520
1253 127660 127660
1254 127520 127520
1255 127520 127520
1256 127520 127520
1257 127520 127520
1258 127520 127520
1259 127520 127520
1260 127544 127544
1261 127544 127544
1262 127544 127544
1263 127544 127544
1264 127852 127852
1265 127544 127544
1266 127580 127580
1267 128028 128028
1268 128028 128028
1269 128120 128120
1270 128120 128120
1271 128400 128400
1272 128400 128400
1273 128428 128428
1274 128428 128428
1275 128428 128428
1276 128428 128428
1277 128568 128568
1278 128988 128988
1279 129340 129340
1280 129592 129592
1281 129612 129612
1282 129328 129328
1283 128944 128944
1284 129084 129084
1285 129212 129212
1286 129316 129316
1287 129176 129176
1288 129084 129084
1289 129116 129116
1290 129144 129144
1291 129064 129064
1292 128968 128968
1293 128896 128896
1294 128924 128924
1295 129208 129208
1296 129224 129224
1297 129408 129408
1298 129384 129384
1299 129160 129160
1300 129116 129116
1301 129124 129124
1302 129544 129544
1303 129268 129268
1304 129136 129136
1305 128884 128884
1306 128884 128884
1307 128988 128988
1308 129100 129100
1309 129128 129128
1310 129156 129156
1311 129256 129256
1312 129096 129096
1313 129140 129140
1314 128948 128948
1315 128960 128960
1316 128952 128952
1317 129176 129176
1318 129092 129092
1319 129092 129092
1320 129056 129056
1321 128864 128864
1322 128864 128864
1323 128864 128864
1324 129508 129508
1325 129436 129436
1326 129376 129376
1327 129260 129260
1328 128860 128860
1329 129388 129388
1330 129060 129060
1331 129000 129000
1332 127208 127208
1333 127208 127208
1334 127192 127192
1335 127192 127192
1336 127192 127192
1337 127192 127192
1338 127192 127192
1339 127192 127192
1340 127192 127192
1341 127192 127192
1342 127192 127192
1343 127192 127192
1344 127192 127192
1345 127192 127192
1346 127192 127192
1347 127192 127192
1348 127192 127192
1349 127192 127192
1350 127240 127240
1351 127256 127256
1352 127256 127256
1353 127256 127256
1354 127256 127256
1355 127256 127256
1356 127256 127256
1357 127256 127256
1358 127256 127256
1359 127592 127592
1360 127976 127976
1361 127976 127976
1362 128144 128144
1363 128228 128228
1364 128284 128284
1365 128368 128368
1366 128480 128480
1367 128564 128564
1368 128648 128648
1369 128732 128732
1370 128816 128816
1371 128884 128884
1372 128968 128968
1373 129136 129136
1374 129248 129248
1375 129332 129332
1376 129260 129260
1377 129176 129176
1378 129268 129268
1379 129100 129100
1380 129052 129052
1381 129084 129084
1382 129144 129144
1383 129084 129084
1384 129000 129000
1385 129000 129000
1386 129588 129588
1387 129372 129372
1388 129120 129120
1389 128868 128868
1390 128868 128868
1391 128896 128896
1392 128896 128896
1393 128896 128896
1394 128896 128896
1395 128872 128872
1396 128872 128872
1397 128872 128872
1398 128872 128872
1399 128872 128872
1400 128956 128956
1401 128980 128980
1402 128988 128988
1403 128964 128964
1404 129000 129000
1405 129160 129160
1406 128868 128868
1407 128868 128868
1408 128892 128892
1409 128884 128884
1410 128884 128884
1411 128884 128884
1412 128884 128884
1413 128884 128884
1414 128884 128884
1415 128884 128884
1416 128912 128912
1417 128912 128912
1418 128888 128888
1419 128888 128888
1420 128912 128912
1421 128936 128936
1422 128936 128936
1423 128936 128936
1424 128944 128944
1425 128944 128944
1426 128944 128944
1427 128944 128944
1428 128808 128808
1429 128840 128840
1430 128840 128840
1431 128840 128840
1432 128848 128848
1433 128904 128904
1434 128904 128904
1435 128904 128904
1436 128912 128912
1437 128912 128912
1438 128940 128940
1439 128896 128896
1440 128896 128896
1441 128896 128896
1442 128896 128896
1443 128896 128896
1444 128896 128896
1445 128896 128896
1446 128896 128896
1447 128872 128872
1448 128904 128904
1449 128912 128912
1450 128912 128912
1451 128912 128912
1452 128920 128920
1453 128920 128920
1454 128920 128920
1455 128532 128532
1456 128532 128532
1457 128532 128532
1458 128508 128508
1459 128508 128508
1460 128540 128540
1461 128540 128540
1462 128540 128540
1463 128548 128548
1464 128548 128548
1465 128548 128548
1466 128548 128548
1467 128548 128548
1468 128548 128548
1469 128548 128548
1470 128548 128548
1471 128548 128548
1472 128548 128548
1473 128632 128632
1474 128632 128632
1475 128632 128632
1476 128632 128632
1477 128624 128624
1478 128624 128624
1479 128624 128624
1480 128600 128600
1481 128648 128648
1482 128648 128648
1483 128648 128648
1484 128648 128648
1485 128648 128648
1486 128640 128640
1487 128616 128616
1488 128616 128616
1489 128640 128640
1490 128640 128640
1491 128780 128780
1492 128780 128780
1493 128780 128780
1494 128780 128780
1495 128780 128780
1496 128780 128780
1497 128780 128780
1498 128780 128780
1499 128780 128780
1500 128780 128780
1501 128780 128780
1502 128780 128780
1503 128780 128780
1504 128780 128780
1505 128780 128780
1506 128780 128780
1507 128784 128784
1508 128808 128808
1509 128808 128808
1510 128808 128808
1511 128816 128816
1512 128816 128816
1513 128816 128816
1514 128868 128868
1515 128868 128868
1516 128876 128876
1517 128876 128876
1518 128876 128876
1519 128836 128836
1520 128836 128836
1521 128836 128836
1522 128836 128836
1523 128836 128836
1524 128836 128836
1525 128812 128812
1526 128812 128812
1527 128836 128836
1528 128836 128836
1529 128836 128836
1530 128744 128744
1531 128744 128744
1532 128744 128744
1533 128744 128744
1534 128744 128744
1535 128744 128744
1536 128744 128744
1537 128744 128744
1538 128744 128744
1539 128720 128720
1540 128736 128736
1541 128736 128736
1542 128764 128764
1543 128764 128764
1544 128764 128764
1545 128876 128876
1546 128876 128876
1547 128876 128876
1548 128876 128876
1549 128876 128876
1550 128876 128876
1551 128876 128876
1552 128876 128876
1553 128876 128876
1554 128876 128876
1555 128876 128876
1556 128912 128912
1557 128912 128912
1558 128912 128912
1559 128912 128912
1560 128888 128888
1561 128904 128904
1562 128904 128904
1563 128904 128904
1564 128932 128932
1565 128932 128932
1566 128932 128932
1567 128968 128968
1568 128968 128968
1569 128968 128968
1570 128968 128968
1571 128996 128996
1572 129024 129024
1573 129024 129024
1574 129052 129052
1575 129052 129052
1576 129052 129052
1577 129108 129108
1578 129112 129112
1579 129112 129112
1580 129120 129120
1581 129120 129120
1582 129120 129120
1583 129120 129120
1584 129120 129120
1585 129120 129120
1586 129120 129120
1587 129120 129120
1588 129120 129120
1589 129120 129120
1590 129120 129120
1591 129120 129120
1592 129120 129120
1593 129120 129120
1594 129120 129120
1595 129132 129132
1596 129132 129132
1597 129132 129132
1598 128524 128524
1599 128524 128524
1600 128524 128524
1601 128524 128524
1602 128524 128524
1603 128524 128524
1604 128524 128524
1605 128500 128500
1606 128500 128500
1607 128524 128524
1608 128524 128524
1609 128524 128524
1610 128524 128524
1611 128524 128524
1612 128524 128524
1613 128500 128500
1614 128524 128524
1615 128552 128552
1616 128552 128552
1617 128552 128552
1618 128580 128580
1619 128596 128596
1620 128596 128596
1621 128624 128624
1622 128684 128684
1623 128712 128712
1624 128720 128720
1625 128736 128736
1626 128736 128736
1627 128736 128736
1628 128768 128768
1629 128768 128768
1630 128768 128768
1631 128768 128768
1632 128796 128796
1633 128760 128760
1634 128788 128788
1635 128844 128844
1636 128844 128844
1637 128872 128872
1638 128876 128876
1639 128876 128876
1640 128772 128772
1641 128772 128772
1642 128772 128772
1643 128700 128700
1644 128700 128700
1645 128700 128700
1646 128784 128784
1647 128836 128836
1648 128836 128836
1649 128976 128976
1650 129104 129104
1651 129168 129168
1652 129216 129216
1653 129192 129192
1654 129192 129192
1655 129192 129192
1656 129192 129192
1657 129184 129184
1658 129184 129184
1659 129184 129184
1660 129080 129080
1661 129108 129108
1662 129108 129108
1663 129068 129068
1664 129068 129068
1665 129068 129068
1666 129096 129096
1667 129180 129180
1668 129180 129180
1669 129180 129180
1670 129208 129208
1671 129208 129208
1672 129208 129208
1673 129236 129236
1674 129264 129264
1675 129264 129264
1676 129264 129264
1677 129264 129264
1678 129264 129264
1679 129264 129264
1680 129264 129264
1681 129264 129264
1682 129264 129264
1683 128788 128788
1684 128788 128788
1685 128788 128788
1686 128788 128788
1687 128816 128816
1688 128816 128816
1689 128816 128816
1690 128816 128816
1691 128872 128872
1692 128872 128872
1693 128872 128872
1694 128872 128872
1695 128872 128872
1696 128872 128872
1697 128872 128872
1698 128872 128872
1699 128872 128872
1700 128900 128900
1701 128900 128900
1702 128900 128900
1703 128900 128900
1704 128928 128928
1705 128928 128928
1706 128928 128928
1707 128956 128956
1708 128956 128956
1709 128956 128956
1710 129012 129012
1711 129012 129012
1712 129012 129012
1713 129040 129040
1714 129040 129040
1715 129040 129040
1716 129040 129040
1717 129024 129024
1718 129024 129024
1719 129024 129024
1720 129024 129024
1721 129024 129024
1722 129024 129024
1723 129052 129052
1724 129052 129052
1725 129052 129052
1726 129052 129052
1727 129080 129080
1728 129080 129080
1729 129080 129080
1730 129080 129080
1731 129080 129080
1732 129080 129080
1733 129108 129108
1734 129136 129136
1735 129164 129164
1736 129220 129220
1737 128852 128852
1738 128740 128740
1739 128852 128852
1740 128740 128740
1741 128740 128740
1742 128740 128740
1743 128740 128740
1744 128740 128740
1745 128740 128740
1746 128824 128824
1747 128824 128824
1748 128824 128824
1749 128824 128824
1750 128824 128824
1751 128824 128824
1752 128824 128824
1753 128880 128880
1754 128880 128880
1755 128880 128880
1756 128864 128864
1757 128864 128864
1758 128864 128864
1759 128864 128864
1760 128864 128864
1761 128864 128864
1762 128864 128864
1763 128864 128864
1764 128864 128864
1765 128864 128864
1766 128948 128948
1767 128976 128976
1768 128944 128944
1769 128896 128896
1770 128896 128896
1771 128896 128896
1772 128924 128924
1773 128924 128924
1774 128924 128924
1775 129008 129008
1776 129008 129008
1777 129036 129036
1778 129092 129092
1779 129120 129120
1780 129148 129148
1781 129204 129204
1782 129232 129232
1783 128772 128772
1784 128800 128800
1785 128800 128800
1786 128828 128828
1787 128856 128856
1788 128912 128912
1789 128912 128912
1790 128996 128996
1791 129036 129036
1792 129120 129120
1793 129168 129168
1794 129152 129152
1795 129180 129180
1796 129264 129264
1797 129264 129264
1798 127636 127636
1799 127636 127636
1800 127636 127636
1801 127660 127660
1802 127660 127660
1803 127672 127672
1804 127672 127672
1805 127672 127672
1806 127700 127700
1807 127712 127712
1808 127712 127712
1809 127712 127712
1810 127712 127712
1811 127780 127780
1812 127892 127892
1813 128032 128032
1814 128088 128088
1815 128088 128088
1816 128116 128116
1817 128116 128116
1818 128116 128116
1819 128116 128116
1820 128116 128116
1821 128116 128116
1822 128116 128116
1823 128116 128116
1824 128116 128116
1825 128200 128200
1826 128244 128244
1827 128244 128244
1828 128244 128244
1829 128244 128244
1830 128244 128244
1831 128244 128244
1832 128244 128244
1833 128256 128256
1834 128256 128256
1835 128256 128256
1836 128256 128256
1837 128256 128256
1838 128256 128256
1839 128256 128256
1840 128256 128256
1841 128312 128312
1842 128312 128312
1843 128312 128312
1844 128312 128312
1845 128452 128452
1846 128396 128396
1847 128396 128396
1848 128396 128396
1849 128396 128396
1850 128424 128424
1851 128424 128424
1852 128436 128436
1853 128968 128968
1854 128520 128520
1855 128520 128520
1856 128520 128520
1857 128520 128520
1858 128520 128520
1859 128520 128520
1860 128528 128528
1861 128528 128528
1862 128612 128612
1863 128612 128612
1864 128612 128612
1865 128636 128636
1866 128636 128636
1867 128648 128648
1868 128704 128704
1869 128704 128704
1870 128704 128704
1871 128696 128696
1872 128668 128668
1873 128752 128752
1874 128752 128752
1875 128752 128752
1876 128920 128920
1877 128752 128752
1878 128780 128780
1879 128780 128780
1880 128780 128780
1881 128780 128780
1882 128780 128780
1883 128780 128780
1884 128780 128780
1885 128780 128780
1886 128780 128780
1887 128780 128780
1888 128780 128780
1889 128780 128780
1890 128780 128780
1891 128780 128780
1892 128892 128892
1893 128892 128892
1894 128920 128920
1895 128920 128920
1896 128920 128920
1897 128648 128648
1898 128648 128648
1899 128648 128648
1900 128648 128648
1901 128648 128648
1902 128780 128780
1903 128780 128780
1904 128780 128780
1905 128780 128780
1906 128780 128780
1907 128780 128780
1908 128780 128780
1909 128780 128780
1910 128780 128780
1911 128780 128780
1912 128780 128780
1913 128780 128780
1914 128780 128780
1915 128780 128780
1916 128780 128780
1917 128780 128780
1918 128780 128780
1919 128780 128780
1920 128780 128780
1921 128780 128780
1922 128884 128884
1923 128884 128884
1924 128884 128884
1925 128884 128884
1926 128884 128884
1927 128884 128884
1928 127624 127624
1929 127624 127624
1930 127624 127624
1931 127624 127624
1932 127624 127624
1933 127624 127624
1934 127624 127624
1935 127708 127708
1936 127708 127708
1937 127708 127708
1938 127708 127708
1939 127648 127648
1940 127648 127648
1941 127648 127648
1942 127788 127788
1943 127620 127620
1944 127620 127620
1945 127620 127620
1946 127636 127636
1947 127636 127636
1948 127696 127696
1949 127696 127696
1950 127696 127696
1951 127780 127780
1952 127780 127780
1953 127780 127780
1954 127780 127780
1955 127780 127780
1956 127780 127780
1957 127780 127780
1958 127780 127780
1959 127780 127780
1960 127780 127780
1961 127864 127864
1962 127864 127864
1963 127880 127880
1964 127880 127880
1965 127880 127880
1966 127880 127880
1967 127880 127880
1968 127880 127880
1969 127936 127936
1970 127972 127972
1971 127972 127972
1972 127972 127972
1973 128196 128196
1974 128252 128252
1975 128280 128280
1976 128272 128272
1977 128272 128272
1978 128384 128384
1979 128384 128384
1980 128384 128384
1981 128396 128396
1982 128456 128456
1983 128456 128456
1984 128456 128456
1985 128456 128456
1986 128456 128456
1987 128456 128456
1988 128456 128456
1989 128484 128484
1990 128484 128484
1991 128484 128484
1992 128484 128484
1993 128484 128484
1994 128484 128484
1995 128484 128484
1996 128484 128484
1997 128484 128484
1998 128484 128484
1999 128652 128652
2000 128596 128596
2001 128596 128596
2002 128596 128596
2003 128596 128596
2004 128596 128596
2005 128680 128680
2006 128596 128596
2007 128596 128596
2008 128596 128596
2009 128596 128596
2010 128596 128596
2011 128596 128596
2012 128720 128720
2013 128336 128336
2014 128336 128336
2015 128336 128336
2016 128336 128336
2017 128336 128336
2018 128336 128336
2019 128336 128336
2020 128336 128336
2021 128336 128336
2022 128336 128336
2023 128392 128392
2024 128392 128392
2025 128392 128392
2026 128392 128392
2027 129204 129204
2028 129232 129232
2029 128532 128532
2030 128532 128532
2031 128532 128532
2032 128684 128684
2033 128684 128684
2034 128660 128660
2035 128768 128768
2036 128768 128768
2037 128768 128768
2038 128852 128852
2039 128768 128768
2040 128768 128768
2041 128768 128768
2042 128768 128768
2043 128736 128736
2044 128848 128848
2045 128816 128816
2046 128816 128816
2047 128816 128816
2048 128816 128816
2049 128788 128788
2050 128788 128788
2051 129148 129148
2052 128912 128912
2053 128212 128212
2054 128212 128212
2055 128212 128212
2056 128212 128212
2057 128212 128212
2058 128212 128212
2059 128212 128212
2060 128212 128212
2061 128212 128212
2062 128212 128212
2063 128212 128212
2064 128212 128212
2065 128212 128212
2066 128212 128212
2067 128212 128212
2068 128212 128212
2069 128212 128212
2070 128212 128212
2071 128212 128212
2072 128212 128212
2073 128212 128212
2074 128212 128212
2075 128212 128212
2076 128212 128212
2077 128408 128408
2078 128408 128408
2079 128408 128408
2080 128408 128408
2081 128408 128408
2082 128408 128408
2083 128408 128408
2084 128408 128408
2085 128408 128408
2086 128408 128408
2087 128408 128408
2088 128364 128364
2089 128364 128364
2090 128400 128400
2091 128712 128712
2092 128712 128712
2093 128712 128712
2094 128712 128712
2095 128712 128712
2096 128712 128712
2097 128712 128712
2098 128724 128724
2099 128724 128724
2100 128724 128724
2101 128724 128724
2102 128724 128724
2103 128724 128724
2104 128724 128724
2105 128708 128708
2106 128708 128708
2107 128708 128708
2108 128708 128708
2109 128708 128708
2110 128708 128708
2111 128708 128708
2112 128708 128708
2113 128708 128708
2114 128828 128828
2115 128964 128964
2116 128964 128964
2117 128964 128964
2118 128964 128964
2119 128964 128964
2120 128964 128964
2121 128964 128964
2122 128964 128964
2123 128964 128964
2124 128964 128964
2125 128964 128964
2126 128932 128932
2127 128932 128932
2128 128932 128932
2129 128932 128932
2130 128932 128932
2131 128932 128932
2132 128932 128932
2133 128932 128932
2134 128932 128932
2135 128960 128960
2136 128960 128960
2137 129016 129016
2138 129016 129016
2139 129016 129016
2140 129016 129016
2141 129072 129072
2142 129072 129072
2143 129100 129100
2144 129128 129128
2145 129212 129212
2146 129296 129296
2147 128816 128816
2148 128816 128816
2149 128900 128900
2150 128956 128956
2151 128984 128984
2152 129068 129068
2153 129096 129096
2154 129152 129152
2155 129152 129152
2156 129152 129152
2157 129180 129180
2158 128672 128672
2159 128616 128616
2160 128588 128588
2161 128588 128588
2162 128604 128604
2163 128604 128604
2164 128648 128648
2165 128648 128648
2166 128648 128648
2167 128648 128648
2168 128648 128648
2169 128648 128648
2170 128648 128648
2171 128648 128648
2172 128648 128648
2173 128648 128648
2174 128648 128648
2175 128648 128648
2176 128648 128648
2177 128648 128648
2178 128648 128648
2179 128648 128648
2180 128676 128676
2181 128676 128676
2182 128920 128920
2183 128864 128864
2184 128864 128864
2185 128864 128864
2186 128876 128876
2187 128876 128876
2188 128876 128876
2189 128876 128876
2190 128876 128876
2191 128888 128888
2192 128888 128888
2193 128888 128888
2194 128888 128888
2195 128888 128888
2196 128888 128888
2197 128888 128888
2198 128888 128888
2199 128888 128888
2200 128888 128888
2201 128888 128888
2202 128872 128872
2203 128872 128872
2204 128872 128872
2205 128872 128872
2206 128872 128872
2207 128544 128544
2208 128652 128652
2209 128652 128652
2210 128764 128764
2211 128960 128960
2212 129100 129100
2213 129156 129156
2214 129184 129184
2215 129240 129240
2216 129240 129240
2217 129240 129240
2218 129240 129240
2219 129240 129240
2220 129240 129240
2221 129240 129240
2222 129240 129240
2223 129240 129240
2224 129240 129240
2225 129240 129240
2226 129240 129240
2227 129240 129240
2228 128812 128812
2229 128840 128840
2230 128868 128868
2231 128484 128484
2232 128484 128484
2233 128484 128484
2234 128484 128484
2235 128544 128544
2236 128544 128544
2237 128544 128544
2238 128604 128604
2239 128604 128604
2240 128660 128660
2241 128644 128644
2242 128644 128644
2243 128644 128644
2244 128644 128644
2245 128680 128680
2246 128680 128680
2247 128696 128696
2248 128976 128976
2249 128836 128836
2250 128932 128932
2251 128940 128940
2252 128472 128472
2253 128472 128472
2254 128472 128472
2255 128484 128484
2256 128460 128460
2257 128460 128460
2258 128460 128460
2259 128880 128880
2260 128572 128572
2261 128580 128580
2262 128580 128580
2263 128580 128580
2264 128580 128580
2265 128764 128764
2266 128792 128792
2267 127840 127840
2268 127816 127816
2269 127816 127816
2270 127816 127816
2271 127900 127900
2272 127900 127900
2273 127740 127740
2274 127740 127740
2275 127740 127740
2276 127740 127740
2277 127740 127740
2278 127740 127740
2279 127740 127740
2280 128132 128132
2281 127824 127824
2282 127832 127832
2283 127868 127868
2284 127868 127868
2285 127868 127868
2286 127868 127868
2287 127868 127868
2288 127868 127868
2289 127868 127868
2290 127916 127916
2291 127916 127916
2292 127944 127944
2293 127972 127972
2294 127972 127972
2295 127972 127972
2296 127972 127972
2297 127972 127972
2298 127972 127972
2299 127972 127972
2300 127972 127972
2301 127972 127972
2302 127972 127972
2303 127972 127972
2304 127972 127972
2305 127972 127972
2306 127972 127972
2307 128436 128436
2308 128128 128128
2309 128128 128128
2310 128128 128128
2311 128128 128128
2312 128128 128128
2313 128128 128128
2314 128168 128168
2315 128168 128168
2316 128144 128144
2317 128144 128144
2318 128144 128144
2319 128144 128144
2320 128144 128144
2321 128144 128144
2322 128144 128144
2323 128144 128144
2324 128144 128144
2325 128208 128208
2326 128208 128208
2327 128208 128208
2328 128312 128312
2329 128312 128312
2330 128312 128312
2331 128312 128312
2332 128732 128732
2333 128424 128424
2334 128424 128424
2335 128424 128424
2336 128424 128424
2337 128400 128400
2338 128400 128400
2339 128400 128400
2340 128400 128400
2341 128428 128428
2342 128428 128428
2343 128352 128352
2344 128380 128380
2345 128408 128408
2346 128408 128408
2347 128436 128436
2348 128436 128436
2349 128436 128436
2350 128884 128884
2351 128576 128576
2352 128576 128576
2353 128576 128576
2354 128576 128576
2355 128940 128940
2356 128676 128676
2357 128676 128676
2358 128704 128704
2359 128640 128640
2360 128668 128668
2361 128668 128668
2362 128808 128808
2363 128780 128780
2364 128780 128780
2365 128780 128780
2366 128808 128808
2367 128808 128808
2368 128808 128808
2369 128808 128808
2370 128808 128808
2371 128808 128808
2372 128808 128808
2373 128808 128808
2374 128808 128808
2375 128808 128808
2376 128912 128912
2377 129032 129032
2378 129032 129032
2379 129032 129032
2380 129008 129008
2381 129008 129008
2382 129008 129008
2383 129008 129008
2384 129036 129036
2385 129064 129064
2386 128584 128584
2387 128696 128696
2388 128584 128584
2389 128584 128584
2390 128584 128584
2391 128456 128456
2392 128456 128456
2393 128456 128456
2394 128456 128456
2395 128456 128456
2396 128456 128456
2397 128568 128568
2398 128536 128536
2399 128536 128536
2400 128536 128536
2401 128588 128588
2402 128588 128588
2403 128588 128588
2404 128588 128588
2405 128644 128644
2406 128644 128644
2407 128644 128644
2408 128644 128644
2409 128644 128644
2410 128644 128644
2411 128644 128644
2412 128644 128644
2413 128644 128644
2414 128644 128644
2415 128756 128756
2416 128756 128756
2417 128756 128756
2418 128756 128756
2419 128756 128756
2420 128756 128756
2421 128756 128756
2422 128756 128756
2423 128756 128756
2424 128756 128756
2425 128756 128756
2426 128756 128756
2427 128756 128756
2428 128756 128756
2429 128756 128756
2430 128756 128756
2431 128756 128756
2432 128740 128740
2433 128740 128740
2434 128740 128740
2435 128740 128740
2436 128876 128876
2437 128876 128876
2438 128876 128876
2439 128876 128876
2440 128876 128876
2441 128876 128876
2442 128876 128876
2443 128876 128876
2444 128876 128876
2445 128876 128876
2446 128876 128876
2447 128876 128876
2448 128876 128876
2449 128876 128876
2450 128876 128876
2451 128876 128876
2452 128876 128876
2453 128876 128876
2454 128876 128876
2455 128876 128876
2456 128876 128876
2457 128876 128876
2458 128996 128996
2459 128996 128996
2460 128996 128996
2461 129060 129060
2462 129124 129124
2463 129124 129124
2464 129124 129124
2465 129140 129140
2466 129140 129140
2467 129140 129140
2468 129140 129140
2469 129140 129140
2470 129140 129140
2471 129124 129124
2472 129124 129124
2473 129124 129124
2474 129124 129124
2475 129124 129124
2476 129124 129124
2477 129124 129124
2478 129124 129124
2479 129124 129124
2480 129124 129124
2481 129124 129124
2482 129124 129124
2483 129124 129124
2484 129124 129124
2485 129124 129124
2486 129124 129124
2487 129124 129124
2488 129124 129124
2489 129124 129124
2490 129124 129124
2491 129124 129124
2492 129124 129124
2493 129124 129124
2494 129124 129124
2495 129124 129124
2496 129124 129124
2497 129124 129124
2498 129124 129124
2499 129124 129124
2500 129124 129124
2501 129124 129124
2502 129124 129124
2503 129124 129124
2504 129124 129124
2505 129124 129124
2506 129124 129124
2507 129124 129124
2508 129124 129124
2509 129124 129124
2510 129124 129124
2511 129124 129124
2512 129124 129124
2513 129124 129124
2514 129124 129124
2515 129124 129124
2516 129124 129124
2517 129124 129124
2518 129124 129124
2519 128572 128572
2520 128572 128572
2521 128548 128548
2522 128548 128548
2523 128572 128572
2524 128684 128684
2525 128796 128796
2526 128796 128796
2527 128796 128796
2528 128796 128796
2529 128796 128796
2530 128796 128796
2531 128796 128796
2532 128804 128804
2533 128748 128748
2534 128832 128832
2535 128832 128832
2536 128832 128832
2537 128832 128832
2538 128808 128808
2539 128808 128808
2540 128816 128816
2541 128956 128956
2542 128956 128956
2543 128964 128964
2544 129200 129200
2545 128904 128904
2546 129296 129296
2547 128828 128828
2548 128836 128836
2549 128836 128836
2550 128844 128844
2551 128844 128844
2552 129232 129232
2553 128844 128844
2554 127108 127108
2555 127108 127108
2556 127108 127108
2557 127136 127136
2558 127136 127136
2559 127136 127136
2560 127308 127308
2561 127504 127504
2562 127556 127556
2563 127556 127556
2564 127556 127556
2565 127588 127588
2566 127612 127612
2567 127612 127612
2568 127612 127612
2569 127644 127644
2570 127644 127644
2571 127684 127684
2572 127744 127744
2573 127872 127872
2574 127872 127872
2575 127908 127908
2576 127944 127944
2577 127972 127972
2578 127972 127972
2579 127972 127972
2580 127972 127972
2581 127972 127972
2582 127992 127992
2583 128104 128104
2584 128104 128104
2585 128080 128080
2586 128088 128088
2587 128088 128088
2588 128116 128116
2589 128124 128124
2590 128124 128124
2591 128124 128124
2592 128124 128124
2593 129136 129136
2594 129224 129224
2595 128844 128844
2596 128892 128892
2597 128452 128452
2598 128452 128452
2599 128452 128452
2600 128452 128452
2601 128452 128452
2602 128452 128452
2603 128452 128452
2604 128452 128452
2605 128452 128452
2606 128456 128456
2607 128484 128484
2608 128536 128536
2609 128676 128676
2610 128676 128676
2611 128684 128684
2612 128684 128684
2613 128684 128684
2614 128684 128684
2615 128684 128684
2616 128660 128660
2617 128928 128928
2618 128984 128984
2619 129012 129012
2620 129020 129020
2621 129020 129020
2622 129020 129020
2623 129020 129020
2624 129060 129060
2625 129060 129060
2626 129092 129092
2627 129240 129240
2628 129240 129240
2629 129240 129240
2630 128904 128904
2631 128908 128908
2632 128944 128944
2633 129232 129232
2634 128960 128960
2635 128708 128708
2636 128820 128820
2637 128780 128780
2638 128780 128780
2639 128780 128780
2640 128780 128780
2641 128780 128780
2642 128780 128780
2643 128780 128780
2644 128780 128780
2645 128780 128780
2646 128756 128756
2647 128756 128756
2648 128756 128756
2649 128756 128756
2650 128780 128780
2651 128780 128780
2652 128780 128780
2653 128780 128780
2654 128796 128796
2655 128796 128796
2656 128796 128796
2657 128796 128796
2658 128796 128796
2659 128796 128796
2660 128796 128796
2661 128796 128796
2662 128796 128796
2663 128800 128800
2664 128836 128836
2665 128836 128836
2666 128836 128836
2667 128836 128836
2668 128836 128836
2669 128836 128836
2670 128864 128864
2671 128864 128864
2672 128920 128920
2673 128924 128924
2674 128952 128952
2675 128952 128952
2676 128952 128952
2677 128952 128952
2678 128968 128968
2679 128968 128968
2680 128984 128984
2681 128984 128984
2682 128984 128984
2683 128984 128984
2684 128984 128984
2685 129016 129016
2686 129016 129016
2687 129024 129024
2688 129024 129024
2689 129032 129032
2690 129032 129032
2691 129032 129032
2692 129040 129040
2693 129068 129068
2694 129068 129068
2695 129100 129100
2696 129100 129100
2697 129100 129100
2698 128568 128568
2699 128568 128568
2700 128568 128568
2701 128568 128568
2702 128568 128568
2703 128568 128568
2704 128512 128512
2705 128520 128520
2706 128520 128520
2707 128520 128520
2708 128520 128520
2709 128520 128520
2710 128520 128520
2711 128520 128520
2712 128520 128520
2713 128520 128520
2714 128520 128520
2715 128520 128520
2716 128496 128496
2717 128496 128496
2718 128528 128528
2719 128528 128528
2720 128528 128528
2721 128528 128528
2722 128528 128528
2723 128528 128528
2724 128528 128528
2725 128528 128528
2726 128528 128528
2727 128528 128528
2728 128528 128528
2729 128556 128556
2730 128588 128588
2731 128588 128588
2732 128604 128604
2733 128604 128604
2734 128604 128604
2735 128604 128604
2736 128604 128604
2737 128604 128604
2738 128604 128604
2739 128604 128604
2740 128604 128604
2741 128588 128588
2742 128588 128588
2743 128588 128588
2744 128588 128588
2745 128588 128588
2746 128588 128588
2747 128588 128588
2748 128588 128588
2749 128588 128588
2750 128588 128588
2751 128588 128588
2752 128588 128588
2753 128744 128744
2754 128744 128744
2755 128744 128744
2756 128744 128744
2757 128744 128744
2758 128744 128744
2759 128720 128720
2760 128744 128744
2761 128744 128744
2762 128744 128744
2763 128744 128744
2764 128760 128760
2765 128760 128760
2766 128760 128760
2767 128760 128760
2768 128736 128736
2769 128744 128744
2770 128744 128744
2771 128744 128744
2772 128752 128752
2773 128784 128784
2774 128784 128784
2775 128784 128784
2776 128812 128812
2777 128820 128820
2778 128820 128820
2779 128820 128820
2780 128828 128828
2781 128828 128828
2782 128828 128828
2783 128860 128860
2784 128860 128860
2785 128888 128888
2786 128888 128888
2787 128888 128888
2788 128888 128888
2789 128888 128888
2790 128652 128652
2791 128524 128524
2792 128688 128688
2793 128688 128688
2794 128688 128688
2795 128728 128728
2796 128868 128868
2797 128924 128924
2798 128952 128952
2799 128956 128956
2800 128956 128956
2801 129072 129072
2802 129104 129104
2803 128796 128796
2804 128796 128796
2805 128796 128796
2806 128796 128796
2807 128812 128812
2808 128788 128788
2809 128928 128928
2810 129096 129096
2811 129060 129060
2812 128972 128972
2813 128888 128888
2814 128888 128888
2815 128888 128888
2816 128888 128888
2817 128888 128888
2818 128860 128860
2819 128860 128860
2820 128860 128860
2821 128860 128860
2822 128860 128860
2823 128924 128924
2824 128924 128924
2825 128924 128924
2826 129004 129004
2827 129060 129060
2828 129060 129060
2829 129060 129060
2830 129060 129060
2831 129060 129060
2832 129060 129060
2833 129060 129060
2834 129060 129060
2835 129060 129060
2836 129060 129060
2837 129088 129088
2838 129092 129092
2839 129120 129120
2840 129144 129144
2841 129144 129144
2842 129144 129144
2843 129144 129144
2844 129152 129152
2845 129188 129188
2846 128804 128804
2847 128804 128804
2848 128804 128804
2849 129604 129604
2850 129472 129472
2851 129136 129136
2852 128896 128896
2853 128896 128896
2854 127132 127132
2855 127132 127132
2856 127216 127216
2857 127132 127132
2858 127132 127132
2859 127140 127140
2860 127140 127140
2861 127140 127140
2862 127140 127140
2863 127140 127140
2864 127140 127140
2865 127140 127140
2866 127140 127140
2867 127140 127140
2868 127140 127140
2869 127140 127140
2870 127448 127448
2871 127532 127532
2872 127644 127644
2873 127644 127644
2874 127644 127644
2875 127644 127644
2876 127644 127644
2877 127620 127620
2878 127620 127620
2879 127620 127620
2880 127620 127620
2881 127620 127620
2882 127628 127628
2883 127628 127628
2884 127628 127628
2885 127628 127628
2886 127628 127628
2887 127628 127628
2888 127628 127628
2889 127628 127628
2890 127740 127740
2891 128692 128692
2892 129496 129496
2893 129596 129596
2894 129308 129308
2895 129212 129212
2896 129512 129512
2897 129500 129500
2898 127136 127136
2899 127864 127864
2900 129016 129016
2901 129016 129016
2902 129016 129016
2903 129016 129016
2904 129128 129128
2905 128804 128804
2906 128908 128908
2907 128908 128908
2908 129216 129216
2909 128880 128880
2910 129232 129232
2911 128888 128888
2912 129168 129168
2913 129168 129168
2914 129288 129288
2915 128976 128976
2916 129576 129576
2917 129156 129156
2918 128880 128880
2919 128880 128880
2920 128916 128916
2921 128916 128916
2922 128916 128916
2923 129468 129468
2924 128952 128952
2925 128940 128940
2926 129036 129036
2927 129132 129132
2928 129264 129264
2929 129264 129264
2930 129296 129296
2931 129248 129248
2932 128684 128684
2933 128816 128816
2934 128900 128900
2935 129164 129164
2936 129092 129092
2937 127568 127568
2938 128372 128372
2939 128864 128864
2940 129068 129068
2941 127812 127812
2942 127692 127692
2943 128056 128056
2944 128056 128056
2945 127328 127328
2946 121592 121592
2947 122180 122180
2948 122180 122180
2949 121648 121648
2950 121720 121720
2951 121912 121912
2952 122008 122008
2953 122016 122016
2954 122016 122016
2955 122016 122016
2956 122724 122724
2957 122756 122756
2958 122756 122756
2959 122756 122756
2960 122756 122756
2961 122756 122756
2962 122888 122888
2963 123848 123848
2964 123848 123848
2965 123880 123880
2966 123896 123896
2967 123896 123896
2968 123896 123896
2969 124120 124120
2970 124420 124420
2971 124444 124444
2972 124476 124476
2973 124492 124492
2974 124492 124492
2975 124516 124516
2976 124608 124608
2977 124860 124860
2978 124932 124932
2979 124948 124948
2980 124948 124948
2981 124948 124948
2982 125096 125096
2983 125096 125096
2984 125072 125072
2985 125072 125072
2986 125104 125104
2987 125104 125104
2988 125104 125104
2989 125104 125104
2990 125104 125104
2991 125244 125244
2992 125292 125292
2993 125292 125292
2994 125308 125308
2995 125308 125308
2996 125312 125312
2997 125336 125336
2998 125336 125336
2999 125368 125368
3000 125368 125368
3001 125436 125436
3002 125468 125468
3003 125404 125404
3004 125364 125364
3005 125364 125364
3006 125288 125288
3007 125316 125316
3008 125396 125396
3009 125396 125396
3010 125396 125396
3011 126116 126116
3012 126172 126172
3013 126172 126172
3014 126228 126228
3015 126228 126228
3016 126228 126228
3017 126228 126228
3018 126228 126228
3019 126228 126228
3020 126228 126228
3021 126228 126228
3022 126228 126228
3023 126228 126228
3024 126228 126228
3025 126228 126228
3026 126228 126228
3027 126228 126228
3028 126228 126228
3029 126228 126228
3030 126240 126240
3031 126360 126360
3032 126388 126388
3033 126388 126388
3034 126388 126388
3035 126388 126388
3036 126388 126388
3037 126388 126388
3038 126388 126388
3039 126388 126388
3040 126388 126388
3041 126388 126388
3042 126388 126388
3043 126388 126388
3044 126388 126388
3045 126448 126448
3046 126444 126444
3047 126444 126444
3048 126444 126444
3049 126444 126444
3050 126472 126472
3051 126472 126472
3052 126500 126500
3053 126500 126500
3054 126500 126500
3055 126556 126556
3056 126556 126556
3057 126556 126556
3058 126556 126556
3059 126556 126556
3060 126612 126612
3061 126612 126612
3062 126612 126612
3063 126612 126612
3064 126768 126768
3065 127092 127092
3066 128216 128216
3067 128604 128604
3068 128604 128604
3069 128604 128604
3070 128604 128604
3071 128604 128604
3072 128604 128604
3073 128604 128604
3074 128604 128604
3075 128604 128604
3076 128604 128604
3077 128604 128604
3078 128604 128604
3079 128604 128604
3080 128604 128604
3081 128604 128604
3082 128604 128604
3083 128604 128604
3084 128604 128604
3085 128572 128572
3086 128572 128572
3087 128572 128572
3088 128572 128572
3089 128572 128572
3090 128752 128752
3091 128752 128752
3092 128752 128752
3093 128752 128752
3094 128752 128752
3095 128752 128752
3096 128752 128752
3097 128836 128836
3098 128836 128836
3099 128836 128836
3100 128836 128836
3101 128864 128864
3102 128864 128864
3103 128864 128864
3104 128864 128864
3105 128864 128864
3106 128920 128920
3107 128920 128920
3108 128920 128920
3109 128920 128920
3110 128920 128920
3111 128948 128948
3112 128948 128948
3113 128976 128976
3114 128976 128976
3115 128976 128976
3116 128976 128976
3117 129004 129004
3118 129004 129004
3119 129032 129032
3120 129032 129032
3121 129060 129060
3122 129060 129060
3123 129060 129060
3124 129020 129020
3125 129020 129020
3126 129020 129020
3127 129020 129020
3128 129076 129076
3129 129076 129076
3130 129160 129160
3131 129216 129216
3132 129244 129244
3133 129328 129328
3134 129412 129412
3135 129320 129320
3136 129364 129364
3137 129216 129216
3138 129056 129056
3139 128980 128980
3140 129020 129020
3141 129004 129004
3142 129060 129060
3143 129116 129116
3144 129152 129152
3145 128860 128860
3146 128888 128888
3147 128972 128972
3148 129056 129056
3149 129112 129112
3150 129168 129168
3151 129252 129252
3152 129204 129204
3153 129192 129192
3154 129220 129220
3155 129360 129360
3156 129388 129388
3157 129100 129100
3158 129040 129040
3159 129048 129048
3160 128880 128880
3161 128880 128880
3162 128852 128852
3163 128836 128836
3164 128836 128836
3165 128908 128908
3166 128908 128908
3167 128908 128908
3168 128992 128992
3169 128992 128992
3170 129048 129048
3171 129076 129076
3172 129076 129076
3173 129076 129076
3174 129076 129076
3175 129096 129096
3176 128892 128892
3177 128892 128892
3178 128892 128892
3179 128892 128892
3180 128892 128892
3181 128892 128892
3182 128892 128892
3183 128892 128892
3184 128892 128892
3185 128892 128892
3186 129228 129228
3187 128880 128880
3188 129180 129180
3189 129420 129420
3190 129312 129312
3191 129504 129504
3192 129336 129336
3193 129264 129264
3194 129024 129024
3195 128904 128904
3196 128904 128904
3197 129084 129084
3198 129516 129516
3199 129600 129600
3200 129412 129412
3201 129148 129148
3202 128844 128844
3203 128752 128752
3204 128536 128536
3205 128536 128536
3206 128536 128536
3207 128536 128536
3208 129184 129184
3209 129184 129184
3210 129124 129124
3211 129496 129496
3212 129460 129460
3213 129268 129268
3214 128764 128764
3215 128764 128764
3216 128792 128792
3217 129128 129128
3218 129128 129128
3219 129176 129176
3220 129152 129152
3221 129056 129056
3222 129164 129164
3223 129220 129220
3224 129604 129604
3225 129404 129404
3226 129196 129196
3227 129524 129524
3228 129488 129488
3229 129328 129328
3230 129292 129292
3231 129444 129444
3232 128324 128324
3233 128840 128840
3234 129208 129208
3235 129036 129036
3236 129012 129012
3237 128976 128976
3238 128856 128856
3239 129168 129168
3240 129552 129552
3241 129552 129552
3242 129552 129552
3243 129276 129276
3244 128712 128712
3245 128728 128728
3246 129060 129060
3247 129288 129288
3248 129588 129588
3249 129348 129348
3250 129144 129144
3251 128928 128928
3252 128700 128700
3253 128796 128796
3254 128852 128852
3255 128888 128888
3256 128888 128888
3257 128888 128888
3258 128888 128888
3259 128888 128888
3260 128888 128888
3261 128888 128888
3262 128888 128888
3263 128888 128888
3264 128888 128888
3265 128888 128888
3266 128888 128888
3267 128888 128888
3268 128972 128972
3269 129128 129128
3270 129128 129128
3271 129104 129104
3272 129120 129120
3273 129156 129156
3274 128988 128988
3275 129104 129104
3276 128996 128996
3277 129248 129248
3278 129500 129500
3279 129500 129500
3280 129500 129500
3281 129476 129476
3282 127616 127616
3283 127616 127616
3284 128036 128036
3285 128236 128236
3286 129328 129328
3287 129532 129532
3288 129580 129580
3289 129460 129460
3290 129412 129412
3291 127708 127708
3292 127936 127936
3293 127996 127996
3294 127888 127888
3295 128780 128780
3296 127468 127468
3297 126004 126004
3298 126004 126004
3299 126304 126304
3300 126616 126616
3301 127064 127064
3302 129136 129136
3303 129136 129136
3304 129208 129208
3305 129208 129208
3306 129196 129196
3307 129180 129180
3308 129312 129312
3309 129348 129348
3310 129356 129356
3311 128996 128996
3312 128996 128996
3313 129172 129172
3314 129352 129352
3315 129184 129184
3316 129040 129040
3317 129244 129244
3318 129424 129424
3319 129184 129184
3320 129160 129160
3321 128956 128956
3322 128896 128896
3323 128896 128896
3324 129208 129208
3325 128848 128848
3326 128848 128848
3327 128848 128848
3328 129364 129364
3329 129484 129484
3330 129520 129520
3331 129328 129328
3332 129340 129340
3333 129400 129400
3334 129400 129400
3335 129340 129340
3336 129240 129240
3337 127756 127756
3338 127740 127740
3339 128132 128132
3340 128168 128168
3341 128572 128572
3342 128488 128488
3343 128740 128740
3344 128956 128956
3345 128980 128980
3346 128956 128956
3347 128980 128980
3348 129040 129040
3349 129040 129040
3350 129056 129056
3351 129056 129056
3352 129128 129128
3353 129128 129128
3354 129164 129164
3355 128852 128852
3356 128852 128852
3357 128852 128852
3358 128888 128888
3359 128920 128920
3360 128936 128936
3361 128944 128944
3362 128944 128944
3363 128944 128944
3364 128944 128944
3365 128944 128944
3366 128944 128944
3367 129080 129080
3368 129272 129272
3369 129272 129272
3370 129332 129332
3371 129272 129272
3372 129144 129144
3373 129412 129412
3374 129128 129128
3375 128976 128976
3376 129180 129180
3377 128988 128988
3378 129288 129288
3379 129540 129540
3380 128772 128772
3381 128748 128748
3382 129420 129420
3383 129336 129336
3384 129296 129296
3385 128512 128512
3386 128512 128512
3387 128512 128512
3388 128512 128512
3389 128512 128512
3390 129040 129040
3391 129052 129052
3392 129052 129052
3393 129064 129064
3394 129232 129232
3395 129268 129268
3396 129268 129268
3397 129268 129268
3398 129244 129244
3399 129260 129260
3400 129260 129260
3401 129260 129260
3402 129260 129260
3403 129176 129176
3404 128972 128972
3405 129500 129500
3406 128204 128204
3407 128072 128072
3408 128588 128588
3409 129272 129272
3410 129164 129164
3411 129204 129204
3412 129036 129036
3413 128940 128940
3414 129036 129036
3415 129096 129096
3416 128856 128856
3417 129180 129180
3418 127500 127500
3419 127476 127476
3420 127804 127804
3421 127876 127876
3422 127876 127876
3423 127956 127956
3424 128016 128016
3425 128088 128088
3426 128364 128364
3427 128340 128340
3428 128364 128364
3429 128364 128364
3430 128516 128516
3431 128552 128552
3432 128872 128872
3433 128848 128848
3434 128864 128864
3435 128864 128864
3436 128888 128888
3437 128888 128888
3438 128904 128904
3439 128916 128916
3440 128952 128952
3441 128952 128952
3442 128952 128952
3443 128952 128952
3444 128952 128952
3445 128952 128952
3446 128952 128952
3447 129324 129324
3448 129236 129236
3449 128792 128792
3450 129056 129056
3451 129416 129416
3452 129324 129324
3453 128544 128544
3454 128868 128868
3455 128868 128868
3456 128868 128868
3457 129000 129000
3458 129452 129452
3459 129512 129512
3460 129596 129596
3461 128288 128288
3462 128320 128320
3463 128320 128320
3464 128376 128376
3465 128376 128376
3466 128396 128396
3467 128460 128460
3468 129112 129112
3469 129412 129412
3470 128800 128800
3471 128992 128992
3472 128992 128992
3473 128544 128544
3474 128544 128544
3475 128544 128544
3476 128544 128544
3477 128544 128544
3478 128544 128544
3479 128544 128544
3480 128592 128592
3481 128568 128568
3482 128568 128568
3483 128568 128568
3484 128568 128568
3485 128624 128624
3486 128728 128728
3487 128752 128752
3488 128752 128752
3489 128752 128752
3490 128752 128752
3491 128752 128752
3492 128752 128752
3493 128788 128788
3494 128824 128824
3495 128824 128824
3496 128824 128824
3497 128824 128824
3498 128824 128824
3499 128824 128824
3500 128824 128824
3501 128824 128824
3502 128824 128824
3503 128824 128824
3504 128800 128800
3505 128800 128800
3506 128800 128800
3507 128940 128940
3508 128736 128736
3509 128752 128752
3510 128752 128752
3511 128752 128752
3512 128752 128752
3513 128760 128760
3514 128760 128760
3515 128760 128760
3516 128760 128760
3517 128736 128736
3518 128736 128736
3519 128744 128744
3520 128744 128744
3521 128744 128744
3522 128752 128752
3523 128752 128752
3524 128752 128752
3525 128956 128956
3526 128980 128980
3527 128980 128980
3528 128980 128980
3529 128980 128980
3530 128980 128980
3531 128980 128980
3532 129268 129268
3533 129268 129268
3534 129400 129400
3535 128908 128908
3536 129188 129188
3537 129196 129196
3538 129184 129184
3539 128924 128924
3540 129008 129008
3541 129040 129040
3542 128872 128872
3543 128856 128856
3544 128856 128856
3545 128856 128856
3546 128856 128856
3547 129228 129228
3548 128864 128864
3549 128864 128864
3550 128864 128864
3551 128864 128864
3552 128864 128864
3553 128864 128864
3554 128864 128864
3555 128864 128864
3556 128864 128864
3557 129048 129048
3558 128992 128992
3559 129232 129232
3560 129232 129232
3561 129592 129592
3562 129004 129004
3563 129004 129004
3564 129196 129196
3565 129296 129296
3566 128428 128428
3567 128428 128428
3568 128428 128428
3569 128428 128428
3570 128428 128428
3571 128428 128428
3572 128428 128428
3573 128428 128428
3574 128452 128452
3575 128524 128524
3576 128668 128668
3577 128728 128728
3578 128704 128704
3579 128704 128704
3580 128728 128728
3581 128728 128728
3582 128716 128716
3583 128748 128748
3584 129044 129044
3585 129044 129044
3586 129060 129060
3587 129060 129060
3588 129108 129108
3589 129108 129108
3590 129108 129108
3591 129108 129108
3592 128952 128952
3593 129204 129204
3594 129156 129156
3595 129132 129132
3596 128916 128916
3597 128928 128928
3598 128988 128988
3599 129020 129020
3600 129116 129116
3601 128388 128388
3602 128700 128700
3603 128824 128824
3604 128832 128832
3605 128868 128868
3606 128844 128844
3607 128852 128852
3608 128828 128828
3609 128852 128852
3610 129008 129008
3611 129064 129064
3612 129064 129064
3613 129064 129064
3614 129064 129064
3615 129124 129124
3616 129132 129132
3617 129132 129132
3618 129164 129164
3619 129628 129628
3620 128692 128692
3621 128444 128444
3622 128444 128444
3623 128528 128528
3624 128444 128444
3625 128444 128444
3626 128452 128452
3627 128468 128468
3628 128476 128476
3629 128476 128476
3630 128476 128476
3631 128452 128452
3632 128292 128292
3633 128272 128272
3634 128272 128272
3635 128272 128272
3636 128272 128272
3637 128272 128272
3638 128272 128272
3639 128272 128272
3640 128272 128272
3641 128300 128300
3642 128300 128300
3643 128300 128300
3644 128300 128300
3645 128300 128300
3646 128300 128300
3647 128300 128300
3648 128328 128328
3649 128328 128328
3650 128328 128328
3651 128356 128356
3652 128356 128356
3653 128356 128356
3654 128356 128356
3655 128412 128412
3656 128412 128412
3657 128412 128412
3658 128440 128440
3659 128440 128440
3660 128440 128440
3661 128440 128440
3662 128440 128440
3663 128440 128440
3664 128440 128440
3665 128440 128440
3666 128440 128440
3667 128440 128440
3668 128440 128440
3669 128440 128440
3670 128468 128468
3671 128468 128468
3672 128468 128468
3673 128468 128468
3674 128496 128496
3675 128448 128448
3676 128448 128448
3677 128448 128448
3678 128448 128448
3679 128448 128448
3680 128448 128448
3681 128448 128448
3682 128448 128448
3683 128448 128448
3684 128448 128448
3685 128448 128448
3686 128448 128448
3687 128448 128448
3688 128448 128448
3689 128476 128476
3690 128476 128476
3691 128476 128476
3692 128504 128504
3693 128504 128504
3694 128504 128504
3695 129324 129324
3696 128376 128376
3697 128404 128404
3698 128404 128404
3699 128680 128680
3700 128680 128680
3701 129280 129280
3702 129184 129184
3703 127012 127012
3704 127728 127728
3705 128336 128336
3706 129032 129032
3707 129116 129116
3708 129236 129236
3709 129248 129248
3710 128852 128852
3711 128968 128968
3712 129256 129256
3713 129264 129264
3714 128240 128240
3715 128876 128876
3716 128840 128840
3717 128636 128636
3718 129212 129212
3719 128480 128480
3720 128648 128648
3721 128648 128648
3722 128648 128648
3723 128648 128648
3724 128720 128720
3725 128936 128936
3726 128924 128924
3727 128840 128840
3728 128840 128840
3729 128840 128840
3730 128888 128888
3731 128948 128948
3732 128976 128976
3733 129248 129248
3734 129140 129140
3735 127776 127776
3736 128224 128224
3737 127956 127956
3738 128172 128172
3739 129012 129012
3740 129168 129168
3741 129240 129240
3742 128028 128028
3743 127992 127992
3744 128304 128304
3745 128832 128832
3746 128496 128496
3747 128676 128676
3748 128648 128648
3749 128648 128648
3750 128648 128648
3751 128648 128648
3752 128648 128648
3753 128648 128648
3754 128896 128896
3755 128980 128980
3756 128812 128812
3757 128744 128744
3758 128720 128720
3759 128720 128720
3760 128720 128720
3761 128720 128720
3762 128792 128792
3763 128792 128792
3764 128792 128792
3765 128792 128792
3766 128792 128792
3767 128816 128816
3768 128832 128832
3769 128832 128832
3770 128832 128832
3771 128832 128832
3772 128832 128832
3773 128832 128832
3774 128844 128844
3775 129084 129084
3776 129116 129116
3777 129104 129104
3778 128768 128768
3779 128712 128712
3780 128712 128712
3781 128536 128536
3782 129328 129328
3783 129088 129088
3784 129088 129088
3785 129060 129060
3786 128584 128584
3787 128704 128704
3788 128824 128824
3789 128552 128552
3790 128816 128816
3791 128972 128972
3792 128972 128972
3793 128972 128972
3794 128972 128972
3795 128972 128972
3796 128972 128972
3797 128972 128972
3798 128972 128972
3799 128972 128972
3800 128940 128940
3801 128940 128940
3802 129024 129024
3803 128856 128856
3804 128252 128252
3805 128264 128264
3806 128276 128276
3807 128312 128312
3808 128372 128372
3809 128776 128776
3810 128876 128876
3811 129140 129140
3812 129044 129044
3813 128828 128828
3814 128852 128852
3815 128852 128852
3816 128948 128948
3817 128948 128948
3818 128948 128948
3819 129032 129032
3820 129116 129116
3821 129116 129116
3822 128676 128676
3823 128572 128572
3824 128572 128572
3825 128672 128672
3826 128588 128588
3827 128588 128588
3828 128600 128600
3829 128756 128756
3830 128828 128828
3831 128888 128888
3832 128888 128888
3833 128888 128888
3834 128888 128888
3835 128888 128888
3836 128888 128888
3837 129044 129044
3838 129128 129128
3839 128892 128892
3840 128892 128892
3841 128892 128892
3842 128892 128892
3843 128892 128892
3844 128892 128892
3845 128892 128892
3846 128892 128892
3847 128892 128892
3848 128892 128892
3849 128892 128892
3850 128920 128920
3851 128968 128968
3852 129268 129268
3853 129100 129100
3854 128956 128956
3855 128656 128656
3856 128656 128656
3857 128684 128684
3858 128744 128744
3859 128744 128744
3860 128772 128772
3861 128772 128772
3862 128756 128756
3863 128756 128756
3864 129044 129044
3865 128792 128792
3866 128820 128820
3867 128844 128844
3868 128844 128844
3869 128844 128844
3870 128844 128844
3871 128844 128844
3872 128844 128844
3873 128844 128844
3874 128844 128844
3875 128844 128844
3876 128844 128844
3877 128872 128872
3878 128872 128872
3879 128872 128872
3880 128872 128872
3881 128872 128872
3882 128872 128872
3883 128872 128872
3884 128872 128872
3885 128872 128872
3886 128872 128872
3887 128872 128872
3888 128872 128872
3889 128872 128872
3890 128872 128872
3891 128872 128872
3892 128872 128872
3893 128872 128872
3894 128872 128872
3895 128872 128872
3896 128872 128872
3897 128872 128872
3898 128872 128872
3899 128872 128872
3900 128872 128872
3901 128824 128824
3902 128824 128824
3903 128824 128824
3904 128824 128824
3905 128824 128824
3906 128824 128824
3907 128824 128824
3908 128824 128824
3909 128824 128824
3910 128824 128824
3911 128824 128824
3912 129352 129352
3913 128884 128884
3914 129404 129404
3915 128756 128756
3916 129452 129452
3917 128936 128936
3918 129104 129104
3919 129352 129352
3920 128776 128776
3921 129220 129220
3922 128404 128404
3923 128676 128676
3924 129452 129452
3925 129080 129080
3926 129080 129080
3927 129080 129080
3928 129080 129080
3929 129080 129080
3930 129080 129080
3931 129080 129080
3932 127432 127432
3933 128456 128456
3934 129172 129172
3935 128896 128896
3936 129064 129064
3937 128804 128804
3938 129208 129208
3939 129268 129268
3940 129304 129304
3941 128704 128704
3942 129100 129100
3943 129076 129076
3944 129244 129244
3945 129352 129352
3946 129476 129476
3947 129488 129488
3948 129560 129560
3949 129536 129536
3950 129608 129608
3951 129572 129572
3952 129452 129452
3953 129584 129584
3954 129464 129464
3955 129428 129428
3956 129512 129512
3957 129428 129428
3958 129368 129368
3959 129584 129584
3960 129524 129524
3961 129464 129464
3962 129524 129524
3963 129572 129572
3964 129608 129608
3965 128276 128276
3966 129028 129028
3967 128860 128860
3968 128656 128656
3969 128792 128792
3970 128792 128792
3971 128984 128984
3972 129332 129332
3973 129224 129224
3974 129356 129356
3975 129324 129324
3976 129084 129084
3977 128924 128924
3978 129140 129140
3979 129056 129056
3980 127916 127916
3981 127976 127976
3982 127976 127976
3983 128204 128204
3984 128948 128948
3985 129080 129080
3986 129356 129356
3987 83260 83260
3988 83300 83300
3989 84192 84192
3990 85104 85104
3991 86104 86104
3992 86408 86408
3993 86408 86408
3994 86408 86408
3995 86608 86608
3996 87116 87116
3997 88052 88052
3998 89092 89092
3999 89608 89608
4000 90400 90400
4001 91204 91204
