0 113484 113484
1 113484 113484
2 113484 113484
3 113484 113484
4 113484 113484
5 113484 113484
6 113484 113484
7 113484 113484
8 113484 113484
9 113484 113484
10 113528 113528
11 113528 113528
12 113736 113736
13 113664 113664
14 113664 113664
15 113664 113664
16 113664 113664
17 113664 113664
18 113664 113664
19 113664 113664
20 113692 113692
21 113692 113692
22 113692 113692
23 113692 113692
24 113692 113692
25 113692 113692
26 113692 113692
27 113692 113692
28 113692 113692
29 113692 113692
30 113692 113692
31 113712 113712
32 113712 113712
33 113712 113712
34 113712 113712
35 113712 113712
36 113712 113712
37 113712 113712
38 113712 113712
39 113712 113712
40 113712 113712
41 113712 113712
42 113740 113740
43 113740 113740
44 113740 113740
45 113740 113740
46 113740 113740
47 113740 113740
48 113740 113740
49 113740 113740
50 113740 113740
51 113740 113740
52 113740 113740
53 113776 113776
54 113776 113776
55 114524 114524
56 114704 114704
57 114704 114704
58 114704 114704
59 114848 114848
60 114848 114848
61 115292 115292
62 115296 115296
63 115476 115476
64 115644 115644
65 115700 115700
66 115784 115784
67 115896 115896
68 115924 115924
69 115952 115952
70 115952 115952
71 116020 116020
72 116020 116020
73 116324 116324
74 116660 116660
75 116660 116660
76 116676 116676
77 116676 116676
78 116676 116676
79 117348 117348
80 117524 117524
81 117524 117524
82 117076 117076
83 117076 117076
84 117076 117076
85 117076 117076
86 117076 117076
87 117076 117076
88 117076 117076
89 117076 117076
90 117076 117076
91 117076 117076
92 117076 117076
93 117076 117076
94 117076 117076
95 117076 117076
96 117076 117076
97 117076 117076
98 117076 117076
99 117076 117076
100 117076 117076
101 117076 117076
102 117076 117076
103 117076 117076
104 117076 117076
105 117076 117076
106 117076 117076
107 117076 117076
108 117076 117076
109 117076 117076
110 117076 117076
111 117076 117076
112 117076 117076
113 117076 117076
114 117076 117076
115 117076 117076
116 117076 117076
117 117076 117076
118 117076 117076
119 117076 117076
120 117076 117076
121 117076 117076
122 117076 117076
123 117076 117076
124 117076 117076
125 117088 117088
126 117088 117088
127 117088 117088
128 117088 117088
129 117088 117088
130 117088 117088
131 117100 117100
132 117104 117104
133 117104 117104
134 117104 117104
135 117104 117104
136 117104 117104
137 117168 117168
138 117300 117300
139 117860 117860
140 118372 118372
141 118616 118616
142 118772 118772
143 118836 118836
144 118836 118836
145 118864 118864
146 119004 119004
147 119092 119092
148 119212 119212
149 119240 119240
150 119280 119280
151 119476 119476
152 119532 119532
153 119840 119840
154 119588 119588
155 119616 119616
156 119652 119652
157 119704 119704
158 119704 119704
159 119844 119844
160 119856 119856
161 119856 119856
162 119856 119856
163 119856 119856
164 119856 119856
165 119856 119856
166 119848 119848
167 119848 119848
168 119848 119848
169 119884 119884
170 119884 119884
171 119884 119884
172 119952 119952
173 119980 119980
174 119980 119980
175 119952 119952
176 119952 119952
177 119964 119964
178 120076 120076
179 120016 120016
180 120076 120076
181 120436 120436
182 120620 120620
183 120564 120564
184 121068 121068
185 121124 121124
186 121304 121304
187 121296 121296
188 121296 121296
189 121296 121296
190 121296 121296
191 121296 121296
192 121296 121296
193 121296 121296
194 121296 121296
195 121296 121296
196 121296 121296
197 121296 121296
198 121296 121296
199 121296 121296
200 121296 121296
201 121296 121296
202 121296 121296
203 121296 121296
204 121296 121296
205 121296 121296
206 121296 121296
207 121296 121296
208 121256 121256
209 121256 121256
210 121256 121256
211 121256 121256
212 121256 121256
213 121256 121256
214 121256 121256
215 121256 121256
216 121256 121256
217 121256 121256
218 121268 121268
219 121276 121276
220 121288 121288
221 121288 121288
222 121288 121288
223 121288 121288
224 121288 121288
225 121288 121288
226 121288 121288
227 121288 121288
228 121288 121288
229 121288 121288
230 121288 121288
231 121288 121288
232 121288 121288
233 121288 121288
234 121288 121288
235 121288 121288
236 121288 121288
237 121288 121288
238 121288 121288
239 121288 121288
240 121288 121288
241 121288 121288
242 121288 121288
243 121288 121288
244 121288 121288
245 121288 121288
246 121288 121288
247 121288 121288
248 121288 121288
249 121288 121288
250 121288 121288
251 121288 121288
252 121288 121288
253 121288 121288
254 121288 121288
255 121288 121288
256 121288 121288
257 121288 121288
258 121288 121288
259 121288 121288
260 121288 121288
261 121288 121288
262 121288 121288
263 121288 121288
264 121288 121288
265 121288 121288
266 121288 121288
267 121288 121288
268 121288 121288
269 121288 121288
270 121288 121288
271 121288 121288
272 121288 121288
273 121288 121288
274 121288 121288
275 121288 121288
276 121288 121288
277 121316 121316
278 121400 121400
279 121484 121484
280 121484 121484
281 121484 121484
282 121484 121484
283 121484 121484
284 121484 121484
285 121484 121484
286 121484 121484
287 121512 121512
288 121512 121512
289 121512 121512
290 121512 121512
291 121512 121512
292 121512 121512
293 121512 121512
294 121512 121512
295 121512 121512
296 121512 121512
297 121608 121608
298 121608 121608
299 121608 121608
300 121608 121608
301 121608 121608
302 121608 121608
303 121608 121608
304 121608 121608
305 121608 121608
306 121608 121608
307 121608 121608
308 121608 121608
309 121608 121608
310 121608 121608
311 121620 121620
312 121620 121620
313 121692 121692
314 121728 121728
315 121752 121752
316 121764 121764
317 121764 121764
318 121764 121764
319 121764 121764
320 121764 121764
321 121904 121904
322 122072 122072
323 121896 121896
324 121896 121896
325 121896 121896
326 121896 121896
327 121896 121896
328 121896 121896
329 121896 121896
330 121896 121896
331 121896 121896
332 121896 121896
333 121896 121896
334 121896 121896
335 121896 121896
336 121896 121896
337 121896 121896
338 121896 121896
339 121896 121896
340 121896 121896
341 121896 121896
342 121896 121896
343 121896 121896
344 121896 121896
345 121896 121896
346 121896 121896
347 121896 121896
348 121896 121896
349 121896 121896
350 121896 121896
351 121896 121896
352 121896 121896
353 121896 121896
354 121896 121896
355 121896 121896
356 121896 121896
357 121896 121896
358 121896 121896
359 121896 121896
360 121896 121896
361 121896 121896
362 121896 121896
363 121896 121896
364 121896 121896
365 121896 121896
366 121896 121896
367 121896 121896
368 121896 121896
369 121896 121896
370 121896 121896
371 121896 121896
372 121896 121896
373 121896 121896
374 121896 121896
375 121896 121896
376 121896 121896
377 121896 121896
378 121896 121896
379 121896 121896
380 121896 121896
381 121896 121896
382 121872 121872
383 121872 121872
384 121872 121872
385 121872 121872
386 121872 121872
387 121872 121872
388 121872 121872
389 121872 121872
390 121872 121872
391 121872 121872
392 121872 121872
393 121872 121872
394 121872 121872
395 121872 121872
396 121872 121872
397 121872 121872
398 121872 121872
399 121872 121872
400 121872 121872
401 121872 121872
402 121872 121872
403 121872 121872
404 121872 121872
405 121872 121872
406 121872 121872
407 121872 121872
408 121872 121872
409 121872 121872
410 121872 121872
411 121872 121872
412 121872 121872
413 121872 121872
414 121872 121872
415 121888 121888
416 121888 121888
417 121896 121896
418 121932 121932
419 121932 121932
420 121932 121932
421 121932 121932
422 121932 121932
423 121932 121932
424 121944 121944
425 122168 122168
426 122168 122168
427 121992 121992
428 121992 121992
429 121992 121992
430 121992 121992
431 121992 121992
432 121992 121992
433 121992 121992
434 121992 121992
435 121992 121992
436 121992 121992
437 121992 121992
438 121992 121992
439 121992 121992
440 121992 121992
441 121992 121992
442 121992 121992
443 121992 121992
444 121992 121992
445 121992 121992
446 121992 121992
447 121992 121992
448 121992 121992
449 121992 121992
450 121992 121992
451 121992 121992
452 121992 121992
453 121992 121992
454 121992 121992
455 121992 121992
456 121992 121992
457 121992 121992
458 121992 121992
459 121992 121992
460 121992 121992
461 121992 121992
462 121992 121992
463 121992 121992
464 121992 121992
465 121992 121992
466 121992 121992
467 121992 121992
468 121992 121992
469 121992 121992
470 121992 121992
471 121992 121992
472 121992 121992
473 121992 121992
474 121992 121992
475 121992 121992
476 121992 121992
477 121968 121968
478 121968 121968
479 121968 121968
480 121968 121968
481 121968 121968
482 121968 121968
483 121968 121968
484 121968 121968
485 121968 121968
486 121968 121968
487 121968 121968
488 121968 121968
489 121968 121968
490 121968 121968
491 121976 121976
492 121976 121976
493 121984 121984
494 121984 121984
495 121984 121984
496 121984 121984
497 121984 121984
498 121984 121984
499 122152 122152
500 122176 122176
501 122176 122176
502 122000 122000
503 122000 122000
504 122000 122000
505 122000 122000
506 122000 122000
507 122000 122000
508 122000 122000
509 122000 122000
510 122000 122000
511 122000 122000
512 122000 122000
513 122440 122440
514 122480 122480
515 122480 122480
516 122480 122480
517 122480 122480
518 122508 122508
519 122508 122508
520 122508 122508
521 122620 122620
522 122956 122956
523 123068 123068
524 122648 122648
525 122640 122640
526 122640 122640
527 122640 122640
528 122640 122640
529 122640 122640
530 122640 122640
531 122656 122656
532 121600 121600
533 123364 123364
534 123364 123364
535 123364 123364
536 123364 123364
537 123392 123392
538 123392 123392
539 123392 123392
540 123392 123392
541 123532 123532
542 123840 123840
543 123840 123840
544 123524 123524
545 123524 123524
546 123524 123524
547 123524 123524
548 123524 123524
549 123524 123524
550 123524 123524
551 123524 123524
552 123524 123524
553 123524 123524
554 123532 123532
555 124456 124456
556 124456 124456
557 124456 124456
558 124456 124456
559 124456 124456
560 124484 124484
561 124484 124484
562 124484 124484
563 124484 124484
564 124484 124484
565 124596 124596
566 124596 124596
567 124624 124624
568 124624 124624
569 124616 124616
570 124616 124616
571 124616 124616
572 124616 124616
573 124572 124572
574 124572 124572
575 124572 124572
576 124572 124572
577 124572 124572
578 124572 124572
579 124572 124572
580 124572 124572
581 124572 124572
582 124572 124572
583 124600 124600
584 124600 124600
585 124600 124600
586 124600 124600
587 124600 124600
588 124600 124600
589 124600 124600
590 124600 124600
591 124600 124600
592 124600 124600
593 124600 124600
594 124600 124600
595 124600 124600
596 124616 124616
597 124624 124624
598 123420 123420
599 123420 123420
600 123420 123420
601 123420 123420
602 123420 123420
603 123420 123420
604 123420 123420
605 123420 123420
606 123868 123868
607 123560 123560
608 123560 123560
609 123868 123868
610 123552 123552
611 123552 123552
612 123552 123552
613 123552 123552
614 123552 123552
615 123552 123552
616 123552 123552
617 123552 123552
618 123552 123552
619 123552 123552
620 123552 123552
621 123552 123552
622 123552 123552
623 123552 123552
624 123552 123552
625 123552 123552
626 123552 123552
627 123552 123552
628 123552 123552
629 123552 123552
630 123552 123552
631 123552 123552
632 123552 123552
633 123552 123552
634 123552 123552
635 123552 123552
636 123552 123552
637 123552 123552
638 123552 123552
639 123552 123552
640 123552 123552
641 123552 123552
642 123552 123552
643 123552 123552
644 123552 123552
645 123552 123552
646 123552 123552
647 123552 123552
648 123552 123552
649 123500 123500
650 123500 123500
651 123500 123500
652 123500 123500
653 123500 123500
654 123500 123500
655 123500 123500
656 123500 123500
657 123500 123500
658 123500 123500
659 123500 123500
660 123500 123500
661 123500 123500
662 123500 123500
663 123500 123500
664 123500 123500
665 123500 123500
666 123500 123500
667 123500 123500
668 123500 123500
669 123500 123500
670 123500 123500
671 123500 123500
672 123500 123500
673 123500 123500
674 123500 123500
675 123500 123500
676 123500 123500
677 123500 123500
678 123500 123500
679 123500 123500
680 123500 123500
681 123500 123500
682 123500 123500
683 123500 123500
684 123500 123500
685 123500 123500
686 123500 123500
687 123500 123500
688 123500 123500
689 123500 123500
690 123500 123500
691 123500 123500
692 123500 123500
693 123500 123500
694 123500 123500
695 123500 123500
696 123500 123500
697 123500 123500
698 123500 123500
699 123500 123500
700 123500 123500
701 123500 123500
702 123500 123500
703 123500 123500
704 123500 123500
705 123500 123500
706 123500 123500
707 123500 123500
708 123500 123500
709 123500 123500
710 123500 123500
711 123500 123500
712 123500 123500
713 123500 123500
714 123500 123500
715 123500 123500
716 123500 123500
717 123500 123500
718 123500 123500
719 123500 123500
720 123500 123500
721 123500 123500
722 123500 123500
723 123500 123500
724 123500 123500
725 123500 123500
726 123500 123500
727 123500 123500
728 123500 123500
729 123500 123500
730 123500 123500
731 123500 123500
732 123500 123500
733 123500 123500
734 123500 123500
735 123500 123500
736 123500 123500
737 123500 123500
738 123500 123500
739 123500 123500
740 123500 123500
741 123500 123500
742 123500 123500
743 123500 123500
744 123500 123500
745 123500 123500
746 123500 123500
747 123500 123500
748 123500 123500
749 123500 123500
750 123500 123500
751 123500 123500
752 123500 123500
753 123500 123500
754 123500 123500
755 123500 123500
756 123500 123500
757 123500 123500
758 123500 123500
759 123500 123500
760 123500 123500
761 123500 123500
762 123500 123500
763 123500 123500
764 123500 123500
765 123500 123500
766 123500 123500
767 123500 123500
768 123500 123500
769 123500 123500
770 123500 123500
771 123500 123500
772 123500 123500
773 123500 123500
774 123500 123500
775 123500 123500
776 123500 123500
777 123500 123500
778 123500 123500
779 123500 123500
780 123500 123500
781 123500 123500
782 123500 123500
783 123500 123500
784 123500 123500
785 123956 123956
786 123544 123544
787 123544 123544
788 123544 123544
789 123544 123544
790 123544 123544
791 123544 123544
792 123544 123544
793 123544 123544
794 123544 123544
795 123544 123544
796 123572 123572
797 123880 123880
798 123564 123564
799 123564 123564
800 123564 123564
801 123564 123564
802 123564 123564
803 124000 124000
804 123588 123588
805 123588 123588
806 123588 123588
807 123588 123588
808 123588 123588
809 123588 123588
810 123588 123588
811 123588 123588
812 123588 123588
813 123896 123896
814 123580 123580
815 123580 123580
816 123580 123580
817 123580 123580
818 124000 124000
819 123588 123588
820 123588 123588
821 123588 123588
822 123588 123588
823 123588 123588
824 123588 123588
825 123588 123588
826 123612 123612
827 123920 123920
828 123604 123604
829 123604 123604
830 123604 123604
831 123604 123604
832 123604 123604
833 123604 123604
834 124024 124024
835 123612 123612
836 123612 123612
837 123612 123612
838 123612 123612
839 123612 123612
840 123612 123612
841 123612 123612
842 123612 123612
843 123612 123612
844 123612 123612
845 123640 123640
846 123948 123948
847 123632 123632
848 123632 123632
849 123632 123632
850 123632 123632
851 123632 123632
852 123632 123632
853 124052 124052
854 123640 123640
855 123640 123640
856 123640 123640
857 123640 123640
858 123640 123640
859 123640 123640
860 123640 123640
861 123640 123640
862 123640 123640
863 123640 123640
864 123948 123948
865 123632 123632
866 123632 123632
867 123632 123632
868 123632 123632
869 123632 123632
870 123632 123632
871 123632 123632
872 123632 123632
873 123616 123616
874 123616 123616
875 124052 124052
876 123640 123640
877 123640 123640
878 123640 123640
879 123640 123640
880 123640 123640
881 123640 123640
882 123640 123640
883 123640 123640
884 123640 123640
885 123640 123640
886 124060 124060
887 123640 123640
888 123632 123632
889 123632 123632
890 123632 123632
891 123632 123632
892 123632 123632
893 123632 123632
894 123632 123632
895 123632 123632
896 123632 123632
897 123632 123632
898 123640 123640
899 123640 123640
900 123640 123640
901 123640 123640
902 123640 123640
903 123640 123640
904 123640 123640
905 123948 123948
906 124060 124060
907 123640 123640
908 123632 123632
909 123632 123632
910 123632 123632
911 123632 123632
912 123632 123632
913 123632 123632
914 123632 123632
915 123632 123632
916 123632 123632
917 123632 123632
918 123632 123632
919 123632 123632
920 123632 123632
921 123632 123632
922 123632 123632
923 123632 123632
924 123632 123632
925 123632 123632
926 123632 123632
927 123632 123632
928 123632 123632
929 123632 123632
930 123632 123632
931 123632 123632
932 123632 123632
933 123632 123632
934 123632 123632
935 123632 123632
936 123632 123632
937 123632 123632
938 123632 123632
939 123632 123632
940 123632 123632
941 123632 123632
942 123632 123632
943 123632 123632
944 123632 123632
945 123632 123632
946 123632 123632
947 123632 123632
948 123632 123632
949 123632 123632
950 123632 123632
951 123608 123608
952 123608 123608
953 123608 123608
954 123608 123608
955 123608 123608
956 123608 123608
957 123608 123608
958 123608 123608
959 123608 123608
960 123580 123580
961 124044 124044
962 123632 123632
963 123640 123640
964 123640 123640
965 123640 123640
966 123640 123640
967 123640 123640
968 123640 123640
969 123640 123640
970 123640 123640
971 123948 123948
972 123652 123652
973 123652 123652
974 123960 123960
975 123644 123644
976 123644 123644
977 123644 123644
978 123644 123644
979 123644 123644
980 123644 123644
981 123644 123644
982 123644 123644
983 123644 123644
984 123644 123644
985 123644 123644
986 123644 123644
987 123644 123644
988 123644 123644
989 123644 123644
990 123644 123644
991 123644 123644
992 124064 124064
993 123652 123652
994 123652 123652
995 123652 123652
996 123652 123652
997 123652 123652
998 123652 123652
999 123652 123652
1000 123652 123652
1001 123960 123960
1002 123644 123644
1003 123644 123644
1004 123644 123644
1005 123644 123644
1006 123644 123644
1007 123644 123644
1008 123644 123644
1009 123652 123652
1010 123652 123652
1011 123652 123652
1012 123652 123652
1013 123652 123652
1014 123652 123652
1015 123652 123652
1016 123652 123652
1017 123652 123652
1018 123652 123652
1019 123960 123960
1020 123644 123644
1021 123644 123644
1022 123644 123644
1023 123644 123644
1024 123644 123644
1025 123644 123644
1026 123644 123644
1027 123644 123644
1028 123644 123644
1029 123644 123644
1030 123644 123644
1031 123644 123644
1032 123652 123652
1033 123652 123652
1034 123540 123540
1035 124576 124576
1036 124576 124576
1037 124576 124576
1038 124576 124576
1039 124576 124576
1040 124604 124604
1041 124604 124604
1042 124604 124604
1043 124604 124604
1044 124604 124604
1045 124744 124744
1046 125080 125080
1047 124736 124736
1048 124736 124736
1049 124736 124736
1050 124736 124736
1051 124736 124736
1052 124736 124736
1053 124736 124736
1054 124736 124736
1055 124736 124736
1056 124736 124736
1057 124736 124736
1058 124736 124736
1059 124736 124736
1060 124736 124736
1061 125156 125156
1062 124744 124744
1063 123540 123540
1064 125920 125920
1065 125920 125920
1066 125920 125920
1067 125920 125920
1068 125920 125920
1069 125948 125948
1070 125976 125976
1071 125976 125976
1072 125976 125976
1073 125976 125976
1074 125976 125976
1075 126424 126424
1076 126088 126088
1077 126424 126424
1078 126080 126080
1079 126080 126080
1080 126080 126080
1081 126080 126080
1082 126080 126080
1083 126080 126080
1084 126080 126080
1085 126080 126080
1086 126080 126080
1087 126080 126080
1088 126080 126080
1089 126080 126080
1090 126080 126080
1091 126080 126080
1092 126080 126080
1093 126080 126080
1094 126080 126080
1095 126080 126080
1096 126080 126080
1097 126080 126080
1098 126080 126080
1099 126080 126080
1100 126080 126080
1101 126080 126080
1102 126080 126080
1103 126080 126080
1104 126080 126080
1105 126080 126080
1106 126080 126080
1107 126080 126080
1108 126080 126080
1109 126080 126080
1110 126080 126080
1111 126080 126080
1112 126080 126080
1113 126080 126080
1114 126080 126080
1115 126080 126080
1116 126080 126080
1117 126080 126080
1118 126080 126080
1119 126080 126080
1120 126080 126080
1121 126080 126080
1122 126080 126080
1123 126080 126080
1124 126064 126064
1125 126064 126064
1126 126064 126064
1127 126064 126064
1128 126064 126064
1129 126064 126064
1130 126064 126064
1131 126064 126064
1132 126064 126064
1133 126064 126064
1134 126064 126064
1135 126064 126064
1136 126064 126064
1137 126064 126064
1138 126064 126064
1139 126064 126064
1140 126064 126064
1141 126064 126064
1142 126064 126064
1143 126064 126064
1144 126064 126064
1145 126064 126064
1146 126064 126064
1147 126064 126064
1148 126064 126064
1149 126064 126064
1150 126064 126064
1151 126064 126064
1152 126064 126064
1153 126064 126064
1154 126064 126064
1155 126064 126064
1156 126064 126064
1157 126064 126064
1158 126064 126064
1159 126064 126064
1160 126064 126064
1161 126064 126064
1162 126064 126064
1163 126064 126064
1164 126064 126064
1165 126064 126064
1166 126064 126064
1167 126064 126064
1168 126064 126064
1169 126064 126064
1170 126064 126064
1171 126064 126064
1172 126064 126064
1173 126064 126064
1174 126064 126064
1175 126064 126064
1176 126064 126064
1177 126064 126064
1178 126064 126064
1179 126064 126064
1180 126064 126064
1181 126064 126064
1182 126064 126064
1183 126064 126064
1184 126064 126064
1185 126064 126064
1186 126064 126064
1187 126064 126064
1188 126064 126064
1189 126064 126064
1190 126064 126064
1191 126064 126064
1192 126064 126064
1193 126064 126064
1194 126064 126064
1195 126064 126064
1196 126064 126064
1197 126064 126064
1198 126064 126064
1199 126064 126064
1200 126064 126064
1201 126064 126064
1202 126064 126064
1203 126064 126064
1204 126064 126064
1205 126064 126064
1206 126064 126064
1207 126064 126064
1208 126064 126064
1209 126064 126064
1210 126064 126064
1211 126064 126064
1212 126064 126064
1213 126064 126064
1214 126064 126064
1215 126064 126064
1216 126064 126064
1217 126528 126528
1218 126088 126088
1219 126088 126088
1220 126088 126088
1221 126088 126088
1222 126088 126088
1223 126088 126088
1224 126088 126088
1225 126088 126088
1226 126088 126088
1227 126424 126424
1228 126536 126536
1229 126116 126116
1230 126108 126108
1231 126108 126108
1232 126108 126108
1233 126108 126108
1234 126108 126108
1235 126108 126108
1236 126528 126528
1237 126116 126116
1238 126116 126116
1239 126116 126116
1240 126116 126116
1241 126116 126116
1242 126116 126116
1243 126116 126116
1244 126116 126116
1245 126116 126116
1246 126116 126116
1247 126116 126116
1248 126116 126116
1249 126116 126116
1250 126116 126116
1251 126116 126116
1252 126424 126424
1253 126108 126108
1254 126108 126108
1255 126108 126108
1256 126108 126108
1257 126108 126108
1258 126108 126108
1259 126108 126108
1260 126108 126108
1261 126108 126108
1262 126108 126108
1263 126108 126108
1264 126108 126108
1265 126108 126108
1266 126108 126108
1267 126108 126108
1268 126108 126108
1269 126108 126108
1270 126108 126108
1271 126108 126108
1272 126108 126108
1273 126108 126108
1274 126164 126164
1275 126180 126180
1276 126180 126180
1277 126236 126236
1278 126236 126236
1279 126236 126236
1280 126236 126236
1281 126236 126236
1282 126180 126180
1283 126224 126224
1284 126208 126208
1285 126308 126308
1286 126308 126308
1287 126308 126308
1288 126308 126308
1289 126308 126308
1290 126308 126308
1291 126292 126292
1292 126292 126292
1293 126292 126292
1294 126292 126292
1295 126292 126292
1296 126292 126292
1297 126292 126292
1298 126292 126292
1299 126292 126292
1300 126292 126292
1301 126292 126292
1302 126292 126292
1303 126292 126292
1304 126292 126292
1305 126292 126292
1306 126292 126292
1307 126292 126292
1308 126276 126276
1309 126360 126360
1310 126372 126372
1311 126372 126372
1312 126372 126372
1313 126372 126372
1314 126372 126372
1315 126372 126372
1316 126364 126364
1317 126364 126364
1318 126364 126364
1319 126364 126364
1320 126364 126364
1321 126364 126364
1322 126408 126408
1323 126408 126408
1324 126408 126408
1325 126408 126408
1326 126408 126408
1327 126408 126408
1328 126408 126408
1329 126408 126408
1330 126408 126408
1331 126408 126408
1332 126660 126660
1333 122180 122180
1334 122180 122180
1335 122180 122180
1336 122180 122180
1337 122520 122520
1338 122520 122520
1339 122520 122520
1340 123904 123904
1341 123904 123904
1342 124348 124348
1343 124040 124040
1344 124040 124040
1345 124048 124048
1346 124040 124040
1347 124040 124040
1348 124040 124040
1349 124040 124040
1350 124040 124040
1351 124040 124040
1352 124040 124040
1353 124040 124040
1354 124040 124040
1355 124040 124040
1356 124048 124048
1357 124048 124048
1358 124048 124048
1359 124368 124368
1360 124060 124060
1361 124060 124060
1362 124060 124060
1363 124052 124052
1364 124052 124052
1365 124052 124052
1366 124052 124052
1367 124052 124052
1368 124052 124052
1369 124052 124052
1370 124052 124052
1371 124052 124052
1372 124052 124052
1373 124472 124472
1374 124060 124060
1375 124060 124060
1376 124072 124072
1377 124072 124072
1378 124380 124380
1379 124492 124492
1380 124064 124064
1381 124064 124064
1382 124064 124064
1383 124064 124064
1384 124064 124064
1385 124064 124064
1386 124064 124064
1387 124064 124064
1388 124064 124064
1389 124064 124064
1390 124064 124064
1391 124064 124064
1392 124064 124064
1393 124064 124064
1394 124064 124064
1395 124064 124064
1396 124064 124064
1397 124064 124064
1398 124064 124064
1399 124064 124064
1400 124064 124064
1401 124064 124064
1402 124064 124064
1403 124064 124064
1404 124064 124064
1405 124064 124064
1406 124064 124064
1407 124064 124064
1408 124064 124064
1409 124064 124064
1410 124064 124064
1411 124064 124064
1412 124032 124032
1413 124032 124032
1414 124032 124032
1415 124032 124032
1416 124032 124032
1417 124040 124040
1418 124040 124040
1419 124332 124332
1420 124052 124052
1421 124024 124024
1422 124332 124332
1423 124044 124044
1424 124044 124044
1425 124044 124044
1426 124044 124044
1427 124044 124044
1428 124044 124044
1429 124044 124044
1430 124044 124044
1431 124044 124044
1432 124044 124044
1433 124464 124464
1434 124052 124052
1435 124052 124052
1436 124064 124064
1437 124064 124064
1438 124064 124064
1439 124344 124344
1440 124056 124056
1441 124056 124056
1442 124056 124056
1443 124056 124056
1444 124056 124056
1445 124056 124056
1446 124056 124056
1447 124056 124056
1448 124056 124056
1449 124056 124056
1450 124056 124056
1451 124028 124028
1452 124028 124028
1453 124028 124028
1454 124028 124028
1455 124028 124028
1456 124028 124028
1457 124028 124028
1458 124028 124028
1459 124028 124028
1460 124028 124028
1461 124028 124028
1462 124028 124028
1463 124448 124448
1464 124036 124036
1465 124036 124036
1466 124036 124036
1467 124036 124036
1468 124344 124344
1469 124456 124456
1470 124028 124028
1471 124028 124028
1472 124028 124028
1473 124028 124028
1474 124028 124028
1475 124028 124028
1476 124028 124028
1477 124028 124028
1478 124028 124028
1479 124028 124028
1480 124028 124028
1481 124028 124028
1482 124028 124028
1483 124028 124028
1484 124028 124028
1485 124028 124028
1486 124028 124028
1487 124028 124028
1488 124028 124028
1489 124028 124028
1490 124028 124028
1491 124028 124028
1492 124028 124028
1493 124028 124028
1494 124028 124028
1495 124028 124028
1496 124028 124028
1497 124028 124028
1498 124028 124028
1499 124028 124028
1500 124028 124028
1501 124028 124028
1502 124028 124028
1503 124028 124028
1504 124028 124028
1505 124028 124028
1506 124028 124028
1507 124028 124028
1508 124028 124028
1509 124028 124028
1510 124028 124028
1511 124028 124028
1512 124028 124028
1513 124028 124028
1514 124028 124028
1515 124028 124028
1516 124028 124028
1517 124028 124028
1518 124028 124028
1519 124028 124028
1520 124028 124028
1521 124028 124028
1522 124028 124028
1523 124028 124028
1524 124028 124028
1525 124028 124028
1526 124028 124028
1527 124028 124028
1528 124028 124028
1529 124028 124028
1530 124028 124028
1531 124028 124028
1532 124028 124028
1533 124028 124028
1534 124028 124028
1535 124028 124028
1536 124028 124028
1537 124028 124028
1538 124028 124028
1539 124028 124028
1540 124028 124028
1541 124028 124028
1542 124028 124028
1543 124028 124028
1544 124028 124028
1545 124028 124028
1546 124028 124028
1547 124028 124028
1548 124028 124028
1549 124028 124028
1550 124028 124028
1551 124028 124028
1552 124028 124028
1553 124028 124028
1554 124028 124028
1555 124028 124028
1556 124028 124028
1557 124028 124028
1558 124028 124028
1559 124028 124028
1560 124028 124028
1561 124028 124028
1562 124028 124028
1563 124448 124448
1564 124036 124036
1565 124036 124036
1566 124036 124036
1567 124036 124036
1568 124316 124316
1569 124456 124456
1570 124028 124028
1571 124028 124028
1572 124028 124028
1573 124028 124028
1574 124028 124028
1575 124028 124028
1576 124028 124028
1577 124028 124028
1578 124028 124028
1579 124028 124028
1580 124028 124028
1581 124028 124028
1582 124028 124028
1583 124028 124028
1584 124028 124028
1585 124028 124028
1586 124028 124028
1587 124028 124028
1588 124028 124028
1589 124028 124028
1590 124028 124028
1591 124028 124028
1592 124028 124028
1593 124028 124028
1594 124028 124028
1595 124028 124028
1596 124028 124028
1597 124028 124028
1598 124028 124028
1599 124028 124028
1600 124028 124028
1601 124028 124028
1602 124028 124028
1603 124028 124028
1604 124028 124028
1605 124028 124028
1606 124028 124028
1607 124028 124028
1608 124028 124028
1609 124028 124028
1610 124028 124028
1611 124028 124028
1612 124028 124028
1613 124028 124028
1614 124028 124028
1615 124028 124028
1616 124028 124028
1617 124028 124028
1618 124028 124028
1619 124028 124028
1620 124028 124028
1621 124028 124028
1622 124028 124028
1623 124028 124028
1624 124028 124028
1625 124028 124028
1626 124028 124028
1627 124028 124028
1628 124028 124028
1629 124028 124028
1630 124028 124028
1631 124028 124028
1632 124028 124028
1633 124028 124028
1634 124028 124028
1635 124028 124028
1636 124028 124028
1637 124028 124028
1638 124028 124028
1639 124028 124028
1640 124028 124028
1641 124028 124028
1642 124028 124028
1643 124028 124028
1644 124028 124028
1645 124028 124028
1646 124028 124028
1647 124028 124028
1648 124028 124028
1649 124028 124028
1650 124028 124028
1651 124028 124028
1652 124028 124028
1653 124028 124028
1654 124028 124028
1655 124028 124028
1656 124028 124028
1657 124028 124028
1658 124028 124028
1659 124028 124028
1660 124028 124028
1661 124028 124028
1662 124028 124028
1663 124028 124028
1664 124028 124028
1665 124028 124028
1666 124028 124028
1667 124028 124028
1668 124028 124028
1669 124028 124028
1670 124028 124028
1671 124028 124028
1672 124028 124028
1673 124028 124028
1674 124028 124028
1675 124028 124028
1676 124028 124028
1677 124028 124028
1678 124028 124028
1679 124028 124028
1680 124028 124028
1681 124028 124028
1682 124028 124028
1683 124028 124028
1684 124028 124028
1685 124028 124028
1686 124028 124028
1687 124028 124028
1688 124028 124028
1689 124028 124028
1690 124028 124028
1691 124028 124028
1692 124028 124028
1693 124028 124028
1694 124028 124028
1695 124028 124028
1696 124028 124028
1697 124028 124028
1698 124028 124028
1699 124028 124028
1700 124028 124028
1701 124028 124028
1702 124028 124028
1703 124020 124020
1704 124020 124020
1705 124020 124020
1706 124448 124448
1707 124036 124036
1708 124036 124036
1709 124036 124036
1710 124036 124036
1711 124316 124316
1712 124456 124456
1713 124028 124028
1714 124028 124028
1715 124028 124028
1716 124028 124028
1717 124028 124028
1718 124028 124028
1719 124028 124028
1720 124028 124028
1721 124028 124028
1722 124028 124028
1723 124028 124028
1724 124028 124028
1725 124028 124028
1726 124028 124028
1727 124028 124028
1728 124028 124028
1729 124028 124028
1730 124028 124028
1731 124028 124028
1732 124028 124028
1733 124028 124028
1734 124028 124028
1735 124028 124028
1736 124028 124028
1737 124028 124028
1738 124028 124028
1739 124028 124028
1740 124028 124028
1741 124028 124028
1742 124028 124028
1743 124028 124028
1744 124028 124028
1745 124028 124028
1746 124028 124028
1747 124028 124028
1748 124028 124028
1749 124028 124028
1750 124028 124028
1751 124028 124028
1752 124028 124028
1753 124028 124028
1754 124028 124028
1755 124028 124028
1756 124028 124028
1757 124028 124028
1758 124028 124028
1759 124028 124028
1760 124028 124028
1761 124028 124028
1762 124028 124028
1763 124028 124028
1764 124028 124028
1765 124028 124028
1766 124028 124028
1767 124028 124028
1768 124028 124028
1769 124028 124028
1770 124028 124028
1771 124028 124028
1772 124028 124028
1773 124028 124028
1774 124028 124028
1775 124028 124028
1776 124028 124028
1777 124028 124028
1778 124028 124028
1779 124028 124028
1780 124028 124028
1781 124028 124028
1782 124028 124028
1783 124028 124028
1784 124028 124028
1785 124028 124028
1786 124028 124028
1787 124028 124028
1788 124028 124028
1789 124028 124028
1790 124028 124028
1791 124028 124028
1792 124028 124028
1793 124028 124028
1794 124028 124028
1795 124028 124028
1796 124028 124028
1797 124028 124028
1798 124028 124028
1799 124020 124020
1800 124020 124020
1801 124020 124020
1802 124020 124020
1803 124020 124020
1804 124020 124020
1805 124020 124020
1806 124020 124020
1807 124020 124020
1808 124020 124020
1809 124020 124020
1810 124020 124020
1811 124020 124020
1812 124020 124020
1813 124020 124020
1814 124020 124020
1815 124020 124020
1816 124020 124020
1817 124020 124020
1818 124020 124020
1819 124020 124020
1820 124020 124020
1821 124020 124020
1822 124020 124020
1823 124020 124020
1824 124020 124020
1825 124020 124020
1826 124020 124020
1827 124020 124020
1828 124020 124020
1829 124020 124020
1830 124020 124020
1831 124020 124020
1832 124020 124020
1833 124020 124020
1834 124020 124020
1835 124020 124020
1836 124020 124020
1837 124020 124020
1838 124020 124020
1839 124020 124020
1840 124020 124020
1841 124020 124020
1842 124020 124020
1843 124020 124020
1844 124020 124020
1845 124020 124020
1846 124020 124020
1847 124020 124020
1848 124020 124020
1849 124020 124020
1850 124020 124020
1851 124028 124028
1852 124064 124064
1853 124064 124064
1854 124064 124064
1855 124064 124064
1856 124344 124344
1857 124484 124484
1858 124064 124064
1859 124056 124056
1860 124056 124056
1861 124056 124056
1862 124056 124056
1863 124056 124056
1864 124056 124056
1865 124056 124056
1866 124056 124056
1867 124056 124056
1868 124056 124056
1869 124056 124056
1870 124056 124056
1871 124056 124056
1872 124056 124056
1873 124056 124056
1874 124056 124056
1875 124056 124056
1876 124056 124056
1877 124056 124056
1878 124056 124056
1879 124056 124056
1880 124056 124056
1881 124056 124056
1882 124056 124056
1883 124056 124056
1884 124056 124056
1885 124056 124056
1886 124056 124056
1887 124056 124056
1888 124056 124056
1889 124056 124056
1890 124056 124056
1891 124056 124056
1892 124056 124056
1893 124056 124056
1894 124056 124056
1895 124056 124056
1896 124056 124056
1897 124056 124056
1898 124056 124056
1899 124056 124056
1900 124056 124056
1901 124056 124056
1902 124056 124056
1903 124056 124056
1904 124056 124056
1905 124056 124056
1906 124056 124056
1907 124056 124056
1908 124056 124056
1909 124056 124056
1910 124056 124056
1911 124056 124056
1912 124028 124028
1913 124028 124028
1914 124028 124028
1915 124028 124028
1916 124028 124028
1917 124028 124028
1918 124028 124028
1919 124028 124028
1920 124028 124028
1921 124028 124028
1922 124028 124028
1923 124028 124028
1924 124028 124028
1925 124028 124028
1926 124028 124028
1927 124028 124028
1928 124028 124028
1929 124028 124028
1930 124028 124028
1931 124028 124028
1932 124028 124028
1933 124028 124028
1934 124028 124028
1935 124028 124028
1936 124028 124028
1937 124028 124028
1938 124028 124028
1939 124028 124028
1940 124028 124028
1941 124028 124028
1942 124028 124028
1943 124028 124028
1944 124028 124028
1945 124028 124028
1946 124028 124028
1947 124028 124028
1948 124028 124028
1949 124028 124028
1950 124028 124028
1951 124028 124028
1952 124028 124028
1953 124028 124028
1954 124028 124028
1955 124028 124028
1956 124028 124028
1957 124028 124028
1958 124028 124028
1959 124028 124028
1960 124028 124028
1961 124028 124028
1962 124028 124028
1963 124028 124028
1964 124028 124028
1965 124028 124028
1966 124028 124028
1967 124028 124028
1968 124028 124028
1969 124028 124028
1970 124028 124028
1971 124028 124028
1972 124028 124028
1973 124028 124028
1974 124028 124028
1975 124028 124028
1976 124028 124028
1977 124028 124028
1978 124028 124028
1979 124028 124028
1980 124028 124028
1981 124028 124028
1982 124028 124028
1983 124028 124028
1984 124028 124028
1985 124028 124028
1986 119452 119452
1987 119344 119344
1988 119300 119300
1989 119276 119276
1990 119276 119276
1991 119276 119276
1992 119276 119276
1993 119276 119276
1994 119276 119276
1995 119276 119276
1996 119248 119248
1997 119248 119248
1998 119248 119248
1999 119248 119248
2000 119248 119248
2001 119248 119248
2002 119248 119248
2003 119248 119248
2004 119248 119248
2005 119248 119248
2006 119248 119248
2007 119248 119248
2008 119248 119248
2009 119248 119248
2010 119248 119248
2011 119248 119248
2012 119248 119248
2013 119248 119248
2014 119248 119248
