0 112956 112956
1 112956 112956
2 112956 112956
3 112956 112956
4 112956 112956
5 112956 112956
6 112956 112956
7 112956 112956
8 112956 112956
9 112956 112956
10 112956 112956
11 112956 112956
12 112956 112956
13 112968 112968
14 112968 112968
15 112968 112968
16 112968 112968
17 112968 112968
18 112968 112968
19 112968 112968
20 112968 112968
21 112968 112968
22 112968 112968
23 112968 112968
24 112968 112968
25 112968 112968
26 112968 112968
27 112968 112968
28 112968 112968
29 112968 112968
30 112968 112968
31 112968 112968
32 112968 112968
33 112968 112968
34 112968 112968
35 112968 112968
36 112968 112968
37 112968 112968
38 112968 112968
39 112968 112968
40 112968 112968
41 112968 112968
42 112968 112968
43 112968 112968
44 112968 112968
45 112968 112968
46 112968 112968
47 112968 112968
48 112968 112968
49 112968 112968
50 112968 112968
51 112968 112968
52 112968 112968
53 112968 112968
54 112968 112968
55 112968 112968
56 112968 112968
57 112968 112968
58 112968 112968
59 112968 112968
60 112968 112968
61 112968 112968
62 112968 112968
63 112968 112968
64 112968 112968
65 112968 112968
66 112968 112968
67 112968 112968
68 112968 112968
69 112968 112968
70 112968 112968
71 112968 112968
72 113472 113472
73 113192 113192
74 113192 113192
75 113192 113192
76 113192 113192
77 113192 113192
78 113192 113192
79 113192 113192
80 113192 113192
81 113352 113352
82 113528 113528
83 114008 114008
84 114696 114696
85 114696 114696
86 114696 114696
87 114696 114696
88 114696 114696
89 114696 114696
90 114696 114696
91 114696 114696
92 114696 114696
93 114752 114752
94 115088 115088
95 115228 115228
96 115284 115284
97 115368 115368
98 115476 115476
99 115452 115452
100 115464 115464
101 115556 115556
102 115556 115556
103 115612 115612
104 115708 115708
105 115736 115736
106 115792 115792
107 116072 116072
108 116016 116016
109 116032 116032
110 116040 116040
111 116040 116040
112 116096 116096
113 116124 116124
114 116724 116724
115 116440 116440
116 116468 116468
117 116468 116468
118 116468 116468
119 117052 117052
120 118196 118196
121 118176 118176
122 118620 118620
123 118620 118620
124 118620 118620
125 118620 118620
126 118620 118620
127 118620 118620
128 118700 118700
129 119292 119292
130 119600 119600
131 120188 120188
132 120412 120412
133 120652 120652
134 120816 120816
135 121028 121028
136 121308 121308
137 121444 121444
138 121512 121512
139 121616 121616
140 121624 121624
141 121732 121732
142 121732 121732
143 121900 121900
144 122088 122088
145 121844 121844
146 121656 121656
147 121716 121716
148 121632 121632
149 121640 121640
150 121640 121640
151 121708 121708
152 121784 121784
153 121936 121936
154 122032 122032
155 122212 122212
156 122072 122072
157 122064 122064
158 122064 122064
159 122064 122064
160 122064 122064
161 122064 122064
162 122064 122064
163 122064 122064
164 122064 122064
165 122064 122064
166 122064 122064
167 122064 122064
168 122064 122064
169 122064 122064
170 122064 122064
171 122064 122064
172 122064 122064
173 122064 122064
174 122064 122064
175 122064 122064
176 122064 122064
177 122064 122064
178 122064 122064
179 122064 122064
180 122064 122064
181 122064 122064
182 122064 122064
183 122064 122064
184 122064 122064
185 122064 122064
186 122064 122064
187 122064 122064
188 122064 122064
189 122064 122064
190 122064 122064
191 122064 122064
192 122088 122088
193 122356 122356
194 122420 122420
195 122408 122408
196 122408 122408
197 122168 122168
198 122168 122168
199 122168 122168
200 122168 122168
201 122224 122224
202 122364 122364
203 122364 122364
204 122364 122364
205 122364 122364
206 122560 122560
207 122616 122616
208 122728 122728
209 122756 122756
210 123176 123176
211 123160 123160
212 123160 123160
213 123180 123180
214 123180 123180
215 123180 123180
216 123236 123236
217 123292 123292
218 123320 123320
219 123436 123436
220 123492 123492
221 123548 123548
222 123660 123660
223 123688 123688
224 123772 123772
225 123856 123856
226 123912 123912
227 123940 123940
228 123968 123968
229 123968 123968
230 123996 123996
231 124052 124052
232 124108 124108
233 124164 124164
234 124332 124332
235 124356 124356
236 124804 124804
237 124804 124804
238 124832 124832
239 124916 124916
240 124944 124944
241 125000 125000
242 125000 125000
243 125000 125000
244 125000 125000
245 125028 125028
246 125112 125112
247 125112 125112
248 125252 125252
249 125252 125252
250 125252 125252
251 125252 125252
252 125392 125392
253 125476 125476
254 125672 125672
255 125672 125672
256 125672 125672
257 125672 125672
258 125672 125672
259 125640 125640
260 125792 125792
261 125792 125792
262 125792 125792
263 125848 125848
264 125876 125876
265 125904 125904
266 125904 125904
267 126044 126044
268 126072 126072
269 126108 126108
270 126108 126108
271 126108 126108
272 126108 126108
273 126136 126136
274 126136 126136
275 126136 126136
276 126136 126136
277 126136 126136
278 126276 126276
279 126360 126360
280 126360 126360
281 126360 126360
282 126360 126360
283 126388 126388
284 126444 126444
285 126444 126444
286 126584 126584
287 126640 126640
288 126640 126640
289 126640 126640
290 126640 126640
291 126640 126640
292 126640 126640
293 126640 126640
294 126640 126640
295 126640 126640
296 126640 126640
297 126640 126640
298 126640 126640
299 126696 126696
300 126696 126696
301 126696 126696
302 126696 126696
303 126696 126696
304 126836 126836
305 126948 126948
306 127760 127760
307 128852 128852
308 127200 127200
309 127200 127200
310 127200 127200
311 127256 127256
312 127256 127256
313 127256 127256
314 127256 127256
315 127256 127256
316 127256 127256
317 127256 127256
318 127256 127256
319 127256 127256
320 127256 127256
321 127256 127256
322 127256 127256
323 127256 127256
324 127256 127256
325 127396 127396
326 127396 127396
327 127396 127396
328 127396 127396
329 127396 127396
330 127396 127396
331 127424 127424
332 127424 127424
333 127452 127452
334 127592 127592
335 127592 127592
336 127592 127592
337 127676 127676
338 127676 127676
339 127676 127676
340 127676 127676
341 127676 127676
342 127676 127676
343 127676 127676
344 127676 127676
345 127676 127676
346 127676 127676
347 127676 127676
348 127676 127676
349 127684 127684
350 127684 127684
351 127684 127684
352 127684 127684
353 127712 127712
354 127740 127740
355 127760 127760
356 127760 127760
357 127788 127788
358 127816 127816
359 127844 127844
360 127844 127844
361 127872 127872
362 127900 127900
363 127928 127928
364 127928 127928
365 127956 127956
366 127956 127956
367 127984 127984
368 128012 128012
369 128012 128012
370 128040 128040
371 128040 128040
372 128068 128068
373 128068 128068
374 128068 128068
375 128096 128096
376 128096 128096
377 128116 128116
378 128144 128144
379 128144 128144
380 128144 128144
381 128144 128144
382 128172 128172
383 128172 128172
384 128200 128200
385 128200 128200
386 128200 128200
387 128200 128200
388 128200 128200
389 128200 128200
390 128200 128200
391 128200 128200
392 128380 128380
393 128408 128408
394 128408 128408
395 128408 128408
396 128408 128408
397 128408 128408
398 128408 128408
399 128408 128408
400 128408 128408
401 128408 128408
402 128520 128520
403 128532 128532
404 128544 128544
405 128544 128544
406 128544 128544
407 128544 128544
408 128544 128544
409 128572 128572
410 128572 128572
411 128600 128600
412 128748 128748
413 128740 128740
414 128740 128740
415 128740 128740
416 128740 128740
417 128740 128740
418 128740 128740
419 128740 128740
420 128740 128740
421 128740 128740
422 128740 128740
423 128740 128740
424 128740 128740
425 128740 128740
426 128740 128740
427 128740 128740
428 128740 128740
429 128740 128740
430 128740 128740
431 128740 128740
432 128740 128740
433 128740 128740
434 128740 128740
435 128740 128740
436 128740 128740
437 128740 128740
438 128936 128936
439 128964 128964
440 128964 128964
441 128988 128988
442 128988 128988
443 128988 128988
444 128864 128864
445 128864 128864
446 128864 128864
447 128864 128864
448 128864 128864
449 128892 128892
450 128920 128920
451 129076 129076
452 128712 128712
453 128712 128712
454 128712 128712
455 128740 128740
456 128684 128684
457 128684 128684
458 128684 128684
459 128824 128824
460 128824 128824
461 129076 129076
462 129020 129020
463 129020 129020
464 129020 129020
465 129048 129048
466 128880 128880
467 128880 128880
468 128880 128880
469 128880 128880
470 128880 128880
471 128880 128880
472 128880 128880
473 128880 128880
474 128880 128880
475 128880 128880
476 129048 129048
477 129332 129332
478 128728 128728
479 128868 128868
480 128872 128872
481 129604 129604
482 129512 129512
483 129584 129584
484 129564 129564
485 129144 129144
486 128868 128868
487 129012 129012
488 129148 129148
489 128908 128908
490 128908 128908
491 129116 129116
492 128780 128780
493 128780 128780
494 128780 128780
495 128780 128780
496 128808 128808
497 128932 128932
498 128988 128988
499 129380 129380
500 129144 129144
501 128976 128976
502 128864 128864
503 128600 128600
504 128600 128600
505 128824 128824
506 129284 129284
507 128960 128960
508 128796 128796
509 128812 128812
510 128940 128940
511 128556 128556
512 128548 128548
513 128440 128440
514 128196 128196
515 128196 128196
516 128196 128196
517 128448 128448
518 128560 128560
519 128588 128588
520 128700 128700
521 129528 129528
522 127704 127704
523 127704 127704
524 127788 127788
525 127788 127788
526 127788 127788
527 127788 127788
528 127788 127788
529 128068 128068
530 128424 128424
531 128424 128424
532 128424 128424
533 128424 128424
534 128424 128424
535 128424 128424
536 128424 128424
537 128424 128424
538 128424 128424
539 128424 128424
540 128424 128424
541 128424 128424
542 128424 128424
543 128424 128424
544 128424 128424
545 128424 128424
546 128424 128424
547 128424 128424
548 128424 128424
549 128424 128424
550 128424 128424
551 128424 128424
552 128424 128424
553 128424 128424
554 128424 128424
555 128496 128496
556 128496 128496
557 128496 128496
558 128608 128608
559 128620 128620
560 128648 128648
561 128676 128676
562 128732 128732
563 128760 128760
564 128816 128816
565 128844 128844
566 128928 128928
567 129032 129032
568 129032 129032
569 129324 129324
570 129328 129328
571 129164 129164
572 128756 128756
573 128756 128756
574 128756 128756
575 128756 128756
576 128756 128756
577 128840 128840
578 128840 128840
579 128924 128924
580 128924 128924
581 128924 128924
582 128924 128924
583 128952 128952
584 128952 128952
585 128952 128952
586 128952 128952
587 128952 128952
588 128952 128952
589 128952 128952
590 128952 128952
591 129432 129432
592 128480 128480
593 127696 127696
594 127696 127696
595 127696 127696
596 127696 127696
597 127696 127696
598 127696 127696
599 127752 127752
600 127752 127752
601 127752 127752
602 127752 127752
603 127752 127752
604 127752 127752
605 127752 127752
606 127752 127752
607 128088 128088
608 127780 127780
609 127780 127780
610 127780 127780
611 127780 127780
612 128172 128172
613 127864 127864
614 127872 127872
615 127928 127928
616 127956 127956
617 127984 127984
618 128040 128040
619 128180 128180
620 128180 128180
621 128180 128180
622 128376 128376
623 128236 128236
624 128236 128236
625 128236 128236
626 128236 128236
627 128292 128292
628 128348 128348
629 128684 128684
630 128796 128796
631 128824 128824
632 128980 128980
633 128420 128420
634 128420 128420
635 128420 128420
636 128420 128420
637 128420 128420
638 128420 128420
639 128420 128420
640 128420 128420
641 128696 128696
642 128804 128804
643 128888 128888
644 128888 128888
645 128888 128888
646 128888 128888
647 128888 128888
648 128916 128916
649 128916 128916
650 128916 128916
651 128916 128916
652 128916 128916
653 128916 128916
654 128916 128916
655 128916 128916
656 129068 129068
657 129000 129000
658 128800 128800
659 128800 128800
660 128800 128800
661 128800 128800
662 129248 129248
663 129092 129092
664 128700 128700
665 128700 128700
666 128700 128700
667 128700 128700
668 128808 128808
669 128924 128924
670 128992 128992
671 129000 129000
672 128912 128912
673 128920 128920
674 128920 128920
675 128896 128896
676 128896 128896
677 128896 128896
678 128896 128896
679 128896 128896
680 128896 128896
681 128896 128896
682 128952 128952
683 128952 128952
684 128952 128952
685 128940 128940
686 128968 128968
687 128996 128996
688 129024 129024
689 129080 129080
690 129136 129136
691 128744 128744
692 128760 128760
693 128784 128784
694 128784 128784
695 128784 128784
696 128784 128784
697 128784 128784
698 128784 128784
699 128784 128784
700 128784 128784
701 128784 128784
702 128784 128784
703 128812 128812
704 128812 128812
705 128868 128868
706 128932 128932
707 128924 128924
708 129152 129152
709 129180 129180
710 128856 128856
711 128856 128856
712 128856 128856
713 129164 129164
714 128856 128856
715 128856 128856
716 129536 129536
717 127704 127704
718 127704 127704
719 127780 127780
720 127836 127836
721 127712 127712
722 127712 127712
723 127712 127712
724 127712 127712
725 127516 127516
726 128412 128412
727 129596 129596
728 129468 129468
729 129600 129600
730 128956 128956
731 129036 129036
732 128764 128764
733 128932 128932
734 128876 128876
735 128876 128876
736 128892 128892
737 128892 128892
738 128892 128892
739 129192 129192
740 128744 128744
741 128744 128744
742 128744 128744
743 128744 128744
744 128744 128744
745 128744 128744
746 128744 128744
747 128800 128800
748 129092 129092
749 128848 128848
750 129556 129556
751 129548 129548
752 129320 129320
753 129584 129584
754 129520 129520
755 129460 129460
756 129612 129612
757 129604 129604
758 129316 129316
759 129392 129392
760 128676 128676
761 128676 128676
762 128816 128816
763 128844 128844
764 128844 128844
765 128872 128872
766 128872 128872
767 128872 128872
768 128872 128872
769 128872 128872
770 128872 128872
771 128872 128872
772 128872 128872
773 128872 128872
774 128872 128872
775 128872 128872
776 128872 128872
777 128872 128872
778 128928 128928
779 128928 128928
780 128928 128928
781 128928 128928
782 128928 128928
783 128928 128928
784 128956 128956
785 128984 128984
786 129012 129012
787 129012 129012
788 129096 129096
789 129124 129124
790 129124 129124
791 129124 129124
792 129544 129544
793 129132 129132
794 128928 128928
795 128832 128832
796 128832 128832
797 128832 128832
798 128832 128832
799 128832 128832
800 128832 128832
801 128832 128832
802 128832 128832
803 128832 128832
804 128772 128772
805 128772 128772
806 128772 128772
807 128772 128772
808 128772 128772
809 128940 128940
810 128940 128940
811 129052 129052
812 128968 128968
813 128968 128968
814 128968 128968
815 128968 128968
816 128968 128968
817 128968 128968
818 128968 128968
819 128968 128968
820 128968 128968
821 128968 128968
822 128968 128968
823 128968 128968
824 129252 129252
825 129240 129240
826 128792 128792
827 128868 128868
828 129136 129136
829 129244 129244
830 129504 129504
831 129068 129068
832 128884 128884
833 128884 128884
834 128640 128640
835 128616 128616
836 128700 128700
837 128616 128616
838 128616 128616
839 128616 128616
840 128616 128616
841 128616 128616
842 128616 128616
843 128616 128616
844 128616 128616
845 128616 128616
846 128616 128616
847 128644 128644
848 128784 128784
849 128616 128616
850 128616 128616
851 128616 128616
852 128616 128616
853 128616 128616
854 128616 128616
855 128616 128616
856 128616 128616
857 128616 128616
858 128616 128616
859 128616 128616
860 128616 128616
861 128616 128616
862 128964 128964
863 125632 125632
864 125632 125632
865 125660 125660
866 125660 125660
867 125660 125660
868 125660 125660
869 125660 125660
870 125660 125660
871 125660 125660
872 125660 125660
873 125688 125688
874 126192 126192
875 125828 125828
876 125828 125828
877 125828 125828
878 125828 125828
879 125828 125828
880 125828 125828
881 125828 125828
882 125828 125828
883 125828 125828
884 125828 125828
885 126276 126276
886 125912 125912
887 125912 125912
888 125912 125912
889 125912 125912
890 125912 125912
891 125912 125912
892 125912 125912
893 125912 125912
894 125912 125912
895 125912 125912
896 125924 125924
897 125924 125924
898 125924 125924
899 125924 125924
900 125924 125924
901 125924 125924
902 125924 125924
903 125924 125924
904 125924 125924
905 125924 125924
906 125924 125924
907 125924 125924
908 125924 125924
909 125924 125924
910 125924 125924
911 125924 125924
912 125924 125924
913 125924 125924
914 125924 125924
915 125924 125924
916 125924 125924
917 125892 125892
918 125892 125892
919 125892 125892
920 125892 125892
921 125892 125892
922 125892 125892
923 125892 125892
924 125892 125892
925 125892 125892
926 125892 125892
927 125892 125892
928 125892 125892
929 125892 125892
930 125892 125892
931 125892 125892
932 125892 125892
933 125892 125892
934 125892 125892
935 125892 125892
936 125892 125892
937 125892 125892
938 125892 125892
939 125892 125892
940 125892 125892
941 125892 125892
942 125892 125892
943 125892 125892
944 125892 125892
945 125892 125892
946 125892 125892
947 125892 125892
948 125892 125892
949 125892 125892
950 125908 125908
951 125908 125908
952 125908 125908
953 125908 125908
954 125908 125908
955 125908 125908
956 125920 125920
957 125920 125920
958 125920 125920
959 125920 125920
960 125920 125920
961 125920 125920
962 125920 125920
963 126004 126004
964 125920 125920
965 125920 125920
966 125920 125920
967 125920 125920
968 125920 125920
969 125920 125920
970 125920 125920
971 125920 125920
972 125920 125920
973 125920 125920
974 125920 125920
975 125920 125920
976 125920 125920
977 125920 125920
978 125920 125920
979 125920 125920
980 125920 125920
981 125920 125920
982 125920 125920
983 125920 125920
984 125920 125920
985 125920 125920
986 125920 125920
987 125920 125920
988 125920 125920
989 125920 125920
990 125920 125920
991 125936 125936
992 125936 125936
993 125936 125936
994 125936 125936
995 125936 125936
996 125936 125936
997 125936 125936
998 125936 125936
999 125936 125936
1000 125936 125936
1001 125936 125936
1002 125936 125936
1003 125936 125936
1004 125936 125936
1005 125936 125936
1006 125936 125936
1007 125936 125936
1008 125936 125936
1009 125936 125936
1010 125984 125984
1011 125984 125984
1012 125984 125984
1013 125984 125984
1014 125984 125984
1015 125984 125984
1016 125984 125984
1017 125984 125984
1018 125984 125984
1019 125984 125984
1020 125984 125984
1021 125984 125984
1022 125984 125984
1023 125984 125984
1024 125984 125984
1025 125984 125984
1026 125984 125984
1027 126068 126068
1028 126128 126128
1029 126188 126188
1030 126188 126188
1031 126180 126180
1032 126180 126180
1033 126180 126180
1034 126180 126180
1035 126432 126432
1036 126796 126796
1037 127000 127000
1038 127000 127000
1039 127000 127000
1040 127000 127000
1041 127000 127000
1042 127868 127868
1043 128456 128456
1044 128484 128484
1045 128484 128484
1046 128596 128596
1047 128612 128612
1048 128848 128848
1049 128848 128848
1050 128848 128848
1051 129128 129128
1052 129072 129072
1053 129072 129072
1054 129072 129072
1055 129072 129072
1056 129072 129072
1057 129072 129072
1058 128980 128980
1059 128228 128228
1060 128228 128228
1061 128228 128228
1062 128228 128228
1063 128228 128228
1064 128228 128228
1065 128228 128228
1066 128228 128228
1067 128228 128228
1068 128228 128228
1069 128228 128228
1070 128228 128228
1071 128228 128228
1072 128256 128256
1073 128340 128340
1074 128480 128480
1075 128536 128536
1076 128536 128536
1077 128536 128536
1078 128536 128536
1079 128536 128536
1080 128536 128536
1081 128536 128536
1082 128536 128536
1083 128536 128536
1084 128536 128536
1085 128536 128536
1086 128536 128536
1087 128536 128536
1088 128536 128536
1089 128564 128564
1090 128564 128564
1091 128564 128564
1092 128564 128564
1093 128576 128576
1094 128576 128576
1095 128576 128576
1096 128576 128576
1097 128576 128576
1098 128744 128744
1099 128744 128744
1100 128856 128856
1101 128856 128856
1102 128856 128856
1103 128856 128856
1104 128856 128856
1105 128856 128856
1106 128856 128856
1107 128856 128856
1108 128856 128856
1109 128848 128848
1110 128960 128960
1111 129296 129296
1112 129408 129408
1113 129408 129408
1114 129488 129488
1115 129436 129436
1116 128772 128772
1117 128576 128576
1118 128828 128828
1119 128884 128884
1120 128884 128884
1121 128884 128884
1122 129188 129188
1123 129032 129032
1124 128816 128816
1125 128816 128816
1126 129068 129068
1127 128936 128936
1128 128936 128936
1129 128788 128788
1130 128788 128788
1131 128788 128788
1132 128788 128788
1133 128788 128788
1134 128788 128788
1135 128788 128788
1136 128788 128788
1137 129068 129068
1138 129068 129068
1139 129068 129068
1140 129068 129068
1141 129068 129068
1142 128924 128924
1143 129120 129120
1144 129428 129428
1145 128912 128912
1146 128884 128884
1147 128688 128688
1148 129204 129204
1149 128948 128948
1150 128680 128680
1151 128680 128680
1152 128680 128680
1153 128680 128680
1154 128680 128680
1155 128764 128764
1156 128792 128792
1157 128792 128792
1158 128856 128856
1159 128848 128848
1160 128848 128848
1161 128848 128848
1162 128848 128848
1163 128848 128848
1164 128848 128848
1165 128848 128848
1166 129016 129016
1167 129212 129212
1168 129544 129544
1169 129624 129624
1170 129548 129548
1171 129448 129448
1172 129124 129124
1173 128872 128872
1174 128908 128908
1175 128968 128968
1176 129108 129108
1177 129108 129108
1178 129108 129108
1179 129108 129108
1180 129116 129116
1181 129116 129116
1182 128976 128976
1183 128936 128936
1184 128984 128984
1185 128732 128732
1186 128732 128732
1187 128756 128756
1188 128756 128756
1189 128756 128756
1190 128756 128756
1191 128756 128756
1192 128756 128756
1193 128756 128756
1194 128784 128784
1195 128784 128784
1196 128784 128784
1197 128784 128784
1198 128784 128784
1199 128784 128784
1200 128784 128784
1201 128784 128784
1202 128840 128840
1203 128840 128840
1204 128840 128840
1205 128868 128868
1206 128868 128868
1207 128868 128868
1208 128896 128896
1209 128896 128896
1210 128896 128896
1211 128896 128896
1212 128896 128896
1213 129008 129008
1214 129008 129008
1215 129008 129008
1216 129008 129008
1217 129008 129008
1218 129008 129008
1219 129008 129008
1220 129008 129008
1221 129120 129120
1222 129120 129120
1223 129120 129120
1224 129120 129120
1225 129132 129132
1226 128960 128960
1227 128864 128864
1228 128864 128864
1229 128864 128864
1230 128864 128864
1231 128864 128864
1232 128864 128864
1233 128864 128864
1234 128864 128864
1235 128864 128864
1236 128864 128864
1237 128864 128864
1238 128892 128892
1239 128892 128892
1240 128892 128892
1241 129088 129088
1242 129004 129004
1243 129004 129004
1244 129004 129004
1245 128876 128876
1246 128876 128876
1247 128876 128876
1248 128876 128876
1249 128960 128960
1250 128960 128960
1251 128960 128960
1252 128960 128960
1253 128960 128960
1254 128960 128960
1255 128960 128960
1256 128960 128960
1257 128960 128960
1258 128960 128960
1259 128960 128960
1260 128960 128960
1261 128960 128960
1262 128960 128960
1263 128960 128960
1264 128960 128960
1265 128960 128960
1266 128960 128960
1267 128960 128960
1268 128960 128960
1269 128960 128960
1270 128960 128960
1271 128960 128960
1272 128960 128960
1273 128960 128960
1274 128948 128948
1275 128900 128900
1276 128900 128900
1277 128900 128900
1278 128900 128900
1279 128900 128900
1280 129084 129084
1281 128916 128916
1282 128916 128916
1283 128916 128916
1284 128924 128924
1285 129140 129140
1286 129560 129560
1287 129344 129344
1288 129080 129080
1289 127652 127652
1290 127652 127652
1291 127652 127652
1292 127736 127736
1293 127736 127736
1294 127736 127736
1295 127736 127736
1296 127736 127736
1297 127736 127736
1298 127736 127736
1299 127736 127736
1300 127736 127736
1301 127736 127736
1302 127736 127736
1303 127736 127736
1304 127736 127736
1305 127736 127736
1306 127736 127736
1307 127736 127736
1308 127736 127736
1309 127736 127736
1310 127736 127736
1311 127736 127736
1312 127736 127736
1313 127876 127876
1314 128148 128148
1315 128344 128344
1316 128568 128568
1317 128792 128792
1318 128792 128792
1319 128848 128848
1320 128932 128932
1321 129016 129016
1322 129144 129144
1323 129264 129264
1324 129336 129336
1325 129620 129620
1326 129556 129556
1327 129436 129436
1328 129344 129344
1329 129116 129116
1330 128932 128932
1331 128864 128864
1332 128948 128948
1333 128816 128816
1334 128844 128844
1335 128872 128872
1336 128832 128832
1337 128832 128832
1338 128832 128832
1339 128888 128888
1340 128992 128992
1341 129340 129340
1342 129572 129572
1343 129516 129516
1344 128968 128968
1345 128788 128788
1346 128800 128800
1347 128828 128828
1348 128884 128884
1349 128936 128936
1350 128936 128936
1351 128964 128964
1352 128992 128992
1353 129016 129016
1354 129128 129128
1355 129208 129208
1356 128976 128976
1357 128804 128804
1358 128804 128804
1359 128804 128804
1360 128804 128804
1361 128804 128804
1362 128804 128804
1363 128804 128804
1364 128804 128804
1365 128804 128804
1366 128876 128876
1367 128884 128884
1368 128884 128884
1369 128884 128884
1370 128884 128884
1371 128884 128884
1372 129108 129108
1373 129052 129052
1374 129052 129052
1375 129052 129052
1376 129068 129068
1377 129068 129068
1378 129080 129080
1379 128956 128956
1380 128944 128944
1381 128944 128944
1382 128572 128572
1383 128628 128628
1384 128620 128620
1385 128620 128620
1386 128620 128620
1387 128620 128620
1388 128620 128620
1389 128620 128620
1390 128620 128620
1391 128620 128620
1392 128676 128676
1393 128676 128676
1394 128788 128788
1395 128788 128788
1396 128788 128788
1397 128788 128788
1398 128788 128788
1399 128788 128788
1400 128788 128788
1401 128816 128816
1402 128844 128844
1403 128844 128844
1404 128844 128844
1405 128844 128844
1406 128868 128868
1407 128868 128868
1408 128868 128868
1409 128880 128880
1410 128880 128880
1411 128908 128908
1412 128908 128908
1413 128900 128900
1414 128900 128900
1415 128900 128900
1416 128900 128900
1417 128952 128952
1418 129316 129316
1419 129192 129192
1420 129104 129104
1421 128908 128908
1422 128908 128908
1423 129076 129076
1424 129228 129228
1425 129412 129412
1426 129524 129524
1427 129612 129612
1428 129588 129588
1429 129312 129312
1430 128584 128584
1431 128584 128584
1432 128640 128640
1433 128696 128696
1434 128836 128836
1435 128892 128892
1436 129048 129048
1437 129132 129132
1438 129216 129216
1439 129248 129248
1440 129080 129080
1441 128884 128884
1442 128736 128736
1443 128792 128792
1444 128792 128792
1445 128792 128792
1446 128792 128792
1447 128820 128820
1448 128904 128904
1449 128960 128960
1450 128988 128988
1451 129040 129040
1452 129096 129096
1453 129152 129152
1454 129208 129208
1455 129208 129208
1456 129236 129236
1457 129236 129236
1458 129040 129040
1459 128900 128900
1460 128848 128848
1461 128848 128848
1462 128848 128848
1463 129172 129172
1464 129264 129264
1465 129212 129212
1466 129244 129244
1467 129160 129160
1468 129008 129008
1469 129004 129004
1470 128768 128768
1471 129020 129020
1472 129104 129104
1473 129160 129160
1474 129160 129160
1475 129160 129160
1476 129160 129160
1477 129160 129160
1478 129160 129160
1479 129160 129160
1480 129160 129160
1481 129020 129020
1482 128964 128964
1483 128972 128972
1484 128972 128972
1485 128972 128972
1486 128972 128972
1487 128988 128988
1488 128988 128988
1489 128988 128988
1490 128988 128988
1491 128988 128988
1492 128988 128988
1493 128988 128988
1494 128988 128988
1495 128988 128988
1496 128988 128988
1497 128988 128988
1498 128988 128988
1499 128988 128988
1500 128988 128988
1501 128988 128988
1502 128988 128988
1503 128988 128988
1504 129084 129084
1505 129084 129084
1506 129084 129084
1507 129084 129084
1508 129084 129084
1509 129084 129084
1510 129084 129084
1511 129156 129156
1512 129560 129560
1513 129576 129576
1514 129516 129516
1515 129596 129596
1516 129416 129416
1517 129372 129372
1518 129300 129300
1519 129264 129264
1520 129224 129224
1521 128988 128988
1522 129348 129348
1523 129356 129356
1524 129344 129344
1525 129400 129400
1526 129324 129324
1527 129156 129156
1528 129032 129032
1529 128948 128948
1530 128864 128864
1531 128864 128864
1532 128864 128864
1533 128936 128936
1534 128936 128936
1535 129160 129160
1536 129412 129412
1537 129428 129428
1538 129116 129116
1539 128736 128736
1540 127036 127036
1541 127036 127036
1542 127036 127036
1543 127036 127036
1544 127036 127036
1545 127036 127036
1546 127036 127036
1547 127036 127036
1548 127008 127008
1549 127008 127008
1550 127008 127008
1551 127008 127008
1552 127008 127008
1553 127008 127008
1554 127008 127008
1555 127008 127008
1556 127008 127008
1557 127008 127008
1558 127036 127036
1559 127260 127260
1560 127380 127380
1561 127380 127380
1562 127380 127380
1563 127380 127380
1564 127408 127408
1565 127392 127392
1566 127404 127404
1567 127404 127404
1568 127404 127404
1569 127404 127404
1570 127404 127404
1571 127404 127404
1572 127404 127404
1573 127404 127404
1574 127404 127404
1575 127404 127404
1576 127404 127404
1577 128448 128448
1578 128448 128448
1579 128448 128448
1580 128448 128448
1581 128424 128424
1582 128788 128788
1583 128844 128844
1584 128844 128844
1585 128844 128844
1586 128844 128844
1587 128844 128844
1588 128960 128960
1589 128960 128960
1590 128960 128960
1591 128960 128960
1592 128960 128960
1593 128960 128960
1594 128972 128972
1595 128972 128972
1596 128972 128972
1597 129000 129000
1598 129228 129228
1599 129256 129256
1600 129192 129192
1601 128940 128940
1602 129040 129040
1603 128788 128788
1604 128788 128788
1605 128788 128788
1606 128788 128788
1607 128788 128788
1608 128788 128788
1609 128788 128788
1610 128788 128788
1611 128788 128788
1612 128788 128788
1613 128788 128788
1614 128788 128788
1615 128788 128788
1616 128788 128788
1617 128788 128788
1618 128788 128788
1619 128788 128788
1620 128788 128788
1621 128788 128788
1622 128788 128788
1623 128772 128772
1624 128772 128772
1625 128772 128772
1626 128772 128772
1627 128772 128772
1628 128772 128772
1629 128772 128772
1630 128772 128772
1631 128772 128772
1632 128772 128772
1633 128772 128772
1634 128772 128772
1635 128772 128772
1636 128772 128772
1637 128772 128772
1638 128772 128772
1639 128772 128772
1640 128772 128772
1641 128772 128772
1642 128772 128772
1643 128756 128756
1644 128756 128756
1645 128756 128756
1646 128756 128756
1647 128756 128756
1648 128756 128756
1649 128756 128756
1650 128756 128756
1651 128756 128756
1652 128756 128756
1653 128756 128756
1654 128756 128756
1655 128756 128756
1656 128756 128756
1657 128756 128756
1658 128756 128756
1659 128756 128756
1660 128768 128768
1661 128768 128768
1662 129124 129124
1663 128932 128932
1664 128824 128824
1665 128824 128824
1666 128824 128824
1667 128824 128824
1668 129480 129480
1669 129480 129480
1670 129556 129556
1671 129376 129376
1672 129196 129196
1673 129072 129072
1674 129200 129200
1675 129028 129028
1676 129004 129004
1677 128980 128980
1678 128644 128644
1679 128644 128644
1680 128644 128644
1681 128644 128644
1682 128644 128644
1683 128644 128644
1684 128644 128644
1685 128832 128832
1686 128708 128708
1687 128708 128708
1688 128708 128708
1689 128708 128708
1690 128708 128708
1691 128768 128768
1692 129404 129404
1693 129384 129384
1694 129324 129324
1695 129264 129264
1696 129144 129144
1697 129308 129308
1698 129228 129228
1699 129204 129204
1700 129048 129048
1701 128808 128808
1702 128808 128808
1703 128808 128808
1704 128808 128808
1705 128860 128860
1706 128944 128944
1707 128944 128944
1708 128944 128944
1709 129076 129076
1710 129076 129076
1711 129076 129076
1712 129100 129100
1713 129148 129148
1714 129148 129148
1715 129148 129148
1716 129148 129148
1717 129184 129184
1718 129160 129160
1719 129136 129136
1720 129032 129032
1721 128896 128896
1722 128896 128896
1723 128896 128896
1724 128896 128896
1725 128980 128980
1726 128980 128980
1727 128980 128980
1728 128980 128980
1729 128980 128980
1730 128980 128980
1731 128980 128980
1732 129084 129084
1733 129176 129176
1734 129080 129080
1735 129020 129020
1736 128936 128936
1737 129164 129164
1738 129248 129248
1739 129188 129188
1740 129152 129152
1741 129140 129140
1742 129056 129056
1743 128960 128960
1744 128852 128852
1745 128968 128968
1746 128920 128920
1747 128740 128740
1748 128740 128740
1749 128740 128740
1750 129176 129176
1751 129168 129168
1752 125292 125292
1753 86148 86148
1754 86120 86120
1755 86396 86396
1756 86860 86860
1757 87848 87848
1758 88736 88736
1759 89548 89548
1760 89648 89648
1761 89648 89648
1762 89648 89648
1763 89944 89944
1764 90228 90228
1765 91076 91076
1766 91868 91868
1767 92092 92092
1768 92092 92092
1769 92092 92092
1770 92092 92092
1771 92092 92092
1772 92092 92092
1773 92092 92092
1774 92092 92092
1775 92092 92092
1776 92092 92092
1777 92228 92228
1778 93008 93008
1779 94020 94020
1780 94348 94348
1781 94560 94560
1782 95720 95720
1783 95944 95944
1784 95956 95956
1785 96212 96212
1786 96296 96296
1787 96380 96380
1788 96248 96248
1789 96248 96248
1790 96276 96276
1791 95772 95772
1792 95820 95820
1793 95832 95832
1794 95952 95952
1795 96236 96236
1796 96396 96396
1797 96356 96356
1798 96356 96356
1799 96404 96404
1800 96456 96456
1801 96512 96512
1802 96848 96848
1803 96992 96992
1804 96872 96872
1805 97072 97072
1806 97252 97252
1807 97284 97284
1808 97412 97412
1809 97712 97712
1810 98088 98088
1811 98220 98220
1812 98268 98268
1813 98296 98296
1814 98296 98296
1815 98296 98296
1816 98296 98296
1817 98296 98296
1818 98296 98296
1819 98296 98296
1820 98296 98296
1821 98296 98296
1822 98296 98296
1823 98296 98296
1824 98296 98296
1825 98296 98296
1826 98296 98296
1827 98296 98296
1828 98296 98296
1829 98296 98296
1830 98296 98296
1831 98296 98296
1832 98296 98296
1833 98296 98296
1834 98296 98296
1835 98272 98272
1836 98272 98272
1837 98272 98272
1838 98272 98272
1839 98272 98272
1840 98272 98272
1841 98272 98272
1842 98256 98256
1843 98256 98256
1844 98256 98256
1845 98256 98256
1846 98256 98256
1847 98340 98340
1848 98736 98736
1849 98736 98736
1850 98736 98736
1851 98736 98736
1852 98892 98892
1853 99520 99520
1854 99792 99792
1855 100016 100016
1856 100152 100152
1857 100232 100232
1858 100340 100340
1859 100416 100416
1860 100512 100512
1861 100628 100628
1862 100684 100684
1863 100768 100768
1864 100860 100860
1865 101132 101132
1866 101200 101200
1867 101532 101532
1868 102376 102376
1869 102464 102464
1870 102464 102464
1871 102464 102464
1872 102648 102648
1873 102768 102768
1874 102800 102800
1875 102868 102868
1876 103036 103036
1877 102984 102984
1878 102996 102996
1879 103056 103056
1880 103124 103124
1881 103116 103116
1882 103116 103116
1883 103116 103116
1884 103116 103116
1885 103116 103116
1886 103116 103116
1887 103116 103116
1888 103116 103116
1889 103176 103176
1890 103176 103176
1891 103176 103176
1892 103176 103176
1893 103176 103176
1894 103176 103176
1895 103176 103176
1896 103176 103176
1897 103152 103152
1898 103164 103164
1899 103164 103164
1900 103164 103164
1901 103260 103260
1902 103400 103400
1903 103400 103400
1904 103400 103400
1905 103400 103400
1906 103400 103400
1907 103400 103400
1908 103496 103496
1909 103356 103356
1910 103496 103496
1911 103412 103412
1912 103412 103412
1913 103412 103412
1914 103412 103412
1915 103412 103412
1916 103412 103412
1917 103412 103412
1918 103412 103412
1919 103440 103440
1920 103588 103588
1921 103780 103780
1922 103868 103868
1923 103868 103868
1924 103868 103868
1925 103868 103868
1926 103868 103868
1927 103868 103868
1928 103868 103868
1929 103868 103868
1930 103868 103868
1931 103868 103868
1932 103868 103868
1933 103868 103868
1934 103868 103868
1935 103868 103868
1936 103868 103868
1937 103868 103868
1938 103868 103868
1939 103980 103980
1940 104008 104008
1941 104148 104148
1942 104100 104100
1943 104100 104100
1944 104100 104100
1945 104100 104100
1946 104100 104100
1947 104100 104100
1948 104240 104240
1949 104156 104156
1950 104240 104240
1951 104156 104156
1952 104156 104156
1953 104156 104156
1954 104156 104156
1955 104156 104156
1956 104156 104156
1957 104156 104156
1958 104512 104512
1959 104700 104700
1960 104700 104700
1961 104640 104640
1962 104624 104624
1963 104624 104624
1964 104624 104624
1965 104624 104624
1966 104624 104624
1967 104624 104624
1968 104624 104624
1969 104624 104624
1970 104624 104624
1971 104728 104728
1972 104756 104756
1973 104756 104756
1974 104624 104624
1975 104708 104708
1976 104712 104712
1977 104712 104712
1978 104712 104712
1979 104824 104824
1980 105008 105008
1981 104928 104928
1982 104928 104928
1983 104928 104928
1984 105116 105116
1985 105108 105108
1986 105232 105232
1987 105232 105232
1988 105232 105232
1989 105240 105240
1990 105240 105240
1991 105908 105908
1992 105312 105312
1993 105312 105312
1994 105312 105312
1995 105444 105444
1996 105584 105584
1997 106132 106132
1998 106108 106108
1999 106216 106216
2000 106216 106216
2001 106216 106216
2002 106148 106148
2003 106216 106216
2004 106188 106188
2005 106244 106244
2006 106244 106244
2007 106244 106244
2008 106244 106244
2009 106244 106244
2010 106232 106232
2011 106216 106216
2012 106216 106216
2013 106216 106216
2014 106244 106244
2015 106216 106216
2016 106216 106216
2017 106216 106216
2018 106216 106216
2019 106160 106160
2020 106160 106160
2021 106160 106160
2022 106160 106160
2023 106160 106160
2024 106208 106208
2025 106404 106404
2026 106404 106404
2027 106520 106520
2028 108000 108000
2029 108624 108624
2030 108780 108780
2031 109472 109472
2032 109064 109064
2033 109064 109064
2034 109104 109104
2035 109188 109188
2036 109388 109388
2037 109444 109444
2038 109500 109500
2039 109752 109752
2040 109752 109752
2041 110116 110116
2042 110144 110144
2043 110172 110172
2044 110200 110200
2045 110676 110676
2046 110816 110816
2047 110816 110816
2048 110816 110816
2049 110816 110816
2050 110816 110816
2051 110816 110816
2052 110828 110828
2053 110856 110856
2054 110884 110884
2055 110968 110968
2056 110968 110968
2057 111108 111108
2058 111108 111108
2059 111108 111108
2060 111304 111304
2061 111220 111220
2062 111220 111220
2063 111220 111220
2064 111220 111220
2065 111220 111220
2066 111276 111276
2067 111276 111276
2068 111304 111304
2069 111304 111304
2070 111304 111304
2071 111332 111332
2072 111352 111352
2073 111336 111336
2074 111344 111344
2075 111336 111336
2076 111336 111336
2077 111336 111336
2078 111500 111500
2079 111456 111456
2080 111448 111448
2081 111300 111300
2082 111212 111212
2083 111212 111212
2084 111212 111212
2085 111212 111212
2086 111212 111212
2087 111268 111268
2088 111268 111268
2089 111268 111268
2090 111268 111268
2091 111492 111492
2092 111584 111584
2093 111568 111568
2094 111664 111664
2095 111664 111664
2096 111664 111664
2097 111664 111664
2098 111776 111776
2099 111800 111800
2100 111800 111800
2101 111800 111800
2102 111800 111800
2103 111828 111828
2104 111852 111852
2105 111836 111836
2106 111836 111836
2107 111836 111836
2108 111836 111836
2109 111784 111784
2110 111784 111784
2111 111784 111784
2112 111784 111784
2113 111784 111784
2114 111812 111812
2115 111812 111812
2116 111812 111812
2117 111812 111812
2118 111812 111812
2119 112064 112064
2120 111764 111764
2121 111740 111740
2122 111740 111740
2123 111740 111740
2124 111740 111740
2125 111740 111740
2126 111920 111920
2127 111780 111780
2128 111780 111780
2129 111780 111780
2130 111780 111780
2131 111780 111780
2132 111780 111780
2133 111792 111792
2134 111792 111792
2135 111792 111792
2136 111792 111792
2137 111792 111792
2138 111792 111792
2139 111792 111792
2140 111792 111792
2141 111792 111792
2142 111792 111792
2143 111792 111792
2144 111792 111792
2145 111792 111792
2146 111792 111792
2147 111792 111792
2148 111792 111792
2149 111792 111792
2150 111792 111792
2151 111792 111792
2152 111792 111792
2153 111792 111792
2154 111792 111792
2155 111792 111792
2156 111820 111820
2157 112392 112392
2158 112392 112392
2159 112392 112392
2160 112392 112392
2161 112392 112392
2162 112408 112408
2163 112408 112408
2164 112408 112408
2165 112408 112408
2166 112408 112408
2167 112520 112520
2168 112520 112520
2169 112520 112520
2170 112520 112520
2171 112520 112520
2172 112504 112504
2173 112504 112504
2174 112504 112504
2175 112504 112504
2176 112504 112504
2177 112504 112504
2178 112504 112504
2179 112504 112504
2180 112504 112504
2181 112504 112504
2182 112504 112504
2183 112504 112504
2184 112504 112504
2185 112504 112504
2186 112504 112504
2187 112504 112504
2188 112504 112504
2189 112504 112504
2190 112504 112504
2191 112504 112504
2192 112504 112504
2193 112504 112504
2194 112504 112504
2195 112532 112532
2196 112532 112532
2197 112532 112532
2198 112532 112532
2199 112532 112532
2200 112560 112560
2201 112560 112560
2202 112560 112560
2203 112560 112560
2204 112588 112588
2205 112588 112588
2206 112588 112588
2207 112588 112588
2208 112588 112588
2209 112588 112588
2210 112588 112588
2211 112572 112572
2212 112572 112572
2213 112572 112572
2214 112572 112572
2215 112572 112572
2216 112572 112572
2217 112572 112572
2218 112572 112572
2219 112572 112572
2220 112572 112572
2221 112572 112572
2222 112572 112572
2223 112572 112572
2224 112600 112600
2225 112600 112600
2226 112600 112600
2227 112600 112600
2228 112600 112600
2229 112600 112600
2230 112600 112600
2231 112600 112600
2232 112600 112600
2233 112600 112600
2234 112600 112600
2235 112600 112600
2236 112600 112600
2237 112600 112600
2238 112628 112628
2239 112628 112628
2240 112628 112628
2241 112628 112628
2242 112628 112628
2243 112628 112628
2244 112628 112628
2245 112628 112628
2246 112628 112628
2247 112656 112656
2248 112656 112656
2249 112656 112656
2250 112656 112656
2251 112656 112656
2252 112656 112656
2253 112656 112656
2254 112656 112656
2255 112656 112656
2256 112656 112656
2257 112656 112656
2258 112656 112656
2259 112656 112656
2260 112656 112656
2261 112656 112656
2262 112656 112656
2263 112656 112656
2264 112656 112656
2265 112656 112656
2266 112656 112656
2267 112684 112684
2268 112684 112684
2269 112684 112684
2270 112684 112684
2271 112684 112684
2272 112684 112684
2273 112684 112684
2274 112684 112684
2275 112684 112684
2276 112684 112684
2277 112712 112712
2278 112712 112712
2279 112712 112712
2280 112712 112712
2281 112712 112712
2282 112712 112712
2283 112712 112712
2284 112712 112712
2285 112712 112712
2286 112712 112712
2287 112712 112712
2288 112712 112712
2289 112712 112712
2290 112796 112796
2291 112796 112796
2292 112796 112796
2293 112796 112796
2294 112796 112796
2295 112796 112796
2296 112796 112796
2297 112796 112796
2298 112796 112796
2299 112796 112796
2300 112796 112796
2301 112796 112796
2302 112796 112796
2303 112796 112796
2304 112796 112796
2305 112796 112796
2306 112796 112796
2307 112796 112796
2308 112796 112796
2309 112796 112796
2310 112796 112796
2311 112796 112796
2312 112796 112796
2313 112796 112796
2314 112796 112796
2315 112796 112796
2316 112876 112876
2317 113068 113068
2318 113068 113068
2319 113068 113068
2320 113196 113196
2321 112952 112952
2322 112952 112952
2323 112952 112952
2324 112952 112952
2325 112952 112952
2326 112952 112952
2327 112952 112952
2328 112952 112952
2329 112952 112952
2330 113144 113144
2331 113336 113336
2332 113184 113184
2333 113184 113184
2334 113184 113184
2335 113184 113184
2336 113184 113184
2337 113184 113184
2338 113184 113184
2339 113184 113184
2340 113184 113184
2341 113184 113184
2342 113456 113456
2343 113296 113296
2344 113296 113296
2345 113296 113296
2346 113296 113296
2347 113212 113212
2348 113212 113212
2349 113212 113212
2350 113212 113212
2351 113212 113212
2352 113352 113352
2353 113296 113296
2354 113296 113296
2355 113296 113296
2356 113296 113296
2357 113296 113296
2358 113312 113312
2359 113312 113312
2360 113368 113368
2361 113368 113368
2362 113368 113368
2363 113368 113368
2364 113368 113368
2365 113368 113368
2366 113368 113368
2367 113368 113368
2368 113368 113368
2369 113368 113368
2370 113368 113368
2371 113368 113368
2372 113368 113368
2373 113368 113368
2374 113368 113368
2375 113368 113368
2376 113368 113368
2377 113368 113368
2378 113368 113368
2379 113368 113368
2380 113368 113368
2381 113368 113368
2382 113368 113368
2383 113368 113368
2384 113368 113368
2385 113368 113368
2386 113368 113368
2387 113368 113368
2388 113368 113368
2389 113368 113368
2390 113368 113368
2391 113368 113368
2392 113368 113368
2393 113368 113368
2394 113368 113368
2395 113368 113368
2396 113368 113368
2397 113368 113368
2398 113368 113368
2399 113368 113368
2400 113368 113368
2401 113368 113368
2402 113368 113368
2403 113368 113368
2404 113368 113368
2405 113368 113368
2406 113328 113328
2407 113328 113328
2408 113328 113328
2409 113328 113328
2410 113328 113328
2411 113328 113328
2412 113328 113328
2413 113336 113336
2414 113328 113328
2415 113328 113328
2416 113328 113328
2417 113328 113328
2418 113328 113328
2419 113328 113328
2420 113336 113336
2421 113336 113336
2422 113336 113336
2423 113336 113336
2424 113364 113364
2425 113364 113364
2426 113364 113364
2427 113364 113364
2428 113364 113364
2429 113364 113364
2430 113364 113364
2431 113380 113380
2432 113380 113380
2433 113380 113380
2434 113380 113380
2435 113392 113392
2436 113432 113432
2437 113432 113432
2438 113432 113432
2439 113600 113600
2440 113688 113688
2441 113828 113828
2442 113828 113828
2443 113828 113828
2444 113828 113828
2445 113836 113836
2446 113976 113976
2447 113836 113836
2448 113912 113912
2449 113912 113912
2450 113828 113828
2451 113828 113828
2452 113828 113828
2453 114260 114260
2454 113924 113924
2455 113924 113924
2456 113924 113924
2457 113924 113924
2458 114092 114092
2459 113924 113924
2460 113924 113924
2461 113924 113924
2462 114064 114064
2463 113924 113924
2464 113776 113776
2465 113776 113776
2466 113776 113776
2467 113776 113776
2468 113776 113776
2469 113776 113776
2470 113776 113776
2471 113776 113776
2472 113776 113776
2473 113776 113776
2474 113776 113776
2475 113776 113776
2476 113872 113872
2477 113892 113892
2478 113920 113920
2479 113948 113948
2480 113976 113976
2481 114116 114116
2482 114116 114116
2483 114124 114124
2484 114124 114124
2485 114196 114196
2486 114224 114224
2487 114224 114224
2488 114224 114224
2489 114344 114344
2490 114344 114344
2491 114380 114380
2492 114424 114424
2493 114592 114592
2494 114568 114568
2495 114568 114568
2496 114568 114568
2497 114764 114764
2498 114796 114796
2499 114796 114796
2500 114796 114796
2501 114796 114796
2502 114824 114824
2503 114964 114964
2504 114964 114964
2505 114964 114964
2506 115048 115048
2507 115720 115720
2508 115776 115776
2509 116840 116840
2510 115048 115048
2511 115048 115048
2512 115048 115048
2513 115104 115104
2514 115104 115104
2515 115104 115104
2516 115104 115104
2517 115104 115104
2518 115104 115104
2519 115160 115160
2520 115160 115160
2521 115160 115160
2522 115216 115216
2523 115216 115216
2524 115748 115748
2525 115356 115356
2526 115448 115448
2527 115644 115644
2528 115644 115644
2529 115528 115528
2530 115528 115528
2531 115528 115528
2532 115528 115528
2533 115612 115612
2534 115612 115612
2535 115612 115612
2536 115612 115612
2537 115612 115612
2538 115612 115612
2539 115612 115612
2540 115476 115476
2541 115476 115476
2542 115504 115504
2543 115868 115868
2544 116008 116008
2545 116008 116008
2546 116008 116008
2547 116092 116092
2548 116176 116176
2549 116232 116232
2550 116652 116652
2551 116232 116232
2552 116736 116736
2553 116316 116316
2554 116764 116764
2555 116372 116372
2556 116372 116372
2557 116792 116792
2558 116344 116344
2559 116792 116792
2560 116364 116364
2561 116392 116392
2562 116392 116392
2563 116392 116392
2564 116812 116812
2565 116420 116420
2566 116420 116420
2567 116420 116420
2568 116476 116476
2569 116476 116476
2570 116476 116476
2571 116500 116500
2572 116500 116500
2573 116560 116560
2574 116532 116532
2575 116532 116532
2576 116532 116532
2577 116788 116788
2578 117284 117284
2579 117396 117396
2580 117688 117688
2581 118108 118108
2582 118164 118164
2583 118248 118248
2584 118304 118304
2585 118360 118360
2586 118424 118424
2587 118760 118760
2588 119264 119264
2589 119376 119376
2590 119432 119432
2591 119460 119460
2592 119600 119600
2593 119328 119328
2594 119304 119304
2595 119304 119304
2596 119304 119304
2597 119304 119304
2598 119304 119304
2599 119304 119304
2600 119304 119304
2601 119304 119304
2602 119304 119304
2603 119304 119304
2604 119304 119304
2605 119444 119444
2606 119444 119444
2607 119444 119444
2608 119444 119444
2609 119444 119444
2610 119444 119444
2611 119472 119472
2612 119612 119612
2613 119612 119612
2614 119612 119612
2615 119612 119612
2616 119612 119612
2617 119612 119612
2618 119612 119612
2619 120032 120032
2620 119640 119640
2621 119640 119640
2622 119640 119640
2623 119640 119640
2624 119640 119640
2625 119640 119640
2626 119668 119668
2627 119668 119668
2628 119668 119668
2629 119780 119780
2630 119780 119780
2631 119780 119780
2632 119780 119780
2633 119780 119780
2634 119836 119836
2635 119836 119836
2636 119836 119836
2637 119836 119836
2638 119836 119836
2639 119836 119836
2640 119836 119836
2641 120004 120004
2642 120004 120004
2643 120004 120004
2644 120004 120004
2645 120004 120004
2646 120004 120004
2647 119948 119948
2648 120508 120508
2649 120508 120508
2650 120508 120508
2651 120508 120508
2652 120508 120508
2653 120508 120508
2654 119948 119948
2655 120340 120340
2656 120340 120340
2657 120340 120340
2658 120340 120340
2659 120340 120340
2660 120340 120340
2661 120340 120340
2662 120900 120900
2663 121040 121040
2664 121040 121040
2665 121040 121040
2666 121040 121040
2667 121040 121040
2668 121040 121040
2669 121292 121292
2670 121432 121432
2671 121432 121432
2672 121432 121432
2673 121432 121432
2674 121432 121432
2675 121432 121432
2676 121672 121672
2677 121924 121924
2678 121924 121924
2679 121924 121924
2680 121924 121924
2681 121924 121924
2682 122008 122008
2683 123044 123044
2684 123044 123044
2685 123044 123044
2686 123044 123044
2687 123044 123044
2688 123044 123044
2689 123436 123436
2690 124472 124472
2691 124472 124472
2692 124472 124472
2693 124472 124472
2694 124472 124472
2695 124472 124472
2696 124584 124584
2697 123072 123072
2698 123100 123100
2699 123100 123100
2700 123100 123100
2701 123124 123124
2702 123100 123100
2703 123100 123100
2704 123100 123100
2705 123324 123324
2706 123324 123324
2707 123332 123332
2708 123332 123332
2709 123332 123332
2710 123332 123332
2711 123332 123332
2712 123332 123332
2713 123332 123332
2714 123332 123332
2715 123400 123400
2716 123652 123652
2717 123652 123652
2718 123652 123652
2719 123652 123652
2720 123652 123652
2721 123652 123652
2722 123652 123652
2723 123764 123764
2724 123764 123764
2725 123764 123764
2726 123764 123764
2727 123764 123764
2728 123764 123764
2729 123764 123764
2730 123764 123764
2731 123764 123764
2732 124184 124184
2733 124268 124268
2734 124408 124408
2735 125304 125304
2736 125516 125516
2737 125516 125516
2738 125544 125544
2739 126104 126104
2740 126104 126104
2741 126104 126104
2742 126104 126104
2743 126104 126104
2744 126104 126104
2745 126160 126160
2746 126384 126384
2747 126384 126384
2748 125712 125712
2749 125712 125712
2750 125712 125712
2751 125712 125712
2752 125704 125704
2753 125704 125704
2754 125704 125704
2755 125844 125844
2756 125844 125844
2757 125900 125900
2758 125648 125648
2759 125672 125672
2760 126092 126092
2761 125672 125672
2762 125672 125672
2763 125672 125672
2764 125672 125672
2765 125672 125672
2766 125672 125672
2767 125672 125672
2768 125672 125672
2769 126148 126148
2770 126036 126036
2771 126036 126036
2772 126036 126036
2773 126036 126036
2774 126092 126092
2775 126092 126092
2776 126232 126232
2777 126148 126148
2778 126148 126148
2779 126148 126148
2780 126148 126148
2781 126212 126212
2782 126296 126296
2783 126296 126296
2784 126468 126468
2785 126352 126352
2786 126352 126352
2787 126352 126352
2788 126352 126352
2789 126352 126352
2790 126352 126352
2791 126352 126352
2792 126352 126352
2793 126380 126380
2794 126408 126408
2795 126408 126408
2796 126408 126408
2797 126408 126408
2798 126408 126408
2799 126408 126408
2800 126408 126408
2801 126408 126408
2802 126408 126408
2803 126408 126408
2804 126652 126652
2805 126904 126904
2806 126904 126904
2807 126792 126792
2808 126792 126792
2809 126792 126792
2810 126792 126792
2811 126792 126792
2812 127044 127044
2813 127352 127352
2814 127108 127108
2815 127108 127108
2816 127108 127108
2817 127108 127108
2818 127108 127108
2819 127108 127108
2820 127108 127108
2821 127108 127108
2822 127108 127108
2823 127108 127108
2824 127108 127108
2825 127108 127108
2826 127108 127108
2827 127108 127108
2828 127080 127080
2829 127220 127220
2830 127192 127192
2831 127192 127192
2832 127192 127192
2833 127192 127192
2834 127192 127192
2835 127208 127208
2836 127208 127208
2837 127208 127208
2838 127208 127208
2839 127208 127208
2840 127208 127208
2841 127208 127208
2842 127208 127208
2843 127208 127208
2844 127208 127208
2845 127208 127208
2846 127208 127208
2847 127208 127208
2848 127208 127208
2849 127208 127208
2850 127208 127208
2851 127208 127208
2852 127236 127236
2853 127236 127236
2854 127236 127236
2855 127236 127236
2856 127236 127236
2857 127236 127236
2858 127236 127236
2859 127236 127236
2860 127236 127236
2861 127236 127236
2862 127236 127236
2863 127236 127236
2864 127236 127236
2865 127236 127236
2866 127236 127236
2867 127236 127236
2868 127236 127236
2869 127320 127320
2870 127432 127432
2871 127460 127460
2872 127460 127460
2873 127460 127460
2874 127460 127460
2875 127460 127460
2876 127460 127460
2877 127460 127460
2878 127488 127488
2879 127488 127488
2880 127488 127488
2881 127488 127488
2882 127488 127488
2883 127488 127488
2884 127488 127488
2885 127488 127488
2886 127488 127488
2887 127488 127488
2888 127612 127612
2889 127752 127752
2890 127920 127920
2891 128144 128144
2892 128144 128144
2893 128144 128144
2894 128144 128144
2895 128144 128144
2896 128396 128396
2897 128396 128396
2898 128424 128424
2899 128452 128452
2900 128480 128480
2901 128480 128480
2902 128620 128620
2903 128620 128620
2904 128620 128620
2905 128588 128588
2906 128588 128588
2907 128588 128588
2908 128616 128616
2909 128616 128616
2910 128720 128720
2911 128860 128860
2912 128860 128860
2913 128860 128860
2914 128860 128860
2915 128600 128600
2916 128600 128600
2917 128740 128740
2918 128600 128600
2919 128600 128600
2920 128600 128600
2921 128660 128660
2922 128756 128756
2923 128784 128784
2924 128784 128784
2925 128784 128784
2926 128616 128616
2927 128456 128456
2928 128456 128456
2929 128488 128488
2930 128488 128488
2931 128488 128488
2932 128488 128488
2933 128516 128516
2934 128700 128700
2935 128784 128784
2936 129232 129232
2937 129604 129604
2938 129624 129624
2939 129444 129444
2940 129460 129460
2941 129084 129084
2942 128832 128832
2943 127068 127068
2944 127068 127068
2945 127068 127068
2946 127068 127068
2947 127068 127068
2948 127068 127068
2949 127068 127068
2950 127092 127092
2951 127120 127120
2952 126984 126984
2953 126984 126984
2954 126984 126984
2955 126984 126984
2956 127012 127012
2957 127012 127012
2958 126876 126876
2959 126876 126876
2960 126876 126876
2961 126876 126876
2962 126876 126876
2963 126960 126960
2964 126960 126960
2965 126636 126636
2966 126636 126636
2967 126636 126636
2968 126636 126636
2969 126636 126636
2970 126636 126636
2971 126636 126636
2972 126636 126636
2973 126636 126636
2974 126636 126636
2975 126636 126636
2976 126776 126776
2977 126636 126636
2978 126636 126636
2979 126636 126636
2980 126636 126636
2981 126636 126636
2982 126636 126636
2983 126664 126664
2984 126664 126664
2985 126664 126664
2986 126664 126664
2987 126664 126664
2988 126664 126664
2989 126664 126664
2990 126664 126664
2991 126664 126664
2992 126664 126664
2993 126664 126664
2994 126664 126664
2995 126664 126664
2996 126664 126664
2997 126664 126664
2998 126664 126664
2999 126664 126664
3000 126664 126664
3001 126664 126664
3002 126664 126664
3003 126664 126664
3004 126664 126664
3005 126664 126664
3006 126664 126664
3007 126664 126664
3008 126664 126664
3009 126664 126664
3010 126664 126664
3011 126664 126664
3012 126692 126692
3013 126692 126692
3014 126692 126692
3015 126692 126692
3016 126692 126692
3017 126720 126720
3018 126720 126720
3019 126720 126720
3020 126720 126720
3021 126720 126720
3022 126720 126720
3023 126720 126720
3024 126748 126748
3025 126776 126776
3026 126776 126776
3027 126776 126776
3028 126776 126776
3029 126776 126776
3030 126804 126804
3031 126804 126804
3032 126804 126804
3033 126804 126804
3034 126804 126804
3035 126804 126804
3036 126808 126808
3037 126808 126808
3038 126808 126808
3039 126808 126808
3040 126808 126808
3041 126808 126808
3042 126864 126864
3043 126864 126864
3044 126864 126864
3045 126864 126864
3046 126864 126864
3047 126992 126992
3048 127020 127020
3049 127020 127020
3050 127020 127020
3051 127020 127020
3052 127020 127020
3053 127020 127020
3054 127020 127020
3055 127020 127020
3056 127020 127020
3057 127020 127020
3058 127020 127020
3059 127020 127020
3060 127020 127020
3061 127020 127020
3062 127100 127100
3063 127100 127100
3064 127100 127100
3065 127100 127100
3066 127100 127100
3067 127100 127100
3068 127100 127100
3069 127140 127140
3070 127140 127140
3071 127140 127140
3072 127140 127140
3073 127140 127140
3074 127140 127140
3075 127164 127164
3076 127164 127164
3077 127164 127164
3078 127180 127180
3079 127180 127180
3080 127180 127180
3081 127180 127180
3082 127180 127180
3083 127180 127180
3084 127180 127180
3085 127180 127180
3086 127180 127180
3087 127180 127180
3088 127180 127180
3089 127180 127180
3090 127208 127208
3091 127208 127208
3092 127208 127208
3093 127208 127208
3094 127208 127208
3095 127208 127208
3096 127208 127208
3097 127208 127208
3098 127208 127208
3099 127208 127208
3100 127208 127208
3101 127208 127208
3102 127208 127208
3103 127208 127208
3104 127208 127208
3105 127208 127208
3106 127208 127208
3107 127208 127208
3108 127208 127208
3109 127208 127208
3110 127208 127208
3111 127216 127216
3112 127216 127216
3113 127216 127216
3114 127188 127188
3115 127188 127188
3116 127188 127188
3117 127188 127188
3118 127188 127188
3119 127188 127188
3120 127188 127188
3121 127188 127188
3122 127188 127188
3123 127188 127188
3124 127188 127188
3125 127188 127188
3126 127188 127188
3127 127188 127188
3128 127188 127188
3129 127188 127188
3130 127188 127188
3131 127188 127188
3132 127188 127188
3133 127188 127188
3134 127188 127188
3135 127188 127188
3136 127188 127188
3137 127188 127188
3138 127188 127188
3139 127188 127188
3140 127188 127188
3141 127188 127188
3142 127188 127188
3143 127188 127188
3144 127188 127188
3145 127188 127188
3146 127188 127188
3147 127188 127188
3148 127188 127188
3149 127188 127188
3150 127188 127188
3151 127188 127188
3152 127160 127160
3153 127160 127160
3154 127160 127160
3155 127160 127160
3156 127160 127160
3157 127208 127208
3158 127320 127320
3159 127320 127320
3160 127320 127320
3161 127320 127320
3162 127320 127320
3163 127160 127160
3164 127160 127160
3165 127160 127160
3166 127212 127212
3167 127100 127100
3168 127100 127100
3169 127116 127116
3170 127116 127116
3171 127116 127116
3172 127116 127116
3173 127116 127116
3174 127116 127116
3175 127116 127116
3176 127116 127116
3177 127116 127116
3178 127116 127116
3179 127256 127256
3180 127116 127116
3181 127116 127116
3182 127276 127276
3183 127276 127276
3184 127276 127276
3185 127276 127276
3186 127276 127276
3187 127276 127276
3188 127144 127144
3189 127144 127144
3190 127144 127144
3191 127032 127032
3192 127032 127032
3193 127032 127032
3194 127032 127032
3195 127032 127032
3196 127032 127032
3197 127032 127032
3198 127032 127032
3199 127032 127032
3200 127032 127032
3201 127032 127032
3202 127032 127032
3203 127032 127032
3204 127032 127032
3205 127032 127032
3206 127192 127192
3207 127192 127192
3208 127192 127192
3209 127192 127192
3210 127192 127192
3211 127148 127148
3212 127032 127032
3213 127032 127032
3214 127032 127032
3215 127032 127032
3216 126948 126948
3217 126948 126948
3218 126948 126948
3219 126556 126556
3220 126556 126556
3221 126556 126556
3222 126556 126556
3223 126556 126556
3224 126556 126556
3225 126556 126556
3226 126556 126556
3227 126556 126556
3228 126556 126556
3229 126556 126556
3230 126556 126556
3231 126688 126688
3232 126688 126688
3233 126688 126688
3234 126688 126688
3235 126688 126688
3236 126688 126688
3237 126472 126472
3238 126472 126472
3239 126864 126864
3240 126472 126472
3241 126444 126444
3242 126444 126444
3243 126444 126444
3244 126444 126444
3245 126444 126444
3246 126444 126444
3247 126444 126444
3248 126444 126444
3249 126444 126444
3250 126444 126444
3251 126444 126444
3252 126444 126444
3253 126444 126444
3254 126444 126444
3255 126444 126444
3256 126548 126548
3257 126604 126604
3258 126604 126604
3259 126604 126604
3260 126632 126632
3261 126632 126632
3262 126472 126472
3263 126304 126304
3264 126304 126304
3265 126304 126304
3266 126304 126304
3267 126304 126304
3268 126236 126236
3269 126236 126236
3270 126236 126236
3271 126236 126236
3272 126236 126236
3273 126236 126236
3274 126236 126236
3275 126236 126236
3276 126236 126236
3277 126236 126236
3278 126236 126236
3279 126248 126248
3280 126248 126248
3281 126324 126324
3282 126408 126408
3283 126408 126408
3284 126408 126408
3285 126408 126408
3286 126408 126408
3287 124988 124988
3288 124876 124876
3289 124884 124884
3290 124884 124884
3291 124884 124884
3292 124884 124884
3293 124884 124884
3294 124884 124884
3295 124884 124884
3296 124884 124884
3297 124884 124884
3298 124884 124884
3299 124884 124884
3300 124884 124884
3301 124884 124884
3302 124884 124884
3303 124884 124884
3304 124884 124884
3305 124884 124884
3306 124908 124908
3307 125044 125044
3308 125044 125044
3309 125044 125044
3310 125044 125044
3311 125044 125044
3312 124512 124512
3313 124512 124512
3314 124512 124512
3315 124512 124512
3316 124512 124512
3317 124512 124512
3318 124512 124512
3319 124512 124512
3320 124512 124512
3321 124512 124512
3322 124512 124512
3323 124512 124512
3324 124512 124512
3325 124512 124512
3326 124512 124512
3327 124512 124512
3328 124512 124512
3329 124512 124512
3330 124512 124512
3331 124556 124556
3332 124540 124540
3333 124540 124540
3334 124540 124540
3335 124540 124540
3336 124540 124540
3337 124428 124428
3338 124428 124428
3339 124428 124428
3340 124428 124428
3341 124428 124428
3342 124428 124428
3343 124428 124428
3344 124428 124428
3345 124428 124428
3346 124428 124428
3347 124428 124428
3348 124428 124428
3349 124428 124428
3350 124428 124428
3351 124588 124588
3352 124588 124588
3353 124588 124588
3354 124588 124588
3355 124588 124588
3356 124456 124456
3357 124344 124344
3358 124344 124344
3359 124344 124344
3360 124344 124344
3361 124428 124428
3362 124344 124344
3363 124404 124404
3364 124404 124404
3365 124404 124404
3366 124404 124404
3367 124404 124404
3368 124404 124404
3369 124404 124404
3370 124404 124404
3371 124404 124404
3372 124404 124404
3373 124404 124404
3374 124404 124404
3375 124572 124572
3376 123680 123680
3377 123680 123680
3378 123680 123680
3379 123680 123680
3380 123680 123680
3381 123680 123680
3382 123680 123680
3383 123680 123680
3384 123680 123680
3385 123640 123640
3386 123640 123640
3387 123640 123640
3388 123640 123640
3389 123640 123640
3390 123640 123640
3391 123640 123640
3392 123640 123640
3393 123640 123640
3394 123640 123640
3395 123640 123640
3396 123640 123640
3397 123640 123640
3398 123640 123640
3399 123640 123640
3400 123640 123640
3401 123640 123640
3402 123640 123640
3403 123640 123640
3404 123640 123640
3405 123640 123640
3406 123640 123640
3407 123640 123640
3408 123640 123640
3409 123640 123640
3410 123640 123640
3411 123640 123640
3412 123640 123640
3413 123640 123640
3414 123640 123640
3415 123640 123640
3416 123640 123640
3417 123640 123640
3418 123640 123640
3419 123640 123640
3420 123640 123640
3421 123640 123640
3422 123640 123640
3423 123640 123640
3424 123596 123596
3425 123596 123596
3426 123596 123596
3427 123596 123596
3428 123596 123596
3429 123596 123596
3430 123596 123596
3431 123596 123596
3432 123596 123596
3433 123596 123596
3434 123596 123596
3435 123596 123596
3436 123596 123596
3437 123596 123596
3438 123596 123596
3439 123596 123596
3440 123596 123596
3441 123596 123596
3442 123596 123596
3443 123596 123596
3444 123596 123596
3445 123596 123596
3446 123596 123596
3447 123596 123596
3448 123596 123596
3449 123596 123596
3450 123596 123596
3451 123596 123596
3452 123596 123596
3453 123596 123596
3454 123596 123596
3455 123596 123596
3456 123596 123596
3457 123596 123596
3458 123596 123596
3459 123596 123596
3460 123596 123596
3461 115096 115096
3462 110948 110948
3463 111656 111656
3464 112136 112136
3465 109560 109560
3466 109040 109040
3467 109352 109352
3468 109652 109652
3469 109732 109732
3470 110016 110016
3471 107208 107208
3472 107236 107236
3473 106908 106908
3474 107436 107436
3475 107660 107660
3476 88096 88096
3477 88096 88096
3478 88096 88096
3479 88096 88096
3480 88080 88080
3481 88080 88080
3482 88080 88080
3483 88080 88080
3484 88080 88080
3485 88080 88080
3486 88080 88080
3487 88080 88080
3488 88080 88080
3489 88080 88080
3490 88080 88080
3491 88080 88080
3492 88080 88080
3493 88080 88080
3494 88080 88080
3495 88080 88080
3496 88080 88080
3497 88080 88080
3498 88080 88080
3499 88080 88080
3500 88020 88020
3501 88020 88020
3502 88020 88020
3503 88020 88020
3504 88020 88020
3505 88020 88020
3506 88020 88020
3507 88020 88020
3508 88020 88020
3509 88020 88020
3510 88020 88020
3511 88020 88020
3512 88020 88020
3513 88020 88020
3514 88020 88020
3515 88020 88020
3516 88020 88020
3517 88020 88020
3518 88020 88020
3519 88020 88020
3520 87992 87992
3521 87992 87992
3522 88004 88004
3523 88004 88004
3524 88004 88004
3525 88004 88004
3526 88004 88004
3527 88004 88004
3528 88004 88004
3529 88004 88004
3530 87780 87780
3531 87892 87892
3532 87616 87616
3533 87504 87504
3534 87208 87208
3535 87500 87500
3536 87724 87724
3537 87724 87724
3538 87708 87708
3539 87792 87792
3540 87820 87820
3541 87820 87820
3542 87820 87820
3543 87820 87820
3544 87820 87820
3545 87820 87820
3546 87820 87820
3547 87820 87820
3548 87820 87820
3549 87820 87820
3550 87820 87820
3551 87820 87820
3552 87820 87820
3553 87820 87820
3554 87820 87820
3555 87820 87820
3556 87820 87820
3557 87820 87820
3558 87820 87820
3559 87820 87820
3560 87820 87820
3561 87820 87820
3562 87820 87820
3563 87820 87820
3564 87820 87820
3565 87820 87820
3566 87820 87820
3567 87820 87820
3568 87820 87820
3569 87820 87820
3570 87820 87820
3571 87820 87820
3572 87820 87820
3573 87820 87820
3574 87820 87820
3575 87820 87820
3576 87820 87820
3577 87820 87820
3578 87804 87804
3579 87804 87804
3580 87804 87804
3581 87804 87804
3582 87804 87804
3583 87804 87804
3584 87804 87804
3585 87804 87804
3586 87804 87804
3587 87804 87804
3588 87804 87804
3589 87804 87804
3590 87804 87804
3591 87664 87664
3592 87776 87776
3593 87500 87500
3594 87704 87704
3595 87516 87516
3596 87776 87776
3597 87776 87776
3598 87776 87776
3599 87504 87504
3600 87748 87748
3601 87776 87776
