0 113092 113092
1 113092 113092
2 113092 113092
3 113092 113092
4 113092 113092
5 113092 113092
6 113092 113092
7 113120 113120
8 113120 113120
9 113120 113120
10 113120 113120
11 113120 113120
12 113120 113120
13 113120 113120
14 113120 113120
15 113120 113120
16 113120 113120
17 113120 113120
18 113136 113136
19 113484 113484
20 113288 113288
21 113288 113288
22 113288 113288
23 113288 113288
24 113288 113288
25 113288 113288
26 113288 113288
27 113328 113328
28 113328 113328
29 113328 113328
30 113328 113328
31 113328 113328
32 113328 113328
33 113328 113328
34 113328 113328
35 113356 113356
36 113356 113356
37 113356 113356
38 113356 113356
39 113356 113356
40 113356 113356
41 113356 113356
42 113356 113356
43 113524 113524
44 113524 113524
45 114112 114112
46 114292 114292
47 114320 114320
48 114320 114320
49 114436 114436
50 114464 114464
51 114908 114908
52 114884 114884
53 115092 115092
54 115232 115232
55 115316 115316
56 115372 115372
57 115484 115484
58 115512 115512
59 115540 115540
60 115568 115568
61 115608 115608
62 115636 115636
63 115940 115940
64 116304 116304
65 116248 116248
66 116272 116272
67 116272 116272
68 116272 116272
69 116956 116956
70 117092 117092
71 117120 117120
72 116672 116672
73 116672 116672
74 116672 116672
75 116672 116672
76 116672 116672
77 116672 116672
78 116672 116672
79 116672 116672
80 116672 116672
81 116672 116672
82 116672 116672
83 116672 116672
84 116672 116672
85 116672 116672
86 116672 116672
87 116672 116672
88 116672 116672
89 116672 116672
90 116672 116672
91 116672 116672
92 116672 116672
93 116672 116672
94 116672 116672
95 116672 116672
96 116672 116672
97 116672 116672
98 116672 116672
99 116672 116672
100 116672 116672
101 116672 116672
102 116672 116672
103 116672 116672
104 116672 116672
105 116672 116672
106 116672 116672
107 116672 116672
108 116672 116672
109 116672 116672
110 116672 116672
111 116672 116672
112 116672 116672
113 116672 116672
114 116672 116672
115 116672 116672
116 116672 116672
117 116672 116672
118 116672 116672
119 116672 116672
120 116672 116672
121 116672 116672
122 116672 116672
123 116684 116684
124 116684 116684
125 116684 116684
126 116684 116684
127 116684 116684
128 116696 116696
129 116696 116696
130 116696 116696
131 116696 116696
132 116696 116696
133 116696 116696
134 116688 116688
135 116688 116688
136 116740 116740
137 116740 116740
138 116740 116740
139 116740 116740
140 116740 116740
141 116740 116740
142 116740 116740
143 116776 116776
144 117120 117120
145 117300 117300
146 117732 117732
147 118280 118280
148 118448 118448
149 118504 118504
150 118588 118588
151 118596 118596
152 118652 118652
153 118792 118792
154 118804 118804
155 118936 118936
156 119020 119020
157 119020 119020
158 119216 119216
159 119560 119560
160 119352 119352
161 119352 119352
162 119388 119388
163 119400 119400
164 119468 119468
165 119608 119608
166 119620 119620
167 119620 119620
168 119620 119620
169 119620 119620
170 119620 119620
171 119620 119620
172 119612 119612
173 119612 119612
174 119612 119612
175 119612 119612
176 119612 119612
177 119648 119648
178 119648 119648
179 119648 119648
180 119716 119716
181 119716 119716
182 119716 119716
183 119716 119716
184 119756 119756
185 119784 119784
186 119784 119784
187 119880 119880
188 119976 119976
189 120356 120356
190 120412 120412
191 120424 120424
192 120844 120844
193 121068 121068
194 121068 121068
195 121060 121060
196 121060 121060
197 121060 121060
198 121060 121060
199 121060 121060
200 121060 121060
201 121060 121060
202 121060 121060
203 121060 121060
204 121060 121060
205 121060 121060
206 121060 121060
207 121060 121060
208 121068 121068
209 121068 121068
210 121092 121092
211 121092 121092
212 121092 121092
213 121288 121288
214 121120 121120
215 121120 121120
216 121148 121148
217 121148 121148
218 121140 121140
219 121140 121140
220 121140 121140
221 121140 121140
222 121140 121140
223 121140 121140
224 121140 121140
225 121148 121148
226 121148 121148
227 121148 121148
228 121148 121148
229 121116 121116
230 121116 121116
231 121116 121116
232 121116 121116
233 121108 121108
234 121108 121108
235 121108 121108
236 121120 121120
237 121120 121120
238 121120 121120
239 121144 121144
240 121144 121144
241 121144 121144
242 121144 121144
243 121144 121144
244 121144 121144
245 121144 121144
246 121144 121144
247 121144 121144
248 121144 121144
249 121144 121144
250 121144 121144
251 121144 121144
252 121144 121144
253 121144 121144
254 121144 121144
255 121144 121144
256 121144 121144
257 121144 121144
258 121144 121144
259 121144 121144
260 121144 121144
261 121144 121144
262 121144 121144
263 121144 121144
264 121144 121144
265 121144 121144
266 121144 121144
267 121144 121144
268 121136 121136
269 121136 121136
270 121136 121136
271 121136 121136
272 121136 121136
273 121136 121136
274 121136 121136
275 121136 121136
276 121136 121136
277 121136 121136
278 121136 121136
279 121136 121136
280 121136 121136
281 121136 121136
282 121136 121136
283 121136 121136
284 121136 121136
285 121136 121136
286 121136 121136
287 121136 121136
288 121136 121136
289 121136 121136
290 121136 121136
291 121136 121136
292 121136 121136
293 121136 121136
294 121136 121136
295 121136 121136
296 121136 121136
297 121136 121136
298 121136 121136
299 121136 121136
300 121136 121136
301 121136 121136
302 121136 121136
303 121136 121136
304 121136 121136
305 121136 121136
306 121156 121156
307 121156 121156
308 121184 121184
309 121192 121192
310 121204 121204
311 121204 121204
312 121204 121204
313 121204 121204
314 121204 121204
315 121512 121512
316 121364 121364
317 121392 121392
318 121392 121392
319 121384 121384
320 121384 121384
321 121384 121384
322 121384 121384
323 121384 121384
324 121384 121384
325 121384 121384
326 121384 121384
327 121384 121384
328 121384 121384
329 121384 121384
330 121384 121384
331 121384 121384
332 121384 121384
333 121384 121384
334 121384 121384
335 121384 121384
336 121384 121384
337 121384 121384
338 121384 121384
339 121384 121384
340 121384 121384
341 121384 121384
342 121384 121384
343 121384 121384
344 121384 121384
345 121384 121384
346 121384 121384
347 121384 121384
348 121384 121384
349 121384 121384
350 121384 121384
351 121384 121384
352 121384 121384
353 121384 121384
354 121384 121384
355 121392 121392
356 121056 121056
357 121056 121056
358 121056 121056
359 121056 121056
360 121056 121056
361 121056 121056
362 121056 121056
363 121056 121056
364 121048 121048
365 121048 121048
366 121048 121048
367 121048 121048
368 121048 121048
369 121048 121048
370 121048 121048
371 121048 121048
372 121048 121048
373 121308 121308
374 121308 121308
375 121308 121308
376 121308 121308
377 121308 121308
378 121308 121308
379 121448 121448
380 121448 121448
381 121448 121448
382 121440 121440
383 121440 121440
384 121440 121440
385 121440 121440
386 121440 121440
387 121440 121440
388 121880 121880
389 122060 122060
390 122060 122060
391 122060 122060
392 122060 122060
393 122060 122060
394 122060 122060
395 122060 122060
396 122396 122396
397 122088 122088
398 122116 122116
399 122436 122436
400 122120 122120
401 122120 122120
402 122120 122120
403 122120 122120
404 122120 122120
405 122120 122120
406 122540 122540
407 122128 122128
408 122800 122800
409 122800 122800
410 122800 122800
411 122800 122800
412 122856 122856
413 122856 122856
414 122856 122856
415 122856 122856
416 123304 123304
417 122996 122996
418 122996 122996
419 123304 123304
420 122996 122996
421 122988 122988
422 122988 122988
423 122988 122988
424 122988 122988
425 122988 122988
426 122988 122988
427 122988 122988
428 122988 122988
429 122988 122988
430 122988 122988
431 122988 122988
432 122988 122988
433 122988 122988
434 122988 122988
435 122988 122988
436 122988 122988
437 122988 122988
438 122988 122988
439 122988 122988
440 122988 122988
441 122988 122988
442 122988 122988
443 122988 122988
444 122988 122988
445 122988 122988
446 122988 122988
447 122988 122988
448 122988 122988
449 122988 122988
450 122988 122988
451 122988 122988
452 122988 122988
453 122988 122988
454 122988 122988
455 122988 122988
456 122988 122988
457 122988 122988
458 122988 122988
459 122988 122988
460 122996 122996
461 123332 123332
462 123024 123024
463 123360 123360
464 123016 123016
465 123016 123016
466 123016 123016
467 123016 123016
468 123016 123016
469 123016 123016
470 123016 123016
471 123016 123016
472 123016 123016
473 123016 123016
474 123024 123024
475 123024 123024
476 123024 123024
477 123024 123024
478 123024 123024
479 123024 123024
480 123332 123332
481 123360 123360
482 123024 123024
483 123016 123016
484 123016 123016
485 123016 123016
486 123016 123016
487 123016 123016
488 123016 123016
489 123016 123016
490 123016 123016
491 123024 123024
492 123024 123024
493 123024 123024
494 123024 123024
495 123024 123024
496 123024 123024
497 123024 123024
498 123024 123024
499 123332 123332
500 123024 123024
501 123024 123024
502 123332 123332
503 123024 123024
504 123024 123024
505 123016 123016
506 123016 123016
507 123032 123032
508 123040 123040
509 123040 123040
510 123040 123040
511 123040 123040
512 123040 123040
513 123040 123040
514 123040 123040
515 123040 123040
516 123348 123348
517 123348 123348
518 123032 123032
519 123032 123032
520 123032 123032
521 123032 123032
522 123032 123032
523 123032 123032
524 123032 123032
525 123032 123032
526 123032 123032
527 123032 123032
528 123032 123032
529 123032 123032
530 123032 123032
531 123032 123032
532 123032 123032
533 123032 123032
534 123032 123032
535 123032 123032
536 123032 123032
537 123032 123032
538 123024 123024
539 123024 123024
540 123024 123024
541 123024 123024
542 123024 123024
543 123024 123024
544 123024 123024
545 123024 123024
546 123024 123024
547 123024 123024
548 123024 123024
549 123024 123024
550 123024 123024
551 123024 123024
552 123024 123024
553 123024 123024
554 123024 123024
555 123024 123024
556 123024 123024
557 123024 123024
558 123024 123024
559 123024 123024
560 123024 123024
561 123024 123024
562 123024 123024
563 123024 123024
564 123024 123024
565 123024 123024
566 123024 123024
567 123024 123024
568 123024 123024
569 123024 123024
570 123024 123024
571 123024 123024
572 123024 123024
573 123024 123024
574 123024 123024
575 123024 123024
576 123024 123024
577 123024 123024
578 123024 123024
579 123024 123024
580 123024 123024
581 123024 123024
582 123024 123024
583 123024 123024
584 123024 123024
585 123024 123024
586 123024 123024
587 123024 123024
588 123024 123024
589 123024 123024
590 123024 123024
591 123024 123024
592 123024 123024
593 123008 123008
594 123008 123008
595 123008 123008
596 123008 123008
597 123008 123008
598 123008 123008
599 123008 123008
600 123008 123008
601 123008 123008
602 123008 123008
603 123008 123008
604 123008 123008
605 123008 123008
606 123008 123008
607 123008 123008
608 123008 123008
609 123008 123008
610 123008 123008
611 123008 123008
612 123008 123008
613 123008 123008
614 123008 123008
615 123008 123008
616 123008 123008
617 123008 123008
618 123008 123008
619 123008 123008
620 123008 123008
621 123008 123008
622 123008 123008
623 123008 123008
624 123008 123008
625 123008 123008
626 123008 123008
627 123008 123008
628 123008 123008
629 123008 123008
630 123008 123008
631 123008 123008
632 123008 123008
633 123008 123008
634 123008 123008
635 123008 123008
636 123008 123008
637 123008 123008
638 123008 123008
639 123008 123008
640 123008 123008
641 123008 123008
642 123008 123008
643 123008 123008
644 123008 123008
645 123008 123008
646 123008 123008
647 123008 123008
648 123008 123008
649 123008 123008
650 123008 123008
651 123008 123008
652 123008 123008
653 123008 123008
654 123008 123008
655 123008 123008
656 123008 123008
657 123008 123008
658 123008 123008
659 123008 123008
660 123008 123008
661 123008 123008
662 123008 123008
663 123008 123008
664 123008 123008
665 123008 123008
666 123008 123008
667 123008 123008
668 123008 123008
669 123008 123008
670 123008 123008
671 123008 123008
672 123008 123008
673 123008 123008
674 123008 123008
675 123008 123008
676 123008 123008
677 123008 123008
678 123008 123008
679 123008 123008
680 123008 123008
681 123008 123008
682 123008 123008
683 123008 123008
684 123008 123008
685 123008 123008
686 123008 123008
687 123008 123008
688 123008 123008
689 123008 123008
690 123008 123008
691 123008 123008
692 123008 123008
693 123008 123008
694 123008 123008
695 123008 123008
696 123008 123008
697 123008 123008
698 123008 123008
699 123008 123008
700 123008 123008
701 123008 123008
702 123008 123008
703 123008 123008
704 123008 123008
705 123008 123008
706 123008 123008
707 123008 123008
708 123008 123008
709 123008 123008
710 123008 123008
711 123008 123008
712 123008 123008
713 123008 123008
714 123008 123008
715 123008 123008
716 123008 123008
717 123008 123008
718 123008 123008
719 123008 123008
720 123008 123008
721 123008 123008
722 123008 123008
723 123008 123008
724 123008 123008
725 123008 123008
726 123008 123008
727 123008 123008
728 123008 123008
729 123008 123008
730 123008 123008
731 123008 123008
732 123008 123008
733 123008 123008
734 123008 123008
735 123008 123008
736 123008 123008
737 123008 123008
738 123008 123008
739 123008 123008
740 123008 123008
741 123008 123008
742 123008 123008
743 123008 123008
744 123008 123008
745 123008 123008
746 123008 123008
747 123008 123008
748 123008 123008
749 123008 123008
750 123008 123008
751 123008 123008
752 123008 123008
753 123008 123008
754 123008 123008
755 123008 123008
756 123008 123008
757 123008 123008
758 123008 123008
759 123008 123008
760 123008 123008
761 123008 123008
762 123008 123008
763 123008 123008
764 123008 123008
765 123008 123008
766 123008 123008
767 123008 123008
768 123008 123008
769 123008 123008
770 123008 123008
771 123008 123008
772 123008 123008
773 123008 123008
774 123008 123008
775 123008 123008
776 123008 123008
777 123008 123008
778 123008 123008
779 123008 123008
780 123008 123008
781 123008 123008
782 123008 123008
783 123008 123008
784 123008 123008
785 123008 123008
786 123008 123008
787 123008 123008
788 123008 123008
789 123008 123008
790 123008 123008
791 123008 123008
792 123008 123008
793 123008 123008
794 123008 123008
795 123008 123008
796 123008 123008
797 123008 123008
798 123008 123008
799 123008 123008
800 123008 123008
801 123008 123008
802 123008 123008
803 123008 123008
804 123008 123008
805 123008 123008
806 123008 123008
807 123008 123008
808 123008 123008
809 123436 123436
810 123024 123024
811 123024 123024
812 123024 123024
813 123024 123024
814 123024 123024
815 123024 123024
816 123024 123024
817 123444 123444
818 123016 123016
819 123016 123016
820 123016 123016
821 123016 123016
822 123016 123016
823 123016 123016
824 123016 123016
825 123032 123032
826 123040 123040
827 123040 123040
828 123040 123040
829 123040 123040
830 123040 123040
831 123040 123040
832 123040 123040
833 123040 123040
834 123348 123348
835 123348 123348
836 123032 123032
837 123032 123032
838 123032 123032
839 123032 123032
840 123040 123040
841 123040 123040
842 123040 123040
843 123040 123040
844 123040 123040
845 123040 123040
846 123040 123040
847 123040 123040
848 123348 123348
849 123040 123040
850 123040 123040
851 123068 123068
852 123376 123376
853 123060 123060
854 123060 123060
855 123060 123060
856 123060 123060
857 123060 123060
858 123068 123068
859 123068 123068
860 123068 123068
861 123068 123068
862 123068 123068
863 123068 123068
864 123068 123068
865 123068 123068
866 123068 123068
867 123068 123068
868 123068 123068
869 123068 123068
870 123376 123376
871 123060 123060
872 123060 123060
873 123060 123060
874 123060 123060
875 123060 123060
876 123060 123060
877 123060 123060
878 123060 123060
879 123480 123480
880 123068 123068
881 123068 123068
882 123068 123068
883 123068 123068
884 123068 123068
885 123068 123068
886 123068 123068
887 123376 123376
888 123488 123488
889 123060 123060
890 123060 123060
891 123060 123060
892 123060 123060
893 123060 123060
894 123060 123060
895 123060 123060
896 123060 123060
897 123060 123060
898 123060 123060
899 123060 123060
900 123060 123060
901 123060 123060
902 123060 123060
903 123060 123060
904 123060 123060
905 123060 123060
906 123060 123060
907 123060 123060
908 123060 123060
909 123036 123036
910 123036 123036
911 123036 123036
912 123036 123036
913 123036 123036
914 123036 123036
915 123036 123036
916 123036 123036
917 123036 123036
918 123036 123036
919 123036 123036
920 123036 123036
921 123036 123036
922 123036 123036
923 123036 123036
924 123036 123036
925 123036 123036
926 123036 123036
927 123036 123036
928 123044 123044
929 123044 123044
930 123044 123044
931 123044 123044
932 123044 123044
933 123044 123044
934 123044 123044
935 123044 123044
936 123044 123044
937 123044 123044
938 123044 123044
939 123044 123044
940 123044 123044
941 123044 123044
942 123044 123044
943 123044 123044
944 123044 123044
945 123044 123044
946 123044 123044
947 123044 123044
948 123044 123044
949 123044 123044
950 123044 123044
951 123044 123044
952 123044 123044
953 123044 123044
954 123044 123044
955 123044 123044
956 123044 123044
957 123044 123044
958 123044 123044
959 123044 123044
960 123044 123044
961 123044 123044
962 123044 123044
963 123044 123044
964 123044 123044
965 123044 123044
966 123044 123044
967 123044 123044
968 123044 123044
969 123044 123044
970 123044 123044
971 123044 123044
972 123044 123044
973 123044 123044
974 123044 123044
975 123044 123044
976 123044 123044
977 123044 123044
978 123044 123044
979 123044 123044
980 123044 123044
981 123044 123044
982 123100 123100
983 123116 123116
984 123116 123116
985 123144 123144
986 123152 123152
987 123152 123152
988 123152 123152
989 123152 123152
990 123152 123152
991 123132 123132
992 123132 123132
993 123204 123204
994 123204 123204
995 123204 123204
996 123232 123232
997 123232 123232
998 123232 123232
999 123216 123216
1000 123216 123216
1001 123216 123216
1002 123216 123216
1003 123216 123216
1004 123208 123208
1005 123208 123208
1006 123208 123208
1007 123208 123208
1008 123208 123208
1009 123208 123208
1010 123208 123208
1011 123208 123208
1012 123208 123208
1013 123208 123208
1014 123208 123208
1015 123208 123208
1016 123208 123208
1017 123192 123192
1018 123192 123192
1019 123192 123192
1020 123192 123192
1021 123192 123192
1022 123192 123192
1023 123192 123192
1024 123192 123192
1025 123192 123192
1026 123192 123192
1027 123192 123192
1028 123192 123192
1029 123192 123192
1030 123192 123192
1031 123192 123192
1032 123192 123192
1033 123192 123192
1034 123192 123192
1035 123192 123192
1036 123192 123192
1037 123192 123192
1038 123192 123192
1039 123192 123192
1040 123192 123192
1041 123192 123192
1042 123192 123192
1043 123192 123192
1044 123192 123192
1045 123192 123192
1046 123192 123192
1047 123192 123192
1048 123192 123192
1049 123192 123192
1050 123192 123192
1051 123192 123192
1052 123192 123192
1053 123192 123192
1054 123192 123192
1055 123192 123192
1056 123192 123192
1057 123192 123192
1058 123192 123192
1059 123148 123148
1060 123148 123148
1061 123148 123148
1062 123148 123148
1063 123148 123148
1064 123148 123148
1065 123148 123148
1066 123148 123148
1067 123148 123148
1068 123148 123148
1069 123148 123148
1070 123148 123148
1071 123148 123148
1072 123148 123148
1073 123148 123148
1074 123148 123148
1075 123148 123148
1076 123148 123148
1077 123148 123148
1078 123148 123148
1079 123148 123148
1080 123148 123148
1081 123148 123148
1082 123148 123148
1083 123148 123148
1084 123148 123148
1085 123148 123148
1086 123148 123148
1087 123148 123148
1088 123148 123148
1089 123148 123148
1090 123148 123148
1091 123148 123148
1092 123148 123148
1093 123148 123148
1094 123148 123148
1095 123148 123148
1096 123148 123148
1097 123148 123148
1098 123148 123148
1099 123148 123148
1100 123148 123148
1101 123148 123148
1102 123148 123148
1103 123148 123148
1104 123148 123148
1105 123148 123148
1106 123148 123148
1107 123148 123148
1108 123148 123148
1109 123148 123148
1110 123148 123148
1111 123148 123148
1112 123148 123148
1113 123148 123148
1114 123148 123148
1115 123148 123148
1116 123148 123148
1117 123148 123148
1118 123148 123148
1119 123148 123148
1120 123148 123148
1121 123148 123148
1122 123148 123148
1123 123148 123148
1124 123148 123148
1125 123148 123148
1126 123148 123148
1127 123148 123148
1128 123148 123148
1129 123148 123148
1130 123148 123148
1131 123148 123148
1132 123148 123148
1133 123148 123148
1134 123148 123148
1135 123148 123148
1136 123148 123148
1137 123148 123148
1138 123148 123148
1139 123148 123148
1140 123148 123148
1141 123148 123148
1142 123148 123148
1143 123148 123148
1144 123148 123148
1145 123148 123148
1146 123148 123148
1147 123148 123148
1148 123148 123148
1149 123148 123148
1150 123148 123148
1151 123148 123148
1152 123148 123148
1153 123148 123148
1154 123148 123148
1155 123148 123148
1156 123148 123148
1157 123148 123148
1158 123148 123148
1159 123148 123148
1160 123148 123148
1161 123148 123148
1162 123148 123148
1163 123148 123148
1164 123148 123148
1165 123148 123148
1166 123148 123148
1167 123148 123148
1168 123148 123148
1169 123148 123148
1170 123148 123148
1171 123148 123148
1172 123148 123148
1173 123148 123148
1174 123148 123148
1175 123148 123148
1176 123148 123148
1177 123148 123148
1178 123148 123148
1179 123148 123148
1180 123148 123148
1181 123148 123148
1182 123148 123148
1183 123148 123148
1184 123148 123148
1185 123148 123148
1186 123148 123148
1187 123148 123148
1188 123148 123148
1189 123148 123148
1190 123148 123148
1191 123148 123148
1192 123148 123148
1193 123148 123148
1194 123148 123148
1195 123148 123148
1196 123148 123148
1197 123148 123148
1198 123148 123148
1199 123148 123148
1200 123164 123164
1201 123164 123164
1202 123164 123164
1203 123164 123164
1204 123164 123164
1205 123164 123164
1206 123164 123164
1207 123164 123164
1208 123164 123164
1209 123164 123164
1210 123164 123164
1211 123192 123192
1212 123192 123192
1213 123192 123192
1214 123192 123192
1215 123192 123192
1216 123192 123192
1217 123192 123192
1218 123192 123192
1219 123192 123192
1220 123192 123192
1221 123192 123192
1222 123472 123472
1223 121316 121316
1224 121316 121316
1225 121764 121764
1226 121496 121496
1227 121628 121628
1228 121684 121684
1229 121628 121628
1230 123012 123012
1231 123012 123012
1232 123456 123456
1233 123148 123148
1234 123148 123148
1235 123520 123520
1236 123148 123148
1237 123148 123148
1238 123148 123148
1239 123148 123148
1240 123148 123148
1241 123148 123148
1242 123148 123148
1243 123148 123148
1244 123148 123148
1245 123148 123148
1246 123148 123148
1247 123148 123148
1248 123148 123148
1249 123148 123148
1250 123568 123568
1251 123156 123156
1252 123156 123156
1253 123168 123168
1254 123168 123168
1255 123168 123168
1256 123476 123476
1257 123160 123160
1258 123160 123160
1259 123160 123160
1260 123160 123160
1261 123160 123160
1262 123160 123160
1263 123160 123160
1264 123160 123160
1265 123160 123160
1266 123160 123160
1267 123160 123160
1268 123160 123160
1269 123160 123160
1270 123160 123160
1271 123160 123160
1272 123160 123160
1273 123160 123160
1274 123160 123160
1275 123160 123160
1276 123168 123168
1277 123168 123168
1278 123168 123168
1279 123196 123196
1280 123504 123504
1281 123188 123188
1282 123188 123188
1283 123188 123188
1284 123188 123188
1285 123188 123188
1286 123188 123188
1287 123188 123188
1288 123188 123188
1289 123188 123188
1290 123196 123196
1291 123208 123208
1292 123516 123516
1293 123208 123208
1294 123208 123208
1295 123208 123208
1296 123200 123200
1297 123200 123200
1298 123200 123200
1299 123620 123620
1300 123208 123208
1301 123232 123232
1302 123216 123216
1303 123216 123216
1304 123496 123496
1305 123636 123636
1306 123208 123208
1307 123208 123208
1308 123208 123208
1309 123208 123208
1310 123208 123208
1311 123208 123208
1312 123208 123208
1313 123208 123208
1314 123208 123208
1315 123208 123208
1316 123208 123208
1317 123208 123208
1318 123208 123208
1319 123208 123208
1320 123208 123208
1321 123208 123208
1322 123208 123208
1323 123208 123208
1324 123208 123208
1325 123208 123208
1326 123208 123208
1327 123208 123208
1328 123208 123208
1329 123208 123208
1330 123208 123208
1331 123208 123208
1332 123208 123208
1333 123208 123208
1334 123208 123208
1335 123208 123208
1336 123208 123208
1337 123208 123208
1338 123208 123208
1339 123208 123208
1340 123200 123200
1341 123200 123200
1342 123200 123200
1343 123200 123200
1344 123200 123200
1345 123200 123200
1346 123200 123200
1347 123200 123200
1348 123200 123200
1349 123200 123200
1350 123200 123200
1351 123200 123200
1352 123200 123200
1353 123200 123200
1354 123200 123200
1355 123200 123200
1356 123200 123200
1357 123200 123200
1358 123200 123200
1359 123200 123200
1360 123200 123200
1361 123200 123200
1362 123200 123200
1363 123200 123200
1364 123200 123200
1365 123200 123200
1366 123200 123200
1367 123200 123200
1368 123200 123200
1369 123200 123200
1370 123200 123200
1371 123200 123200
1372 123200 123200
1373 123200 123200
1374 123200 123200
1375 123200 123200
1376 123200 123200
1377 123200 123200
1378 123200 123200
1379 123200 123200
1380 123200 123200
1381 123200 123200
1382 123200 123200
1383 123200 123200
1384 123200 123200
1385 123200 123200
1386 123200 123200
1387 123200 123200
1388 123200 123200
1389 123200 123200
1390 123200 123200
1391 123200 123200
1392 123200 123200
1393 123200 123200
1394 123200 123200
1395 123200 123200
1396 123200 123200
1397 123200 123200
1398 123200 123200
1399 123200 123200
1400 123200 123200
1401 123200 123200
1402 123200 123200
1403 123200 123200
1404 123200 123200
1405 123200 123200
1406 123200 123200
1407 123200 123200
1408 123200 123200
1409 123200 123200
1410 123200 123200
1411 123200 123200
1412 123200 123200
1413 123172 123172
1414 123172 123172
1415 123172 123172
1416 123172 123172
1417 123172 123172
1418 123172 123172
1419 123172 123172
1420 123172 123172
1421 123172 123172
1422 123172 123172
1423 123172 123172
1424 123172 123172
1425 123172 123172
1426 123172 123172
1427 123172 123172
1428 123172 123172
1429 123172 123172
1430 123172 123172
1431 123172 123172
1432 123172 123172
1433 123172 123172
1434 123172 123172
1435 123172 123172
1436 123172 123172
1437 123172 123172
1438 123172 123172
1439 123172 123172
1440 123172 123172
1441 123172 123172
1442 123172 123172
1443 123172 123172
1444 123172 123172
1445 123172 123172
1446 123172 123172
1447 123172 123172
1448 123172 123172
1449 123172 123172
1450 123144 123144
1451 123144 123144
1452 123144 123144
1453 123144 123144
1454 123144 123144
1455 123144 123144
1456 123144 123144
1457 123144 123144
1458 123144 123144
1459 123144 123144
1460 123144 123144
1461 123144 123144
1462 123144 123144
1463 123144 123144
1464 123144 123144
1465 123144 123144
1466 123144 123144
1467 123144 123144
1468 123144 123144
1469 123144 123144
1470 123144 123144
1471 123144 123144
1472 123144 123144
1473 123144 123144
1474 123144 123144
1475 123144 123144
1476 123144 123144
1477 123144 123144
1478 123144 123144
1479 123144 123144
1480 123144 123144
1481 123144 123144
1482 123144 123144
1483 123144 123144
1484 123144 123144
1485 123144 123144
1486 123144 123144
1487 123144 123144
1488 123144 123144
1489 123144 123144
1490 123144 123144
1491 123144 123144
1492 123144 123144
1493 123144 123144
1494 123144 123144
1495 123144 123144
1496 123144 123144
1497 123144 123144
1498 123144 123144
1499 123144 123144
1500 123144 123144
1501 123144 123144
1502 123144 123144
1503 123144 123144
1504 123144 123144
1505 123144 123144
1506 123144 123144
1507 123144 123144
1508 123144 123144
1509 123144 123144
1510 123144 123144
1511 123144 123144
1512 123144 123144
1513 123144 123144
1514 123144 123144
1515 123144 123144
1516 123144 123144
1517 123144 123144
1518 123144 123144
1519 123144 123144
1520 123144 123144
1521 123144 123144
1522 123144 123144
1523 123144 123144
1524 123144 123144
1525 123144 123144
1526 123144 123144
1527 123144 123144
1528 123144 123144
1529 123144 123144
1530 123144 123144
1531 123144 123144
1532 123144 123144
1533 123144 123144
1534 123144 123144
1535 123144 123144
1536 123144 123144
1537 123144 123144
1538 123144 123144
1539 123144 123144
1540 123144 123144
1541 123144 123144
1542 123144 123144
1543 123144 123144
1544 123144 123144
1545 123144 123144
1546 123144 123144
1547 123144 123144
1548 123144 123144
1549 123144 123144
1550 123144 123144
1551 123144 123144
1552 123144 123144
1553 123144 123144
1554 123144 123144
1555 123144 123144
1556 123144 123144
1557 123144 123144
1558 123144 123144
1559 123144 123144
1560 123144 123144
1561 123144 123144
1562 123144 123144
1563 123144 123144
1564 123144 123144
1565 123144 123144
1566 123144 123144
1567 123144 123144
1568 123144 123144
1569 123144 123144
1570 123144 123144
1571 123144 123144
1572 123144 123144
1573 123144 123144
1574 123144 123144
1575 123144 123144
1576 123144 123144
1577 123144 123144
1578 123144 123144
1579 123144 123144
1580 123144 123144
1581 123144 123144
1582 123144 123144
1583 123144 123144
1584 123144 123144
1585 123144 123144
1586 123144 123144
1587 123144 123144
1588 123144 123144
1589 123144 123144
1590 123144 123144
1591 123144 123144
1592 123144 123144
1593 123144 123144
1594 123144 123144
1595 123144 123144
1596 123144 123144
1597 123144 123144
1598 123144 123144
1599 123144 123144
1600 123144 123144
1601 123144 123144
1602 123144 123144
1603 123144 123144
1604 123144 123144
1605 123144 123144
1606 123144 123144
1607 123144 123144
1608 123144 123144
1609 123144 123144
1610 123144 123144
1611 123144 123144
1612 123144 123144
1613 123144 123144
1614 123144 123144
1615 123144 123144
1616 123144 123144
1617 123144 123144
1618 123144 123144
1619 123144 123144
1620 123144 123144
1621 123144 123144
1622 123144 123144
1623 123144 123144
1624 123144 123144
1625 123144 123144
1626 123144 123144
1627 123144 123144
1628 123144 123144
1629 123144 123144
1630 123144 123144
1631 123144 123144
1632 123144 123144
1633 123572 123572
1634 123160 123160
1635 123172 123172
1636 123172 123172
1637 123200 123200
1638 123480 123480
1639 123480 123480
1640 123192 123192
1641 123192 123192
1642 123192 123192
1643 123192 123192
1644 123192 123192
1645 123584 123584
1646 123200 123200
1647 123212 123212
1648 123212 123212
1649 123212 123212
1650 123212 123212
1651 123492 123492
1652 123204 123204
1653 123204 123204
1654 123596 123596
1655 123212 123212
1656 123224 123224
1657 123224 123224
1658 123224 123224
1659 123224 123224
1660 123504 123504
1661 123616 123616
1662 123224 123224
1663 123216 123216
1664 123216 123216
1665 123216 123216
1666 123216 123216
1667 123216 123216
1668 123216 123216
1669 123216 123216
1670 123216 123216
1671 123216 123216
1672 123216 123216
1673 123636 123636
1674 123248 123248
1675 123248 123248
1676 123528 123528
1677 123248 123248
1678 123528 123528
1679 123248 123248
1680 123248 123248
1681 123240 123240
1682 123660 123660
1683 123248 123248
1684 123260 123260
1685 123540 123540
1686 123260 123260
1687 123540 123540
1688 123680 123680
1689 123260 123260
1690 123252 123252
1691 123252 123252
1692 123252 123252
1693 123252 123252
1694 123252 123252
1695 123252 123252
1696 123252 123252
1697 123252 123252
1698 123252 123252
1699 123252 123252
1700 123252 123252
1701 123252 123252
1702 123252 123252
1703 123252 123252
1704 123252 123252
1705 123252 123252
1706 123252 123252
1707 123252 123252
1708 123252 123252
1709 123252 123252
1710 123252 123252
1711 123252 123252
1712 123252 123252
1713 123252 123252
1714 123252 123252
1715 123252 123252
1716 123252 123252
1717 123252 123252
1718 123252 123252
1719 123252 123252
1720 121768 121768
1721 118456 118456
1722 118384 118384
1723 118360 118360
1724 118360 118360
1725 118360 118360
1726 118360 118360
1727 118360 118360
1728 118360 118360
1729 118360 118360
1730 118360 118360
1731 118360 118360
1732 118360 118360
1733 118360 118360
1734 118360 118360
1735 118360 118360
1736 118360 118360
1737 118360 118360
1738 118360 118360
1739 118360 118360
1740 118360 118360
1741 118360 118360
1742 118360 118360
1743 118360 118360
1744 118360 118360
1745 118360 118360
1746 118360 118360
1747 118360 118360
1748 118360 118360
1749 118360 118360
1750 118360 118360
1751 118360 118360
1752 118360 118360
1753 118360 118360
1754 118360 118360
1755 118360 118360
1756 118360 118360
1757 118360 118360
1758 118360 118360
1759 118360 118360
1760 118360 118360
1761 118360 118360
1762 118360 118360
1763 118360 118360
1764 118360 118360
1765 118292 118292
1766 118292 118292
1767 118292 118292
1768 118292 118292
1769 118292 118292
1770 118292 118292
1771 118292 118292
1772 118292 118292
1773 118292 118292
1774 118292 118292
1775 118292 118292
1776 118292 118292
1777 118292 118292
1778 118292 118292
1779 118292 118292
1780 118292 118292
1781 118292 118292
1782 118292 118292
