0 102540 102540
1 102540 102540
2 102540 102540
3 102540 102540
4 102540 102540
5 102540 102540
6 102540 102540
7 102540 102540
8 102540 102540
9 102540 102540
10 102540 102540
11 102580 102580
12 103024 103024
13 103032 103032
14 103032 103032
15 103032 103032
16 103032 103032
17 103032 103032
18 103032 103032
19 103032 103032
20 103548 103548
21 103468 103468
22 103468 103468
23 103468 103468
24 103468 103468
25 103468 103468
26 103584 103584
27 103584 103584
28 103584 103584
29 103584 103584
30 103584 103584
31 103584 103584
32 103584 103584
33 103584 103584
34 103584 103584
35 103584 103584
36 103736 103736
37 103736 103736
38 104140 104140
39 104644 104644
40 105092 105092
41 105464 105464
42 106256 106256
43 106256 106256
44 106588 106588
45 107316 107316
46 107432 107432
47 107456 107456
48 107788 107788
49 108108 108108
50 108484 108484
51 108688 108688
52 108948 108948
53 109112 109112
54 109688 109688
55 110148 110148
56 110504 110504
57 111004 111004
58 111096 111096
59 111136 111136
60 111164 111164
61 111232 111232
62 111688 111688
63 112304 112304
64 112368 112368
65 112664 112664
66 113208 113208
67 113556 113556
68 114080 114080
69 114136 114136
70 114324 114324
71 114616 114616
72 114816 114816
73 115280 115280
74 115348 115348
75 115348 115348
76 115600 115600
77 115600 115600
78 115704 115704
79 116628 116628
80 117860 117860
81 117772 117772
82 117984 117984
83 118612 118612
84 118976 118976
85 119200 119200
86 119480 119480
87 119648 119648
88 119936 119936
89 120220 120220
90 120576 120576
91 120604 120604
92 120632 120632
93 120632 120632
94 120632 120632
95 120632 120632
96 120632 120632
97 120632 120632
98 120660 120660
99 120800 120800
100 121304 121304
101 121304 121304
102 121340 121340
103 121504 121504
104 121504 121504
105 121580 121580
106 121664 121664
107 121840 121840
108 121904 121904
109 122716 122716
110 122220 122220
111 122244 122244
112 122376 122376
113 122376 122376
114 122376 122376
115 122376 122376
116 122444 122444
117 122444 122444
118 122472 122472
119 122524 122524
120 122552 122552
121 122580 122580
122 122580 122580
123 122608 122608
124 123012 123012
125 123676 123676
126 123888 123888
127 124080 124080
128 124572 124572
129 125160 125160
130 125412 125412
131 125776 125776
132 125860 125860
133 126104 126104
134 126256 126256
135 126580 126580
136 126636 126636
137 126664 126664
138 126664 126664
139 126664 126664
140 126664 126664
141 126664 126664
142 126692 126692
143 126692 126692
144 126896 126896
145 126992 126992
146 127580 127580
147 127664 127664
148 127804 127804
149 127952 127952
150 128092 128092
151 128232 128232
152 128272 128272
153 128324 128324
154 128324 128324
155 128324 128324
156 128324 128324
157 128484 128484
158 129020 129020
159 129192 129192
160 129116 129116
161 128900 128900
162 128724 128724
163 128724 128724
164 128724 128724
165 128724 128724
166 128724 128724
167 128724 128724
168 128724 128724
169 128892 128892
170 128752 128752
171 128752 128752
172 128752 128752
173 128788 128788
174 128896 128896
175 128924 128924
176 128976 128976
177 129060 129060
178 129100 129100
179 129196 129196
180 129056 129056
181 128884 128884
182 128708 128708
183 128708 128708
184 128808 128808
185 128864 128864
186 129104 129104
187 129336 129336
188 129048 129048
189 128864 128864
190 128636 128636
191 129044 129044
192 129088 129088
193 128940 128940
194 128796 128796
195 128824 128824
196 128824 128824
197 128824 128824
198 128992 128992
199 129020 129020
200 129020 129020
201 129020 129020
202 128208 128208
203 128740 128740
204 129200 129200
205 129212 129212
206 129252 129252
207 129252 129252
208 129264 129264
209 128848 128848
210 128848 128848
211 128876 128876
212 128212 128212
213 128708 128708
214 128736 128736
215 128144 128144
216 128144 128144
217 128144 128144
218 128144 128144
219 128144 128144
220 127388 127388
221 127388 127388
222 127388 127388
223 127388 127388
224 127388 127388
225 127388 127388
226 127388 127388
227 127388 127388
228 127388 127388
229 127388 127388
230 127388 127388
231 127608 127608
232 128196 128196
233 128476 128476
234 128760 128760
235 128488 128488
236 128488 128488
237 128488 128488
238 128488 128488
239 128544 128544
240 128600 128600
241 128752 128752
242 128780 128780
243 128836 128836
244 128836 128836
245 128836 128836
246 128836 128836
247 128836 128836
248 128836 128836
249 128836 128836
250 128528 128528
251 128528 128528
252 128528 128528
253 128528 128528
254 128528 128528
255 128528 128528
256 128528 128528
257 128528 128528
258 128528 128528
259 128528 128528
260 128528 128528
261 128528 128528
262 128528 128528
263 128552 128552
264 128688 128688
265 128688 128688
266 128688 128688
267 128744 128744
268 128856 128856
269 129280 129280
270 128868 128868
271 128792 128792
272 128792 128792
273 128848 128848
274 128848 128848
275 128848 128848
276 128848 128848
277 128848 128848
278 128848 128848
279 128848 128848
280 128848 128848
281 128344 128344
282 128344 128344
283 128764 128764
284 128764 128764
285 128764 128764
286 128764 128764
287 128764 128764
288 128764 128764
289 128764 128764
290 128764 128764
291 128764 128764
292 128764 128764
293 128764 128764
294 128764 128764
295 128764 128764
296 128764 128764
297 128764 128764
298 128764 128764
299 129008 129008
300 128616 128616
301 128616 128616
302 128700 128700
303 128700 128700
304 128700 128700
305 128700 128700
306 128700 128700
307 128700 128700
308 128700 128700
309 128700 128700
310 129120 129120
311 129204 129204
312 129308 129308
313 129040 129040
314 128788 128788
315 128788 128788
316 128788 128788
317 128788 128788
318 128788 128788
319 128788 128788
320 128788 128788
321 128788 128788
322 128788 128788
323 128788 128788
324 128228 128228
325 128228 128228
326 128676 128676
327 128676 128676
328 128676 128676
329 128676 128676
330 128676 128676
331 128676 128676
332 128676 128676
333 128676 128676
334 128676 128676
335 128676 128676
336 128676 128676
337 128676 128676
338 128676 128676
339 128676 128676
340 128836 128836
341 128528 128528
342 128640 128640
343 128724 128724
344 129200 129200
345 128900 128900
346 128768 128768
347 128740 128740
348 128880 128880
349 129244 129244
350 128508 128508
351 128508 128508
352 128864 128864
353 129296 129296
354 129328 129328
355 129400 129400
356 129308 129308
357 129272 129272
358 129408 129408
359 129508 129508
360 129524 129524
361 129372 129372
362 129204 129204
363 128940 128940
364 128688 128688
365 128688 128688
366 128688 128688
367 128948 128948
368 129032 129032
369 129088 129088
370 129176 129176
371 129180 129180
372 129388 129388
373 129344 129344
374 129316 129316
375 129196 129196
376 128608 128608
377 128608 128608
378 128904 128904
379 128932 128932
380 128932 128932
381 128960 128960
382 128960 128960
383 128960 128960
384 128960 128960
385 128988 128988
386 128988 128988
387 128988 128988
388 128988 128988
389 128988 128988
390 128988 128988
391 128988 128988
392 128988 128988
393 128988 128988
394 128988 128988
395 128988 128988
396 129016 129016
397 129016 129016
398 129044 129044
399 129072 129072
400 129264 129264
401 129128 129128
402 129072 129072
403 129096 129096
404 129388 129388
405 129192 129192
406 128968 128968
407 128860 128860
408 128908 128908
409 129028 129028
410 129588 129588
411 129496 129496
412 129560 129560
413 129300 129300
414 128864 128864
415 128856 128856
416 128856 128856
417 128856 128856
418 128856 128856
419 128856 128856
420 128856 128856
421 128856 128856
422 128856 128856
423 128856 128856
424 128856 128856
425 128856 128856
426 128856 128856
427 128856 128856
428 128856 128856
429 128856 128856
430 128856 128856
431 128856 128856
432 128856 128856
433 128856 128856
434 128856 128856
435 128856 128856
436 128856 128856
437 128856 128856
438 128856 128856
439 128856 128856
440 128856 128856
441 128856 128856
442 128856 128856
443 128856 128856
444 128856 128856
445 128856 128856
446 128856 128856
447 128856 128856
448 128856 128856
449 128128 128128
450 128128 128128
451 128128 128128
452 128128 128128
453 128128 128128
454 128128 128128
455 128128 128128
456 128128 128128
457 128128 128128
458 128128 128128
459 128128 128128
460 128128 128128
461 128128 128128
462 128128 128128
463 128128 128128
464 128128 128128
465 128128 128128
466 128128 128128
467 128128 128128
468 128128 128128
469 128128 128128
470 128128 128128
471 128128 128128
472 128260 128260
473 128280 128280
474 128280 128280
475 128280 128280
476 128280 128280
477 128280 128280
478 128280 128280
479 128280 128280
480 128280 128280
481 128280 128280
482 128280 128280
483 128280 128280
484 128280 128280
485 128280 128280
486 128280 128280
487 128280 128280
488 128280 128280
489 128280 128280
490 128280 128280
491 128280 128280
492 128168 128168
493 128588 128588
494 128756 128756
495 128756 128756
496 128756 128756
497 128784 128784
498 128784 128784
499 128784 128784
500 128784 128784
501 128784 128784
502 128784 128784
503 128784 128784
504 128784 128784
505 128784 128784
506 128784 128784
507 128784 128784
508 128616 128616
509 128616 128616
510 128616 128616
511 128616 128616
512 128616 128616
513 128616 128616
514 128616 128616
515 128616 128616
516 128616 128616
517 128168 128168
518 128168 128168
519 128168 128168
520 128168 128168
521 128168 128168
522 128168 128168
523 128168 128168
524 128504 128504
525 128504 128504
526 128504 128504
527 128672 128672
528 128672 128672
529 128672 128672
530 128672 128672
531 128672 128672
532 128672 128672
533 128672 128672
534 128672 128672
535 128672 128672
536 128168 128168
537 128168 128168
538 128588 128588
539 128588 128588
540 128588 128588
541 128588 128588
542 128588 128588
543 128588 128588
544 128588 128588
545 128588 128588
546 128588 128588
547 128588 128588
548 128588 128588
549 128588 128588
550 128588 128588
551 128588 128588
552 128184 128184
553 128588 128588
554 128588 128588
555 128588 128588
556 128588 128588
557 128588 128588
558 128588 128588
559 128588 128588
560 128588 128588
561 128588 128588
562 128168 128168
563 128168 128168
564 128168 128168
565 128168 128168
566 128168 128168
567 128168 128168
568 128168 128168
569 128168 128168
570 128168 128168
571 128168 128168
572 128168 128168
573 128168 128168
574 128168 128168
575 128168 128168
576 128168 128168
577 128168 128168
578 128168 128168
579 128168 128168
580 128168 128168
581 128168 128168
582 128168 128168
583 128336 128336
584 128364 128364
585 128364 128364
586 128364 128364
587 128372 128372
588 128372 128372
589 128372 128372
590 128372 128372
591 128372 128372
592 128036 128036
593 128036 128036
594 128036 128036
595 128036 128036
596 128036 128036
597 128036 128036
598 128036 128036
599 128036 128036
600 128036 128036
601 128036 128036
602 128036 128036
603 128036 128036
604 128036 128036
605 128036 128036
606 128036 128036
607 128036 128036
608 128036 128036
609 128036 128036
610 128036 128036
611 128196 128196
612 128448 128448
613 128448 128448
614 128476 128476
615 128532 128532
616 128660 128660
617 128500 128500
618 128528 128528
619 128584 128584
620 128584 128584
621 128584 128584
622 128584 128584
623 128584 128584
624 128584 128584
625 128584 128584
626 128584 128584
627 128276 128276
628 128276 128276
629 128276 128276
630 128276 128276
631 128276 128276
632 128276 128276
633 128276 128276
634 128276 128276
635 128276 128276
636 128276 128276
637 128276 128276
638 128276 128276
639 128276 128276
640 128276 128276
641 128276 128276
642 128276 128276
643 128276 128276
644 128276 128276
645 128276 128276
646 128380 128380
647 128276 128276
648 128472 128472
649 128528 128528
650 128612 128612
651 128696 128696
652 128696 128696
653 128752 128752
654 128780 128780
655 128780 128780
656 128780 128780
657 128780 128780
658 128780 128780
659 128780 128780
660 128780 128780
661 128360 128360
662 128360 128360
663 128332 128332
664 128332 128332
665 128332 128332
666 128332 128332
667 128332 128332
668 128332 128332
669 128332 128332
670 128332 128332
671 128332 128332
672 128332 128332
673 128332 128332
674 128332 128332
675 128332 128332
676 128456 128456
677 128600 128600
678 128784 128784
679 128784 128784
680 128784 128784
681 128812 128812
682 128812 128812
683 128840 128840
684 128840 128840
685 129068 129068
686 128832 128832
687 128732 128732
688 128844 128844
689 128928 128928
690 129124 129124
691 129180 129180
692 129452 129452
693 129200 129200
694 128936 128936
695 128684 128684
696 128684 128684
697 128684 128684
698 128684 128684
699 128152 128152
700 128152 128152
701 128152 128152
702 128152 128152
703 128152 128152
704 128328 128328
705 128412 128412
706 128808 128808
707 128800 128800
708 128992 128992
709 129020 129020
710 129104 129104
711 129188 129188
712 129056 129056
713 128804 128804
714 128804 128804
715 129232 129232
716 129100 129100
717 129136 129136
718 129072 129072
719 128996 128996
720 128948 128948
721 128912 128912
722 128752 128752
723 128704 128704
724 128872 128872
725 129088 129088
726 129088 129088
727 129068 129068
728 129012 129012
729 128892 128892
730 128844 128844
731 128032 128032
732 128104 128104
733 128364 128364
734 128712 128712
735 128888 128888
736 129104 129104
737 129132 129132
738 129084 129084
739 129048 129048
740 129084 129084
741 129008 129008
742 128728 128728
743 129028 129028
744 129204 129204
745 129176 129176
746 129048 129048
747 128376 128376
748 128640 128640
749 128788 128788
750 129108 129108
751 129108 129108
752 129060 129060
753 128984 128984
754 129032 129032
755 129056 129056
756 129152 129152
757 128944 128944
758 129100 129100
759 129244 129244
760 129172 129172
761 129176 129176
762 129136 129136
763 128952 128952
764 128236 128236
765 128308 128308
766 128308 128308
767 128308 128308
768 128560 128560
769 128120 128120
770 128252 128252
771 128468 128468
772 128672 128672
773 128888 128888
774 129224 129224
775 129188 129188
776 129212 129212
777 129492 129492
778 129240 129240
779 129004 129004
780 128752 128752
781 128752 128752
782 127100 127100
783 127232 127232
784 127448 127448
785 127756 127756
786 127932 127932
787 128016 128016
788 126924 126924
789 126924 126924
790 126924 126924
791 126924 126924
792 126924 126924
793 126196 126196
794 126196 126196
795 126196 126196
796 126196 126196
797 126196 126196
798 126196 126196
799 126196 126196
800 126196 126196
801 126196 126196
802 126196 126196
803 126196 126196
804 126196 126196
805 126196 126196
806 126220 126220
807 126420 126420
808 126672 126672
809 126672 126672
810 126672 126672
811 126700 126700
812 126700 126700
813 126700 126700
814 126700 126700
815 126396 126396
816 126396 126396
817 126396 126396
818 126396 126396
819 126396 126396
820 126396 126396
821 125780 125780
822 125780 125780
823 125780 125780
824 125780 125780
825 125780 125780
826 125780 125780
827 125780 125780
828 125780 125780
829 125780 125780
830 125780 125780
831 125780 125780
832 125780 125780
833 125780 125780
834 125780 125780
835 125780 125780
836 125780 125780
837 126276 126276
838 126228 126228
839 126228 126228
840 126228 126228
841 126228 126228
842 126228 126228
843 126228 126228
844 126228 126228
845 126228 126228
846 126228 126228
847 125780 125780
848 125780 125780
849 125780 125780
850 125752 125752
851 125752 125752
852 125752 125752
853 125752 125752
854 125752 125752
855 125752 125752
856 125752 125752
857 125752 125752
858 125752 125752
859 125752 125752
860 125752 125752
861 125752 125752
862 125752 125752
863 125752 125752
864 125752 125752
865 125752 125752
866 125752 125752
867 125912 125912
868 125948 125948
869 125948 125948
870 125948 125948
871 125948 125948
872 125948 125948
873 125948 125948
874 125948 125948
875 125948 125948
876 125948 125948
877 125948 125948
878 125780 125780
879 125780 125780
880 125780 125780
881 125780 125780
882 125780 125780
883 125752 125752
884 125752 125752
885 125752 125752
886 125752 125752
887 125752 125752
888 125752 125752
889 125752 125752
890 125752 125752
891 125752 125752
892 125752 125752
893 125752 125752
894 125752 125752
895 125752 125752
896 125752 125752
897 125884 125884
898 126668 126668
899 127452 127452
900 126928 126928
901 126928 126928
902 126928 126928
903 126928 126928
904 126928 126928
905 126172 126172
906 126172 126172
907 126172 126172
908 126172 126172
909 126172 126172
910 126172 126172
911 126172 126172
912 126172 126172
913 126172 126172
914 126172 126172
915 126172 126172
916 126172 126172
917 126172 126172
918 126172 126172
919 126172 126172
920 126172 126172
921 126172 126172
922 126172 126172
923 126172 126172
924 126172 126172
925 126172 126172
926 126172 126172
927 126172 126172
928 126172 126172
929 126172 126172
930 127088 127088
931 126928 126928
932 126928 126928
933 126928 126928
934 126928 126928
935 126920 126920
936 126920 126920
937 126904 126904
938 126904 126904
939 126904 126904
940 126904 126904
941 126904 126904
942 113936 113936
943 113848 113848
944 113872 113872
945 110788 110788
946 110780 110780
947 110780 110780
948 110780 110780
949 110780 110780
950 110780 110780
951 109564 109564
952 109564 109564
953 109564 109564
954 109564 109564
955 109564 109564
956 109564 109564
957 109564 109564
958 109564 109564
959 109564 109564
960 109564 109564
961 109564 109564
962 109564 109564
963 109564 109564
964 109564 109564
965 109564 109564
966 109564 109564
967 109564 109564
968 109564 109564
969 109564 109564
970 109564 109564
971 109564 109564
972 109564 109564
973 109564 109564
974 109564 109564
975 109564 109564
976 109564 109564
977 109564 109564
978 109564 109564
979 109564 109564
980 109564 109564
981 109564 109564
982 109564 109564
983 109564 109564
984 109564 109564
985 109564 109564
986 109564 109564
987 109564 109564
988 109564 109564
989 109564 109564
990 109564 109564
991 109564 109564
992 109564 109564
993 109564 109564
994 109564 109564
995 109564 109564
996 109564 109564
997 109564 109564
998 109564 109564
999 109564 109564
1000 109564 109564
1001 109564 109564
